#
# There is insufficient memory for the Java Runtime Environment to continue.
# Native memory allocation (malloc) failed to allocate 2220784 bytes. Error detail: Chunk::new
# Possible reasons:
#   The system is out of physical RAM or swap space
#   This process is running with CompressedOops enabled, and the Java Heap may be blocking the growth of the native heap
# Possible solutions:
#   Reduce memory load on the system
#   Increase physical memory or swap space
#   Check if swap backing store is full
#   Decrease Java heap size (-Xmx/-Xms)
#   Decrease number of Java threads
#   Decrease Java thread stack sizes (-Xss)
#   Set larger code cache with -XX:ReservedCodeCacheSize=
#   JVM is running with Unscaled Compressed Oops mode in which the Java heap is
#     placed in the first 4GB address space. The Java Heap base address is the
#     maximum limit for the native heap growth. Please use -XX:HeapBaseMinAddress
#     to set the Java Heap base and to place the Java Heap above 4GB virtual address.
# This output file may be truncated or incomplete.
#
#  Out of Memory Error (arena.cpp:168), pid=27256, tid=26908
#
# JRE version: OpenJDK Runtime Environment Temurin-21.0.8+9 (21.0.8+9) (build 21.0.8+9-LTS)
# Java VM: OpenJDK 64-Bit Server VM Temurin-21.0.8+9 (21.0.8+9-LTS, mixed mode, sharing, tiered, compressed oops, compressed class ptrs, parallel gc, windows-amd64)
# No core dump will be written. Minidumps are not enabled by default on client versions of Windows
#

---------------  S U M M A R Y ------------

Command Line: --add-modules=ALL-SYSTEM --add-opens=java.base/java.util=ALL-UNNAMED --add-opens=java.base/java.lang=ALL-UNNAMED --add-opens=java.base/sun.nio.fs=ALL-UNNAMED -Declipse.application=org.eclipse.jdt.ls.core.id1 -Dosgi.bundles.defaultStartLevel=4 -Declipse.product=org.eclipse.jdt.ls.core.product -Djava.import.generatesMetadataFilesAtProjectRoot=false -DDetectVMInstallationsJob.disabled=true -Dfile.encoding=utf8 -XX:+UseParallelGC -XX:GCTimeRatio=4 -XX:AdaptiveSizePolicyWeight=90 -Dsun.zip.disableMemoryMapping=true -Xmx2G -Xms100m -Xlog:disable -javaagent:c:\Users\LENOVO\.vscode\extensions\redhat.java-1.44.0-win32-x64\lombok\lombok-1.18.39-4050.jar -XX:+HeapDumpOnOutOfMemoryError -XX:HeapDumpPath=c:\Users\LENOVO\AppData\Roaming\Code\User\workspaceStorage\8be49a76da1f213c61ae6fbbbcdb2b82\redhat.java -Daether.dependencyCollector.impl=bf c:\Users\LENOVO\.vscode\extensions\redhat.java-1.44.0-win32-x64\server\plugins\org.eclipse.equinox.launcher_1.7.0.v20250519-0528.jar -configuration c:\Users\LENOVO\AppData\Roaming\Code\User\globalStorage\redhat.java\1.44.0\config_win -data c:\Users\LENOVO\AppData\Roaming\Code\User\workspaceStorage\8be49a76da1f213c61ae6fbbbcdb2b82\redhat.java\jdt_ws --pipe=\\.\pipe\lsp-91785067b79898c484cd79e15e1f53fb-sock

Host: AMD Ryzen 5 5500U with Radeon Graphics         , 12 cores, 5G,  Windows 11 , 64 bit Build 26100 (10.0.26100.4768)
Time: Thu Aug  7 16:28:13 2025 India Standard Time elapsed time: 101.324545 seconds (0d 0h 1m 41s)

---------------  T H R E A D  ---------------

Current thread (0x0000019df98a2da0):  JavaThread "C2 CompilerThread1" daemon [_thread_in_native, id=26908, stack(0x00000011f9200000,0x00000011f9300000) (1024K)]


Current CompileTask:
C2:101324 9853   !   4       org.eclipse.osgi.internal.loader.classpath.ClasspathManager::findLocalResource (183 bytes)

Stack: [0x00000011f9200000,0x00000011f9300000]
Native frames: (J=compiled Java code, j=interpreted, Vv=VM code, C=native code)
V  [jvm.dll+0x6d2449]
V  [jvm.dll+0x8ae341]
V  [jvm.dll+0x8b08be]
V  [jvm.dll+0x8b0fa3]
V  [jvm.dll+0x280c96]
V  [jvm.dll+0xc581d]
V  [jvm.dll+0xc5d53]
V  [jvm.dll+0x3b919c]
V  [jvm.dll+0x1e1409]
V  [jvm.dll+0x249022]
V  [jvm.dll+0x2484af]
V  [jvm.dll+0x1c89ee]
V  [jvm.dll+0x257d4d]
V  [jvm.dll+0x2562ea]
V  [jvm.dll+0x3f2d16]
V  [jvm.dll+0x857e6b]
V  [jvm.dll+0x6d0b0d]
C  [ucrtbase.dll+0x37b0]
C  [KERNEL32.DLL+0x2e8d7]
C  [ntdll.dll+0x3c34c]


---------------  P R O C E S S  ---------------

Threads class SMR info:
_java_thread_list=0x0000019df9a340c0, length=55, elements={
0x0000019d9f8eab90, 0x0000019d9f89d980, 0x0000019d9f89e940, 0x0000019d9f995200,
0x0000019d9f997e70, 0x0000019d9f99bc40, 0x0000019d9f9a6530, 0x0000019d9f9a9430,
0x0000019d9f9a9ad0, 0x0000019df8776eb0, 0x0000019df89c9d20, 0x0000019df9bbf6e0,
0x0000019df9ddf440, 0x0000019df9ddca30, 0x0000019df9c7e0e0, 0x0000019dfe6525d0,
0x0000019dfe5073a0, 0x0000019df962f920, 0x0000019df962e570, 0x0000019df962d850,
0x0000019df962ec00, 0x0000019df962f290, 0x0000019df962ffb0, 0x0000019d8113a6b0,
0x0000019d8113db30, 0x0000019d8113ad40, 0x0000019d8113c780, 0x0000019d8113e1c0,
0x0000019d8113e850, 0x0000019d8113b3d0, 0x0000019d8113eee0, 0x0000019d8113ba60,
0x0000019d81140290, 0x0000019d8113f570, 0x0000019d8113fc00, 0x0000019d8113ce10,
0x0000019d81140920, 0x0000019d8113d4a0, 0x0000019d81141640, 0x0000019d81140fb0,
0x0000019d81141cd0, 0x0000019d80bf5000, 0x0000019d80bf35c0, 0x0000019d80bf5690,
0x0000019d80bf6a40, 0x0000019d80bf70d0, 0x0000019d80bf7760, 0x0000019d80bf42e0,
0x0000019d80bf7df0, 0x0000019d80bf4970, 0x0000019d80bf9830, 0x0000019d80bfabe0,
0x0000019d80bfa550, 0x0000019d80bf8b10, 0x0000019df98a2da0
}

Java Threads: ( => current thread )
  0x0000019d9f8eab90 JavaThread "main"                              [_thread_blocked, id=24664, stack(0x00000011f5400000,0x00000011f5500000) (1024K)]
  0x0000019d9f89d980 JavaThread "Reference Handler"          daemon [_thread_blocked, id=11796, stack(0x00000011f5800000,0x00000011f5900000) (1024K)]
  0x0000019d9f89e940 JavaThread "Finalizer"                  daemon [_thread_blocked, id=16896, stack(0x00000011f5900000,0x00000011f5a00000) (1024K)]
  0x0000019d9f995200 JavaThread "Signal Dispatcher"          daemon [_thread_blocked, id=27400, stack(0x00000011f5a00000,0x00000011f5b00000) (1024K)]
  0x0000019d9f997e70 JavaThread "Attach Listener"            daemon [_thread_blocked, id=27404, stack(0x00000011f5b00000,0x00000011f5c00000) (1024K)]
  0x0000019d9f99bc40 JavaThread "Service Thread"             daemon [_thread_blocked, id=27396, stack(0x00000011f5c00000,0x00000011f5d00000) (1024K)]
  0x0000019d9f9a6530 JavaThread "Monitor Deflation Thread"   daemon [_thread_blocked, id=27592, stack(0x00000011f5d00000,0x00000011f5e00000) (1024K)]
  0x0000019d9f9a9430 JavaThread "C2 CompilerThread0"         daemon [_thread_in_native, id=27600, stack(0x00000011f5e00000,0x00000011f5f00000) (1024K)]
  0x0000019d9f9a9ad0 JavaThread "C1 CompilerThread0"         daemon [_thread_blocked, id=27608, stack(0x00000011f5f00000,0x00000011f6000000) (1024K)]
  0x0000019df8776eb0 JavaThread "Common-Cleaner"             daemon [_thread_blocked, id=15796, stack(0x00000011f6000000,0x00000011f6100000) (1024K)]
  0x0000019df89c9d20 JavaThread "Notification Thread"        daemon [_thread_blocked, id=17300, stack(0x00000011f6100000,0x00000011f6200000) (1024K)]
  0x0000019df9bbf6e0 JavaThread "Active Thread: Equinox Container: 7349d60a-4f80-4cb5-9bdb-f27fa32a2024"        [_thread_blocked, id=26872, stack(0x00000011f6200000,0x00000011f6300000) (1024K)]
  0x0000019df9ddf440 JavaThread "Refresh Thread: Equinox Container: 7349d60a-4f80-4cb5-9bdb-f27fa32a2024" daemon [_thread_blocked, id=14872, stack(0x00000011f6a00000,0x00000011f6b00000) (1024K)]
  0x0000019df9ddca30 JavaThread "Framework Event Dispatcher: Equinox Container: 7349d60a-4f80-4cb5-9bdb-f27fa32a2024" daemon [_thread_blocked, id=14200, stack(0x00000011f6b00000,0x00000011f6c00000) (1024K)]
  0x0000019df9c7e0e0 JavaThread "Start Level: Equinox Container: 7349d60a-4f80-4cb5-9bdb-f27fa32a2024" daemon [_thread_blocked, id=10412, stack(0x00000011f6c00000,0x00000011f6d00000) (1024K)]
  0x0000019dfe6525d0 JavaThread "Bundle File Closer"         daemon [_thread_blocked, id=25396, stack(0x00000011f7000000,0x00000011f7100000) (1024K)]
  0x0000019dfe5073a0 JavaThread "SCR Component Actor"        daemon [_thread_blocked, id=27028, stack(0x00000011f6d00000,0x00000011f6e00000) (1024K)]
  0x0000019df962f920 JavaThread "Worker-JM"                         [_thread_blocked, id=27084, stack(0x00000011f7200000,0x00000011f7300000) (1024K)]
  0x0000019df962e570 JavaThread "JNA Cleaner"                daemon [_thread_blocked, id=9548, stack(0x00000011f7300000,0x00000011f7400000) (1024K)]
  0x0000019df962d850 JavaThread "Worker-1"                          [_thread_blocked, id=15032, stack(0x00000011f7500000,0x00000011f7600000) (1024K)]
  0x0000019df962ec00 JavaThread "Worker-2"                          [_thread_blocked, id=27024, stack(0x00000011f7600000,0x00000011f7700000) (1024K)]
  0x0000019df962f290 JavaThread "Worker-3"                          [_thread_blocked, id=27088, stack(0x00000011f7700000,0x00000011f7800000) (1024K)]
  0x0000019df962ffb0 JavaThread "Java indexing"              daemon [_thread_blocked, id=5796, stack(0x00000011f7800000,0x00000011f7900000) (1024K)]
  0x0000019d8113a6b0 JavaThread "Worker-5"                          [_thread_blocked, id=25236, stack(0x00000011f7c00000,0x00000011f7d00000) (1024K)]
  0x0000019d8113db30 JavaThread "Worker-6: Initialize Workspace"        [_thread_blocked, id=2372, stack(0x00000011f7d00000,0x00000011f7e00000) (1024K)]
  0x0000019d8113ad40 JavaThread "Worker-7"                          [_thread_blocked, id=3236, stack(0x00000011f7e00000,0x00000011f7f00000) (1024K)]
  0x0000019d8113c780 JavaThread "Thread-2"                   daemon [_thread_in_native, id=27440, stack(0x00000011f7f00000,0x00000011f8000000) (1024K)]
  0x0000019d8113e1c0 JavaThread "Thread-3"                   daemon [_thread_in_native, id=27236, stack(0x00000011f8000000,0x00000011f8100000) (1024K)]
  0x0000019d8113e850 JavaThread "Thread-4"                   daemon [_thread_in_native, id=25616, stack(0x00000011f8100000,0x00000011f8200000) (1024K)]
  0x0000019d8113b3d0 JavaThread "Thread-5"                   daemon [_thread_in_native, id=24888, stack(0x00000011f8200000,0x00000011f8300000) (1024K)]
  0x0000019d8113eee0 JavaThread "Thread-6"                   daemon [_thread_in_native, id=27008, stack(0x00000011f8300000,0x00000011f8400000) (1024K)]
  0x0000019d8113ba60 JavaThread "Thread-7"                   daemon [_thread_in_native, id=27020, stack(0x00000011f8400000,0x00000011f8500000) (1024K)]
  0x0000019d81140290 JavaThread "Thread-8"                   daemon [_thread_in_native, id=25416, stack(0x00000011f8500000,0x00000011f8600000) (1024K)]
  0x0000019d8113f570 JavaThread "Thread-9"                   daemon [_thread_in_native, id=16848, stack(0x00000011f8600000,0x00000011f8700000) (1024K)]
  0x0000019d8113fc00 JavaThread "Thread-10"                  daemon [_thread_in_native, id=27348, stack(0x00000011f8700000,0x00000011f8800000) (1024K)]
  0x0000019d8113ce10 JavaThread "Thread-11"                  daemon [_thread_in_native, id=27328, stack(0x00000011f8800000,0x00000011f8900000) (1024K)]
  0x0000019d81140920 JavaThread "Thread-12"                  daemon [_thread_in_native, id=27428, stack(0x00000011f8900000,0x00000011f8a00000) (1024K)]
  0x0000019d8113d4a0 JavaThread "Thread-13"                  daemon [_thread_in_native, id=27232, stack(0x00000011f8a00000,0x00000011f8b00000) (1024K)]
  0x0000019d81141640 JavaThread "Thread-14"                  daemon [_thread_in_native, id=15260, stack(0x00000011f8b00000,0x00000011f8c00000) (1024K)]
  0x0000019d81140fb0 JavaThread "pool-2-thread-1"                   [_thread_blocked, id=27228, stack(0x00000011f8c00000,0x00000011f8d00000) (1024K)]
  0x0000019d81141cd0 JavaThread "WorkspaceEventsHandler"            [_thread_blocked, id=27224, stack(0x00000011f8d00000,0x00000011f8e00000) (1024K)]
  0x0000019d80bf5000 JavaThread "pool-1-thread-1"                   [_thread_blocked, id=13924, stack(0x00000011f8e00000,0x00000011f8f00000) (1024K)]
  0x0000019d80bf35c0 JavaThread "Worker-8"                          [_thread_blocked, id=11100, stack(0x00000011f7100000,0x00000011f7200000) (1024K)]
  0x0000019d80bf5690 JavaThread "LocalFile Deleter"          daemon [_thread_blocked, id=28300, stack(0x00000011f5100000,0x00000011f5200000) (1024K)]
  0x0000019d80bf6a40 JavaThread "LocalFile Deleter"          daemon [_thread_blocked, id=25784, stack(0x00000011f5200000,0x00000011f5300000) (1024K)]
  0x0000019d80bf70d0 JavaThread "LocalFile Deleter"          daemon [_thread_blocked, id=27748, stack(0x00000011f5300000,0x00000011f5400000) (1024K)]
  0x0000019d80bf7760 JavaThread "LocalFile Deleter"          daemon [_thread_blocked, id=27200, stack(0x00000011f7400000,0x00000011f7500000) (1024K)]
  0x0000019d80bf42e0 JavaThread "LocalFile Deleter"          daemon [_thread_blocked, id=25636, stack(0x00000011f7900000,0x00000011f7a00000) (1024K)]
  0x0000019d80bf7df0 JavaThread "Timer-0"                           [_thread_blocked, id=28072, stack(0x00000011f8f00000,0x00000011f9000000) (1024K)]
  0x0000019d80bf4970 JavaThread "Timer-1"                           [_thread_blocked, id=27888, stack(0x00000011f9000000,0x00000011f9100000) (1024K)]
  0x0000019d80bf9830 JavaThread "Timer-2"                           [_thread_blocked, id=24748, stack(0x00000011f9100000,0x00000011f9200000) (1024K)]
  0x0000019d80bfabe0 JavaThread "Timer-3"                           [_thread_blocked, id=18412, stack(0x00000011f9300000,0x00000011f9400000) (1024K)]
  0x0000019d80bfa550 JavaThread "Timer-4"                           [_thread_blocked, id=24704, stack(0x00000011f9400000,0x00000011f9500000) (1024K)]
  0x0000019d80bf8b10 JavaThread "Connection worker"                 [_thread_in_vm, id=28344, stack(0x00000011f9500000,0x00000011f9600000) (1024K)]
=>0x0000019df98a2da0 JavaThread "C2 CompilerThread1"         daemon [_thread_in_native, id=26908, stack(0x00000011f9200000,0x00000011f9300000) (1024K)]
Total: 55

Other Threads:
  0x0000019d9f8849c0 VMThread "VM Thread"                           [id=27368, stack(0x00000011f5700000,0x00000011f5800000) (1024K)]
  0x0000019d9f77ca00 WatcherThread "VM Periodic Task Thread"        [id=27364, stack(0x00000011f5600000,0x00000011f5700000) (1024K)]
  0x0000019d9f9091d0 WorkerThread "GC Thread#0"                     [id=27316, stack(0x00000011f5500000,0x00000011f5600000) (1024K)]
  0x0000019df9825630 WorkerThread "GC Thread#1"                     [id=26912, stack(0x00000011f6300000,0x00000011f6400000) (1024K)]
  0x0000019df98259d0 WorkerThread "GC Thread#2"                     [id=26892, stack(0x00000011f6400000,0x00000011f6500000) (1024K)]
  0x0000019df9955de0 WorkerThread "GC Thread#3"                     [id=26900, stack(0x00000011f6500000,0x00000011f6600000) (1024K)]
  0x0000019df9956180 WorkerThread "GC Thread#4"                     [id=25392, stack(0x00000011f6600000,0x00000011f6700000) (1024K)]
  0x0000019df9956520 WorkerThread "GC Thread#5"                     [id=23872, stack(0x00000011f6700000,0x00000011f6800000) (1024K)]
  0x0000019df9957180 WorkerThread "GC Thread#6"                     [id=25096, stack(0x00000011f6800000,0x00000011f6900000) (1024K)]
  0x0000019df9ddf0a0 WorkerThread "GC Thread#7"                     [id=18320, stack(0x00000011f6900000,0x00000011f6a00000) (1024K)]
  0x0000019dfe0693b0 WorkerThread "GC Thread#8"                     [id=27040, stack(0x00000011f6e00000,0x00000011f6f00000) (1024K)]
  0x0000019dfe069af0 WorkerThread "GC Thread#9"                     [id=27484, stack(0x00000011f6f00000,0x00000011f7000000) (1024K)]
Total: 12

Threads with active compile tasks:
C2 CompilerThread0  101405 9878   !   4       org.eclipse.osgi.internal.loader.BundleLoader::findResource (450 bytes)
C2 CompilerThread1  101405 9853   !   4       org.eclipse.osgi.internal.loader.classpath.ClasspathManager::findLocalResource (183 bytes)
Total: 2

VM state: not at safepoint (normal execution)

VM Mutex/Monitor currently owned by a thread: None

Heap address: 0x0000000080000000, size: 2048 MB, Compressed Oops mode: 32-bit

CDS archive(s) mapped at: [0x0000019db7000000-0x0000019db7ba0000-0x0000019db7ba0000), size 12189696, SharedBaseAddress: 0x0000019db7000000, ArchiveRelocationMode: 1.
Compressed class space mapped at: 0x0000019db8000000-0x0000019df8000000, reserved size: 1073741824
Narrow klass base: 0x0000019db7000000, Narrow klass shift: 0, Narrow klass range: 0x100000000

GC Precious Log:
 CardTable entry size: 512
 CPUs: 12 total, 12 available
 Memory: 5989M
 Large Page Support: Disabled
 NUMA Support: Disabled
 Compressed Oops: Enabled (32-bit)
 Alignments: Space 512K, Generation 512K, Heap 2M
 Heap Min Capacity: 100M
 Heap Initial Capacity: 100M
 Heap Max Capacity: 2G
 Pre-touch: Disabled
 Parallel Workers: 10

Heap:
 PSYoungGen      total 5632K, used 5079K [0x00000000d5580000, 0x00000000d5c00000, 0x0000000100000000)
  eden space 4608K, 99% used [0x00000000d5580000,0x00000000d59fadd0,0x00000000d5a00000)
  from space 1024K, 48% used [0x00000000d5b00000,0x00000000d5b7b170,0x00000000d5c00000)
  to   space 1024K, 0% used [0x00000000d5a00000,0x00000000d5a00000,0x00000000d5b00000)
 ParOldGen       total 757248K, used 207318K [0x0000000080000000, 0x00000000ae380000, 0x00000000d5580000)
  object space 757248K, 27% used [0x0000000080000000,0x000000008ca75b28,0x00000000ae380000)
 Metaspace       used 65017K, committed 66240K, reserved 1114112K
  class space    used 8021K, committed 8576K, reserved 1048576K

Card table byte_map: [0x0000019d9f290000,0x0000019d9f6a0000] _byte_map_base: 0x0000019d9ee90000

Marking Bits: (ParMarkBitMap*) 0x00007ff8cc65a340
 Begin Bits: [0x0000019db1d90000, 0x0000019db3d90000)
 End Bits:   [0x0000019db3d90000, 0x0000019db5d90000)

Polling page: 0x0000019d9d460000

Metaspace:

Usage:
  Non-class:     55.66 MB used.
      Class:      7.83 MB used.
       Both:     63.49 MB used.

Virtual space:
  Non-class space:       64.00 MB reserved,      56.31 MB ( 88%) committed,  1 nodes.
      Class space:        1.00 GB reserved,       8.38 MB ( <1%) committed,  1 nodes.
             Both:        1.06 GB reserved,      64.69 MB (  6%) committed. 

Chunk freelists:
   Non-Class:  7.63 MB
       Class:  7.49 MB
        Both:  15.12 MB

MaxMetaspaceSize: unlimited
CompressedClassSpaceSize: 1.00 GB
Initial GC threshold: 21.00 MB
Current GC threshold: 97.31 MB
CDS: on
 - commit_granule_bytes: 65536.
 - commit_granule_words: 8192.
 - virtual_space_node_default_size: 8388608.
 - enlarge_chunks_in_place: 1.
 - use_allocation_guard: 0.


Internal statistics:

num_allocs_failed_limit: 9.
num_arena_births: 1084.
num_arena_deaths: 24.
num_vsnodes_births: 2.
num_vsnodes_deaths: 0.
num_space_committed: 1035.
num_space_uncommitted: 0.
num_chunks_returned_to_freelist: 36.
num_chunks_taken_from_freelist: 3952.
num_chunk_merges: 14.
num_chunk_splits: 2526.
num_chunks_enlarged: 1575.
num_inconsistent_stats: 0.

CodeHeap 'non-profiled nmethods': size=120000Kb used=7676Kb max_used=7676Kb free=112323Kb
 bounds [0x0000019daa5b0000, 0x0000019daad30000, 0x0000019db1ae0000]
CodeHeap 'profiled nmethods': size=120000Kb used=19243Kb max_used=19243Kb free=100756Kb
 bounds [0x0000019da2ae0000, 0x0000019da3db0000, 0x0000019daa010000]
CodeHeap 'non-nmethods': size=5760Kb used=1394Kb max_used=1458Kb free=4365Kb
 bounds [0x0000019daa010000, 0x0000019daa280000, 0x0000019daa5b0000]
CodeCache: size=245760Kb, used=28313Kb, max_used=28377Kb, free=217444Kb
 total_blobs=9842, nmethods=9142, adapters=606, full_count=0
Compilation: enabled, stopped_count=0, restarted_count=0

Compilation events (20 events):
Event: 99.569 Thread 0x0000019d9f9a9430 nmethod 9863 0x0000019daad22e10 code [0x0000019daad22fa0, 0x0000019daad23140]
Event: 99.569 Thread 0x0000019d9f9a9430 9870       4       java.net.URI::equals (223 bytes)
Event: 99.590 Thread 0x0000019d9f9a9430 nmethod 9870 0x0000019daad23290 code [0x0000019daad23540, 0x0000019daad24798]
Event: 99.590 Thread 0x0000019d9f9a9430 9871       4       java.net.URLConnection::<init> (62 bytes)
Event: 99.602 Thread 0x0000019d9f9a9430 nmethod 9871 0x0000019daad25290 code [0x0000019daad25480, 0x0000019daad258d8]
Event: 99.612 Thread 0x0000019d9f9a9430 9872       4       java.net.URI::decode (376 bytes)
Event: 99.616 Thread 0x0000019d9f9a9430 nmethod 9872 0x0000019daad25d10 code [0x0000019daad25ec0, 0x0000019daad26148]
Event: 99.631 Thread 0x0000019d9f9a9430 9873       4       org.eclipse.osgi.internal.loader.BundleLoader::getResourcePackageName (57 bytes)
Event: 99.663 Thread 0x0000019d9f9a9430 nmethod 9873 0x0000019daad26390 code [0x0000019daad265a0, 0x0000019daad27198]
Event: 99.663 Thread 0x0000019d9f9a9430 9874       4       java.io.File::getAbsoluteFile (38 bytes)
Event: 99.670 Thread 0x0000019d9f9a9430 nmethod 9874 0x0000019daad27810 code [0x0000019daad27a00, 0x0000019daad27f18]
Event: 99.702 Thread 0x0000019d9f9a9430 9875   !   4       java.io.File::toURI (69 bytes)
Event: 99.722 Thread 0x0000019d9f9a9ad0 9876       3       java.io.ObjectStreamClass::requireInitialized (19 bytes)
Event: 99.723 Thread 0x0000019d9f9a9ad0 nmethod 9876 0x0000019da3daaa90 code [0x0000019da3daac40, 0x0000019da3daae48]
Event: 99.780 Thread 0x0000019d9f9a9430 nmethod 9875 0x0000019daad28410 code [0x0000019daad287a0, 0x0000019daad29ed0]
Event: 99.781 Thread 0x0000019d9f9a9430 9881       4       java.net.URI::toString (60 bytes)
Event: 99.834 Thread 0x0000019d9f9a9430 nmethod 9881 0x0000019daad2b410 code [0x0000019daad2b780, 0x0000019daad2cc30]
Event: 99.835 Thread 0x0000019d9f9a9430 9882       4       java.net.URI::appendSchemeSpecificPart (158 bytes)
Event: 99.851 Thread 0x0000019d9f9a9430 nmethod 9882 0x0000019daad2de90 code [0x0000019daad2e120, 0x0000019daad2e8f8]
Event: 99.851 Thread 0x0000019d9f9a9430 9878   !   4       org.eclipse.osgi.internal.loader.BundleLoader::findResource (450 bytes)

GC Heap History (20 events):
Event: 99.608 GC heap before
{Heap before GC invocations=1599 (full 3):
 PSYoungGen      total 5120K, used 5102K [0x00000000d5580000, 0x00000000d5c00000, 0x0000000100000000)
  eden space 4608K, 99% used [0x00000000d5580000,0x00000000d59fffa0,0x00000000d5a00000)
  from space 512K, 96% used [0x00000000d5a80000,0x00000000d5afbba0,0x00000000d5b00000)
  to   space 1024K, 0% used [0x00000000d5b00000,0x00000000d5b00000,0x00000000d5c00000)
 ParOldGen       total 757248K, used 203637K [0x0000000080000000, 0x00000000ae380000, 0x00000000d5580000)
  object space 757248K, 26% used [0x0000000080000000,0x000000008c6dd750,0x00000000ae380000)
 Metaspace       used 65017K, committed 66240K, reserved 1114112K
  class space    used 8021K, committed 8576K, reserved 1048576K
}
Event: 99.611 GC heap after
{Heap after GC invocations=1599 (full 3):
 PSYoungGen      total 5632K, used 591K [0x00000000d5580000, 0x00000000d5c00000, 0x0000000100000000)
  eden space 4608K, 0% used [0x00000000d5580000,0x00000000d5580000,0x00000000d5a00000)
  from space 1024K, 57% used [0x00000000d5b00000,0x00000000d5b93eb0,0x00000000d5c00000)
  to   space 1024K, 0% used [0x00000000d5a00000,0x00000000d5a00000,0x00000000d5b00000)
 ParOldGen       total 757248K, used 204135K [0x0000000080000000, 0x00000000ae380000, 0x00000000d5580000)
  object space 757248K, 26% used [0x0000000080000000,0x000000008c759cb0,0x00000000ae380000)
 Metaspace       used 65017K, committed 66240K, reserved 1114112K
  class space    used 8021K, committed 8576K, reserved 1048576K
}
Event: 99.643 GC heap before
{Heap before GC invocations=1600 (full 3):
 PSYoungGen      total 5632K, used 5199K [0x00000000d5580000, 0x00000000d5c00000, 0x0000000100000000)
  eden space 4608K, 100% used [0x00000000d5580000,0x00000000d5a00000,0x00000000d5a00000)
  from space 1024K, 57% used [0x00000000d5b00000,0x00000000d5b93eb0,0x00000000d5c00000)
  to   space 1024K, 0% used [0x00000000d5a00000,0x00000000d5a00000,0x00000000d5b00000)
 ParOldGen       total 757248K, used 204135K [0x0000000080000000, 0x00000000ae380000, 0x00000000d5580000)
  object space 757248K, 26% used [0x0000000080000000,0x000000008c759cb0,0x00000000ae380000)
 Metaspace       used 65017K, committed 66240K, reserved 1114112K
  class space    used 8021K, committed 8576K, reserved 1048576K
}
Event: 99.646 GC heap after
{Heap after GC invocations=1600 (full 3):
 PSYoungGen      total 5632K, used 192K [0x00000000d5580000, 0x00000000d5b80000, 0x0000000100000000)
  eden space 4608K, 0% used [0x00000000d5580000,0x00000000d5580000,0x00000000d5a00000)
  from space 1024K, 18% used [0x00000000d5a00000,0x00000000d5a30000,0x00000000d5b00000)
  to   space 512K, 0% used [0x00000000d5b00000,0x00000000d5b00000,0x00000000d5b80000)
 ParOldGen       total 757248K, used 204686K [0x0000000080000000, 0x00000000ae380000, 0x00000000d5580000)
  object space 757248K, 27% used [0x0000000080000000,0x000000008c7e39b8,0x00000000ae380000)
 Metaspace       used 65017K, committed 66240K, reserved 1114112K
  class space    used 8021K, committed 8576K, reserved 1048576K
}
Event: 99.684 GC heap before
{Heap before GC invocations=1601 (full 3):
 PSYoungGen      total 5632K, used 4800K [0x00000000d5580000, 0x00000000d5b80000, 0x0000000100000000)
  eden space 4608K, 100% used [0x00000000d5580000,0x00000000d5a00000,0x00000000d5a00000)
  from space 1024K, 18% used [0x00000000d5a00000,0x00000000d5a30000,0x00000000d5b00000)
  to   space 512K, 0% used [0x00000000d5b00000,0x00000000d5b00000,0x00000000d5b80000)
 ParOldGen       total 757248K, used 204686K [0x0000000080000000, 0x00000000ae380000, 0x00000000d5580000)
  object space 757248K, 27% used [0x0000000080000000,0x000000008c7e39b8,0x00000000ae380000)
 Metaspace       used 65017K, committed 66240K, reserved 1114112K
  class space    used 8021K, committed 8576K, reserved 1048576K
}
Event: 99.686 GC heap after
{Heap after GC invocations=1601 (full 3):
 PSYoungGen      total 5120K, used 320K [0x00000000d5580000, 0x00000000d5b80000, 0x0000000100000000)
  eden space 4608K, 0% used [0x00000000d5580000,0x00000000d5580000,0x00000000d5a00000)
  from space 512K, 62% used [0x00000000d5b00000,0x00000000d5b50000,0x00000000d5b80000)
  to   space 512K, 0% used [0x00000000d5a80000,0x00000000d5a80000,0x00000000d5b00000)
 ParOldGen       total 757248K, used 204758K [0x0000000080000000, 0x00000000ae380000, 0x00000000d5580000)
  object space 757248K, 27% used [0x0000000080000000,0x000000008c7f59b8,0x00000000ae380000)
 Metaspace       used 65017K, committed 66240K, reserved 1114112K
  class space    used 8021K, committed 8576K, reserved 1048576K
}
Event: 99.747 GC heap before
{Heap before GC invocations=1602 (full 3):
 PSYoungGen      total 5120K, used 4920K [0x00000000d5580000, 0x00000000d5b80000, 0x0000000100000000)
  eden space 4608K, 99% used [0x00000000d5580000,0x00000000d59fe2b8,0x00000000d5a00000)
  from space 512K, 62% used [0x00000000d5b00000,0x00000000d5b50000,0x00000000d5b80000)
  to   space 512K, 0% used [0x00000000d5a80000,0x00000000d5a80000,0x00000000d5b00000)
 ParOldGen       total 757248K, used 204758K [0x0000000080000000, 0x00000000ae380000, 0x00000000d5580000)
  object space 757248K, 27% used [0x0000000080000000,0x000000008c7f59b8,0x00000000ae380000)
 Metaspace       used 65017K, committed 66240K, reserved 1114112K
  class space    used 8021K, committed 8576K, reserved 1048576K
}
Event: 99.749 GC heap after
{Heap after GC invocations=1602 (full 3):
 PSYoungGen      total 5120K, used 330K [0x00000000d5580000, 0x00000000d5b80000, 0x0000000100000000)
  eden space 4608K, 0% used [0x00000000d5580000,0x00000000d5580000,0x00000000d5a00000)
  from space 512K, 64% used [0x00000000d5a80000,0x00000000d5ad29a0,0x00000000d5b00000)
  to   space 512K, 0% used [0x00000000d5b00000,0x00000000d5b00000,0x00000000d5b80000)
 ParOldGen       total 757248K, used 204862K [0x0000000080000000, 0x00000000ae380000, 0x00000000d5580000)
  object space 757248K, 27% used [0x0000000080000000,0x000000008c80f9c8,0x00000000ae380000)
 Metaspace       used 65017K, committed 66240K, reserved 1114112K
  class space    used 8021K, committed 8576K, reserved 1048576K
}
Event: 99.789 GC heap before
{Heap before GC invocations=1603 (full 3):
 PSYoungGen      total 5120K, used 4938K [0x00000000d5580000, 0x00000000d5b80000, 0x0000000100000000)
  eden space 4608K, 100% used [0x00000000d5580000,0x00000000d5a00000,0x00000000d5a00000)
  from space 512K, 64% used [0x00000000d5a80000,0x00000000d5ad29a0,0x00000000d5b00000)
  to   space 512K, 0% used [0x00000000d5b00000,0x00000000d5b00000,0x00000000d5b80000)
 ParOldGen       total 757248K, used 204862K [0x0000000080000000, 0x00000000ae380000, 0x00000000d5580000)
  object space 757248K, 27% used [0x0000000080000000,0x000000008c80f9c8,0x00000000ae380000)
 Metaspace       used 65017K, committed 66240K, reserved 1114112K
  class space    used 8021K, committed 8576K, reserved 1048576K
}
Event: 99.791 GC heap after
{Heap after GC invocations=1603 (full 3):
 PSYoungGen      total 5120K, used 504K [0x00000000d5580000, 0x00000000d5c00000, 0x0000000100000000)
  eden space 4608K, 0% used [0x00000000d5580000,0x00000000d5580000,0x00000000d5a00000)
  from space 512K, 98% used [0x00000000d5b00000,0x00000000d5b7e100,0x00000000d5b80000)
  to   space 1024K, 0% used [0x00000000d5a00000,0x00000000d5a00000,0x00000000d5b00000)
 ParOldGen       total 757248K, used 205152K [0x0000000080000000, 0x00000000ae380000, 0x00000000d5580000)
  object space 757248K, 27% used [0x0000000080000000,0x000000008c858238,0x00000000ae380000)
 Metaspace       used 65017K, committed 66240K, reserved 1114112K
  class space    used 8021K, committed 8576K, reserved 1048576K
}
Event: 99.835 GC heap before
{Heap before GC invocations=1604 (full 3):
 PSYoungGen      total 5120K, used 5109K [0x00000000d5580000, 0x00000000d5c00000, 0x0000000100000000)
  eden space 4608K, 99% used [0x00000000d5580000,0x00000000d59ff388,0x00000000d5a00000)
  from space 512K, 98% used [0x00000000d5b00000,0x00000000d5b7e100,0x00000000d5b80000)
  to   space 1024K, 0% used [0x00000000d5a00000,0x00000000d5a00000,0x00000000d5b00000)
 ParOldGen       total 757248K, used 205152K [0x0000000080000000, 0x00000000ae380000, 0x00000000d5580000)
  object space 757248K, 27% used [0x0000000080000000,0x000000008c858238,0x00000000ae380000)
 Metaspace       used 65017K, committed 66240K, reserved 1114112K
  class space    used 8021K, committed 8576K, reserved 1048576K
}
Event: 99.837 GC heap after
{Heap after GC invocations=1604 (full 3):
 PSYoungGen      total 5632K, used 643K [0x00000000d5580000, 0x00000000d5c00000, 0x0000000100000000)
  eden space 4608K, 0% used [0x00000000d5580000,0x00000000d5580000,0x00000000d5a00000)
  from space 1024K, 62% used [0x00000000d5a00000,0x00000000d5aa0df0,0x00000000d5b00000)
  to   space 1024K, 0% used [0x00000000d5b00000,0x00000000d5b00000,0x00000000d5c00000)
 ParOldGen       total 757248K, used 205753K [0x0000000080000000, 0x00000000ae380000, 0x00000000d5580000)
  object space 757248K, 27% used [0x0000000080000000,0x000000008c8ee5d0,0x00000000ae380000)
 Metaspace       used 65017K, committed 66240K, reserved 1114112K
  class space    used 8021K, committed 8576K, reserved 1048576K
}
Event: 99.886 GC heap before
{Heap before GC invocations=1605 (full 3):
 PSYoungGen      total 5632K, used 5251K [0x00000000d5580000, 0x00000000d5c00000, 0x0000000100000000)
  eden space 4608K, 100% used [0x00000000d5580000,0x00000000d5a00000,0x00000000d5a00000)
  from space 1024K, 62% used [0x00000000d5a00000,0x00000000d5aa0df0,0x00000000d5b00000)
  to   space 1024K, 0% used [0x00000000d5b00000,0x00000000d5b00000,0x00000000d5c00000)
 ParOldGen       total 757248K, used 205753K [0x0000000080000000, 0x00000000ae380000, 0x00000000d5580000)
  object space 757248K, 27% used [0x0000000080000000,0x000000008c8ee5d0,0x00000000ae380000)
 Metaspace       used 65017K, committed 66240K, reserved 1114112K
  class space    used 8021K, committed 8576K, reserved 1048576K
}
Event: 99.889 GC heap after
{Heap after GC invocations=1605 (full 3):
 PSYoungGen      total 5120K, used 288K [0x00000000d5580000, 0x00000000d5b80000, 0x0000000100000000)
  eden space 4608K, 0% used [0x00000000d5580000,0x00000000d5580000,0x00000000d5a00000)
  from space 512K, 56% used [0x00000000d5b00000,0x00000000d5b48000,0x00000000d5b80000)
  to   space 512K, 0% used [0x00000000d5a80000,0x00000000d5a80000,0x00000000d5b00000)
 ParOldGen       total 757248K, used 206324K [0x0000000080000000, 0x00000000ae380000, 0x00000000d5580000)
  object space 757248K, 27% used [0x0000000080000000,0x000000008c97d2e8,0x00000000ae380000)
 Metaspace       used 65017K, committed 66240K, reserved 1114112K
  class space    used 8021K, committed 8576K, reserved 1048576K
}
Event: 100.007 GC heap before
{Heap before GC invocations=1606 (full 3):
 PSYoungGen      total 5120K, used 4896K [0x00000000d5580000, 0x00000000d5b80000, 0x0000000100000000)
  eden space 4608K, 100% used [0x00000000d5580000,0x00000000d5a00000,0x00000000d5a00000)
  from space 512K, 56% used [0x00000000d5b00000,0x00000000d5b48000,0x00000000d5b80000)
  to   space 512K, 0% used [0x00000000d5a80000,0x00000000d5a80000,0x00000000d5b00000)
 ParOldGen       total 757248K, used 206324K [0x0000000080000000, 0x00000000ae380000, 0x00000000d5580000)
  object space 757248K, 27% used [0x0000000080000000,0x000000008c97d2e8,0x00000000ae380000)
 Metaspace       used 65017K, committed 66240K, reserved 1114112K
  class space    used 8021K, committed 8576K, reserved 1048576K
}
Event: 100.009 GC heap after
{Heap after GC invocations=1606 (full 3):
 PSYoungGen      total 5120K, used 320K [0x00000000d5580000, 0x00000000d5b80000, 0x0000000100000000)
  eden space 4608K, 0% used [0x00000000d5580000,0x00000000d5580000,0x00000000d5a00000)
  from space 512K, 62% used [0x00000000d5a80000,0x00000000d5ad0000,0x00000000d5b00000)
  to   space 512K, 0% used [0x00000000d5b00000,0x00000000d5b00000,0x00000000d5b80000)
 ParOldGen       total 757248K, used 206388K [0x0000000080000000, 0x00000000ae380000, 0x00000000d5580000)
  object space 757248K, 27% used [0x0000000080000000,0x000000008c98d2e8,0x00000000ae380000)
 Metaspace       used 65017K, committed 66240K, reserved 1114112K
  class space    used 8021K, committed 8576K, reserved 1048576K
}
Event: 100.206 GC heap before
{Heap before GC invocations=1607 (full 3):
 PSYoungGen      total 5120K, used 4921K [0x00000000d5580000, 0x00000000d5b80000, 0x0000000100000000)
  eden space 4608K, 99% used [0x00000000d5580000,0x00000000d59fe588,0x00000000d5a00000)
  from space 512K, 62% used [0x00000000d5a80000,0x00000000d5ad0000,0x00000000d5b00000)
  to   space 512K, 0% used [0x00000000d5b00000,0x00000000d5b00000,0x00000000d5b80000)
 ParOldGen       total 757248K, used 206388K [0x0000000080000000, 0x00000000ae380000, 0x00000000d5580000)
  object space 757248K, 27% used [0x0000000080000000,0x000000008c98d2e8,0x00000000ae380000)
 Metaspace       used 65017K, committed 66240K, reserved 1114112K
  class space    used 8021K, committed 8576K, reserved 1048576K
}
Event: 100.208 GC heap after
{Heap after GC invocations=1607 (full 3):
 PSYoungGen      total 5120K, used 320K [0x00000000d5580000, 0x00000000d5b80000, 0x0000000100000000)
  eden space 4608K, 0% used [0x00000000d5580000,0x00000000d5580000,0x00000000d5a00000)
  from space 512K, 62% used [0x00000000d5b00000,0x00000000d5b50000,0x00000000d5b80000)
  to   space 512K, 0% used [0x00000000d5a80000,0x00000000d5a80000,0x00000000d5b00000)
 ParOldGen       total 757248K, used 206476K [0x0000000080000000, 0x00000000ae380000, 0x00000000d5580000)
  object space 757248K, 27% used [0x0000000080000000,0x000000008c9a32f8,0x00000000ae380000)
 Metaspace       used 65017K, committed 66240K, reserved 1114112K
  class space    used 8021K, committed 8576K, reserved 1048576K
}
Event: 100.291 GC heap before
{Heap before GC invocations=1608 (full 3):
 PSYoungGen      total 5120K, used 4928K [0x00000000d5580000, 0x00000000d5b80000, 0x0000000100000000)
  eden space 4608K, 100% used [0x00000000d5580000,0x00000000d5a00000,0x00000000d5a00000)
  from space 512K, 62% used [0x00000000d5b00000,0x00000000d5b50000,0x00000000d5b80000)
  to   space 512K, 0% used [0x00000000d5a80000,0x00000000d5a80000,0x00000000d5b00000)
 ParOldGen       total 757248K, used 206476K [0x0000000080000000, 0x00000000ae380000, 0x00000000d5580000)
  object space 757248K, 27% used [0x0000000080000000,0x000000008c9a32f8,0x00000000ae380000)
 Metaspace       used 65017K, committed 66240K, reserved 1114112K
  class space    used 8021K, committed 8576K, reserved 1048576K
}
Event: 100.294 GC heap after
{Heap after GC invocations=1608 (full 3):
 PSYoungGen      total 5120K, used 503K [0x00000000d5580000, 0x00000000d5c00000, 0x0000000100000000)
  eden space 4608K, 0% used [0x00000000d5580000,0x00000000d5580000,0x00000000d5a00000)
  from space 512K, 98% used [0x00000000d5a80000,0x00000000d5afde40,0x00000000d5b00000)
  to   space 1024K, 0% used [0x00000000d5b00000,0x00000000d5b00000,0x00000000d5c00000)
 ParOldGen       total 757248K, used 206730K [0x0000000080000000, 0x00000000ae380000, 0x00000000d5580000)
  object space 757248K, 27% used [0x0000000080000000,0x000000008c9e28f0,0x00000000ae380000)
 Metaspace       used 65017K, committed 66240K, reserved 1114112K
  class space    used 8021K, committed 8576K, reserved 1048576K
}

Dll operation events (13 events):
Event: 0.026 Loaded shared library c:\Users\LENOVO\.vscode\extensions\redhat.java-1.44.0-win32-x64\jre\21.0.8-win32-x86_64\bin\java.dll
Event: 0.254 Loaded shared library c:\Users\LENOVO\.vscode\extensions\redhat.java-1.44.0-win32-x64\jre\21.0.8-win32-x86_64\bin\zip.dll
Event: 0.310 Loaded shared library C:\Users\LENOVO\.vscode\extensions\redhat.java-1.44.0-win32-x64\jre\21.0.8-win32-x86_64\bin\instrument.dll
Event: 0.325 Loaded shared library C:\Users\LENOVO\.vscode\extensions\redhat.java-1.44.0-win32-x64\jre\21.0.8-win32-x86_64\bin\net.dll
Event: 0.337 Loaded shared library C:\Users\LENOVO\.vscode\extensions\redhat.java-1.44.0-win32-x64\jre\21.0.8-win32-x86_64\bin\nio.dll
Event: 0.345 Loaded shared library C:\Users\LENOVO\.vscode\extensions\redhat.java-1.44.0-win32-x64\jre\21.0.8-win32-x86_64\bin\zip.dll
Event: 0.400 Loaded shared library C:\Users\LENOVO\.vscode\extensions\redhat.java-1.44.0-win32-x64\jre\21.0.8-win32-x86_64\bin\jimage.dll
Event: 0.685 Loaded shared library c:\Users\LENOVO\.vscode\extensions\redhat.java-1.44.0-win32-x64\jre\21.0.8-win32-x86_64\bin\verify.dll
Event: 4.582 Loaded shared library C:\Users\LENOVO\AppData\Roaming\Code\User\globalStorage\redhat.java\1.44.0\config_win\org.eclipse.equinox.launcher\org.eclipse.equinox.launcher.win32.win32.x86_64_1.2.1400.v20250730-1736\eclipse_11913.dll
Event: 8.934 Loaded shared library C:\Users\LENOVO\AppData\Local\Temp\jna--2053026509\jna4671220958569994122.dll
Event: 90.160 Loaded shared library C:\Users\LENOVO\.gradle\native\1def1411415f61bf3af743bc5b6707747c0891f09f0c88961ee8f79bc544acac\windows-amd64\native-platform.dll
Event: 93.158 Loaded shared library C:\Users\LENOVO\.vscode\extensions\redhat.java-1.44.0-win32-x64\jre\21.0.8-win32-x86_64\bin\management.dll
Event: 93.172 Loaded shared library C:\Users\LENOVO\.vscode\extensions\redhat.java-1.44.0-win32-x64\jre\21.0.8-win32-x86_64\bin\management_ext.dll

Deoptimization events (20 events):
Event: 94.622 Thread 0x0000019d8113db30 DEOPT PACKING pc=0x0000019daab5da24 sp=0x00000011f7dfe680
Event: 94.622 Thread 0x0000019d8113db30 DEOPT UNPACKING pc=0x0000019daa063aa2 sp=0x00000011f7dfe580 mode 2
Event: 94.639 Thread 0x0000019d8113db30 Uncommon trap: trap_request=0xffffff76 fr.pc=0x0000019daac6e1d8 relative=0x00000000000001b8
Event: 94.639 Thread 0x0000019d8113db30 Uncommon trap: reason=predicate action=maybe_recompile pc=0x0000019daac6e1d8 method=java.util.LinkedHashMap.keysToArray([Ljava/lang/Object;Z)[Ljava/lang/Object; @ 53 c2
Event: 94.639 Thread 0x0000019d8113db30 DEOPT PACKING pc=0x0000019daac6e1d8 sp=0x00000011f7dfe300
Event: 94.639 Thread 0x0000019d8113db30 DEOPT UNPACKING pc=0x0000019daa063aa2 sp=0x00000011f7dfe290 mode 2
Event: 96.949 Thread 0x0000019d80bf8b10 DEOPT PACKING pc=0x0000019da3d61db3 sp=0x00000011f95f9900
Event: 96.949 Thread 0x0000019d80bf8b10 DEOPT UNPACKING pc=0x0000019daa064242 sp=0x00000011f95f8e10 mode 0
Event: 97.634 Thread 0x0000019d80bf8b10 Uncommon trap: trap_request=0xffffff45 fr.pc=0x0000019daacc23c4 relative=0x0000000000002564
Event: 97.634 Thread 0x0000019d80bf8b10 Uncommon trap: reason=unstable_if action=reinterpret pc=0x0000019daacc23c4 method=org.gradle.internal.daemon.client.serialization.ClasspathInferer.find(Ljava/lang/Class;Ljava/util/Collection;Ljava/util/Collection;)V @ 16 c2
Event: 97.634 Thread 0x0000019d80bf8b10 DEOPT PACKING pc=0x0000019daacc23c4 sp=0x00000011f95fd140
Event: 97.634 Thread 0x0000019d80bf8b10 DEOPT UNPACKING pc=0x0000019daa063aa2 sp=0x00000011f95fd0e8 mode 2
Event: 97.776 Thread 0x0000019d80bf8b10 Uncommon trap: trap_request=0xffffffde fr.pc=0x0000019daa99191c relative=0x00000000000001dc
Event: 97.776 Thread 0x0000019d80bf8b10 Uncommon trap: reason=class_check action=maybe_recompile pc=0x0000019daa99191c method=java.nio.ByteBuffer.get([B)Ljava/nio/ByteBuffer; @ 5 c2
Event: 97.776 Thread 0x0000019d80bf8b10 DEOPT PACKING pc=0x0000019daa99191c sp=0x00000011f95fad50
Event: 97.776 Thread 0x0000019d80bf8b10 DEOPT UNPACKING pc=0x0000019daa063aa2 sp=0x00000011f95fad28 mode 2
Event: 97.777 Thread 0x0000019d80bf8b10 Uncommon trap: trap_request=0xffffffde fr.pc=0x0000019daa99191c relative=0x00000000000001dc
Event: 97.777 Thread 0x0000019d80bf8b10 Uncommon trap: reason=class_check action=maybe_recompile pc=0x0000019daa99191c method=java.nio.ByteBuffer.get([B)Ljava/nio/ByteBuffer; @ 5 c2
Event: 97.777 Thread 0x0000019d80bf8b10 DEOPT PACKING pc=0x0000019daa99191c sp=0x00000011f95fad50
Event: 97.777 Thread 0x0000019d80bf8b10 DEOPT UNPACKING pc=0x0000019daa063aa2 sp=0x00000011f95fad28 mode 2

Classes loaded (20 events):
Event: 97.168 Loading class java/util/PrimitiveIterator done
Event: 97.168 Loading class java/util/PrimitiveIterator$OfDouble done
Event: 97.170 Loading class java/util/PrimitiveIterator$OfLong
Event: 97.170 Loading class java/util/PrimitiveIterator$OfLong done
Event: 97.173 Loading class java/util/PrimitiveIterator$OfInt
Event: 97.173 Loading class java/util/PrimitiveIterator$OfInt done
Event: 97.176 Loading class java/util/stream/LongStream
Event: 97.177 Loading class java/util/stream/LongStream done
Event: 97.177 Loading class java/util/stream/DoubleStream
Event: 97.178 Loading class java/util/stream/DoubleStream done
Event: 97.412 Loading class java/util/concurrent/atomic/AtomicIntegerFieldUpdater
Event: 97.413 Loading class java/util/concurrent/atomic/AtomicIntegerFieldUpdater done
Event: 97.458 Loading class java/util/concurrent/LinkedBlockingDeque
Event: 97.460 Loading class java/util/concurrent/BlockingDeque
Event: 97.460 Loading class java/util/concurrent/BlockingDeque done
Event: 97.460 Loading class java/util/concurrent/LinkedBlockingDeque done
Event: 97.460 Loading class java/util/concurrent/PriorityBlockingQueue
Event: 97.461 Loading class java/util/concurrent/PriorityBlockingQueue done
Event: 97.806 Loading class java/io/ObjectStreamClass$ExceptionInfo
Event: 97.807 Loading class java/io/ObjectStreamClass$ExceptionInfo done

Classes unloaded (12 events):
Event: 10.223 Thread 0x0000019d9f8849c0 Unloading class 0x0000019db81a7000 'java/lang/invoke/LambdaForm$MH+0x0000019db81a7000'
Event: 10.223 Thread 0x0000019d9f8849c0 Unloading class 0x0000019db81a6c00 'java/lang/invoke/LambdaForm$MH+0x0000019db81a6c00'
Event: 10.223 Thread 0x0000019d9f8849c0 Unloading class 0x0000019db81a6800 'java/lang/invoke/LambdaForm$MH+0x0000019db81a6800'
Event: 10.223 Thread 0x0000019d9f8849c0 Unloading class 0x0000019db81a6400 'java/lang/invoke/LambdaForm$MH+0x0000019db81a6400'
Event: 10.223 Thread 0x0000019d9f8849c0 Unloading class 0x0000019db81a6000 'java/lang/invoke/LambdaForm$BMH+0x0000019db81a6000'
Event: 10.223 Thread 0x0000019d9f8849c0 Unloading class 0x0000019db81a5c00 'java/lang/invoke/LambdaForm$DMH+0x0000019db81a5c00'
Event: 10.223 Thread 0x0000019d9f8849c0 Unloading class 0x0000019db81a4800 'java/lang/invoke/LambdaForm$DMH+0x0000019db81a4800'
Event: 13.092 Thread 0x0000019d9f8849c0 Unloading class 0x0000019db82e8c00 'java/lang/invoke/LambdaForm$MH+0x0000019db82e8c00'
Event: 13.092 Thread 0x0000019d9f8849c0 Unloading class 0x0000019db82e8400 'java/lang/invoke/LambdaForm$MH+0x0000019db82e8400'
Event: 13.092 Thread 0x0000019d9f8849c0 Unloading class 0x0000019db82e7400 'java/lang/invoke/LambdaForm$MH+0x0000019db82e7400'
Event: 13.092 Thread 0x0000019d9f8849c0 Unloading class 0x0000019db82e7000 'java/lang/invoke/LambdaForm$DMH+0x0000019db82e7000'
Event: 13.092 Thread 0x0000019d9f8849c0 Unloading class 0x0000019db82e6400 'java/lang/invoke/LambdaForm$MH+0x0000019db82e6400'

Classes redefined (0 events):
No events

Internal exceptions (20 events):
Event: 86.520 Thread 0x0000019d8113db30 Exception <a 'sun/nio/fs/WindowsException'{0x00000000d5756088}> (0x00000000d5756088) 
thrown [s\src\hotspot\share\prims\jni.cpp, line 520]
Event: 86.520 Thread 0x0000019d8113db30 Exception <a 'sun/nio/fs/WindowsException'{0x00000000d57566a8}> (0x00000000d57566a8) 
thrown [s\src\hotspot\share\prims\jni.cpp, line 520]
Event: 86.520 Thread 0x0000019d8113db30 Exception <a 'sun/nio/fs/WindowsException'{0x00000000d5756ce0}> (0x00000000d5756ce0) 
thrown [s\src\hotspot\share\prims\jni.cpp, line 520]
Event: 86.522 Thread 0x0000019d8113db30 Exception <a 'sun/nio/fs/WindowsException'{0x00000000d575d108}> (0x00000000d575d108) 
thrown [s\src\hotspot\share\prims\jni.cpp, line 520]
Event: 86.523 Thread 0x0000019d8113db30 Exception <a 'sun/nio/fs/WindowsException'{0x00000000d575d738}> (0x00000000d575d738) 
thrown [s\src\hotspot\share\prims\jni.cpp, line 520]
Event: 86.523 Thread 0x0000019d8113db30 Exception <a 'sun/nio/fs/WindowsException'{0x00000000d575dd68}> (0x00000000d575dd68) 
thrown [s\src\hotspot\share\prims\jni.cpp, line 520]
Event: 86.523 Thread 0x0000019d8113db30 Exception <a 'sun/nio/fs/WindowsException'{0x00000000d575e3b8}> (0x00000000d575e3b8) 
thrown [s\src\hotspot\share\prims\jni.cpp, line 520]
Event: 87.226 Thread 0x0000019d8113db30 Exception <a 'java/lang/NoSuchMethodError'{0x00000000d59a1bc8}: 'java.lang.Object java.lang.invoke.DirectMethodHandle$Holder.invokeVirtual(java.lang.Object, java.lang.Object, java.lang.Object, java.lang.Object)'> (0x00000000d59a1bc8) 
thrown [s\src\hotspot\share\interpreter\linkResolver.cpp, line 773]
Event: 87.239 Thread 0x0000019d8113db30 Exception <a 'java/lang/NoSuchMethodError'{0x00000000d59c4890}: 'java.lang.Object java.lang.invoke.DirectMethodHandle$Holder.invokeVirtual(java.lang.Object, java.lang.Object, java.lang.Object, java.lang.Object, java.lang.Object)'> (0x00000000d59c4890) 
thrown [s\src\hotspot\share\interpreter\linkResolver.cpp, line 773]
Event: 92.433 Thread 0x0000019d80bf4970 Exception <a 'java/lang/NoSuchMethodError'{0x00000000d587e238}: 'java.lang.Object java.lang.invoke.DirectMethodHandle$Holder.invokeVirtual(java.lang.Object, java.lang.Object, java.lang.Object, java.lang.Object, java.lang.Object, java.lang.Object)'> (0x00000000d587e238) 
thrown [s\src\hotspot\share\interpreter\linkResolver.cpp, line 773]
Event: 92.587 Thread 0x0000019d80bf4970 Exception <a 'java/lang/NoSuchMethodError'{0x00000000d5908eb0}: 'java.lang.Object java.lang.invoke.DirectMethodHandle$Holder.invokeVirtual(java.lang.Object, java.lang.Object, java.lang.Object, java.lang.Object, java.lang.Object, java.lang.Object, java.lang.Object)'> (0x00000000d5908eb0) 
thrown [s\src\hotspot\share\interpreter\linkResolver.cpp, line 773]
Event: 92.809 Thread 0x0000019d80bf4970 Exception <a 'java/lang/NoSuchMethodError'{0x00000000d55bbd58}: 'java.lang.Object java.lang.invoke.DirectMethodHandle$Holder.invokeVirtual(java.lang.Object, java.lang.Object, java.lang.Object, java.lang.Object, java.lang.Object, java.lang.Object, java.lang.Object, java.lang.Object)'> (0x00000000d55bbd58) 
thrown [s\src\hotspot\share\interpreter\linkResolver.cpp, line 773]
Event: 92.959 Thread 0x0000019d80bf4970 Exception <a 'java/lang/NoSuchMethodError'{0x00000000d5929310}: 'java.lang.Object java.lang.invoke.DirectMethodHandle$Holder.invokeVirtual(java.lang.Object, java.lang.Object, java.lang.Object, java.lang.Object, java.lang.Object, java.lang.Object, java.lang.Object, java.lang.Object, java.lang.Object, java.lang.Object, java.lang.Object, java.lang.Object)'> (0x00000000d5929310) 
thrown [s\src\hotspot\share\interpreter\linkResolver.cpp, line 773]
Event: 92.972 Thread 0x0000019d80bf4970 Exception <a 'java/lang/NoSuchMethodError'{0x00000000d5978448}: 'java.lang.Object java.lang.invoke.DirectMethodHandle$Holder.invokeStatic(java.lang.Object, java.lang.Object, java.lang.Object, java.lang.Object, java.lang.Object, java.lang.Object, java.lang.Object, java.lang.Object, java.lang.Object, java.lang.Object, java.lang.Object, java.lang.Object, java.lang.Object)'> (0x00000000d5978448) 
thrown [s\src\hotspot\share\interpreter\linkResolver.cpp, line 773]
Event: 92.975 Thread 0x0000019d80bf4970 Exception <a 'java/lang/NoSuchMethodError'{0x00000000d599b768}: 'java.lang.Object java.lang.invoke.DirectMethodHandle$Holder.invokeStatic(java.lang.Object, java.lang.Object, java.lang.Object, java.lang.Object, java.lang.Object, java.lang.Object, java.lang.Object, java.lang.Object, java.lang.Object, java.lang.Object, java.lang.Object, java.lang.Object, java.lang.Object, java.lang.Object)'> (0x00000000d599b768) 
thrown [s\src\hotspot\share\interpreter\linkResolver.cpp, line 773]
Event: 94.582 Thread 0x0000019d8113db30 Exception <a 'sun/nio/fs/WindowsException'{0x00000000d55807f8}> (0x00000000d55807f8) 
thrown [s\src\hotspot\share\prims\jni.cpp, line 520]
Event: 94.594 Thread 0x0000019d8113db30 Exception <a 'sun/nio/fs/WindowsException'{0x00000000d55860a0}> (0x00000000d55860a0) 
thrown [s\src\hotspot\share\prims\jni.cpp, line 520]
Event: 94.616 Thread 0x0000019d8113db30 Exception <a 'sun/nio/fs/WindowsException'{0x00000000d55a6928}> (0x00000000d55a6928) 
thrown [s\src\hotspot\share\prims\jni.cpp, line 520]
Event: 94.627 Thread 0x0000019d8113db30 Exception <a 'sun/nio/fs/WindowsException'{0x00000000d55ad548}> (0x00000000d55ad548) 
thrown [s\src\hotspot\share\prims\jni.cpp, line 520]
Event: 95.032 Thread 0x0000019d8113db30 Exception <a 'sun/nio/fs/WindowsException'{0x00000000d5941460}> (0x00000000d5941460) 
thrown [s\src\hotspot\share\prims\jni.cpp, line 520]

ZGC Phase Switch (0 events):
No events

VM Operations (20 events):
Event: 99.608 Executing VM operation: ParallelGCFailedAllocation (Allocation Failure)
Event: 99.611 Executing VM operation: ParallelGCFailedAllocation (Allocation Failure) done
Event: 99.643 Executing VM operation: ParallelGCFailedAllocation (Allocation Failure)
Event: 99.646 Executing VM operation: ParallelGCFailedAllocation (Allocation Failure) done
Event: 99.684 Executing VM operation: ParallelGCFailedAllocation (Allocation Failure)
Event: 99.686 Executing VM operation: ParallelGCFailedAllocation (Allocation Failure) done
Event: 99.747 Executing VM operation: ParallelGCFailedAllocation (Allocation Failure)
Event: 99.749 Executing VM operation: ParallelGCFailedAllocation (Allocation Failure) done
Event: 99.789 Executing VM operation: ParallelGCFailedAllocation (Allocation Failure)
Event: 99.791 Executing VM operation: ParallelGCFailedAllocation (Allocation Failure) done
Event: 99.835 Executing VM operation: ParallelGCFailedAllocation (Allocation Failure)
Event: 99.837 Executing VM operation: ParallelGCFailedAllocation (Allocation Failure) done
Event: 99.886 Executing VM operation: ParallelGCFailedAllocation (Allocation Failure)
Event: 99.889 Executing VM operation: ParallelGCFailedAllocation (Allocation Failure) done
Event: 100.007 Executing VM operation: ParallelGCFailedAllocation (Allocation Failure)
Event: 100.009 Executing VM operation: ParallelGCFailedAllocation (Allocation Failure) done
Event: 100.206 Executing VM operation: ParallelGCFailedAllocation (Allocation Failure)
Event: 100.208 Executing VM operation: ParallelGCFailedAllocation (Allocation Failure) done
Event: 100.290 Executing VM operation: ParallelGCFailedAllocation (Allocation Failure)
Event: 100.294 Executing VM operation: ParallelGCFailedAllocation (Allocation Failure) done

Memory protections (0 events):
No events

Nmethod flushes (20 events):
Event: 93.947 Thread 0x0000019d9f8849c0 flushing  nmethod 0x0000019da3437810
Event: 93.947 Thread 0x0000019d9f8849c0 flushing  nmethod 0x0000019da344fc10
Event: 93.947 Thread 0x0000019d9f8849c0 flushing  nmethod 0x0000019da3451710
Event: 93.947 Thread 0x0000019d9f8849c0 flushing  nmethod 0x0000019da3451b10
Event: 93.947 Thread 0x0000019d9f8849c0 flushing  nmethod 0x0000019da3462610
Event: 93.947 Thread 0x0000019d9f8849c0 flushing  nmethod 0x0000019da3468190
Event: 93.947 Thread 0x0000019d9f8849c0 flushing  nmethod 0x0000019da346a710
Event: 93.947 Thread 0x0000019d9f8849c0 flushing  nmethod 0x0000019da346ad10
Event: 93.947 Thread 0x0000019d9f8849c0 flushing  nmethod 0x0000019da346b590
Event: 93.947 Thread 0x0000019d9f8849c0 flushing  nmethod 0x0000019da3476190
Event: 93.947 Thread 0x0000019d9f8849c0 flushing  nmethod 0x0000019da347b310
Event: 93.947 Thread 0x0000019d9f8849c0 flushing  nmethod 0x0000019da348c710
Event: 93.947 Thread 0x0000019d9f8849c0 flushing  nmethod 0x0000019da3498690
Event: 93.947 Thread 0x0000019d9f8849c0 flushing  nmethod 0x0000019da349ac90
Event: 93.947 Thread 0x0000019d9f8849c0 flushing  nmethod 0x0000019da34a1f10
Event: 93.947 Thread 0x0000019d9f8849c0 flushing  nmethod 0x0000019da34f0310
Event: 93.947 Thread 0x0000019d9f8849c0 flushing  nmethod 0x0000019da34f0790
Event: 93.947 Thread 0x0000019d9f8849c0 flushing  nmethod 0x0000019da34f3410
Event: 93.947 Thread 0x0000019d9f8849c0 flushing  nmethod 0x0000019da34f3990
Event: 93.947 Thread 0x0000019d9f8849c0 flushing  nmethod 0x0000019da34f3d10

Events (20 events):
Event: 87.603 Thread 0x0000019d8113db30 Thread added: 0x0000019d80bf4970
Event: 90.027 Thread 0x0000019d9f9a9ad0 Thread added: 0x0000019df98a2000
Event: 90.635 Thread 0x0000019df98a2000 Thread exited: 0x0000019df98a2000
Event: 91.644 Thread 0x0000019d9f9a9ad0 Thread added: 0x0000019df98a1260
Event: 92.165 Thread 0x0000019df98a1260 Thread exited: 0x0000019df98a1260
Event: 92.460 Thread 0x0000019d9f9a9ad0 Thread added: 0x0000019df98a04c0
Event: 94.397 Thread 0x0000019d80bf4970 Thread exited: 0x0000019d80bf4970
Event: 94.457 Thread 0x0000019d8113db30 Thread added: 0x0000019d80bf4970
Event: 94.462 Thread 0x0000019d8113db30 Thread added: 0x0000019d80bfabe0
Event: 94.510 Thread 0x0000019df98a04c0 Thread exited: 0x0000019df98a04c0
Event: 94.522 Thread 0x0000019d80bfabe0 Thread exited: 0x0000019d80bfabe0
Event: 94.537 Thread 0x0000019d8113db30 Thread added: 0x0000019d80bf9830
Event: 95.196 Thread 0x0000019d9f9a9ad0 Thread added: 0x0000019df98a0b90
Event: 95.238 Thread 0x0000019d8113db30 Thread added: 0x0000019d80bfabe0
Event: 95.245 Thread 0x0000019d8113db30 Thread added: 0x0000019d80bf8b10
Event: 95.280 Thread 0x0000019d80bf8b10 Thread exited: 0x0000019d80bf8b10
Event: 95.282 Thread 0x0000019d8113db30 Thread added: 0x0000019d80bfa550
Event: 95.285 Thread 0x0000019d8113db30 Thread added: 0x0000019d80bf8b10
Event: 96.933 Thread 0x0000019df98a0b90 Thread exited: 0x0000019df98a0b90
Event: 97.788 Thread 0x0000019d9f9a9ad0 Thread added: 0x0000019df98a2da0


Dynamic libraries:
0x00007ff6f1020000 - 0x00007ff6f102e000 	c:\Users\LENOVO\.vscode\extensions\redhat.java-1.44.0-win32-x64\jre\21.0.8-win32-x86_64\bin\java.exe
0x00007ff995a00000 - 0x00007ff995c67000 	C:\WINDOWS\SYSTEM32\ntdll.dll
0x00007ff994390000 - 0x00007ff994459000 	C:\WINDOWS\System32\KERNEL32.DLL
0x00007ff993250000 - 0x00007ff993640000 	C:\WINDOWS\System32\KERNELBASE.dll
0x00007ff992ed0000 - 0x00007ff99301b000 	C:\WINDOWS\System32\ucrtbase.dll
0x00007ff962710000 - 0x00007ff962728000 	c:\Users\LENOVO\.vscode\extensions\redhat.java-1.44.0-win32-x64\jre\21.0.8-win32-x86_64\bin\jli.dll
0x00007ff960d90000 - 0x00007ff960dae000 	c:\Users\LENOVO\.vscode\extensions\redhat.java-1.44.0-win32-x64\jre\21.0.8-win32-x86_64\bin\VCRUNTIME140.dll
0x00007ff993c70000 - 0x00007ff993e35000 	C:\WINDOWS\System32\USER32.dll
0x00007ff992c60000 - 0x00007ff992c87000 	C:\WINDOWS\System32\win32u.dll
0x00007ff97dd60000 - 0x00007ff97dffa000 	C:\WINDOWS\WinSxS\amd64_microsoft.windows.common-controls_6595b64144ccf1df_6.0.26100.4768_none_3e0c112ce331287c\COMCTL32.dll
0x00007ff993790000 - 0x00007ff993839000 	C:\WINDOWS\System32\msvcrt.dll
0x00007ff994a20000 - 0x00007ff994a4b000 	C:\WINDOWS\System32\GDI32.dll
0x00007ff993650000 - 0x00007ff993788000 	C:\WINDOWS\System32\gdi32full.dll
0x00007ff9931a0000 - 0x00007ff993243000 	C:\WINDOWS\System32\msvcp_win.dll
0x00007ff9938a0000 - 0x00007ff9938cf000 	C:\WINDOWS\System32\IMM32.DLL
0x00007ff9833b0000 - 0x00007ff9833bc000 	c:\Users\LENOVO\.vscode\extensions\redhat.java-1.44.0-win32-x64\jre\21.0.8-win32-x86_64\bin\vcruntime140_1.dll
0x00007ff8cc740000 - 0x00007ff8cc7cd000 	c:\Users\LENOVO\.vscode\extensions\redhat.java-1.44.0-win32-x64\jre\21.0.8-win32-x86_64\bin\msvcp140.dll
0x00007ff8cb9a0000 - 0x00007ff8cc737000 	c:\Users\LENOVO\.vscode\extensions\redhat.java-1.44.0-win32-x64\jre\21.0.8-win32-x86_64\bin\server\jvm.dll
0x00007ff994070000 - 0x00007ff994124000 	C:\WINDOWS\System32\ADVAPI32.dll
0x00007ff9946f0000 - 0x00007ff994796000 	C:\WINDOWS\System32\sechost.dll
0x00007ff993e40000 - 0x00007ff993f58000 	C:\WINDOWS\System32\RPCRT4.dll
0x00007ff994a50000 - 0x00007ff994ac4000 	C:\WINDOWS\System32\WS2_32.dll
0x00007ff98b460000 - 0x00007ff98b495000 	C:\WINDOWS\SYSTEM32\WINMM.dll
0x00007ff992990000 - 0x00007ff9929ee000 	C:\WINDOWS\SYSTEM32\POWRPROF.dll
0x00007ff98c160000 - 0x00007ff98c16b000 	C:\WINDOWS\SYSTEM32\VERSION.dll
0x00007ff992970000 - 0x00007ff992984000 	C:\WINDOWS\SYSTEM32\UMPDC.dll
0x00007ff991870000 - 0x00007ff99188b000 	C:\WINDOWS\SYSTEM32\kernel.appcore.dll
0x00007ff9829d0000 - 0x00007ff9829da000 	c:\Users\LENOVO\.vscode\extensions\redhat.java-1.44.0-win32-x64\jre\21.0.8-win32-x86_64\bin\jimage.dll
0x00007ff985750000 - 0x00007ff985991000 	C:\WINDOWS\SYSTEM32\DBGHELP.DLL
0x00007ff9938e0000 - 0x00007ff993c65000 	C:\WINDOWS\System32\combase.dll
0x00007ff994ad0000 - 0x00007ff994bb0000 	C:\WINDOWS\System32\OLEAUT32.dll
0x00007ff97fcd0000 - 0x00007ff97fd13000 	C:\WINDOWS\SYSTEM32\dbgcore.DLL
0x00007ff992b30000 - 0x00007ff992bc9000 	C:\WINDOWS\System32\bcryptPrimitives.dll
0x00007ff98db30000 - 0x00007ff98db3f000 	c:\Users\LENOVO\.vscode\extensions\redhat.java-1.44.0-win32-x64\jre\21.0.8-win32-x86_64\bin\instrument.dll
0x00007ff95e6d0000 - 0x00007ff95e6ef000 	c:\Users\LENOVO\.vscode\extensions\redhat.java-1.44.0-win32-x64\jre\21.0.8-win32-x86_64\bin\java.dll
0x00007ff994c60000 - 0x00007ff9953ad000 	C:\WINDOWS\System32\SHELL32.dll
0x00007ff992d50000 - 0x00007ff992ec3000 	C:\WINDOWS\System32\wintypes.dll
0x00007ff9906f0000 - 0x00007ff990f4f000 	C:\WINDOWS\SYSTEM32\windows.storage.dll
0x00007ff9947a0000 - 0x00007ff994895000 	C:\WINDOWS\System32\SHCORE.dll
0x00007ff994650000 - 0x00007ff9946ba000 	C:\WINDOWS\System32\shlwapi.dll
0x00007ff992a50000 - 0x00007ff992a79000 	C:\WINDOWS\SYSTEM32\profapi.dll
0x00007ff949f60000 - 0x00007ff949f78000 	c:\Users\LENOVO\.vscode\extensions\redhat.java-1.44.0-win32-x64\jre\21.0.8-win32-x86_64\bin\zip.dll
0x00007ff97b080000 - 0x00007ff97b090000 	C:\Users\LENOVO\.vscode\extensions\redhat.java-1.44.0-win32-x64\jre\21.0.8-win32-x86_64\bin\net.dll
0x00007ff98b330000 - 0x00007ff98b44e000 	C:\WINDOWS\SYSTEM32\WINHTTP.dll
0x00007ff991de0000 - 0x00007ff991e4b000 	C:\WINDOWS\system32\mswsock.dll
0x00007ff9480a0000 - 0x00007ff9480b6000 	C:\Users\LENOVO\.vscode\extensions\redhat.java-1.44.0-win32-x64\jre\21.0.8-win32-x86_64\bin\nio.dll
0x00007ff988db0000 - 0x00007ff988dc0000 	c:\Users\LENOVO\.vscode\extensions\redhat.java-1.44.0-win32-x64\jre\21.0.8-win32-x86_64\bin\verify.dll
0x00007ff9761d0000 - 0x00007ff976215000 	C:\Users\LENOVO\AppData\Roaming\Code\User\globalStorage\redhat.java\1.44.0\config_win\org.eclipse.equinox.launcher\org.eclipse.equinox.launcher.win32.win32.x86_64_1.2.1400.v20250730-1736\eclipse_11913.dll
0x00007ff9941e0000 - 0x00007ff994380000 	C:\WINDOWS\System32\ole32.dll
0x00007ff9921c0000 - 0x00007ff9921db000 	C:\WINDOWS\SYSTEM32\CRYPTSP.dll
0x00007ff9917d0000 - 0x00007ff99180b000 	C:\WINDOWS\system32\rsaenh.dll
0x00007ff991e80000 - 0x00007ff991eab000 	C:\WINDOWS\SYSTEM32\USERENV.dll
0x00007ff992a20000 - 0x00007ff992a46000 	C:\WINDOWS\SYSTEM32\bcrypt.dll
0x00007ff992020000 - 0x00007ff99202c000 	C:\WINDOWS\SYSTEM32\CRYPTBASE.dll
0x00007ff991260000 - 0x00007ff991293000 	C:\WINDOWS\SYSTEM32\IPHLPAPI.DLL
0x00007ff994130000 - 0x00007ff99413a000 	C:\WINDOWS\System32\NSI.dll
0x00007ff93a840000 - 0x00007ff93a889000 	C:\Users\LENOVO\AppData\Local\Temp\jna--2053026509\jna4671220958569994122.dll
0x00007ff9941d0000 - 0x00007ff9941d8000 	C:\WINDOWS\System32\PSAPI.DLL
0x00007ff98b2c0000 - 0x00007ff98b2df000 	C:\WINDOWS\SYSTEM32\dhcpcsvc6.DLL
0x00007ff9891e0000 - 0x00007ff989205000 	C:\WINDOWS\SYSTEM32\dhcpcsvc.DLL
0x00007ff967300000 - 0x00007ff967327000 	C:\Users\LENOVO\.gradle\native\1def1411415f61bf3af743bc5b6707747c0891f09f0c88961ee8f79bc544acac\windows-amd64\native-platform.dll
0x00007ff97b040000 - 0x00007ff97b04a000 	C:\Users\LENOVO\.vscode\extensions\redhat.java-1.44.0-win32-x64\jre\21.0.8-win32-x86_64\bin\management.dll
0x00007ff97b030000 - 0x00007ff97b03b000 	C:\Users\LENOVO\.vscode\extensions\redhat.java-1.44.0-win32-x64\jre\21.0.8-win32-x86_64\bin\management_ext.dll

JVMTI agents:
c:\Users\LENOVO\.vscode\extensions\redhat.java-1.44.0-win32-x64\lombok\lombok-1.18.39-4050.jar path:c:\Users\LENOVO\.vscode\extensions\redhat.java-1.44.0-win32-x64\jre\21.0.8-win32-x86_64\bin\instrument.dll, loaded, initialized, instrumentlib options:none

dbghelp: loaded successfully - version: 4.0.5 - missing functions: none
symbol engine: initialized successfully - sym options: 0x614 - pdb path: .;c:\Users\LENOVO\.vscode\extensions\redhat.java-1.44.0-win32-x64\jre\21.0.8-win32-x86_64\bin;C:\WINDOWS\SYSTEM32;C:\WINDOWS\WinSxS\amd64_microsoft.windows.common-controls_6595b64144ccf1df_6.0.26100.4768_none_3e0c112ce331287c;c:\Users\LENOVO\.vscode\extensions\redhat.java-1.44.0-win32-x64\jre\21.0.8-win32-x86_64\bin\server;C:\Users\LENOVO\AppData\Roaming\Code\User\globalStorage\redhat.java\1.44.0\config_win\org.eclipse.equinox.launcher\org.eclipse.equinox.launcher.win32.win32.x86_64_1.2.1400.v20250730-1736;C:\Users\LENOVO\AppData\Local\Temp\jna--2053026509;C:\Users\LENOVO\.gradle\native\1def1411415f61bf3af743bc5b6707747c0891f09f0c88961ee8f79bc544acac\windows-amd64

VM Arguments:
jvm_args: --add-modules=ALL-SYSTEM --add-opens=java.base/java.util=ALL-UNNAMED --add-opens=java.base/java.lang=ALL-UNNAMED --add-opens=java.base/sun.nio.fs=ALL-UNNAMED -Declipse.application=org.eclipse.jdt.ls.core.id1 -Dosgi.bundles.defaultStartLevel=4 -Declipse.product=org.eclipse.jdt.ls.core.product -Djava.import.generatesMetadataFilesAtProjectRoot=false -DDetectVMInstallationsJob.disabled=true -Dfile.encoding=utf8 -XX:+UseParallelGC -XX:GCTimeRatio=4 -XX:AdaptiveSizePolicyWeight=90 -Dsun.zip.disableMemoryMapping=true -Xmx2G -Xms100m -Xlog:disable -javaagent:c:\Users\LENOVO\.vscode\extensions\redhat.java-1.44.0-win32-x64\lombok\lombok-1.18.39-4050.jar -XX:+HeapDumpOnOutOfMemoryError -XX:HeapDumpPath=c:\Users\LENOVO\AppData\Roaming\Code\User\workspaceStorage\8be49a76da1f213c61ae6fbbbcdb2b82\redhat.java -Daether.dependencyCollector.impl=bf 
java_command: c:\Users\LENOVO\.vscode\extensions\redhat.java-1.44.0-win32-x64\server\plugins\org.eclipse.equinox.launcher_1.7.0.v20250519-0528.jar -configuration c:\Users\LENOVO\AppData\Roaming\Code\User\globalStorage\redhat.java\1.44.0\config_win -data c:\Users\LENOVO\AppData\Roaming\Code\User\workspaceStorage\8be49a76da1f213c61ae6fbbbcdb2b82\redhat.java\jdt_ws --pipe=\\.\pipe\lsp-91785067b79898c484cd79e15e1f53fb-sock
java_class_path (initial): c:\Users\LENOVO\.vscode\extensions\redhat.java-1.44.0-win32-x64\server\plugins\org.eclipse.equinox.launcher_1.7.0.v20250519-0528.jar
Launcher Type: SUN_STANDARD

[Global flags]
    uintx AdaptiveSizePolicyWeight                 = 90                                        {product} {command line}
     intx CICompilerCount                          = 4                                         {product} {ergonomic}
    uintx GCTimeRatio                              = 4                                         {product} {command line}
     bool HeapDumpOnOutOfMemoryError               = true                                   {manageable} {command line}
    ccstr HeapDumpPath                             = c:\Users\LENOVO\AppData\Roaming\Code\User\workspaceStorage\8be49a76da1f213c61ae6fbbbcdb2b82\redhat.java         {manageable} {command line}
   size_t InitialHeapSize                          = 104857600                                 {product} {command line}
   size_t MaxHeapSize                              = 2147483648                                {product} {command line}
   size_t MaxNewSize                               = 715653120                                 {product} {ergonomic}
   size_t MinHeapDeltaBytes                        = 524288                                    {product} {ergonomic}
   size_t MinHeapSize                              = 104857600                                 {product} {command line}
   size_t NewSize                                  = 34603008                                  {product} {ergonomic}
    uintx NonNMethodCodeHeapSize                   = 5839372                                {pd product} {ergonomic}
    uintx NonProfiledCodeHeapSize                  = 122909434                              {pd product} {ergonomic}
   size_t OldSize                                  = 70254592                                  {product} {ergonomic}
    uintx ProfiledCodeHeapSize                     = 122909434                              {pd product} {ergonomic}
    uintx ReservedCodeCacheSize                    = 251658240                              {pd product} {ergonomic}
     bool SegmentedCodeCache                       = true                                      {product} {ergonomic}
   size_t SoftMaxHeapSize                          = 2147483648                             {manageable} {ergonomic}
     bool UseCompressedOops                        = true                           {product lp64_product} {ergonomic}
     bool UseLargePagesIndividualAllocation        = false                                  {pd product} {ergonomic}
     bool UseParallelGC                            = true                                      {product} {command line}

Logging:
Log output configuration:
 #0: stdout all=off uptime,level,tags foldmultilines=false
 #1: stderr all=off uptime,level,tags foldmultilines=false

Environment Variables:
JAVA_HOME=C:\Program Files\Eclipse Adoptium\jdk-17.0.12.7-hotspot\
PATH=C:\Program Files\Git\cmd;C:\Program Files\nodejs\;C:\Users\LENOVO\AppData\Roaming\npm;C:\Program Files\nodejs\;C:\Users\LENOVO\Downloads\apache-maven-3.9.9-bin\apache-maven-3.9.9\bin;C:\Users\LENOVO\AppData\Local\Programs\cursor\resources\app\bin;C:\Users\LENOVO\AppData\Local\Programs\Microsoft VS Code\bin;C:\Users\LENOVO\AppData\Roaming\npm;C:\Windows\System32;C:\Program Files\Microsoft SQL Server\Client SDK\ODBC\170\Tools\Binn\;C:\Program Files\dotnet\;C:\Program Files\Microsoft SQL Server\Client SDK\ODBC\130\Tools\Binn\;C:\Program Files\Microsoft SQL Server\150\Tools\Binn\;C:\Users\LENOVO\Downloads\apache-maven-3.9.9-bin\apache-maven-3.9.9\bin;C:\Users\LENOVO\AppData\Roaming\npm;C:\Users\LENOVO\AppData\Local\Programs\Microsoft VS Code\bin;C:\Users\LENOVO\AppData\Local\Programs\cursor\resources\app\bin;C:\Users\LENOVO\.dotnet\tools;C:\Users\LENOVO\AppData\Local\Programs\Windsurf\bin
USERNAME=LENOVO
OS=Windows_NT
PROCESSOR_IDENTIFIER=AMD64 Family 23 Model 104 Stepping 1, AuthenticAMD
TMP=C:\Users\LENOVO\AppData\Local\Temp
TEMP=C:\Users\LENOVO\AppData\Local\Temp




Periodic native trim disabled

---------------  S Y S T E M  ---------------

OS:
 Windows 11 , 64 bit Build 26100 (10.0.26100.4768)
OS uptime: 0 days 4:29 hours
Hyper-V role detected

CPU: total 12 (initial active 12) (12 cores per cpu, 2 threads per core) family 23 model 104 stepping 1 microcode 0x8608109, cx8, cmov, fxsr, ht, mmx, 3dnowpref, sse, sse2, sse3, ssse3, sse4a, sse4.1, sse4.2, popcnt, lzcnt, tsc, tscinvbit, avx, avx2, aes, clmul, bmi1, bmi2, adx, sha, fma, vzeroupper, clflush, clflushopt, hv, rdtscp, rdpid, f16c
Processor Information for the first 12 processors :
  Max Mhz: 2100, Current Mhz: 2100, Mhz Limit: 2100

Memory: 4k page, system-wide physical 5989M (423M free)
TotalPageFile size 24421M (AvailPageFile size 6M)
current process WorkingSet (physical memory assigned to process): 628M, peak: 743M
current process commit charge ("private bytes"): 1058M, peak: 1061M

vm_info: OpenJDK 64-Bit Server VM (21.0.8+9-LTS) for windows-amd64 JRE (21.0.8+9-LTS), built on 2025-07-15T00:00:00Z by "admin" with MS VC++ 17.7 (VS2022)

END.
