#
# There is insufficient memory for the Java Runtime Environment to continue.
# Native memory allocation (malloc) failed to allocate 1797856 bytes. Error detail: Chunk::new
# Possible reasons:
#   The system is out of physical RAM or swap space
#   This process is running with CompressedOops enabled, and the Java Heap may be blocking the growth of the native heap
# Possible solutions:
#   Reduce memory load on the system
#   Increase physical memory or swap space
#   Check if swap backing store is full
#   Decrease Java heap size (-Xmx/-Xms)
#   Decrease number of Java threads
#   Decrease Java thread stack sizes (-Xss)
#   Set larger code cache with -XX:ReservedCodeCacheSize=
#   JVM is running with Unscaled Compressed Oops mode in which the Java heap is
#     placed in the first 4GB address space. The Java Heap base address is the
#     maximum limit for the native heap growth. Please use -XX:HeapBaseMinAddress
#     to set the Java Heap base and to place the Java Heap above 4GB virtual address.
# This output file may be truncated or incomplete.
#
#  Out of Memory Error (arena.cpp:168), pid=17112, tid=12856
#
# JRE version: OpenJDK Runtime Environment Temurin-21.0.8+9 (21.0.8+9) (build 21.0.8+9-LTS)
# Java VM: OpenJDK 64-Bit Server VM Temurin-21.0.8+9 (21.0.8+9-LTS, mixed mode, sharing, tiered, compressed oops, compressed class ptrs, parallel gc, windows-amd64)
# No core dump will be written. Minidumps are not enabled by default on client versions of Windows
#

---------------  S U M M A R Y ------------

Command Line: --add-modules=ALL-SYSTEM --add-opens=java.base/java.util=ALL-UNNAMED --add-opens=java.base/java.lang=ALL-UNNAMED --add-opens=java.base/sun.nio.fs=ALL-UNNAMED -Declipse.application=org.eclipse.jdt.ls.core.id1 -Dosgi.bundles.defaultStartLevel=4 -Declipse.product=org.eclipse.jdt.ls.core.product -Djava.import.generatesMetadataFilesAtProjectRoot=false -DDetectVMInstallationsJob.disabled=true -Dfile.encoding=utf8 -XX:+UseParallelGC -XX:GCTimeRatio=4 -XX:AdaptiveSizePolicyWeight=90 -Dsun.zip.disableMemoryMapping=true -Xmx2G -Xms100m -Xlog:disable -javaagent:c:\Users\LENOVO\.vscode\extensions\redhat.java-1.44.0-win32-x64\lombok\lombok-1.18.39-4050.jar -XX:+HeapDumpOnOutOfMemoryError -XX:HeapDumpPath=c:\Users\LENOVO\AppData\Roaming\Code\User\workspaceStorage\8be49a76da1f213c61ae6fbbbcdb2b82\redhat.java -Daether.dependencyCollector.impl=bf c:\Users\LENOVO\.vscode\extensions\redhat.java-1.44.0-win32-x64\server\plugins\org.eclipse.equinox.launcher_1.7.0.v20250519-0528.jar -configuration c:\Users\LENOVO\AppData\Roaming\Code\User\globalStorage\redhat.java\1.44.0\config_win -data c:\Users\LENOVO\AppData\Roaming\Code\User\workspaceStorage\8be49a76da1f213c61ae6fbbbcdb2b82\redhat.java\jdt_ws --pipe=\\.\pipe\lsp-36da8067fb75540e928cf699ff8d2c53-sock

Host: AMD Ryzen 5 5500U with Radeon Graphics         , 12 cores, 5G,  Windows 11 , 64 bit Build 26100 (10.0.26100.4768)
Time: Thu Aug  7 16:48:13 2025 India Standard Time elapsed time: 56.427367 seconds (0d 0h 0m 56s)

---------------  T H R E A D  ---------------

Current thread (0x000001607ee64b10):  JavaThread "C2 CompilerThread1" daemon [_thread_in_native, id=12856, stack(0x000000329e100000,0x000000329e200000) (1024K)]


Current CompileTask:
C2:56427 9818       4       lombok.eclipse.EclipseAST::buildStatement (57 bytes)

Stack: [0x000000329e100000,0x000000329e200000]
Native frames: (J=compiled Java code, j=interpreted, Vv=VM code, C=native code)
V  [jvm.dll+0x6d2449]
V  [jvm.dll+0x8ae341]
V  [jvm.dll+0x8b08be]
V  [jvm.dll+0x8b0fa3]
V  [jvm.dll+0x280c96]
V  [jvm.dll+0xc581d]
V  [jvm.dll+0xc5d53]
V  [jvm.dll+0x3b919c]
V  [jvm.dll+0x1e1409]
V  [jvm.dll+0x249022]
V  [jvm.dll+0x2484af]
V  [jvm.dll+0x1c89ee]
V  [jvm.dll+0x257d4d]
V  [jvm.dll+0x2562ea]
V  [jvm.dll+0x3f2d16]
V  [jvm.dll+0x857e6b]
V  [jvm.dll+0x6d0b0d]
C  [ucrtbase.dll+0x37b0]
C  [KERNEL32.DLL+0x2e8d7]
C  [ntdll.dll+0x3c34c]


---------------  P R O C E S S  ---------------

Threads class SMR info:
_java_thread_list=0x000001607f483df0, length=81, elements={
0x0000016073f79d10, 0x000001607d9144b0, 0x000001607d9153c0, 0x000001607ba1ddf0,
0x000001607d91b2e0, 0x000001607d91f070, 0x000001607d91fbf0, 0x000001607d936b60,
0x000001607d944640, 0x0000016073fe47b0, 0x000001607db57340, 0x000001607e39ccc0,
0x000001607e4285e0, 0x000001607e4429c0, 0x000001607e4437f0, 0x000001607e9d1c60,
0x000001607dfa47f0, 0x000001607e8d8450, 0x000001607e8d7dc0, 0x000001607e8d5cf0,
0x000001607e8d6380, 0x000001607e8d70a0, 0x000001607e8d7730, 0x000001607e8d4fd0,
0x0000016055f80340, 0x0000016055f82410, 0x0000016055f816f0, 0x0000016055f837c0,
0x0000016055f82aa0, 0x0000016055f83130, 0x0000016055f83e50, 0x0000016055f809d0,
0x0000016055f844e0, 0x0000016055f81d80, 0x0000016055f81060, 0x0000016055f865b0,
0x0000016055f872d0, 0x0000016055f87960, 0x0000016055f85f20, 0x0000016055f86c40,
0x0000016055f85200, 0x0000016055f84b70, 0x0000016055f85890, 0x000001607e8d6a10,
0x00000160558bd160, 0x00000160558bd7f0, 0x00000160558be510, 0x00000160558bc440,
0x00000160558c2020, 0x00000160558c1300, 0x00000160558beba0, 0x00000160558c1990,
0x00000160558c26b0, 0x00000160558c2d40, 0x00000160558bff50, 0x00000160558c33d0,
0x00000160558c05e0, 0x00000160558c0c70, 0x0000016055cdb110, 0x0000016055cdbe30,
0x0000016055cddf00, 0x0000016055cdaa80, 0x0000016055cdb7a0, 0x0000016055cdd870,
0x0000016055cdc4c0, 0x0000016055cdcb50, 0x0000016055cdd1e0, 0x000001605731fc00,
0x000001605731e850, 0x000001607ee64b10, 0x000001605731ce10, 0x000001605731eee0,
0x0000016057320920, 0x0000016057320fb0, 0x000001605731db30, 0x0000016057321640,
0x000001605731e1c0, 0x0000016057323710, 0x0000016057321cd0, 0x0000016057323da0,
0x0000016057323080
}

Java Threads: ( => current thread )
  0x0000016073f79d10 JavaThread "main"                              [_thread_blocked, id=13984, stack(0x000000329e400000,0x000000329e500000) (1024K)]
  0x000001607d9144b0 JavaThread "Reference Handler"          daemon [_thread_blocked, id=26516, stack(0x000000329e900000,0x000000329ea00000) (1024K)]
  0x000001607d9153c0 JavaThread "Finalizer"                  daemon [_thread_blocked, id=6116, stack(0x000000329ea00000,0x000000329eb00000) (1024K)]
  0x000001607ba1ddf0 JavaThread "Signal Dispatcher"          daemon [_thread_blocked, id=23228, stack(0x000000329eb00000,0x000000329ec00000) (1024K)]
  0x000001607d91b2e0 JavaThread "Attach Listener"            daemon [_thread_blocked, id=6184, stack(0x000000329ec00000,0x000000329ed00000) (1024K)]
  0x000001607d91f070 JavaThread "Service Thread"             daemon [_thread_blocked, id=23184, stack(0x000000329ed00000,0x000000329ee00000) (1024K)]
  0x000001607d91fbf0 JavaThread "Monitor Deflation Thread"   daemon [_thread_blocked, id=24240, stack(0x000000329ee00000,0x000000329ef00000) (1024K)]
  0x000001607d936b60 JavaThread "C2 CompilerThread0"         daemon [_thread_blocked, id=25456, stack(0x000000329ef00000,0x000000329f000000) (1024K)]
  0x000001607d944640 JavaThread "C1 CompilerThread0"         daemon [_thread_blocked, id=25200, stack(0x000000329f000000,0x000000329f100000) (1024K)]
  0x0000016073fe47b0 JavaThread "Common-Cleaner"             daemon [_thread_blocked, id=4672, stack(0x000000329f100000,0x000000329f200000) (1024K)]
  0x000001607db57340 JavaThread "Notification Thread"        daemon [_thread_blocked, id=26992, stack(0x000000329f200000,0x000000329f300000) (1024K)]
  0x000001607e39ccc0 JavaThread "Active Thread: Equinox Container: f87937fe-4182-4f2e-b9d2-45b38eb96e8b"        [_thread_blocked, id=26440, stack(0x000000329f300000,0x000000329f400000) (1024K)]
  0x000001607e4285e0 JavaThread "Refresh Thread: Equinox Container: f87937fe-4182-4f2e-b9d2-45b38eb96e8b" daemon [_thread_blocked, id=24060, stack(0x000000329fc00000,0x000000329fd00000) (1024K)]
  0x000001607e4429c0 JavaThread "Framework Event Dispatcher: Equinox Container: f87937fe-4182-4f2e-b9d2-45b38eb96e8b" daemon [_thread_blocked, id=18064, stack(0x000000329fa00000,0x000000329fb00000) (1024K)]
  0x000001607e4437f0 JavaThread "Start Level: Equinox Container: f87937fe-4182-4f2e-b9d2-45b38eb96e8b" daemon [_thread_blocked, id=11764, stack(0x000000329fd00000,0x000000329fe00000) (1024K)]
  0x000001607e9d1c60 JavaThread "Bundle File Closer"         daemon [_thread_blocked, id=27428, stack(0x00000032a0100000,0x00000032a0200000) (1024K)]
  0x000001607dfa47f0 JavaThread "SCR Component Actor"        daemon [_thread_blocked, id=13812, stack(0x000000329fe00000,0x000000329ff00000) (1024K)]
  0x000001607e8d8450 JavaThread "Worker-JM"                         [_thread_blocked, id=27552, stack(0x00000032a0300000,0x00000032a0400000) (1024K)]
  0x000001607e8d7dc0 JavaThread "JNA Cleaner"                daemon [_thread_blocked, id=27924, stack(0x00000032a0400000,0x00000032a0500000) (1024K)]
  0x000001607e8d5cf0 JavaThread "Worker-0"                          [_thread_blocked, id=23640, stack(0x00000032a0200000,0x00000032a0300000) (1024K)]
  0x000001607e8d6380 JavaThread "Worker-1"                          [_thread_blocked, id=3520, stack(0x00000032a0500000,0x00000032a0600000) (1024K)]
  0x000001607e8d70a0 JavaThread "Worker-2: Updating Maven Dependencies"        [_thread_blocked, id=16004, stack(0x00000032a0700000,0x00000032a0800000) (1024K)]
  0x000001607e8d7730 JavaThread "Worker-3"                          [_thread_blocked, id=23936, stack(0x00000032a0900000,0x00000032a0a00000) (1024K)]
  0x000001607e8d4fd0 JavaThread "Java indexing"              daemon [_thread_blocked, id=28312, stack(0x00000032a0a00000,0x00000032a0b00000) (1024K)]
  0x0000016055f80340 JavaThread "Worker-4: Initialize After Load"        [_thread_blocked, id=14032, stack(0x00000032a0b00000,0x00000032a0c00000) (1024K)]
  0x0000016055f82410 JavaThread "Worker-5: Building"                [_thread_blocked, id=376, stack(0x00000032a0d00000,0x00000032a0e00000) (1024K)]
  0x0000016055f816f0 JavaThread "Worker-6: Java indexing... "        [_thread_blocked, id=13968, stack(0x00000032a0e00000,0x00000032a0f00000) (1024K)]
  0x0000016055f837c0 JavaThread "Worker-7: Synchronize Gradle projects with workspace"        [_thread_blocked, id=392, stack(0x00000032a0f00000,0x00000032a1000000) (1024K)]
  0x0000016055f82aa0 JavaThread "Thread-3"                   daemon [_thread_in_native, id=8248, stack(0x00000032a1000000,0x00000032a1100000) (1024K)]
  0x0000016055f83130 JavaThread "Thread-4"                   daemon [_thread_in_native, id=24336, stack(0x00000032a1100000,0x00000032a1200000) (1024K)]
  0x0000016055f83e50 JavaThread "Thread-5"                   daemon [_thread_in_native, id=15880, stack(0x00000032a1200000,0x00000032a1300000) (1024K)]
  0x0000016055f809d0 JavaThread "Thread-6"                   daemon [_thread_in_native, id=26924, stack(0x00000032a1300000,0x00000032a1400000) (1024K)]
  0x0000016055f844e0 JavaThread "Thread-7"                   daemon [_thread_in_native, id=24344, stack(0x00000032a1400000,0x00000032a1500000) (1024K)]
  0x0000016055f81d80 JavaThread "Thread-8"                   daemon [_thread_in_native, id=4280, stack(0x00000032a1500000,0x00000032a1600000) (1024K)]
  0x0000016055f81060 JavaThread "Thread-9"                   daemon [_thread_in_native, id=9156, stack(0x00000032a1600000,0x00000032a1700000) (1024K)]
  0x0000016055f865b0 JavaThread "Thread-10"                  daemon [_thread_in_native, id=6676, stack(0x00000032a1700000,0x00000032a1800000) (1024K)]
  0x0000016055f872d0 JavaThread "Thread-11"                  daemon [_thread_in_native, id=6088, stack(0x00000032a1800000,0x00000032a1900000) (1024K)]
  0x0000016055f87960 JavaThread "Thread-12"                  daemon [_thread_in_native, id=11816, stack(0x00000032a1900000,0x00000032a1a00000) (1024K)]
  0x0000016055f85f20 JavaThread "Thread-13"                  daemon [_thread_in_native, id=10620, stack(0x00000032a1a00000,0x00000032a1b00000) (1024K)]
  0x0000016055f86c40 JavaThread "Thread-14"                  daemon [_thread_in_native, id=10388, stack(0x00000032a1b00000,0x00000032a1c00000) (1024K)]
  0x0000016055f85200 JavaThread "Thread-15"                  daemon [_thread_in_native, id=18168, stack(0x00000032a1c00000,0x00000032a1d00000) (1024K)]
  0x0000016055f84b70 JavaThread "pool-2-thread-1"                   [_thread_blocked, id=26580, stack(0x00000032a0600000,0x00000032a0700000) (1024K)]
  0x0000016055f85890 JavaThread "Timer-0"                           [_thread_blocked, id=7720, stack(0x00000032a1d00000,0x00000032a1e00000) (1024K)]
  0x000001607e8d6a10 JavaThread "Timer-1"                           [_thread_blocked, id=17892, stack(0x00000032a1e00000,0x00000032a1f00000) (1024K)]
  0x00000160558bd160 JavaThread "WorkspaceEventsHandler"            [_thread_blocked, id=28436, stack(0x00000032a1f00000,0x00000032a2000000) (1024K)]
  0x00000160558bd7f0 JavaThread "pool-1-thread-1"                   [_thread_blocked, id=25104, stack(0x00000032a2000000,0x00000032a2100000) (1024K)]
  0x00000160558be510 JavaThread "LocalFile Deleter"          daemon [_thread_blocked, id=10656, stack(0x00000032a2200000,0x00000032a2300000) (1024K)]
  0x00000160558bc440 JavaThread "LocalFile Deleter"          daemon [_thread_blocked, id=11844, stack(0x00000032a2300000,0x00000032a2400000) (1024K)]
  0x00000160558c2020 JavaThread "LocalFile Deleter"          daemon [_thread_blocked, id=25016, stack(0x00000032a2400000,0x00000032a2500000) (1024K)]
  0x00000160558c1300 JavaThread "LocalFile Deleter"          daemon [_thread_blocked, id=9476, stack(0x00000032a2500000,0x00000032a2600000) (1024K)]
  0x00000160558beba0 JavaThread "LocalFile Deleter"          daemon [_thread_blocked, id=27020, stack(0x00000032a2600000,0x00000032a2700000) (1024K)]
  0x00000160558c1990 JavaThread "LocalFile Deleter"          daemon [_thread_blocked, id=26020, stack(0x00000032a2700000,0x00000032a2800000) (1024K)]
  0x00000160558c26b0 JavaThread "LocalFile Deleter"          daemon [_thread_blocked, id=9348, stack(0x00000032a2800000,0x00000032a2900000) (1024K)]
  0x00000160558c2d40 JavaThread "LocalFile Deleter"          daemon [_thread_blocked, id=26436, stack(0x00000032a2900000,0x00000032a2a00000) (1024K)]
  0x00000160558bff50 JavaThread "LocalFile Deleter"          daemon [_thread_blocked, id=8612, stack(0x00000032a2a00000,0x00000032a2b00000) (1024K)]
  0x00000160558c33d0 JavaThread "LocalFile Deleter"          daemon [_thread_blocked, id=25480, stack(0x00000032a2b00000,0x00000032a2c00000) (1024K)]
  0x00000160558c05e0 JavaThread "LocalFile Deleter"          daemon [_thread_blocked, id=28632, stack(0x00000032a2c00000,0x00000032a2d00000) (1024K)]
  0x00000160558c0c70 JavaThread "LocalFile Deleter"          daemon [_thread_blocked, id=27612, stack(0x00000032a2d00000,0x00000032a2e00000) (1024K)]
  0x0000016055cdb110 JavaThread "Compiler Source File Reader" daemon [_thread_blocked, id=18020, stack(0x00000032a2e00000,0x00000032a2f00000) (1024K)]
  0x0000016055cdbe30 JavaThread "Compiler Source File Reader" daemon [_thread_blocked, id=24928, stack(0x00000032a2f00000,0x00000032a3000000) (1024K)]
  0x0000016055cddf00 JavaThread "Compiler Source File Reader" daemon [_thread_blocked, id=2448, stack(0x00000032a3000000,0x00000032a3100000) (1024K)]
  0x0000016055cdaa80 JavaThread "Compiler Source File Reader" daemon [_thread_blocked, id=15336, stack(0x00000032a3100000,0x00000032a3200000) (1024K)]
  0x0000016055cdb7a0 JavaThread "Compiler Source File Reader" daemon [_thread_blocked, id=5368, stack(0x00000032a3200000,0x00000032a3300000) (1024K)]
  0x0000016055cdd870 JavaThread "Compiler Source File Reader" daemon [_thread_blocked, id=25036, stack(0x00000032a3300000,0x00000032a3400000) (1024K)]
  0x0000016055cdc4c0 JavaThread "Compiler Source File Reader" daemon [_thread_blocked, id=4044, stack(0x00000032a3400000,0x00000032a3500000) (1024K)]
  0x0000016055cdcb50 JavaThread "Compiler Source File Reader" daemon [_thread_blocked, id=26636, stack(0x00000032a3500000,0x00000032a3600000) (1024K)]
  0x0000016055cdd1e0 JavaThread "Compiler Source File Reader" daemon [_thread_blocked, id=16504, stack(0x00000032a3600000,0x00000032a3700000) (1024K)]
  0x000001605731fc00 JavaThread "Compiler Source File Reader" daemon [_thread_blocked, id=18336, stack(0x00000032a3700000,0x00000032a3800000) (1024K)]
  0x000001605731e850 JavaThread "Timer-2"                           [_thread_blocked, id=24640, stack(0x00000032a2100000,0x00000032a2200000) (1024K)]
=>0x000001607ee64b10 JavaThread "C2 CompilerThread1"         daemon [_thread_in_native, id=12856, stack(0x000000329e100000,0x000000329e200000) (1024K)]
  0x000001605731ce10 JavaThread "Compiler Processing Task"   daemon [_thread_blocked, id=5576, stack(0x00000032a0800000,0x00000032a0900000) (1024K)]
  0x000001605731eee0 JavaThread "Compiler Class File Writer" daemon [_thread_blocked, id=13944, stack(0x00000032a3800000,0x00000032a3900000) (1024K)]
  0x0000016057320920 JavaThread "Compiler Class File Writer" daemon [_thread_blocked, id=16340, stack(0x00000032a3900000,0x00000032a3a00000) (1024K)]
  0x0000016057320fb0 JavaThread "Compiler Class File Writer" daemon [_thread_blocked, id=12960, stack(0x00000032a3a00000,0x00000032a3b00000) (1024K)]
  0x000001605731db30 JavaThread "Compiler Class File Writer" daemon [_thread_blocked, id=8204, stack(0x00000032a3b00000,0x00000032a3c00000) (1024K)]
  0x0000016057321640 JavaThread "Compiler Class File Writer" daemon [_thread_blocked, id=9356, stack(0x00000032a3c00000,0x00000032a3d00000) (1024K)]
  0x000001605731e1c0 JavaThread "Compiler Class File Writer" daemon [_thread_blocked, id=19284, stack(0x00000032a3d00000,0x00000032a3e00000) (1024K)]
  0x0000016057323710 JavaThread "Compiler Class File Writer" daemon [_thread_blocked, id=6296, stack(0x00000032a3e00000,0x00000032a3f00000) (1024K)]
  0x0000016057321cd0 JavaThread "Compiler Class File Writer" daemon [_thread_blocked, id=25980, stack(0x00000032a3f00000,0x00000032a4000000) (1024K)]
  0x0000016057323da0 JavaThread "Compiler Class File Writer" daemon [_thread_blocked, id=24412, stack(0x00000032a4000000,0x00000032a4100000) (1024K)]
  0x0000016057323080 JavaThread "Compiler Class File Writer" daemon [_thread_blocked, id=27384, stack(0x00000032a4100000,0x00000032a4200000) (1024K)]
Total: 81

Other Threads:
  0x000001607ba047a0 VMThread "VM Thread"                           [id=26792, stack(0x000000329e800000,0x000000329e900000) (1024K)]
  0x000001607b8fca00 WatcherThread "VM Periodic Task Thread"        [id=19872, stack(0x000000329e700000,0x000000329e800000) (1024K)]
  0x0000016073f98410 WorkerThread "GC Thread#0"                     [id=5628, stack(0x000000329e500000,0x000000329e600000) (1024K)]
  0x000001607e2e12c0 WorkerThread "GC Thread#1"                     [id=26972, stack(0x000000329f400000,0x000000329f500000) (1024K)]
  0x000001607e2243e0 WorkerThread "GC Thread#2"                     [id=24652, stack(0x000000329f500000,0x000000329f600000) (1024K)]
  0x000001607e385570 WorkerThread "GC Thread#3"                     [id=27768, stack(0x000000329f600000,0x000000329f700000) (1024K)]
  0x000001607e385d10 WorkerThread "GC Thread#4"                     [id=12760, stack(0x000000329f700000,0x000000329f800000) (1024K)]
  0x000001607e095f60 WorkerThread "GC Thread#5"                     [id=7468, stack(0x000000329f800000,0x000000329f900000) (1024K)]
  0x000001607e096300 WorkerThread "GC Thread#6"                     [id=4936, stack(0x000000329f900000,0x000000329fa00000) (1024K)]
  0x000001607e3fb0f0 WorkerThread "GC Thread#7"                     [id=24596, stack(0x000000329fb00000,0x000000329fc00000) (1024K)]
  0x000001607e2ac9d0 WorkerThread "GC Thread#8"                     [id=15032, stack(0x000000329ff00000,0x00000032a0000000) (1024K)]
  0x000001607e2ab7b0 WorkerThread "GC Thread#9"                     [id=26564, stack(0x00000032a0000000,0x00000032a0100000) (1024K)]
Total: 12

Threads with active compile tasks:
C2 CompilerThread0  56487 9862       4       java.lang.invoke.MethodType::makeImpl (109 bytes)
C1 CompilerThread0  56487 10076       2       org.eclipse.core.internal.resources.MarkerManager::add (117 bytes)
C2 CompilerThread1  56487 9818       4       lombok.eclipse.EclipseAST::buildStatement (57 bytes)
Total: 3

VM state: at safepoint (normal execution)

VM Mutex/Monitor currently owned by a thread:  ([mutex/lock_event])
[0x00007ff8cc655458] Threads_lock - owner thread: 0x000001607ba047a0
[0x00007ff8cc655558] Heap_lock - owner thread: 0x000001607e8d4fd0
[0x00007ff8cc6559d8] PSOldGenExpand_lock - owner thread: 0x000001607e3fb0f0

Heap address: 0x0000000080000000, size: 2048 MB, Compressed Oops mode: 32-bit

CDS archive(s) mapped at: [0x000001600f000000-0x000001600fba0000-0x000001600fba0000), size 12189696, SharedBaseAddress: 0x000001600f000000, ArchiveRelocationMode: 1.
Compressed class space mapped at: 0x0000016010000000-0x0000016050000000, reserved size: 1073741824
Narrow klass base: 0x000001600f000000, Narrow klass shift: 0, Narrow klass range: 0x100000000

GC Precious Log:
 CardTable entry size: 512
 CPUs: 12 total, 12 available
 Memory: 5989M
 Large Page Support: Disabled
 NUMA Support: Disabled
 Compressed Oops: Enabled (32-bit)
 Alignments: Space 512K, Generation 512K, Heap 2M
 Heap Min Capacity: 100M
 Heap Initial Capacity: 100M
 Heap Max Capacity: 2G
 Pre-touch: Disabled
 Parallel Workers: 10

Heap:
 PSYoungGen      total 4096K, used 4025K [0x00000000d5580000, 0x00000000d5b00000, 0x0000000100000000)
  eden space 3072K, 100% used [0x00000000d5580000,0x00000000d5880000,0x00000000d5880000)
  from space 1024K, 93% used [0x00000000d5a00000,0x00000000d5aee4c0,0x00000000d5b00000)
  to   space 1024K, 83% used [0x00000000d5880000,0x00000000d5956c80,0x00000000d5980000)
 ParOldGen       total 288768K, used 288767K [0x0000000080000000, 0x0000000091a00000, 0x00000000d5580000)
  object space 288768K, 99% used [0x0000000080000000,0x00000000919fff88,0x0000000091a00000)
 Metaspace       used 65661K, committed 67008K, reserved 1114112K
  class space    used 7464K, committed 8064K, reserved 1048576K

Card table byte_map: [0x0000016073920000,0x0000016073d30000] _byte_map_base: 0x0000016073520000

Marking Bits: (ParMarkBitMap*) 0x00007ff8cc65a340
 Begin Bits: [0x0000016077420000, 0x0000016079420000)
 End Bits:   [0x0000016079420000, 0x000001607b420000)

Polling page: 0x0000016071f30000

Metaspace:

Usage:
  Non-class:     56.83 MB used.
      Class:      7.29 MB used.
       Both:     64.12 MB used.

Virtual space:
  Non-class space:       64.00 MB reserved,      57.56 MB ( 90%) committed,  1 nodes.
      Class space:        1.00 GB reserved,       7.88 MB ( <1%) committed,  1 nodes.
             Both:        1.06 GB reserved,      65.44 MB (  6%) committed. 

Chunk freelists:
   Non-Class:  6.31 MB
       Class:  7.96 MB
        Both:  14.27 MB

MaxMetaspaceSize: unlimited
CompressedClassSpaceSize: 1.00 GB
Initial GC threshold: 21.00 MB
Current GC threshold: 97.31 MB
CDS: on
 - commit_granule_bytes: 65536.
 - commit_granule_words: 8192.
 - virtual_space_node_default_size: 8388608.
 - enlarge_chunks_in_place: 1.
 - use_allocation_guard: 0.


Internal statistics:

num_allocs_failed_limit: 9.
num_arena_births: 1206.
num_arena_deaths: 26.
num_vsnodes_births: 2.
num_vsnodes_deaths: 0.
num_space_committed: 1047.
num_space_uncommitted: 0.
num_chunks_returned_to_freelist: 38.
num_chunks_taken_from_freelist: 4481.
num_chunk_merges: 14.
num_chunk_splits: 2635.
num_chunks_enlarged: 1369.
num_inconsistent_stats: 0.

CodeHeap 'non-profiled nmethods': size=120000Kb used=7097Kb max_used=7097Kb free=112902Kb
 bounds [0x0000016007ad0000, 0x00000160081c0000, 0x000001600f000000]
CodeHeap 'profiled nmethods': size=120000Kb used=20992Kb max_used=20992Kb free=99007Kb
 bounds [0x0000016000000000, 0x0000016001490000, 0x0000016007530000]
CodeHeap 'non-nmethods': size=5760Kb used=1420Kb max_used=1512Kb free=4339Kb
 bounds [0x0000016007530000, 0x00000160077a0000, 0x0000016007ad0000]
CodeCache: size=245760Kb, used=29509Kb, max_used=29601Kb, free=216248Kb
 total_blobs=9950, nmethods=9219, adapters=637, full_count=0
Compilation: enabled, stopped_count=0, restarted_count=0

Compilation events (20 events):
Event: 55.428 Thread 0x000001607d944640 10066       2       java.security.DrbgParameters$NextBytes::<init> (66 bytes)
Event: 55.430 Thread 0x000001607d944640 nmethod 10066 0x0000016001479c90 code [0x0000016001479ea0, 0x000001600147a2d0]
Event: 55.430 Thread 0x000001607d944640 10067   !   2       sun.security.provider.AbstractDrbg::engineNextBytes (283 bytes)
Event: 55.433 Thread 0x000001607d944640 nmethod 10067 0x000001600147a510 code [0x000001600147a840, 0x000001600147b560]
Event: 55.433 Thread 0x000001607d944640 10068       2       java.security.DrbgParameters$NextBytes::getAdditionalInput (22 bytes)
Event: 55.433 Thread 0x000001607d944640 nmethod 10068 0x000001600147bd10 code [0x000001600147bec0, 0x000001600147c050]
Event: 55.433 Thread 0x000001607d944640 10069  s    2       sun.security.provider.AbstractDrbg::instantiateIfNecessary (60 bytes)
Event: 55.434 Thread 0x000001607d944640 nmethod 10069 0x000001600147c110 code [0x000001600147c2e0, 0x000001600147c5c8]
Event: 55.434 Thread 0x000001607d944640 10070  s    2       sun.security.provider.HashDrbg::generateAlgorithm (188 bytes)
Event: 55.436 Thread 0x000001607d944640 nmethod 10070 0x000001600147c710 code [0x000001600147c9a0, 0x000001600147d3a8]
Event: 55.436 Thread 0x000001607d944640 10071   !   2       sun.security.provider.HashDrbg::hashGen (152 bytes)
Event: 55.438 Thread 0x000001607d944640 nmethod 10071 0x000001600147d990 code [0x000001600147dbc0, 0x000001600147e268]
Event: 55.438 Thread 0x000001607d944640 10072       1       org.eclipse.jdt.internal.compiler.ast.Expression::isPolyExpression (2 bytes)
Event: 55.438 Thread 0x000001607d944640 nmethod 10072 0x00000160081be190 code [0x00000160081be320, 0x00000160081be3e8]
Event: 55.438 Thread 0x000001607d944640 10059       2       org.eclipse.jdt.internal.compiler.lookup.SourceTypeBinding::resolveTypeFor (9 bytes)
Event: 55.438 Thread 0x000001607d944640 nmethod 10059 0x000001600147e690 code [0x000001600147e840, 0x000001600147e998]
Event: 55.438 Thread 0x000001607d944640 10078       2       org.eclipse.core.internal.resources.MarkerManager::changedMarkers (130 bytes)
Event: 55.439 Thread 0x000001607d944640 nmethod 10078 0x000001600147ea90 code [0x000001600147eca0, 0x000001600147f088]
Event: 55.440 Thread 0x000001607d944640 10076       2       org.eclipse.core.internal.resources.MarkerManager::add (117 bytes)
Event: 56.420 Thread 0x000001607d944640 nmethod 10076 0x000001600147f390 code [0x000001600147f5c0, 0x000001600147fc30]

GC Heap History (20 events):
Event: 54.995 GC heap before
{Heap before GC invocations=222 (full 3):
 PSYoungGen      total 3584K, used 3349K [0x00000000d5580000, 0x00000000d5a00000, 0x0000000100000000)
  eden space 2560K, 100% used [0x00000000d5580000,0x00000000d5800000,0x00000000d5800000)
  from space 1024K, 77% used [0x00000000d5900000,0x00000000d59c57c0,0x00000000d5a00000)
  to   space 1024K, 0% used [0x00000000d5800000,0x00000000d5800000,0x00000000d5900000)
 ParOldGen       total 282112K, used 281874K [0x0000000080000000, 0x0000000091380000, 0x00000000d5580000)
  object space 282112K, 99% used [0x0000000080000000,0x0000000091344b18,0x0000000091380000)
 Metaspace       used 65466K, committed 66880K, reserved 1114112K
  class space    used 7459K, committed 8064K, reserved 1048576K
}
Event: 55.006 GC heap after
{Heap after GC invocations=222 (full 3):
 PSYoungGen      total 3584K, used 767K [0x00000000d5580000, 0x00000000d5a00000, 0x0000000100000000)
  eden space 2560K, 0% used [0x00000000d5580000,0x00000000d5580000,0x00000000d5800000)
  from space 1024K, 74% used [0x00000000d5800000,0x00000000d58bff10,0x00000000d5900000)
  to   space 1024K, 0% used [0x00000000d5900000,0x00000000d5900000,0x00000000d5a00000)
 ParOldGen       total 282624K, used 282477K [0x0000000080000000, 0x0000000091400000, 0x00000000d5580000)
  object space 282624K, 99% used [0x0000000080000000,0x00000000913db5b8,0x0000000091400000)
 Metaspace       used 65466K, committed 66880K, reserved 1114112K
  class space    used 7459K, committed 8064K, reserved 1048576K
}
Event: 55.031 GC heap before
{Heap before GC invocations=223 (full 3):
 PSYoungGen      total 3584K, used 3327K [0x00000000d5580000, 0x00000000d5a00000, 0x0000000100000000)
  eden space 2560K, 100% used [0x00000000d5580000,0x00000000d5800000,0x00000000d5800000)
  from space 1024K, 74% used [0x00000000d5800000,0x00000000d58bff10,0x00000000d5900000)
  to   space 1024K, 0% used [0x00000000d5900000,0x00000000d5900000,0x00000000d5a00000)
 ParOldGen       total 282624K, used 282477K [0x0000000080000000, 0x0000000091400000, 0x00000000d5580000)
  object space 282624K, 99% used [0x0000000080000000,0x00000000913db5b8,0x0000000091400000)
 Metaspace       used 65477K, committed 66880K, reserved 1114112K
  class space    used 7460K, committed 8064K, reserved 1048576K
}
Event: 55.037 GC heap after
{Heap after GC invocations=223 (full 3):
 PSYoungGen      total 3584K, used 676K [0x00000000d5580000, 0x00000000d5a00000, 0x0000000100000000)
  eden space 2560K, 0% used [0x00000000d5580000,0x00000000d5580000,0x00000000d5800000)
  from space 1024K, 66% used [0x00000000d5900000,0x00000000d59a9318,0x00000000d5a00000)
  to   space 1024K, 0% used [0x00000000d5800000,0x00000000d5800000,0x00000000d5900000)
 ParOldGen       total 283136K, used 283054K [0x0000000080000000, 0x0000000091480000, 0x00000000d5580000)
  object space 283136K, 99% used [0x0000000080000000,0x000000009146bbf0,0x0000000091480000)
 Metaspace       used 65477K, committed 66880K, reserved 1114112K
  class space    used 7460K, committed 8064K, reserved 1048576K
}
Event: 55.055 GC heap before
{Heap before GC invocations=224 (full 3):
 PSYoungGen      total 3584K, used 3236K [0x00000000d5580000, 0x00000000d5a00000, 0x0000000100000000)
  eden space 2560K, 100% used [0x00000000d5580000,0x00000000d5800000,0x00000000d5800000)
  from space 1024K, 66% used [0x00000000d5900000,0x00000000d59a9318,0x00000000d5a00000)
  to   space 1024K, 0% used [0x00000000d5800000,0x00000000d5800000,0x00000000d5900000)
 ParOldGen       total 283136K, used 283054K [0x0000000080000000, 0x0000000091480000, 0x00000000d5580000)
  object space 283136K, 99% used [0x0000000080000000,0x000000009146bbf0,0x0000000091480000)
 Metaspace       used 65497K, committed 66880K, reserved 1114112K
  class space    used 7460K, committed 8064K, reserved 1048576K
}
Event: 55.060 GC heap after
{Heap after GC invocations=224 (full 3):
 PSYoungGen      total 3584K, used 759K [0x00000000d5580000, 0x00000000d5a00000, 0x0000000100000000)
  eden space 2560K, 0% used [0x00000000d5580000,0x00000000d5580000,0x00000000d5800000)
  from space 1024K, 74% used [0x00000000d5800000,0x00000000d58bdfd8,0x00000000d5900000)
  to   space 1024K, 0% used [0x00000000d5900000,0x00000000d5900000,0x00000000d5a00000)
 ParOldGen       total 283648K, used 283601K [0x0000000080000000, 0x0000000091500000, 0x00000000d5580000)
  object space 283648K, 99% used [0x0000000080000000,0x00000000914f45b8,0x0000000091500000)
 Metaspace       used 65497K, committed 66880K, reserved 1114112K
  class space    used 7460K, committed 8064K, reserved 1048576K
}
Event: 55.106 GC heap before
{Heap before GC invocations=225 (full 3):
 PSYoungGen      total 3584K, used 3319K [0x00000000d5580000, 0x00000000d5a00000, 0x0000000100000000)
  eden space 2560K, 99% used [0x00000000d5580000,0x00000000d57fff78,0x00000000d5800000)
  from space 1024K, 74% used [0x00000000d5800000,0x00000000d58bdfd8,0x00000000d5900000)
  to   space 1024K, 0% used [0x00000000d5900000,0x00000000d5900000,0x00000000d5a00000)
 ParOldGen       total 283648K, used 283601K [0x0000000080000000, 0x0000000091500000, 0x00000000d5580000)
  object space 283648K, 99% used [0x0000000080000000,0x00000000914f45b8,0x0000000091500000)
 Metaspace       used 65513K, committed 66880K, reserved 1114112K
  class space    used 7463K, committed 8064K, reserved 1048576K
}
Event: 55.125 GC heap after
{Heap after GC invocations=225 (full 3):
 PSYoungGen      total 3584K, used 755K [0x00000000d5580000, 0x00000000d5a80000, 0x0000000100000000)
  eden space 2560K, 0% used [0x00000000d5580000,0x00000000d5580000,0x00000000d5800000)
  from space 1024K, 73% used [0x00000000d5900000,0x00000000d59bcc20,0x00000000d5a00000)
  to   space 1024K, 0% used [0x00000000d5800000,0x00000000d5800000,0x00000000d5900000)
 ParOldGen       total 284672K, used 284220K [0x0000000080000000, 0x0000000091600000, 0x00000000d5580000)
  object space 284672K, 99% used [0x0000000080000000,0x000000009158f048,0x0000000091600000)
 Metaspace       used 65513K, committed 66880K, reserved 1114112K
  class space    used 7463K, committed 8064K, reserved 1048576K
}
Event: 55.139 GC heap before
{Heap before GC invocations=226 (full 3):
 PSYoungGen      total 3584K, used 3314K [0x00000000d5580000, 0x00000000d5a80000, 0x0000000100000000)
  eden space 2560K, 99% used [0x00000000d5580000,0x00000000d57fffc0,0x00000000d5800000)
  from space 1024K, 73% used [0x00000000d5900000,0x00000000d59bcc20,0x00000000d5a00000)
  to   space 1024K, 0% used [0x00000000d5800000,0x00000000d5800000,0x00000000d5900000)
 ParOldGen       total 284672K, used 284220K [0x0000000080000000, 0x0000000091600000, 0x00000000d5580000)
  object space 284672K, 99% used [0x0000000080000000,0x000000009158f048,0x0000000091600000)
 Metaspace       used 65517K, committed 66880K, reserved 1114112K
  class space    used 7463K, committed 8064K, reserved 1048576K
}
Event: 55.148 GC heap after
{Heap after GC invocations=226 (full 3):
 PSYoungGen      total 3584K, used 800K [0x00000000d5580000, 0x00000000d5a80000, 0x0000000100000000)
  eden space 2560K, 0% used [0x00000000d5580000,0x00000000d5580000,0x00000000d5800000)
  from space 1024K, 78% used [0x00000000d5800000,0x00000000d58c8110,0x00000000d5900000)
  to   space 1024K, 0% used [0x00000000d5980000,0x00000000d5980000,0x00000000d5a80000)
 ParOldGen       total 285184K, used 284807K [0x0000000080000000, 0x0000000091680000, 0x00000000d5580000)
  object space 285184K, 99% used [0x0000000080000000,0x0000000091621d68,0x0000000091680000)
 Metaspace       used 65517K, committed 66880K, reserved 1114112K
  class space    used 7463K, committed 8064K, reserved 1048576K
}
Event: 55.160 GC heap before
{Heap before GC invocations=227 (full 3):
 PSYoungGen      total 3584K, used 3360K [0x00000000d5580000, 0x00000000d5a80000, 0x0000000100000000)
  eden space 2560K, 100% used [0x00000000d5580000,0x00000000d5800000,0x00000000d5800000)
  from space 1024K, 78% used [0x00000000d5800000,0x00000000d58c8110,0x00000000d5900000)
  to   space 1024K, 0% used [0x00000000d5980000,0x00000000d5980000,0x00000000d5a80000)
 ParOldGen       total 285184K, used 284807K [0x0000000080000000, 0x0000000091680000, 0x00000000d5580000)
  object space 285184K, 99% used [0x0000000080000000,0x0000000091621d68,0x0000000091680000)
 Metaspace       used 65548K, committed 66944K, reserved 1114112K
  class space    used 7463K, committed 8064K, reserved 1048576K
}
Event: 55.165 GC heap after
{Heap after GC invocations=227 (full 3):
 PSYoungGen      total 4096K, used 872K [0x00000000d5580000, 0x00000000d5a80000, 0x0000000100000000)
  eden space 3072K, 0% used [0x00000000d5580000,0x00000000d5580000,0x00000000d5880000)
  from space 1024K, 85% used [0x00000000d5980000,0x00000000d5a5a350,0x00000000d5a80000)
  to   space 1024K, 0% used [0x00000000d5880000,0x00000000d5880000,0x00000000d5980000)
 ParOldGen       total 285696K, used 285371K [0x0000000080000000, 0x0000000091700000, 0x00000000d5580000)
  object space 285696K, 99% used [0x0000000080000000,0x00000000916aef50,0x0000000091700000)
 Metaspace       used 65548K, committed 66944K, reserved 1114112K
  class space    used 7463K, committed 8064K, reserved 1048576K
}
Event: 55.260 GC heap before
{Heap before GC invocations=228 (full 3):
 PSYoungGen      total 4096K, used 3944K [0x00000000d5580000, 0x00000000d5a80000, 0x0000000100000000)
  eden space 3072K, 99% used [0x00000000d5580000,0x00000000d587fff0,0x00000000d5880000)
  from space 1024K, 85% used [0x00000000d5980000,0x00000000d5a5a350,0x00000000d5a80000)
  to   space 1024K, 0% used [0x00000000d5880000,0x00000000d5880000,0x00000000d5980000)
 ParOldGen       total 285696K, used 285371K [0x0000000080000000, 0x0000000091700000, 0x00000000d5580000)
  object space 285696K, 99% used [0x0000000080000000,0x00000000916aef50,0x0000000091700000)
 Metaspace       used 65606K, committed 67008K, reserved 1114112K
  class space    used 7464K, committed 8064K, reserved 1048576K
}
Event: 55.267 GC heap after
{Heap after GC invocations=228 (full 3):
 PSYoungGen      total 4096K, used 849K [0x00000000d5580000, 0x00000000d5b80000, 0x0000000100000000)
  eden space 3072K, 0% used [0x00000000d5580000,0x00000000d5580000,0x00000000d5880000)
  from space 1024K, 83% used [0x00000000d5880000,0x00000000d59547e8,0x00000000d5980000)
  to   space 1024K, 0% used [0x00000000d5a80000,0x00000000d5a80000,0x00000000d5b80000)
 ParOldGen       total 286208K, used 286037K [0x0000000080000000, 0x0000000091780000, 0x00000000d5580000)
  object space 286208K, 99% used [0x0000000080000000,0x00000000917557e8,0x0000000091780000)
 Metaspace       used 65606K, committed 67008K, reserved 1114112K
  class space    used 7464K, committed 8064K, reserved 1048576K
}
Event: 55.297 GC heap before
{Heap before GC invocations=229 (full 3):
 PSYoungGen      total 4096K, used 3921K [0x00000000d5580000, 0x00000000d5b80000, 0x0000000100000000)
  eden space 3072K, 99% used [0x00000000d5580000,0x00000000d587fff8,0x00000000d5880000)
  from space 1024K, 83% used [0x00000000d5880000,0x00000000d59547e8,0x00000000d5980000)
  to   space 1024K, 0% used [0x00000000d5a80000,0x00000000d5a80000,0x00000000d5b80000)
 ParOldGen       total 286208K, used 286037K [0x0000000080000000, 0x0000000091780000, 0x00000000d5580000)
  object space 286208K, 99% used [0x0000000080000000,0x00000000917557e8,0x0000000091780000)
 Metaspace       used 65610K, committed 67008K, reserved 1114112K
  class space    used 7464K, committed 8064K, reserved 1048576K
}
Event: 55.300 GC heap after
{Heap after GC invocations=229 (full 3):
 PSYoungGen      total 4096K, used 748K [0x00000000d5580000, 0x00000000d5b80000, 0x0000000100000000)
  eden space 3072K, 0% used [0x00000000d5580000,0x00000000d5580000,0x00000000d5880000)
  from space 1024K, 73% used [0x00000000d5a80000,0x00000000d5b3b1d8,0x00000000d5b80000)
  to   space 1024K, 0% used [0x00000000d5880000,0x00000000d5880000,0x00000000d5980000)
 ParOldGen       total 286720K, used 286697K [0x0000000080000000, 0x0000000091800000, 0x00000000d5580000)
  object space 286720K, 99% used [0x0000000080000000,0x00000000917fa468,0x0000000091800000)
 Metaspace       used 65610K, committed 67008K, reserved 1114112K
  class space    used 7464K, committed 8064K, reserved 1048576K
}
Event: 55.339 GC heap before
{Heap before GC invocations=230 (full 3):
 PSYoungGen      total 4096K, used 3820K [0x00000000d5580000, 0x00000000d5b80000, 0x0000000100000000)
  eden space 3072K, 100% used [0x00000000d5580000,0x00000000d5880000,0x00000000d5880000)
  from space 1024K, 73% used [0x00000000d5a80000,0x00000000d5b3b1d8,0x00000000d5b80000)
  to   space 1024K, 0% used [0x00000000d5880000,0x00000000d5880000,0x00000000d5980000)
 ParOldGen       total 286720K, used 286697K [0x0000000080000000, 0x0000000091800000, 0x00000000d5580000)
  object space 286720K, 99% used [0x0000000080000000,0x00000000917fa468,0x0000000091800000)
 Metaspace       used 65612K, committed 67008K, reserved 1114112K
  class space    used 7464K, committed 8064K, reserved 1048576K
}
Event: 55.347 GC heap after
{Heap after GC invocations=230 (full 3):
 PSYoungGen      total 4096K, used 849K [0x00000000d5580000, 0x00000000d5b00000, 0x0000000100000000)
  eden space 3072K, 0% used [0x00000000d5580000,0x00000000d5580000,0x00000000d5880000)
  from space 1024K, 82% used [0x00000000d5880000,0x00000000d5954740,0x00000000d5980000)
  to   space 1024K, 0% used [0x00000000d5a00000,0x00000000d5a00000,0x00000000d5b00000)
 ParOldGen       total 287744K, used 287385K [0x0000000080000000, 0x0000000091900000, 0x00000000d5580000)
  object space 287744K, 99% used [0x0000000080000000,0x00000000918a65c0,0x0000000091900000)
 Metaspace       used 65612K, committed 67008K, reserved 1114112K
  class space    used 7464K, committed 8064K, reserved 1048576K
}
Event: 55.397 GC heap before
{Heap before GC invocations=231 (full 3):
 PSYoungGen      total 4096K, used 3921K [0x00000000d5580000, 0x00000000d5b00000, 0x0000000100000000)
  eden space 3072K, 100% used [0x00000000d5580000,0x00000000d5880000,0x00000000d5880000)
  from space 1024K, 82% used [0x00000000d5880000,0x00000000d5954740,0x00000000d5980000)
  to   space 1024K, 0% used [0x00000000d5a00000,0x00000000d5a00000,0x00000000d5b00000)
 ParOldGen       total 287744K, used 287385K [0x0000000080000000, 0x0000000091900000, 0x00000000d5580000)
  object space 287744K, 99% used [0x0000000080000000,0x00000000918a65c0,0x0000000091900000)
 Metaspace       used 65644K, committed 67008K, reserved 1114112K
  class space    used 7464K, committed 8064K, reserved 1048576K
}
Event: 55.406 GC heap after
{Heap after GC invocations=231 (full 3):
 PSYoungGen      total 4096K, used 953K [0x00000000d5580000, 0x00000000d5b00000, 0x0000000100000000)
  eden space 3072K, 0% used [0x00000000d5580000,0x00000000d5580000,0x00000000d5880000)
  from space 1024K, 93% used [0x00000000d5a00000,0x00000000d5aee4c0,0x00000000d5b00000)
  to   space 1024K, 0% used [0x00000000d5880000,0x00000000d5880000,0x00000000d5980000)
 ParOldGen       total 288256K, used 288120K [0x0000000080000000, 0x0000000091980000, 0x00000000d5580000)
  object space 288256K, 99% used [0x0000000080000000,0x000000009195e0c8,0x0000000091980000)
 Metaspace       used 65644K, committed 67008K, reserved 1114112K
  class space    used 7464K, committed 8064K, reserved 1048576K
}

Dll operation events (13 events):
Event: 0.032 Loaded shared library c:\Users\LENOVO\.vscode\extensions\redhat.java-1.44.0-win32-x64\jre\21.0.8-win32-x86_64\bin\java.dll
Event: 0.342 Loaded shared library c:\Users\LENOVO\.vscode\extensions\redhat.java-1.44.0-win32-x64\jre\21.0.8-win32-x86_64\bin\zip.dll
Event: 0.408 Loaded shared library C:\Users\LENOVO\.vscode\extensions\redhat.java-1.44.0-win32-x64\jre\21.0.8-win32-x86_64\bin\instrument.dll
Event: 0.443 Loaded shared library C:\Users\LENOVO\.vscode\extensions\redhat.java-1.44.0-win32-x64\jre\21.0.8-win32-x86_64\bin\net.dll
Event: 0.452 Loaded shared library C:\Users\LENOVO\.vscode\extensions\redhat.java-1.44.0-win32-x64\jre\21.0.8-win32-x86_64\bin\nio.dll
Event: 0.461 Loaded shared library C:\Users\LENOVO\.vscode\extensions\redhat.java-1.44.0-win32-x64\jre\21.0.8-win32-x86_64\bin\zip.dll
Event: 0.531 Loaded shared library C:\Users\LENOVO\.vscode\extensions\redhat.java-1.44.0-win32-x64\jre\21.0.8-win32-x86_64\bin\jimage.dll
Event: 0.860 Loaded shared library c:\Users\LENOVO\.vscode\extensions\redhat.java-1.44.0-win32-x64\jre\21.0.8-win32-x86_64\bin\verify.dll
Event: 5.838 Loaded shared library C:\Users\LENOVO\AppData\Roaming\Code\User\globalStorage\redhat.java\1.44.0\config_win\org.eclipse.equinox.launcher\org.eclipse.equinox.launcher.win32.win32.x86_64_1.2.1400.v20250730-1736\eclipse_11913.dll
Event: 14.862 Loaded shared library C:\Users\LENOVO\AppData\Local\Temp\jna--2053026509\jna3901214624190074600.dll
Event: 27.747 Loaded shared library C:\Users\LENOVO\.gradle\native\1def1411415f61bf3af743bc5b6707747c0891f09f0c88961ee8f79bc544acac\windows-amd64\native-platform.dll
Event: 34.814 Loaded shared library C:\Users\LENOVO\.vscode\extensions\redhat.java-1.44.0-win32-x64\jre\21.0.8-win32-x86_64\bin\management.dll
Event: 34.833 Loaded shared library C:\Users\LENOVO\.vscode\extensions\redhat.java-1.44.0-win32-x64\jre\21.0.8-win32-x86_64\bin\management_ext.dll

Deoptimization events (20 events):
Event: 54.708 Thread 0x000001605731ce10 Uncommon trap: trap_request=0xffffff45 fr.pc=0x0000016008198ee4 relative=0x00000000000000c4
Event: 54.708 Thread 0x000001605731ce10 Uncommon trap: reason=unstable_if action=reinterpret pc=0x0000016008198ee4 method=org.eclipse.jdt.internal.compiler.lookup.TypeBinding.equalsEquals(Lorg/eclipse/jdt/internal/compiler/lookup/TypeBinding;Lorg/eclipse/jdt/internal/compiler/lookup/TypeBinding
Event: 54.708 Thread 0x000001605731ce10 DEOPT PACKING pc=0x0000016008198ee4 sp=0x00000032a08fdec0
Event: 54.708 Thread 0x000001605731ce10 DEOPT UNPACKING pc=0x0000016007583aa2 sp=0x00000032a08fde60 mode 2
Event: 54.723 Thread 0x000001605731ce10 Uncommon trap: trap_request=0xffffff45 fr.pc=0x00000160081955a8 relative=0x0000000000000088
Event: 54.723 Thread 0x000001605731ce10 Uncommon trap: reason=unstable_if action=reinterpret pc=0x00000160081955a8 method=org.eclipse.jdt.internal.compiler.lookup.BinaryTypeBinding.enclosingType()Lorg/eclipse/jdt/internal/compiler/lookup/ReferenceBinding; @ 10 c2
Event: 54.723 Thread 0x000001605731ce10 DEOPT PACKING pc=0x00000160081955a8 sp=0x00000032a08fe190
Event: 54.723 Thread 0x000001605731ce10 DEOPT UNPACKING pc=0x0000016007583aa2 sp=0x00000032a08fe130 mode 2
Event: 55.097 Thread 0x000001605731ce10 Uncommon trap: trap_request=0xffffff3d fr.pc=0x0000016008194af8 relative=0x0000000000000838
Event: 55.097 Thread 0x000001605731ce10 Uncommon trap: reason=unstable_fused_if action=reinterpret pc=0x0000016008194af8 method=org.eclipse.jdt.internal.compiler.problem.ProblemReporter.getIrritant(I)I @ 1 c2
Event: 55.097 Thread 0x000001605731ce10 DEOPT PACKING pc=0x0000016008194af8 sp=0x00000032a08fee50
Event: 55.097 Thread 0x000001605731ce10 DEOPT UNPACKING pc=0x0000016007583aa2 sp=0x00000032a08fedd8 mode 2
Event: 55.134 Thread 0x000001605731ce10 Uncommon trap: trap_request=0xffffff45 fr.pc=0x00000160081a2b50 relative=0x00000000000004b0
Event: 55.134 Thread 0x000001605731ce10 Uncommon trap: reason=unstable_if action=reinterpret pc=0x00000160081a2b50 method=lombok.eclipse.handlers.EclipseHandlerUtil.typeMatches(Ljava/lang/String;Llombok/eclipse/EclipseNode;Lorg/eclipse/jdt/internal/compiler/ast/TypeReference;)Z @ 1 c2
Event: 55.134 Thread 0x000001605731ce10 DEOPT PACKING pc=0x00000160081a2b50 sp=0x00000032a08fe850
Event: 55.134 Thread 0x000001605731ce10 DEOPT UNPACKING pc=0x0000016007583aa2 sp=0x00000032a08fe788 mode 2
Event: 55.305 Thread 0x000001605731ce10 Uncommon trap: trap_request=0xffffff6e fr.pc=0x00000160081b7d44 relative=0x0000000000003b44
Event: 55.305 Thread 0x000001605731ce10 Uncommon trap: reason=loop_limit_check action=maybe_recompile pc=0x00000160081b7d44 method=org.eclipse.jdt.internal.compiler.lookup.BlockScope.findLocalType([C)Lorg/eclipse/jdt/internal/compiler/lookup/ReferenceBinding; @ 79 c2
Event: 55.305 Thread 0x000001605731ce10 DEOPT PACKING pc=0x00000160081b7d44 sp=0x00000032a08feb70
Event: 55.305 Thread 0x000001605731ce10 DEOPT UNPACKING pc=0x0000016007583aa2 sp=0x00000032a08feae0 mode 2

Classes loaded (20 events):
Event: 48.424 Loading class java/nio/file/Files$2
Event: 48.425 Loading class java/nio/file/Files$2 done
Event: 52.663 Loading class jdk/internal/module/IllegalAccessLogger
Event: 52.663 Loading class jdk/internal/module/IllegalAccessLogger done
Event: 53.107 Loading class java/util/Hashtable$ValueCollection
Event: 53.109 Loading class java/util/Hashtable$ValueCollection done
Event: 53.131 Loading class java/util/concurrent/ConcurrentHashMap$KeySpliterator
Event: 53.137 Loading class java/util/concurrent/ConcurrentHashMap$KeySpliterator done
Event: 53.189 Loading class sun/nio/ch/ChannelOutputStream
Event: 53.190 Loading class sun/nio/ch/ChannelOutputStream done
Event: 53.742 Loading class java/util/stream/ReferencePipeline$4
Event: 53.764 Loading class java/util/stream/ReferencePipeline$4 done
Event: 53.767 Loading class java/util/stream/Nodes$IntFixedNodeBuilder
Event: 53.774 Loading class java/util/stream/Node$Builder$OfInt
Event: 53.776 Loading class java/util/stream/Node$Builder$OfInt done
Event: 53.780 Loading class java/util/stream/Nodes$IntArrayNode
Event: 53.781 Loading class java/util/stream/Nodes$IntArrayNode done
Event: 53.781 Loading class java/util/stream/Nodes$IntFixedNodeBuilder done
Event: 53.807 Loading class java/util/stream/ReferencePipeline$4$1
Event: 53.808 Loading class java/util/stream/ReferencePipeline$4$1 done

Classes unloaded (13 events):
Event: 17.260 Thread 0x000001607ba047a0 Unloading class 0x00000160101ac800 'java/lang/invoke/LambdaForm$MH+0x00000160101ac800'
Event: 17.260 Thread 0x000001607ba047a0 Unloading class 0x00000160101ac400 'java/lang/invoke/LambdaForm$MH+0x00000160101ac400'
Event: 17.260 Thread 0x000001607ba047a0 Unloading class 0x00000160101ac000 'java/lang/invoke/LambdaForm$MH+0x00000160101ac000'
Event: 17.260 Thread 0x000001607ba047a0 Unloading class 0x00000160101abc00 'java/lang/invoke/LambdaForm$MH+0x00000160101abc00'
Event: 17.260 Thread 0x000001607ba047a0 Unloading class 0x00000160101ab800 'java/lang/invoke/LambdaForm$BMH+0x00000160101ab800'
Event: 17.260 Thread 0x000001607ba047a0 Unloading class 0x00000160101ab400 'java/lang/invoke/LambdaForm$DMH+0x00000160101ab400'
Event: 17.260 Thread 0x000001607ba047a0 Unloading class 0x00000160101aa000 'java/lang/invoke/LambdaForm$DMH+0x00000160101aa000'
Event: 21.967 Thread 0x000001607ba047a0 Unloading class 0x00000160102c0800 'java/lang/invoke/LambdaForm$MH+0x00000160102c0800'
Event: 21.967 Thread 0x000001607ba047a0 Unloading class 0x00000160102c0000 'java/lang/invoke/LambdaForm$MH+0x00000160102c0000'
Event: 21.967 Thread 0x000001607ba047a0 Unloading class 0x00000160102bf400 'java/lang/invoke/LambdaForm$MH+0x00000160102bf400'
Event: 21.967 Thread 0x000001607ba047a0 Unloading class 0x00000160102bf000 'java/lang/invoke/LambdaForm$DMH+0x00000160102bf000'
Event: 21.967 Thread 0x000001607ba047a0 Unloading class 0x00000160102be400 'java/lang/invoke/LambdaForm$MH+0x00000160102be400'
Event: 35.223 Thread 0x000001607ba047a0 Unloading class 0x0000016010521800 'java/lang/invoke/LambdaForm$MH+0x0000016010521800'

Classes redefined (0 events):
No events

Internal exceptions (20 events):
Event: 34.438 Thread 0x00000160558bbdb0 Exception <a 'java/lang/NoSuchMethodError'{0x00000000d5f8a658}: 'java.lang.Object java.lang.invoke.DirectMethodHandle$Holder.invokeStatic(java.lang.Object, java.lang.Object, java.lang.Object, java.lang.Object, java.lang.Object, java.lang.Object, java.lang.Object, java.lang.Object, java.lang.Object, java.lang.Object, java.lang.Object, java.lang.Object, java.lang.Object)'> (0x00000000d5f8a658) 
thrown [s\src\hotspot\share\interpreter\linkResolver.cpp, line 773]
Event: 34.446 Thread 0x00000160558bbdb0 Exception <a 'java/lang/NoSuchMethodError'{0x00000000d601ee18}: 'java.lang.Object java.lang.invoke.DirectMethodHandle$Holder.invokeStatic(java.lang.Object, java.lang.Object, java.lang.Object, java.lang.Object, java.lang.Object, java.lang.Object, java.lang.Object, java.lang.Object, java.lang.Object, java.lang.Object, java.lang.Object, java.lang.Object, java.lang.Object, java.lang.Object)'> (0x00000000d601ee18) 
thrown [s\src\hotspot\share\interpreter\linkResolver.cpp, line 773]
Event: 34.630 Thread 0x00000160558bbdb0 Exception <a 'java/lang/NoSuchMethodError'{0x00000000d575e5e8}: 'int java.lang.invoke.DirectMethodHandle$Holder.invokeInterface(java.lang.Object, java.lang.Object)'> (0x00000000d575e5e8) 
thrown [s\src\hotspot\share\interpreter\linkResolver.cpp, line 773]
Event: 41.449 Thread 0x000001607e8d4fd0 Implicit null exception at 0x0000016007fa5b1b to 0x0000016007fa9b9c
Event: 45.696 Thread 0x0000016055f82410 Exception <a 'java/lang/NoSuchMethodError'{0x00000000d5a17598}: 'java.lang.Object java.lang.invoke.DirectMethodHandle$Holder.invokeStatic(java.lang.Object, java.lang.Object, int, int)'> (0x00000000d5a17598) 
thrown [s\src\hotspot\share\interpreter\linkResolver.cpp, line 773]
Event: 45.698 Thread 0x0000016055f82410 Exception <a 'java/lang/NoSuchMethodError'{0x00000000d5a4ce40}: 'java.lang.Object java.lang.invoke.DirectMethodHandle$Holder.invokeSpecial(java.lang.Object, java.lang.Object, java.lang.Object, int, int)'> (0x00000000d5a4ce40) 
thrown [s\src\hotspot\share\interpreter\linkResolver.cpp, line 773]
Event: 45.701 Thread 0x0000016055f82410 Implicit null exception at 0x0000016007ec04a6 to 0x0000016007ec0770
Event: 47.876 Thread 0x0000016055f82410 Implicit null exception at 0x00000160080869a3 to 0x0000016008086d0c
Event: 48.432 Thread 0x0000016055f82410 Exception <a 'java/lang/NoSuchMethodError'{0x00000000d5a25ce0}: 'int java.lang.invoke.DirectMethodHandle$Holder.invokeSpecialIFC(java.lang.Object, java.lang.Object, java.lang.Object)'> (0x00000000d5a25ce0) 
thrown [s\src\hotspot\share\interpreter\linkResolver.cpp, line 773]
Event: 52.368 Thread 0x0000016055f82410 Implicit null exception at 0x000001600813a6f1 to 0x000001600813b388
Event: 53.149 Thread 0x0000016055f82410 Exception <a 'java/lang/NoSuchMethodError'{0x00000000d5606288}: 'java.lang.Object java.lang.invoke.DirectMethodHandle$Holder.newInvokeSpecial(java.lang.Object, java.lang.Object, int, int, java.lang.Object)'> (0x00000000d5606288) 
thrown [s\src\hotspot\share\interpreter\linkResolver.cpp, line 773]
Event: 53.474 Thread 0x000001605731ce10 Exception <a 'java/lang/NoSuchMethodError'{0x00000000d57255f8}: 'void java.lang.invoke.DirectMethodHandle$Holder.invokeVirtual(java.lang.Object, java.lang.Object, java.lang.Object, java.lang.Object, java.lang.Object)'> (0x00000000d57255f8) 
thrown [s\src\hotspot\share\interpreter\linkResolver.cpp, line 773]
Event: 54.011 Thread 0x000001605731ce10 Implicit null exception at 0x0000016008145b1e to 0x0000016008145da8
Event: 54.169 Thread 0x000001605731ce10 Exception <a 'java/lang/NoSuchMethodError'{0x00000000d56e0218}: 'java.lang.Object java.lang.invoke.DirectMethodHandle$Holder.invokeStatic(java.lang.Object, java.lang.Object, int, java.lang.Object, java.lang.Object)'> (0x00000000d56e0218) 
thrown [s\src\hotspot\share\interpreter\linkResolver.cpp, line 773]
Event: 54.208 Thread 0x000001605731ce10 Exception <a 'java/lang/NoSuchMethodError'{0x00000000d57e3d78}: 'java.lang.Object java.lang.invoke.DirectMethodHandle$Holder.newInvokeSpecial(java.lang.Object, java.lang.Object, java.lang.Object, java.lang.Object, int)'> (0x00000000d57e3d78) 
thrown [s\src\hotspot\share\interpreter\linkResolver.cpp, line 773]
Event: 54.224 Thread 0x000001605731ce10 Exception <a 'java/lang/NoSuchMethodError'{0x00000000d559c848}: 'java.lang.Object java.lang.invoke.DirectMethodHandle$Holder.invokeSpecial(java.lang.Object, java.lang.Object, java.lang.Object, java.lang.Object, java.lang.Object, int)'> (0x00000000d559c848) 
thrown [s\src\hotspot\share\interpreter\linkResolver.cpp, line 773]
Event: 54.226 Thread 0x000001605731ce10 Exception <a 'java/lang/NoSuchMethodError'{0x00000000d55f38f8}: 'java.lang.Object java.lang.invoke.Invokers$Holder.linkToTargetMethod(java.lang.Object, java.lang.Object, java.lang.Object, int, java.lang.Object)'> (0x00000000d55f38f8) 
thrown [s\src\hotspot\share\interpreter\linkResolver.cpp, line 773]
Event: 54.708 Thread 0x000001605731ce10 Implicit null exception at 0x0000016008198e4a to 0x0000016008198ed4
Event: 55.075 Thread 0x000001605731ce10 Exception <a 'java/lang/NoSuchMethodError'{0x00000000d55c2250}: 'java.lang.Object java.lang.invoke.DirectMethodHandle$Holder.invokeStatic(java.lang.Object, java.lang.Object, int, java.lang.Object)'> (0x00000000d55c2250) 
thrown [s\src\hotspot\share\interpreter\linkResolver.cpp, line 773]
Event: 55.089 Thread 0x000001605731ce10 Exception <a 'java/lang/NoSuchMethodError'{0x00000000d56c61f0}: 'java.lang.Object java.lang.invoke.DirectMethodHandle$Holder.newInvokeSpecial(java.lang.Object, java.lang.Object, int)'> (0x00000000d56c61f0) 
thrown [s\src\hotspot\share\interpreter\linkResolver.cpp, line 773]

ZGC Phase Switch (0 events):
No events

VM Operations (20 events):
Event: 55.037 Executing VM operation: ParallelGCFailedAllocation (Allocation Failure) done
Event: 55.055 Executing VM operation: ParallelGCFailedAllocation (Allocation Failure)
Event: 55.060 Executing VM operation: ParallelGCFailedAllocation (Allocation Failure) done
Event: 55.106 Executing VM operation: ParallelGCFailedAllocation (Allocation Failure)
Event: 55.125 Executing VM operation: ParallelGCFailedAllocation (Allocation Failure) done
Event: 55.139 Executing VM operation: ParallelGCFailedAllocation (Allocation Failure)
Event: 55.148 Executing VM operation: ParallelGCFailedAllocation (Allocation Failure) done
Event: 55.160 Executing VM operation: ParallelGCFailedAllocation (Allocation Failure)
Event: 55.165 Executing VM operation: ParallelGCFailedAllocation (Allocation Failure) done
Event: 55.194 Executing VM operation: HandshakeAllThreads (Deoptimize)
Event: 55.197 Executing VM operation: HandshakeAllThreads (Deoptimize) done
Event: 55.260 Executing VM operation: ParallelGCFailedAllocation (Allocation Failure)
Event: 55.267 Executing VM operation: ParallelGCFailedAllocation (Allocation Failure) done
Event: 55.297 Executing VM operation: ParallelGCFailedAllocation (Allocation Failure)
Event: 55.300 Executing VM operation: ParallelGCFailedAllocation (Allocation Failure) done
Event: 55.339 Executing VM operation: ParallelGCFailedAllocation (Allocation Failure)
Event: 55.347 Executing VM operation: ParallelGCFailedAllocation (Allocation Failure) done
Event: 55.397 Executing VM operation: ParallelGCFailedAllocation (Allocation Failure)
Event: 55.407 Executing VM operation: ParallelGCFailedAllocation (Allocation Failure) done
Event: 55.463 Executing VM operation: ParallelGCFailedAllocation (Allocation Failure)

Memory protections (0 events):
No events

Nmethod flushes (20 events):
Event: 35.264 Thread 0x000001607ba047a0 flushing  nmethod 0x0000016000912b10
Event: 35.264 Thread 0x000001607ba047a0 flushing  nmethod 0x0000016000912f10
Event: 35.264 Thread 0x000001607ba047a0 flushing  nmethod 0x0000016000935690
Event: 35.264 Thread 0x000001607ba047a0 flushing  nmethod 0x0000016000935f10
Event: 35.264 Thread 0x000001607ba047a0 flushing  nmethod 0x0000016000936390
Event: 35.264 Thread 0x000001607ba047a0 flushing  nmethod 0x0000016000936910
Event: 35.264 Thread 0x000001607ba047a0 flushing  nmethod 0x0000016000936e90
Event: 35.264 Thread 0x000001607ba047a0 flushing  nmethod 0x0000016000937490
Event: 35.264 Thread 0x000001607ba047a0 flushing  nmethod 0x0000016000937d10
Event: 35.264 Thread 0x000001607ba047a0 flushing  nmethod 0x0000016000939990
Event: 35.264 Thread 0x000001607ba047a0 flushing  nmethod 0x000001600093f790
Event: 35.264 Thread 0x000001607ba047a0 flushing  nmethod 0x0000016000943310
Event: 35.264 Thread 0x000001607ba047a0 flushing  nmethod 0x0000016000943690
Event: 35.264 Thread 0x000001607ba047a0 flushing  nmethod 0x0000016000943e90
Event: 35.264 Thread 0x000001607ba047a0 flushing  nmethod 0x0000016000972e90
Event: 35.264 Thread 0x000001607ba047a0 flushing  nmethod 0x0000016000979110
Event: 35.264 Thread 0x000001607ba047a0 flushing  nmethod 0x000001600097d410
Event: 35.264 Thread 0x000001607ba047a0 flushing  nmethod 0x000001600097da10
Event: 35.264 Thread 0x000001607ba047a0 flushing  nmethod 0x000001600097ef90
Event: 35.264 Thread 0x000001607ba047a0 flushing  nmethod 0x000001600099ca90

Events (20 events):
Event: 32.088 Thread 0x0000016055f82410 Thread added: 0x0000016055cdd1e0
Event: 32.088 Thread 0x0000016055f82410 Thread added: 0x000001605731fc00
Event: 35.904 Thread 0x00000160558bbdb0 Thread exited: 0x00000160558bbdb0
Event: 36.049 Thread 0x0000016055f837c0 Thread added: 0x000001605731e850
Event: 37.192 Thread 0x000001607ee658b0 Thread exited: 0x000001607ee658b0
Event: 37.727 Thread 0x000001607ee66650 Thread exited: 0x000001607ee66650
Event: 38.915 Thread 0x000001607d944640 Thread added: 0x000001607ee64b10
Event: 39.541 Thread 0x000001607d944640 Thread added: 0x000001607ee66d20
Event: 45.254 Thread 0x000001607ee66d20 Thread exited: 0x000001607ee66d20
Event: 52.801 Thread 0x0000016055f82410 Thread added: 0x000001605731ce10
Event: 53.154 Thread 0x0000016055f82410 Thread added: 0x000001605731eee0
Event: 53.213 Thread 0x0000016055f82410 Thread added: 0x0000016057320920
Event: 53.530 Thread 0x0000016055f82410 Thread added: 0x0000016057320fb0
Event: 53.741 Thread 0x0000016055f82410 Thread added: 0x000001605731db30
Event: 54.087 Thread 0x0000016055f82410 Thread added: 0x0000016057321640
Event: 54.431 Thread 0x0000016055f82410 Thread added: 0x000001605731e1c0
Event: 54.653 Thread 0x0000016055f82410 Thread added: 0x0000016057323710
Event: 54.654 Thread 0x0000016055f82410 Thread added: 0x0000016057321cd0
Event: 54.654 Thread 0x0000016055f82410 Thread added: 0x0000016057323da0
Event: 54.654 Thread 0x0000016055f82410 Thread added: 0x0000016057323080


Dynamic libraries:
0x00007ff6f1020000 - 0x00007ff6f102e000 	c:\Users\LENOVO\.vscode\extensions\redhat.java-1.44.0-win32-x64\jre\21.0.8-win32-x86_64\bin\java.exe
0x00007ff995a00000 - 0x00007ff995c67000 	C:\WINDOWS\SYSTEM32\ntdll.dll
0x00007ff994390000 - 0x00007ff994459000 	C:\WINDOWS\System32\KERNEL32.DLL
0x00007ff993250000 - 0x00007ff993640000 	C:\WINDOWS\System32\KERNELBASE.dll
0x00007ff992ed0000 - 0x00007ff99301b000 	C:\WINDOWS\System32\ucrtbase.dll
0x00007ff960d90000 - 0x00007ff960dae000 	c:\Users\LENOVO\.vscode\extensions\redhat.java-1.44.0-win32-x64\jre\21.0.8-win32-x86_64\bin\VCRUNTIME140.dll
0x00007ff962710000 - 0x00007ff962728000 	c:\Users\LENOVO\.vscode\extensions\redhat.java-1.44.0-win32-x64\jre\21.0.8-win32-x86_64\bin\jli.dll
0x00007ff993c70000 - 0x00007ff993e35000 	C:\WINDOWS\System32\USER32.dll
0x00007ff992c60000 - 0x00007ff992c87000 	C:\WINDOWS\System32\win32u.dll
0x00007ff994a20000 - 0x00007ff994a4b000 	C:\WINDOWS\System32\GDI32.dll
0x00007ff993650000 - 0x00007ff993788000 	C:\WINDOWS\System32\gdi32full.dll
0x00007ff9931a0000 - 0x00007ff993243000 	C:\WINDOWS\System32\msvcp_win.dll
0x00007ff97dd60000 - 0x00007ff97dffa000 	C:\WINDOWS\WinSxS\amd64_microsoft.windows.common-controls_6595b64144ccf1df_6.0.26100.4768_none_3e0c112ce331287c\COMCTL32.dll
0x00007ff993790000 - 0x00007ff993839000 	C:\WINDOWS\System32\msvcrt.dll
0x00007ff9938a0000 - 0x00007ff9938cf000 	C:\WINDOWS\System32\IMM32.DLL
0x00007ff9833b0000 - 0x00007ff9833bc000 	c:\Users\LENOVO\.vscode\extensions\redhat.java-1.44.0-win32-x64\jre\21.0.8-win32-x86_64\bin\vcruntime140_1.dll
0x00007ff8cc740000 - 0x00007ff8cc7cd000 	c:\Users\LENOVO\.vscode\extensions\redhat.java-1.44.0-win32-x64\jre\21.0.8-win32-x86_64\bin\msvcp140.dll
0x00007ff8cb9a0000 - 0x00007ff8cc737000 	c:\Users\LENOVO\.vscode\extensions\redhat.java-1.44.0-win32-x64\jre\21.0.8-win32-x86_64\bin\server\jvm.dll
0x00007ff994070000 - 0x00007ff994124000 	C:\WINDOWS\System32\ADVAPI32.dll
0x00007ff9946f0000 - 0x00007ff994796000 	C:\WINDOWS\System32\sechost.dll
0x00007ff993e40000 - 0x00007ff993f58000 	C:\WINDOWS\System32\RPCRT4.dll
0x00007ff994a50000 - 0x00007ff994ac4000 	C:\WINDOWS\System32\WS2_32.dll
0x00007ff992990000 - 0x00007ff9929ee000 	C:\WINDOWS\SYSTEM32\POWRPROF.dll
0x00007ff98b460000 - 0x00007ff98b495000 	C:\WINDOWS\SYSTEM32\WINMM.dll
0x00007ff98c160000 - 0x00007ff98c16b000 	C:\WINDOWS\SYSTEM32\VERSION.dll
0x00007ff992970000 - 0x00007ff992984000 	C:\WINDOWS\SYSTEM32\UMPDC.dll
0x00007ff991870000 - 0x00007ff99188b000 	C:\WINDOWS\SYSTEM32\kernel.appcore.dll
0x00007ff9829d0000 - 0x00007ff9829da000 	c:\Users\LENOVO\.vscode\extensions\redhat.java-1.44.0-win32-x64\jre\21.0.8-win32-x86_64\bin\jimage.dll
0x00007ff985750000 - 0x00007ff985991000 	C:\WINDOWS\SYSTEM32\DBGHELP.DLL
0x00007ff9938e0000 - 0x00007ff993c65000 	C:\WINDOWS\System32\combase.dll
0x00007ff994ad0000 - 0x00007ff994bb0000 	C:\WINDOWS\System32\OLEAUT32.dll
0x00007ff97fcd0000 - 0x00007ff97fd13000 	C:\WINDOWS\SYSTEM32\dbgcore.DLL
0x00007ff992b30000 - 0x00007ff992bc9000 	C:\WINDOWS\System32\bcryptPrimitives.dll
0x00007ff98db30000 - 0x00007ff98db3f000 	c:\Users\LENOVO\.vscode\extensions\redhat.java-1.44.0-win32-x64\jre\21.0.8-win32-x86_64\bin\instrument.dll
0x00007ff95e6d0000 - 0x00007ff95e6ef000 	c:\Users\LENOVO\.vscode\extensions\redhat.java-1.44.0-win32-x64\jre\21.0.8-win32-x86_64\bin\java.dll
0x00007ff994c60000 - 0x00007ff9953ad000 	C:\WINDOWS\System32\SHELL32.dll
0x00007ff992d50000 - 0x00007ff992ec3000 	C:\WINDOWS\System32\wintypes.dll
0x00007ff9906f0000 - 0x00007ff990f4f000 	C:\WINDOWS\SYSTEM32\windows.storage.dll
0x00007ff9947a0000 - 0x00007ff994895000 	C:\WINDOWS\System32\SHCORE.dll
0x00007ff994650000 - 0x00007ff9946ba000 	C:\WINDOWS\System32\shlwapi.dll
0x00007ff992a50000 - 0x00007ff992a79000 	C:\WINDOWS\SYSTEM32\profapi.dll
0x00007ff949f60000 - 0x00007ff949f78000 	c:\Users\LENOVO\.vscode\extensions\redhat.java-1.44.0-win32-x64\jre\21.0.8-win32-x86_64\bin\zip.dll
0x00007ff97b080000 - 0x00007ff97b090000 	C:\Users\LENOVO\.vscode\extensions\redhat.java-1.44.0-win32-x64\jre\21.0.8-win32-x86_64\bin\net.dll
0x00007ff98b330000 - 0x00007ff98b44e000 	C:\WINDOWS\SYSTEM32\WINHTTP.dll
0x00007ff991de0000 - 0x00007ff991e4b000 	C:\WINDOWS\system32\mswsock.dll
0x00007ff9480a0000 - 0x00007ff9480b6000 	C:\Users\LENOVO\.vscode\extensions\redhat.java-1.44.0-win32-x64\jre\21.0.8-win32-x86_64\bin\nio.dll
0x00007ff988db0000 - 0x00007ff988dc0000 	c:\Users\LENOVO\.vscode\extensions\redhat.java-1.44.0-win32-x64\jre\21.0.8-win32-x86_64\bin\verify.dll
0x00007ff97c120000 - 0x00007ff97c165000 	C:\Users\LENOVO\AppData\Roaming\Code\User\globalStorage\redhat.java\1.44.0\config_win\org.eclipse.equinox.launcher\org.eclipse.equinox.launcher.win32.win32.x86_64_1.2.1400.v20250730-1736\eclipse_11913.dll
0x00007ff9941e0000 - 0x00007ff994380000 	C:\WINDOWS\System32\ole32.dll
0x00007ff9921c0000 - 0x00007ff9921db000 	C:\WINDOWS\SYSTEM32\CRYPTSP.dll
0x00007ff9917d0000 - 0x00007ff99180b000 	C:\WINDOWS\system32\rsaenh.dll
0x00007ff991e80000 - 0x00007ff991eab000 	C:\WINDOWS\SYSTEM32\USERENV.dll
0x00007ff992a20000 - 0x00007ff992a46000 	C:\WINDOWS\SYSTEM32\bcrypt.dll
0x00007ff992020000 - 0x00007ff99202c000 	C:\WINDOWS\SYSTEM32\CRYPTBASE.dll
0x00007ff991260000 - 0x00007ff991293000 	C:\WINDOWS\SYSTEM32\IPHLPAPI.DLL
0x00007ff994130000 - 0x00007ff99413a000 	C:\WINDOWS\System32\NSI.dll
0x00007ff980f80000 - 0x00007ff980fc9000 	C:\Users\LENOVO\AppData\Local\Temp\jna--2053026509\jna3901214624190074600.dll
0x00007ff9941d0000 - 0x00007ff9941d8000 	C:\WINDOWS\System32\PSAPI.DLL
0x00007ff98b2c0000 - 0x00007ff98b2df000 	C:\WINDOWS\SYSTEM32\dhcpcsvc6.DLL
0x00007ff9891e0000 - 0x00007ff989205000 	C:\WINDOWS\SYSTEM32\dhcpcsvc.DLL
0x00007ff967300000 - 0x00007ff967327000 	C:\Users\LENOVO\.gradle\native\1def1411415f61bf3af743bc5b6707747c0891f09f0c88961ee8f79bc544acac\windows-amd64\native-platform.dll
0x00007ff97b040000 - 0x00007ff97b04a000 	C:\Users\LENOVO\.vscode\extensions\redhat.java-1.44.0-win32-x64\jre\21.0.8-win32-x86_64\bin\management.dll
0x00007ff97b030000 - 0x00007ff97b03b000 	C:\Users\LENOVO\.vscode\extensions\redhat.java-1.44.0-win32-x64\jre\21.0.8-win32-x86_64\bin\management_ext.dll

JVMTI agents:
c:\Users\LENOVO\.vscode\extensions\redhat.java-1.44.0-win32-x64\lombok\lombok-1.18.39-4050.jar path:c:\Users\LENOVO\.vscode\extensions\redhat.java-1.44.0-win32-x64\jre\21.0.8-win32-x86_64\bin\instrument.dll, loaded, initialized, instrumentlib options:none

dbghelp: loaded successfully - version: 4.0.5 - missing functions: none
symbol engine: initialized successfully - sym options: 0x614 - pdb path: .;c:\Users\LENOVO\.vscode\extensions\redhat.java-1.44.0-win32-x64\jre\21.0.8-win32-x86_64\bin;C:\WINDOWS\SYSTEM32;C:\WINDOWS\WinSxS\amd64_microsoft.windows.common-controls_6595b64144ccf1df_6.0.26100.4768_none_3e0c112ce331287c;c:\Users\LENOVO\.vscode\extensions\redhat.java-1.44.0-win32-x64\jre\21.0.8-win32-x86_64\bin\server;C:\Users\LENOVO\AppData\Roaming\Code\User\globalStorage\redhat.java\1.44.0\config_win\org.eclipse.equinox.launcher\org.eclipse.equinox.launcher.win32.win32.x86_64_1.2.1400.v20250730-1736;C:\Users\LENOVO\AppData\Local\Temp\jna--2053026509;C:\Users\LENOVO\.gradle\native\1def1411415f61bf3af743bc5b6707747c0891f09f0c88961ee8f79bc544acac\windows-amd64

VM Arguments:
jvm_args: --add-modules=ALL-SYSTEM --add-opens=java.base/java.util=ALL-UNNAMED --add-opens=java.base/java.lang=ALL-UNNAMED --add-opens=java.base/sun.nio.fs=ALL-UNNAMED -Declipse.application=org.eclipse.jdt.ls.core.id1 -Dosgi.bundles.defaultStartLevel=4 -Declipse.product=org.eclipse.jdt.ls.core.product -Djava.import.generatesMetadataFilesAtProjectRoot=false -DDetectVMInstallationsJob.disabled=true -Dfile.encoding=utf8 -XX:+UseParallelGC -XX:GCTimeRatio=4 -XX:AdaptiveSizePolicyWeight=90 -Dsun.zip.disableMemoryMapping=true -Xmx2G -Xms100m -Xlog:disable -javaagent:c:\Users\LENOVO\.vscode\extensions\redhat.java-1.44.0-win32-x64\lombok\lombok-1.18.39-4050.jar -XX:+HeapDumpOnOutOfMemoryError -XX:HeapDumpPath=c:\Users\LENOVO\AppData\Roaming\Code\User\workspaceStorage\8be49a76da1f213c61ae6fbbbcdb2b82\redhat.java -Daether.dependencyCollector.impl=bf 
java_command: c:\Users\LENOVO\.vscode\extensions\redhat.java-1.44.0-win32-x64\server\plugins\org.eclipse.equinox.launcher_1.7.0.v20250519-0528.jar -configuration c:\Users\LENOVO\AppData\Roaming\Code\User\globalStorage\redhat.java\1.44.0\config_win -data c:\Users\LENOVO\AppData\Roaming\Code\User\workspaceStorage\8be49a76da1f213c61ae6fbbbcdb2b82\redhat.java\jdt_ws --pipe=\\.\pipe\lsp-36da8067fb75540e928cf699ff8d2c53-sock
java_class_path (initial): c:\Users\LENOVO\.vscode\extensions\redhat.java-1.44.0-win32-x64\server\plugins\org.eclipse.equinox.launcher_1.7.0.v20250519-0528.jar
Launcher Type: SUN_STANDARD

[Global flags]
    uintx AdaptiveSizePolicyWeight                 = 90                                        {product} {command line}
     intx CICompilerCount                          = 4                                         {product} {ergonomic}
    uintx GCTimeRatio                              = 4                                         {product} {command line}
     bool HeapDumpOnOutOfMemoryError               = true                                   {manageable} {command line}
    ccstr HeapDumpPath                             = c:\Users\LENOVO\AppData\Roaming\Code\User\workspaceStorage\8be49a76da1f213c61ae6fbbbcdb2b82\redhat.java         {manageable} {command line}
   size_t InitialHeapSize                          = 104857600                                 {product} {command line}
   size_t MaxHeapSize                              = 2147483648                                {product} {command line}
   size_t MaxNewSize                               = 715653120                                 {product} {ergonomic}
   size_t MinHeapDeltaBytes                        = 524288                                    {product} {ergonomic}
   size_t MinHeapSize                              = 104857600                                 {product} {command line}
   size_t NewSize                                  = 34603008                                  {product} {ergonomic}
    uintx NonNMethodCodeHeapSize                   = 5839372                                {pd product} {ergonomic}
    uintx NonProfiledCodeHeapSize                  = 122909434                              {pd product} {ergonomic}
   size_t OldSize                                  = 70254592                                  {product} {ergonomic}
    uintx ProfiledCodeHeapSize                     = 122909434                              {pd product} {ergonomic}
    uintx ReservedCodeCacheSize                    = 251658240                              {pd product} {ergonomic}
     bool SegmentedCodeCache                       = true                                      {product} {ergonomic}
   size_t SoftMaxHeapSize                          = 2147483648                             {manageable} {ergonomic}
     bool UseCompressedOops                        = true                           {product lp64_product} {ergonomic}
     bool UseLargePagesIndividualAllocation        = false                                  {pd product} {ergonomic}
     bool UseParallelGC                            = true                                      {product} {command line}

Logging:
Log output configuration:
 #0: stdout all=off uptime,level,tags foldmultilines=false
 #1: stderr all=off uptime,level,tags foldmultilines=false

Environment Variables:
JAVA_HOME=C:\Program Files\Eclipse Adoptium\jdk-17.0.12.7-hotspot\
PATH=C:\Program Files\Git\cmd;C:\Program Files\nodejs\;C:\Users\LENOVO\AppData\Roaming\npm;C:\Program Files\nodejs\;C:\Users\LENOVO\Downloads\apache-maven-3.9.9-bin\apache-maven-3.9.9\bin;C:\Users\LENOVO\AppData\Local\Programs\cursor\resources\app\bin;C:\Users\LENOVO\AppData\Local\Programs\Microsoft VS Code\bin;C:\Users\LENOVO\AppData\Roaming\npm;C:\Windows\System32;C:\Program Files\Microsoft SQL Server\Client SDK\ODBC\170\Tools\Binn\;C:\Program Files\dotnet\;C:\Program Files\Microsoft SQL Server\Client SDK\ODBC\130\Tools\Binn\;C:\Program Files\Microsoft SQL Server\150\Tools\Binn\;C:\Users\LENOVO\Downloads\apache-maven-3.9.9-bin\apache-maven-3.9.9\bin;C:\Users\LENOVO\AppData\Roaming\npm;C:\Users\LENOVO\AppData\Local\Programs\Microsoft VS Code\bin;C:\Users\LENOVO\AppData\Local\Programs\cursor\resources\app\bin;C:\Users\LENOVO\.dotnet\tools;C:\Users\LENOVO\AppData\Local\Programs\Windsurf\bin
USERNAME=LENOVO
OS=Windows_NT
PROCESSOR_IDENTIFIER=AMD64 Family 23 Model 104 Stepping 1, AuthenticAMD
TMP=C:\Users\LENOVO\AppData\Local\Temp
TEMP=C:\Users\LENOVO\AppData\Local\Temp




Periodic native trim disabled

---------------  S Y S T E M  ---------------

OS:
 Windows 11 , 64 bit Build 26100 (10.0.26100.4768)
OS uptime: 0 days 4:49 hours
Hyper-V role detected

CPU: total 12 (initial active 12) (12 cores per cpu, 2 threads per core) family 23 model 104 stepping 1 microcode 0x8608109, cx8, cmov, fxsr, ht, mmx, 3dnowpref, sse, sse2, sse3, ssse3, sse4a, sse4.1, sse4.2, popcnt, lzcnt, tsc, tscinvbit, avx, avx2, aes, clmul, bmi1, bmi2, adx, sha, fma, vzeroupper, clflush, clflushopt, hv, rdtscp, rdpid, f16c
Processor Information for processor 0
  Max Mhz: 2100, Current Mhz: 2100, Mhz Limit: 2100
Processor Information for processor 1
  Max Mhz: 2100, Current Mhz: 2100, Mhz Limit: 2100
Processor Information for processor 2
  Max Mhz: 2100, Current Mhz: 2100, Mhz Limit: 2100
Processor Information for processor 3
  Max Mhz: 2100, Current Mhz: 2100, Mhz Limit: 2100
Processor Information for processor 4
  Max Mhz: 2100, Current Mhz: 2100, Mhz Limit: 2100
Processor Information for processor 5
  Max Mhz: 2100, Current Mhz: 2100, Mhz Limit: 2100
Processor Information for processor 6
  Max Mhz: 2100, Current Mhz: 2100, Mhz Limit: 2100
Processor Information for processor 7
  Max Mhz: 2100, Current Mhz: 1700, Mhz Limit: 2100
Processor Information for processor 8
  Max Mhz: 2100, Current Mhz: 2100, Mhz Limit: 2100
Processor Information for processor 9
  Max Mhz: 2100, Current Mhz: 2100, Mhz Limit: 2100
Processor Information for processor 10
  Max Mhz: 2100, Current Mhz: 2100, Mhz Limit: 2100
Processor Information for processor 11
  Max Mhz: 2100, Current Mhz: 2100, Mhz Limit: 2100

Memory: 4k page, system-wide physical 5989M (399M free)
TotalPageFile size 24421M (AvailPageFile size 2M)
current process WorkingSet (physical memory assigned to process): 553M, peak: 578M
current process commit charge ("private bytes"): 622M, peak: 623M

vm_info: OpenJDK 64-Bit Server VM (21.0.8+9-LTS) for windows-amd64 JRE (21.0.8+9-LTS), built on 2025-07-15T00:00:00Z by "admin" with MS VC++ 17.7 (VS2022)

END.
