#
# There is insufficient memory for the Java Runtime Environment to continue.
# Native memory allocation (malloc) failed to allocate 2405232 bytes. Error detail: Chunk::new
# Possible reasons:
#   The system is out of physical RAM or swap space
#   This process is running with CompressedOops enabled, and the Java Heap may be blocking the growth of the native heap
# Possible solutions:
#   Reduce memory load on the system
#   Increase physical memory or swap space
#   Check if swap backing store is full
#   Decrease Java heap size (-Xmx/-Xms)
#   Decrease number of Java threads
#   Decrease Java thread stack sizes (-Xss)
#   Set larger code cache with -XX:ReservedCodeCacheSize=
#   JVM is running with Unscaled Compressed Oops mode in which the Java heap is
#     placed in the first 4GB address space. The Java Heap base address is the
#     maximum limit for the native heap growth. Please use -XX:HeapBaseMinAddress
#     to set the Java Heap base and to place the Java Heap above 4GB virtual address.
# This output file may be truncated or incomplete.
#
#  Out of Memory Error (arena.cpp:191), pid=9316, tid=3644
#
# JRE version: OpenJDK Runtime Environment Temurin-17.0.12+7 (17.0.12+7) (build 17.0.12+7)
# Java VM: OpenJDK 64-Bit Server VM Temurin-17.0.12+7 (17.0.12+7, mixed mode, sharing, tiered, compressed oops, compressed class ptrs, g1 gc, windows-amd64)
# No core dump will be written. Minidumps are not enabled by default on client versions of Windows
#

---------------  S U M M A R Y ------------

Command Line: --add-opens=java.base/java.lang=ALL-UNNAMED --add-opens=java.base/java.lang.invoke=ALL-UNNAMED --add-opens=java.base/java.util=ALL-UNNAMED --add-opens=java.prefs/java.util.prefs=ALL-UNNAMED --add-exports=jdk.compiler/com.sun.tools.javac.api=ALL-UNNAMED --add-exports=jdk.compiler/com.sun.tools.javac.util=ALL-UNNAMED --add-opens=java.base/java.util=ALL-UNNAMED --add-opens=java.prefs/java.util.prefs=ALL-UNNAMED --add-opens=java.base/java.nio.charset=ALL-UNNAMED --add-opens=java.base/java.net=ALL-UNNAMED --add-opens=java.base/java.util.concurrent.atomic=ALL-UNNAMED --add-opens=java.xml/javax.xml.namespace=ALL-UNNAMED -XX:MaxMetaspaceSize=384m -XX:+HeapDumpOnOutOfMemoryError -Xms256m -Xmx512m -Dfile.encoding=UTF-8 -Duser.country=US -Duser.language=en -Duser.variant -javaagent:C:\Users\LENOVO\.gradle\wrapper\dists\gradle-8.14.3-bin\cv11ve7ro1n3o1j4so8xd9n66\gradle-8.14.3\lib\agents\gradle-instrumentation-agent-8.14.3.jar org.gradle.launcher.daemon.bootstrap.GradleDaemon 8.14.3

Host: AMD Ryzen 5 5500U with Radeon Graphics         , 12 cores, 5G,  Windows 11 , 64 bit Build 26100 (10.0.26100.4768)
Time: Thu Aug  7 16:50:05 2025 India Standard Time elapsed time: 47.755910 seconds (0d 0h 0m 47s)

---------------  T H R E A D  ---------------

Current thread (0x000001b87c104750):  JavaThread "C2 CompilerThread1" daemon [_thread_in_native, id=3644, stack(0x0000002d49200000,0x0000002d49300000)]


Current CompileTask:
C2:  47756 3511   !   4       java.lang.ClassLoader::loadClass (121 bytes)

Stack: [0x0000002d49200000,0x0000002d49300000]
Native frames: (J=compiled Java code, j=interpreted, Vv=VM code, C=native code)
V  [jvm.dll+0x67f929]
V  [jvm.dll+0x8371ba]
V  [jvm.dll+0x838c7e]
V  [jvm.dll+0x8392e3]
V  [jvm.dll+0x24834f]
V  [jvm.dll+0xac9d4]
V  [jvm.dll+0xad01c]
V  [jvm.dll+0x3674a7]
V  [jvm.dll+0x1bd562]
V  [jvm.dll+0x21aa09]
V  [jvm.dll+0x219cf1]
V  [jvm.dll+0x1a58bd]
V  [jvm.dll+0x229a2d]
V  [jvm.dll+0x227bdc]
V  [jvm.dll+0x7ec1f7]
V  [jvm.dll+0x7e65dc]
V  [jvm.dll+0x67e7f7]
C  [ucrtbase.dll+0x37b0]
C  [KERNEL32.DLL+0x2e8d7]
C  [ntdll.dll+0x3c34c]


---------------  P R O C E S S  ---------------

Threads class SMR info:
_java_thread_list=0x000001b87eda1f40, length=35, elements={
0x000001b845ad8bc0, 0x000001b8627f4d10, 0x000001b8627f57e0, 0x000001b8628082b0,
0x000001b86280cca0, 0x000001b86280d570, 0x000001b86280e5e0, 0x000001b86280f980,
0x000001b862811d10, 0x000001b8628237e0, 0x000001b8627e2f20, 0x000001b862af94e0,
0x000001b862ab9030, 0x000001b862b28900, 0x000001b87ce04020, 0x000001b87cd83090,
0x000001b862bf04c0, 0x000001b862c5e970, 0x000001b845ae4900, 0x000001b862cbe120,
0x000001b862cbb8a0, 0x000001b862cbbdb0, 0x000001b862cbcce0, 0x000001b862cbdc10,
0x000001b862cbc2c0, 0x000001b862cbae80, 0x000001b862cbc7d0, 0x000001b862cbd1f0,
0x000001b862cbb390, 0x000001b862cbd700, 0x000001b87c53dc30, 0x000001b87c53c7f0,
0x000001b87c53aea0, 0x000001b87c53f070, 0x000001b87c104750
}

Java Threads: ( => current thread )
  0x000001b845ad8bc0 JavaThread "main" [_thread_blocked, id=26748, stack(0x0000002d45c00000,0x0000002d45d00000)]
  0x000001b8627f4d10 JavaThread "Reference Handler" daemon [_thread_blocked, id=2656, stack(0x0000002d46300000,0x0000002d46400000)]
  0x000001b8627f57e0 JavaThread "Finalizer" daemon [_thread_blocked, id=22500, stack(0x0000002d46400000,0x0000002d46500000)]
  0x000001b8628082b0 JavaThread "Signal Dispatcher" daemon [_thread_blocked, id=3860, stack(0x0000002d46500000,0x0000002d46600000)]
  0x000001b86280cca0 JavaThread "Attach Listener" daemon [_thread_blocked, id=28652, stack(0x0000002d46600000,0x0000002d46700000)]
  0x000001b86280d570 JavaThread "Service Thread" daemon [_thread_blocked, id=17304, stack(0x0000002d46700000,0x0000002d46800000)]
  0x000001b86280e5e0 JavaThread "Monitor Deflation Thread" daemon [_thread_blocked, id=25680, stack(0x0000002d46800000,0x0000002d46900000)]
  0x000001b86280f980 JavaThread "C2 CompilerThread0" daemon [_thread_in_vm, id=18304, stack(0x0000002d46900000,0x0000002d46a00000)]
  0x000001b862811d10 JavaThread "C1 CompilerThread0" daemon [_thread_blocked, id=5552, stack(0x0000002d46a00000,0x0000002d46b00000)]
  0x000001b8628237e0 JavaThread "Sweeper thread" daemon [_thread_blocked, id=22972, stack(0x0000002d46b00000,0x0000002d46c00000)]
  0x000001b8627e2f20 JavaThread "Common-Cleaner" daemon [_thread_blocked, id=17608, stack(0x0000002d46c00000,0x0000002d46d00000)]
  0x000001b862af94e0 JavaThread "Notification Thread" daemon [_thread_blocked, id=14756, stack(0x0000002d46d00000,0x0000002d46e00000)]
  0x000001b862ab9030 JavaThread "Daemon health stats" [_thread_blocked, id=6512, stack(0x0000002d46f00000,0x0000002d47000000)]
  0x000001b862b28900 JavaThread "Incoming local TCP Connector on port 58555" [_thread_in_native, id=27308, stack(0x0000002d47500000,0x0000002d47600000)]
  0x000001b87ce04020 JavaThread "Daemon periodic checks" [_thread_blocked, id=24936, stack(0x0000002d47600000,0x0000002d47700000)]
  0x000001b87cd83090 JavaThread "Daemon" [_thread_blocked, id=13504, stack(0x0000002d47700000,0x0000002d47800000)]
  0x000001b862bf04c0 JavaThread "Handler for socket connection from /127.0.0.1:58555 to /127.0.0.1:58560" [_thread_in_native, id=388, stack(0x0000002d47800000,0x0000002d47900000)]
  0x000001b862c5e970 JavaThread "Cancel handler" [_thread_blocked, id=15756, stack(0x0000002d47900000,0x0000002d47a00000)]
  0x000001b845ae4900 JavaThread "Daemon worker" [_thread_in_native, id=23636, stack(0x0000002d47a00000,0x0000002d47b00000)]
  0x000001b862cbe120 JavaThread "Asynchronous log dispatcher for DefaultDaemonConnection: socket connection from /127.0.0.1:58555 to /127.0.0.1:58560" [_thread_blocked, id=26568, stack(0x0000002d47b00000,0x0000002d47c00000)]
  0x000001b862cbb8a0 JavaThread "Stdin handler" [_thread_blocked, id=3968, stack(0x0000002d47c00000,0x0000002d47d00000)]
  0x000001b862cbbdb0 JavaThread "Daemon client event forwarder" [_thread_blocked, id=3668, stack(0x0000002d47d00000,0x0000002d47e00000)]
  0x000001b862cbcce0 JavaThread "Cache worker for journal cache (C:\Users\LENOVO\.gradle\caches\journal-1)" [_thread_blocked, id=27816, stack(0x0000002d47e00000,0x0000002d47f00000)]
  0x000001b862cbdc10 JavaThread "File lock request listener" [_thread_in_native, id=26104, stack(0x0000002d47f00000,0x0000002d48000000)]
  0x000001b862cbc2c0 JavaThread "Cache worker for file hash cache (C:\Users\LENOVO\.gradle\caches\8.14.3\fileHashes)" [_thread_blocked, id=19920, stack(0x0000002d48000000,0x0000002d48100000)]
  0x000001b862cbae80 JavaThread "Cache worker for file hash cache (C:\Users\LENOVO\Desktop\PGVaale\backend\.gradle\8.14.3\fileHashes)" [_thread_blocked, id=15208, stack(0x0000002d48300000,0x0000002d48400000)]
  0x000001b862cbc7d0 JavaThread "Cache worker for Build Output Cleanup Cache (C:\Users\LENOVO\Desktop\PGVaale\backend\.gradle\buildOutputCleanup)" [_thread_blocked, id=27100, stack(0x0000002d48200000,0x0000002d48300000)]
  0x000001b862cbd1f0 JavaThread "File watcher server" daemon [_thread_in_native, id=7708, stack(0x0000002d48100000,0x0000002d48200000)]
  0x000001b862cbb390 JavaThread "File watcher consumer" daemon [_thread_blocked, id=568, stack(0x0000002d48a00000,0x0000002d48b00000)]
  0x000001b862cbd700 JavaThread "jar transforms" [_thread_blocked, id=5568, stack(0x0000002d48d00000,0x0000002d48e00000)]
  0x000001b87c53dc30 JavaThread "jar transforms Thread 2" [_thread_blocked, id=27072, stack(0x0000002d48e00000,0x0000002d48f00000)]
  0x000001b87c53c7f0 JavaThread "jar transforms Thread 3" [_thread_blocked, id=18240, stack(0x0000002d48f00000,0x0000002d49000000)]
  0x000001b87c53aea0 JavaThread "jar transforms Thread 4" [_thread_blocked, id=13120, stack(0x0000002d49000000,0x0000002d49100000)]
  0x000001b87c53f070 JavaThread "jar transforms Thread 5" [_thread_blocked, id=23172, stack(0x0000002d49100000,0x0000002d49200000)]
=>0x000001b87c104750 JavaThread "C2 CompilerThread1" daemon [_thread_in_native, id=3644, stack(0x0000002d49200000,0x0000002d49300000)]

Other Threads:
  0x000001b8627f1010 VMThread "VM Thread" [stack: 0x0000002d46200000,0x0000002d46300000] [id=27484]
  0x000001b845ad9950 WatcherThread [stack: 0x0000002d46e00000,0x0000002d46f00000] [id=25272]
  0x000001b845b0a710 GCTaskThread "GC Thread#0" [stack: 0x0000002d45d00000,0x0000002d45e00000] [id=28524]
  0x000001b87c43cb30 GCTaskThread "GC Thread#1" [stack: 0x0000002d47000000,0x0000002d47100000] [id=24996]
  0x000001b862c843a0 GCTaskThread "GC Thread#2" [stack: 0x0000002d47100000,0x0000002d47200000] [id=26844]
  0x000001b862c84660 GCTaskThread "GC Thread#3" [stack: 0x0000002d47200000,0x0000002d47300000] [id=28632]
  0x000001b862ccc8d0 GCTaskThread "GC Thread#4" [stack: 0x0000002d47300000,0x0000002d47400000] [id=27468]
  0x000001b862cccb90 GCTaskThread "GC Thread#5" [stack: 0x0000002d47400000,0x0000002d47500000] [id=5972]
  0x000001b87dc3e340 GCTaskThread "GC Thread#6" [stack: 0x0000002d48400000,0x0000002d48500000] [id=11592]
  0x000001b87dc3e8c0 GCTaskThread "GC Thread#7" [stack: 0x0000002d48500000,0x0000002d48600000] [id=7840]
  0x000001b87dc3f680 GCTaskThread "GC Thread#8" [stack: 0x0000002d48600000,0x0000002d48700000] [id=18064]
  0x000001b87dc3fc00 GCTaskThread "GC Thread#9" [stack: 0x0000002d48700000,0x0000002d48800000] [id=26516]
  0x000001b845b0f570 ConcurrentGCThread "G1 Main Marker" [stack: 0x0000002d45e00000,0x0000002d45f00000] [id=17172]
  0x000001b845b10b70 ConcurrentGCThread "G1 Conc#0" [stack: 0x0000002d45f00000,0x0000002d46000000] [id=6152]
  0x000001b87dc3f3c0 ConcurrentGCThread "G1 Conc#1" [stack: 0x0000002d48800000,0x0000002d48900000] [id=10492]
  0x000001b87dc3e600 ConcurrentGCThread "G1 Conc#2" [stack: 0x0000002d48900000,0x0000002d48a00000] [id=1852]
  0x000001b845b8e6a0 ConcurrentGCThread "G1 Refine#0" [stack: 0x0000002d46000000,0x0000002d46100000] [id=10824]
  0x000001b8626aa680 ConcurrentGCThread "G1 Service" [stack: 0x0000002d46100000,0x0000002d46200000] [id=15788]

Threads with active compile tasks:
C2 CompilerThread0    47806 3664   !   4       java.lang.reflect.Executable::declaredAnnotations (85 bytes)
C1 CompilerThread0    47806 3670       3       java.util.Properties::loadConvert (540 bytes)
C2 CompilerThread1    47806 3511   !   4       java.lang.ClassLoader::loadClass (121 bytes)

VM state: not at safepoint (normal execution)

VM Mutex/Monitor currently owned by a thread: None

Heap address: 0x00000000e0000000, size: 512 MB, Compressed Oops mode: 32-bit

CDS archive(s) mapped at: [0x000001b863000000-0x000001b863bb0000-0x000001b863bb0000), size 12255232, SharedBaseAddress: 0x000001b863000000, ArchiveRelocationMode: 1.
Compressed class space mapped at: 0x000001b864000000-0x000001b878000000, reserved size: 335544320
Narrow klass base: 0x000001b863000000, Narrow klass shift: 0, Narrow klass range: 0x100000000

GC Precious Log:
 CPUs: 12 total, 12 available
 Memory: 5989M
 Large Page Support: Disabled
 NUMA Support: Disabled
 Compressed Oops: Enabled (32-bit)
 Heap Region Size: 1M
 Heap Min Capacity: 256M
 Heap Initial Capacity: 256M
 Heap Max Capacity: 512M
 Pre-touch: Disabled
 Parallel Workers: 10
 Concurrent Workers: 3
 Concurrent Refinement Workers: 10
 Periodic GC: Disabled

Heap:
 garbage-first heap   total 262144K, used 94283K [0x00000000e0000000, 0x0000000100000000)
  region size 1024K, 83 young (84992K), 12 survivors (12288K)
 Metaspace       used 30153K, committed 30592K, reserved 393216K
  class space    used 4354K, committed 4544K, reserved 327680K

Heap Regions: E=young(eden), S=young(survivor), O=old, HS=humongous(starts), HC=humongous(continues), CS=collection set, F=free, OA=open archive, CA=closed archive, TAMS=top-at-mark-start (previous, next)
|   0|0x00000000e0000000, 0x00000000e0100000, 0x00000000e0100000|100%|HS|  |TAMS 0x00000000e0100000, 0x00000000e0000000| Complete 
|   1|0x00000000e0100000, 0x00000000e0200000, 0x00000000e0200000|100%|HC|  |TAMS 0x00000000e0200000, 0x00000000e0100000| Complete 
|   2|0x00000000e0200000, 0x00000000e0300000, 0x00000000e0300000|100%|HC|  |TAMS 0x00000000e0300000, 0x00000000e0200000| Complete 
|   3|0x00000000e0300000, 0x00000000e0400000, 0x00000000e0400000|100%| O|  |TAMS 0x00000000e0400000, 0x00000000e0300000| Untracked 
|   4|0x00000000e0400000, 0x00000000e0500000, 0x00000000e0500000|100%| O|  |TAMS 0x00000000e0500000, 0x00000000e0400000| Untracked 
|   5|0x00000000e0500000, 0x00000000e0600000, 0x00000000e0600000|100%| O|  |TAMS 0x00000000e0600000, 0x00000000e0500000| Untracked 
|   6|0x00000000e0600000, 0x00000000e0700000, 0x00000000e0700000|100%|HS|  |TAMS 0x00000000e0700000, 0x00000000e0600000| Complete 
|   7|0x00000000e0700000, 0x00000000e0700000, 0x00000000e0800000|  0%| F|  |TAMS 0x00000000e0700000, 0x00000000e0700000| Untracked 
|   8|0x00000000e0800000, 0x00000000e0900000, 0x00000000e0900000|100%| O|  |TAMS 0x00000000e0900000, 0x00000000e0800000| Complete 
|   9|0x00000000e0900000, 0x00000000e0a00000, 0x00000000e0a00000|100%| O|  |TAMS 0x00000000e0a00000, 0x00000000e0900000| Untracked 
|  10|0x00000000e0a00000, 0x00000000e0b00000, 0x00000000e0b00000|100%| O|  |TAMS 0x00000000e0b00000, 0x00000000e0a00000| Untracked 
|  11|0x00000000e0b00000, 0x00000000e0c00000, 0x00000000e0c00000|100%| O|  |TAMS 0x00000000e0c00000, 0x00000000e0b00000| Untracked 
|  12|0x00000000e0c00000, 0x00000000e0c82a00, 0x00000000e0d00000| 51%| O|  |TAMS 0x00000000e0c82a00, 0x00000000e0c00000| Untracked 
|  13|0x00000000e0d00000, 0x00000000e0d00000, 0x00000000e0e00000|  0%| F|  |TAMS 0x00000000e0d00000, 0x00000000e0d00000| Untracked 
|  14|0x00000000e0e00000, 0x00000000e0e00000, 0x00000000e0f00000|  0%| F|  |TAMS 0x00000000e0e00000, 0x00000000e0e00000| Untracked 
|  15|0x00000000e0f00000, 0x00000000e0f00000, 0x00000000e1000000|  0%| F|  |TAMS 0x00000000e0f00000, 0x00000000e0f00000| Untracked 
|  16|0x00000000e1000000, 0x00000000e1000000, 0x00000000e1100000|  0%| F|  |TAMS 0x00000000e1000000, 0x00000000e1000000| Untracked 
|  17|0x00000000e1100000, 0x00000000e1100000, 0x00000000e1200000|  0%| F|  |TAMS 0x00000000e1100000, 0x00000000e1100000| Untracked 
|  18|0x00000000e1200000, 0x00000000e1200000, 0x00000000e1300000|  0%| F|  |TAMS 0x00000000e1200000, 0x00000000e1200000| Untracked 
|  19|0x00000000e1300000, 0x00000000e1300000, 0x00000000e1400000|  0%| F|  |TAMS 0x00000000e1300000, 0x00000000e1300000| Untracked 
|  20|0x00000000e1400000, 0x00000000e1400000, 0x00000000e1500000|  0%| F|  |TAMS 0x00000000e1400000, 0x00000000e1400000| Untracked 
|  21|0x00000000e1500000, 0x00000000e1500000, 0x00000000e1600000|  0%| F|  |TAMS 0x00000000e1500000, 0x00000000e1500000| Untracked 
|  22|0x00000000e1600000, 0x00000000e1600000, 0x00000000e1700000|  0%| F|  |TAMS 0x00000000e1600000, 0x00000000e1600000| Untracked 
|  23|0x00000000e1700000, 0x00000000e1700000, 0x00000000e1800000|  0%| F|  |TAMS 0x00000000e1700000, 0x00000000e1700000| Untracked 
|  24|0x00000000e1800000, 0x00000000e1800000, 0x00000000e1900000|  0%| F|  |TAMS 0x00000000e1800000, 0x00000000e1800000| Untracked 
|  25|0x00000000e1900000, 0x00000000e1900000, 0x00000000e1a00000|  0%| F|  |TAMS 0x00000000e1900000, 0x00000000e1900000| Untracked 
|  26|0x00000000e1a00000, 0x00000000e1a00000, 0x00000000e1b00000|  0%| F|  |TAMS 0x00000000e1a00000, 0x00000000e1a00000| Untracked 
|  27|0x00000000e1b00000, 0x00000000e1b00000, 0x00000000e1c00000|  0%| F|  |TAMS 0x00000000e1b00000, 0x00000000e1b00000| Untracked 
|  28|0x00000000e1c00000, 0x00000000e1c00000, 0x00000000e1d00000|  0%| F|  |TAMS 0x00000000e1c00000, 0x00000000e1c00000| Untracked 
|  29|0x00000000e1d00000, 0x00000000e1d00000, 0x00000000e1e00000|  0%| F|  |TAMS 0x00000000e1d00000, 0x00000000e1d00000| Untracked 
|  30|0x00000000e1e00000, 0x00000000e1e00000, 0x00000000e1f00000|  0%| F|  |TAMS 0x00000000e1e00000, 0x00000000e1e00000| Untracked 
|  31|0x00000000e1f00000, 0x00000000e1f00000, 0x00000000e2000000|  0%| F|  |TAMS 0x00000000e1f00000, 0x00000000e1f00000| Untracked 
|  32|0x00000000e2000000, 0x00000000e2000000, 0x00000000e2100000|  0%| F|  |TAMS 0x00000000e2000000, 0x00000000e2000000| Untracked 
|  33|0x00000000e2100000, 0x00000000e2100000, 0x00000000e2200000|  0%| F|  |TAMS 0x00000000e2100000, 0x00000000e2100000| Untracked 
|  34|0x00000000e2200000, 0x00000000e2200000, 0x00000000e2300000|  0%| F|  |TAMS 0x00000000e2200000, 0x00000000e2200000| Untracked 
|  35|0x00000000e2300000, 0x00000000e2300000, 0x00000000e2400000|  0%| F|  |TAMS 0x00000000e2300000, 0x00000000e2300000| Untracked 
|  36|0x00000000e2400000, 0x00000000e2400000, 0x00000000e2500000|  0%| F|  |TAMS 0x00000000e2400000, 0x00000000e2400000| Untracked 
|  37|0x00000000e2500000, 0x00000000e2500000, 0x00000000e2600000|  0%| F|  |TAMS 0x00000000e2500000, 0x00000000e2500000| Untracked 
|  38|0x00000000e2600000, 0x00000000e2600000, 0x00000000e2700000|  0%| F|  |TAMS 0x00000000e2600000, 0x00000000e2600000| Untracked 
|  39|0x00000000e2700000, 0x00000000e2700000, 0x00000000e2800000|  0%| F|  |TAMS 0x00000000e2700000, 0x00000000e2700000| Untracked 
|  40|0x00000000e2800000, 0x00000000e2800000, 0x00000000e2900000|  0%| F|  |TAMS 0x00000000e2800000, 0x00000000e2800000| Untracked 
|  41|0x00000000e2900000, 0x00000000e2900000, 0x00000000e2a00000|  0%| F|  |TAMS 0x00000000e2900000, 0x00000000e2900000| Untracked 
|  42|0x00000000e2a00000, 0x00000000e2a00000, 0x00000000e2b00000|  0%| F|  |TAMS 0x00000000e2a00000, 0x00000000e2a00000| Untracked 
|  43|0x00000000e2b00000, 0x00000000e2b00000, 0x00000000e2c00000|  0%| F|  |TAMS 0x00000000e2b00000, 0x00000000e2b00000| Untracked 
|  44|0x00000000e2c00000, 0x00000000e2c00000, 0x00000000e2d00000|  0%| F|  |TAMS 0x00000000e2c00000, 0x00000000e2c00000| Untracked 
|  45|0x00000000e2d00000, 0x00000000e2d00000, 0x00000000e2e00000|  0%| F|  |TAMS 0x00000000e2d00000, 0x00000000e2d00000| Untracked 
|  46|0x00000000e2e00000, 0x00000000e2e00000, 0x00000000e2f00000|  0%| F|  |TAMS 0x00000000e2e00000, 0x00000000e2e00000| Untracked 
|  47|0x00000000e2f00000, 0x00000000e2f00000, 0x00000000e3000000|  0%| F|  |TAMS 0x00000000e2f00000, 0x00000000e2f00000| Untracked 
|  48|0x00000000e3000000, 0x00000000e3000000, 0x00000000e3100000|  0%| F|  |TAMS 0x00000000e3000000, 0x00000000e3000000| Untracked 
|  49|0x00000000e3100000, 0x00000000e3100000, 0x00000000e3200000|  0%| F|  |TAMS 0x00000000e3100000, 0x00000000e3100000| Untracked 
|  50|0x00000000e3200000, 0x00000000e3200000, 0x00000000e3300000|  0%| F|  |TAMS 0x00000000e3200000, 0x00000000e3200000| Untracked 
|  51|0x00000000e3300000, 0x00000000e3300000, 0x00000000e3400000|  0%| F|  |TAMS 0x00000000e3300000, 0x00000000e3300000| Untracked 
|  52|0x00000000e3400000, 0x00000000e3400000, 0x00000000e3500000|  0%| F|  |TAMS 0x00000000e3400000, 0x00000000e3400000| Untracked 
|  53|0x00000000e3500000, 0x00000000e3500000, 0x00000000e3600000|  0%| F|  |TAMS 0x00000000e3500000, 0x00000000e3500000| Untracked 
|  54|0x00000000e3600000, 0x00000000e3600000, 0x00000000e3700000|  0%| F|  |TAMS 0x00000000e3600000, 0x00000000e3600000| Untracked 
|  55|0x00000000e3700000, 0x00000000e3700000, 0x00000000e3800000|  0%| F|  |TAMS 0x00000000e3700000, 0x00000000e3700000| Untracked 
|  56|0x00000000e3800000, 0x00000000e3800000, 0x00000000e3900000|  0%| F|  |TAMS 0x00000000e3800000, 0x00000000e3800000| Untracked 
|  57|0x00000000e3900000, 0x00000000e3900000, 0x00000000e3a00000|  0%| F|  |TAMS 0x00000000e3900000, 0x00000000e3900000| Untracked 
|  58|0x00000000e3a00000, 0x00000000e3a00000, 0x00000000e3b00000|  0%| F|  |TAMS 0x00000000e3a00000, 0x00000000e3a00000| Untracked 
|  59|0x00000000e3b00000, 0x00000000e3b00000, 0x00000000e3c00000|  0%| F|  |TAMS 0x00000000e3b00000, 0x00000000e3b00000| Untracked 
|  60|0x00000000e3c00000, 0x00000000e3c00000, 0x00000000e3d00000|  0%| F|  |TAMS 0x00000000e3c00000, 0x00000000e3c00000| Untracked 
|  61|0x00000000e3d00000, 0x00000000e3d00000, 0x00000000e3e00000|  0%| F|  |TAMS 0x00000000e3d00000, 0x00000000e3d00000| Untracked 
|  62|0x00000000e3e00000, 0x00000000e3e00000, 0x00000000e3f00000|  0%| F|  |TAMS 0x00000000e3e00000, 0x00000000e3e00000| Untracked 
|  63|0x00000000e3f00000, 0x00000000e3f00000, 0x00000000e4000000|  0%| F|  |TAMS 0x00000000e3f00000, 0x00000000e3f00000| Untracked 
|  64|0x00000000e4000000, 0x00000000e4000000, 0x00000000e4100000|  0%| F|  |TAMS 0x00000000e4000000, 0x00000000e4000000| Untracked 
|  65|0x00000000e4100000, 0x00000000e4100000, 0x00000000e4200000|  0%| F|  |TAMS 0x00000000e4100000, 0x00000000e4100000| Untracked 
|  66|0x00000000e4200000, 0x00000000e4200000, 0x00000000e4300000|  0%| F|  |TAMS 0x00000000e4200000, 0x00000000e4200000| Untracked 
|  67|0x00000000e4300000, 0x00000000e4300000, 0x00000000e4400000|  0%| F|  |TAMS 0x00000000e4300000, 0x00000000e4300000| Untracked 
|  68|0x00000000e4400000, 0x00000000e4400000, 0x00000000e4500000|  0%| F|  |TAMS 0x00000000e4400000, 0x00000000e4400000| Untracked 
|  69|0x00000000e4500000, 0x00000000e4500000, 0x00000000e4600000|  0%| F|  |TAMS 0x00000000e4500000, 0x00000000e4500000| Untracked 
|  70|0x00000000e4600000, 0x00000000e4600000, 0x00000000e4700000|  0%| F|  |TAMS 0x00000000e4600000, 0x00000000e4600000| Untracked 
|  71|0x00000000e4700000, 0x00000000e4700000, 0x00000000e4800000|  0%| F|  |TAMS 0x00000000e4700000, 0x00000000e4700000| Untracked 
|  72|0x00000000e4800000, 0x00000000e4800000, 0x00000000e4900000|  0%| F|  |TAMS 0x00000000e4800000, 0x00000000e4800000| Untracked 
|  73|0x00000000e4900000, 0x00000000e4900000, 0x00000000e4a00000|  0%| F|  |TAMS 0x00000000e4900000, 0x00000000e4900000| Untracked 
|  74|0x00000000e4a00000, 0x00000000e4a00000, 0x00000000e4b00000|  0%| F|  |TAMS 0x00000000e4a00000, 0x00000000e4a00000| Untracked 
|  75|0x00000000e4b00000, 0x00000000e4b00000, 0x00000000e4c00000|  0%| F|  |TAMS 0x00000000e4b00000, 0x00000000e4b00000| Untracked 
|  76|0x00000000e4c00000, 0x00000000e4c00000, 0x00000000e4d00000|  0%| F|  |TAMS 0x00000000e4c00000, 0x00000000e4c00000| Untracked 
|  77|0x00000000e4d00000, 0x00000000e4d00000, 0x00000000e4e00000|  0%| F|  |TAMS 0x00000000e4d00000, 0x00000000e4d00000| Untracked 
|  78|0x00000000e4e00000, 0x00000000e4e00000, 0x00000000e4f00000|  0%| F|  |TAMS 0x00000000e4e00000, 0x00000000e4e00000| Untracked 
|  79|0x00000000e4f00000, 0x00000000e4f00000, 0x00000000e5000000|  0%| F|  |TAMS 0x00000000e4f00000, 0x00000000e4f00000| Untracked 
|  80|0x00000000e5000000, 0x00000000e5000000, 0x00000000e5100000|  0%| F|  |TAMS 0x00000000e5000000, 0x00000000e5000000| Untracked 
|  81|0x00000000e5100000, 0x00000000e5100000, 0x00000000e5200000|  0%| F|  |TAMS 0x00000000e5100000, 0x00000000e5100000| Untracked 
|  82|0x00000000e5200000, 0x00000000e5200000, 0x00000000e5300000|  0%| F|  |TAMS 0x00000000e5200000, 0x00000000e5200000| Untracked 
|  83|0x00000000e5300000, 0x00000000e5300000, 0x00000000e5400000|  0%| F|  |TAMS 0x00000000e5300000, 0x00000000e5300000| Untracked 
|  84|0x00000000e5400000, 0x00000000e5400000, 0x00000000e5500000|  0%| F|  |TAMS 0x00000000e5400000, 0x00000000e5400000| Untracked 
|  85|0x00000000e5500000, 0x00000000e5500000, 0x00000000e5600000|  0%| F|  |TAMS 0x00000000e5500000, 0x00000000e5500000| Untracked 
|  86|0x00000000e5600000, 0x00000000e5600000, 0x00000000e5700000|  0%| F|  |TAMS 0x00000000e5600000, 0x00000000e5600000| Untracked 
|  87|0x00000000e5700000, 0x00000000e5700000, 0x00000000e5800000|  0%| F|  |TAMS 0x00000000e5700000, 0x00000000e5700000| Untracked 
|  88|0x00000000e5800000, 0x00000000e5800000, 0x00000000e5900000|  0%| F|  |TAMS 0x00000000e5800000, 0x00000000e5800000| Untracked 
|  89|0x00000000e5900000, 0x00000000e5900000, 0x00000000e5a00000|  0%| F|  |TAMS 0x00000000e5900000, 0x00000000e5900000| Untracked 
|  90|0x00000000e5a00000, 0x00000000e5a00000, 0x00000000e5b00000|  0%| F|  |TAMS 0x00000000e5a00000, 0x00000000e5a00000| Untracked 
|  91|0x00000000e5b00000, 0x00000000e5b00000, 0x00000000e5c00000|  0%| F|  |TAMS 0x00000000e5b00000, 0x00000000e5b00000| Untracked 
|  92|0x00000000e5c00000, 0x00000000e5c00000, 0x00000000e5d00000|  0%| F|  |TAMS 0x00000000e5c00000, 0x00000000e5c00000| Untracked 
|  93|0x00000000e5d00000, 0x00000000e5d00000, 0x00000000e5e00000|  0%| F|  |TAMS 0x00000000e5d00000, 0x00000000e5d00000| Untracked 
|  94|0x00000000e5e00000, 0x00000000e5e00000, 0x00000000e5f00000|  0%| F|  |TAMS 0x00000000e5e00000, 0x00000000e5e00000| Untracked 
|  95|0x00000000e5f00000, 0x00000000e5f00000, 0x00000000e6000000|  0%| F|  |TAMS 0x00000000e5f00000, 0x00000000e5f00000| Untracked 
|  96|0x00000000e6000000, 0x00000000e6000000, 0x00000000e6100000|  0%| F|  |TAMS 0x00000000e6000000, 0x00000000e6000000| Untracked 
|  97|0x00000000e6100000, 0x00000000e6100000, 0x00000000e6200000|  0%| F|  |TAMS 0x00000000e6100000, 0x00000000e6100000| Untracked 
|  98|0x00000000e6200000, 0x00000000e6200000, 0x00000000e6300000|  0%| F|  |TAMS 0x00000000e6200000, 0x00000000e6200000| Untracked 
|  99|0x00000000e6300000, 0x00000000e6300000, 0x00000000e6400000|  0%| F|  |TAMS 0x00000000e6300000, 0x00000000e6300000| Untracked 
| 100|0x00000000e6400000, 0x00000000e6400000, 0x00000000e6500000|  0%| F|  |TAMS 0x00000000e6400000, 0x00000000e6400000| Untracked 
| 101|0x00000000e6500000, 0x00000000e6500000, 0x00000000e6600000|  0%| F|  |TAMS 0x00000000e6500000, 0x00000000e6500000| Untracked 
| 102|0x00000000e6600000, 0x00000000e6600000, 0x00000000e6700000|  0%| F|  |TAMS 0x00000000e6600000, 0x00000000e6600000| Untracked 
| 103|0x00000000e6700000, 0x00000000e6700000, 0x00000000e6800000|  0%| F|  |TAMS 0x00000000e6700000, 0x00000000e6700000| Untracked 
| 104|0x00000000e6800000, 0x00000000e6800000, 0x00000000e6900000|  0%| F|  |TAMS 0x00000000e6800000, 0x00000000e6800000| Untracked 
| 105|0x00000000e6900000, 0x00000000e6900000, 0x00000000e6a00000|  0%| F|  |TAMS 0x00000000e6900000, 0x00000000e6900000| Untracked 
| 106|0x00000000e6a00000, 0x00000000e6a00000, 0x00000000e6b00000|  0%| F|  |TAMS 0x00000000e6a00000, 0x00000000e6a00000| Untracked 
| 107|0x00000000e6b00000, 0x00000000e6b00000, 0x00000000e6c00000|  0%| F|  |TAMS 0x00000000e6b00000, 0x00000000e6b00000| Untracked 
| 108|0x00000000e6c00000, 0x00000000e6c00000, 0x00000000e6d00000|  0%| F|  |TAMS 0x00000000e6c00000, 0x00000000e6c00000| Untracked 
| 109|0x00000000e6d00000, 0x00000000e6d00000, 0x00000000e6e00000|  0%| F|  |TAMS 0x00000000e6d00000, 0x00000000e6d00000| Untracked 
| 110|0x00000000e6e00000, 0x00000000e6e00000, 0x00000000e6f00000|  0%| F|  |TAMS 0x00000000e6e00000, 0x00000000e6e00000| Untracked 
| 111|0x00000000e6f00000, 0x00000000e6f00000, 0x00000000e7000000|  0%| F|  |TAMS 0x00000000e6f00000, 0x00000000e6f00000| Untracked 
| 112|0x00000000e7000000, 0x00000000e7000000, 0x00000000e7100000|  0%| F|  |TAMS 0x00000000e7000000, 0x00000000e7000000| Untracked 
| 113|0x00000000e7100000, 0x00000000e7100000, 0x00000000e7200000|  0%| F|  |TAMS 0x00000000e7100000, 0x00000000e7100000| Untracked 
| 114|0x00000000e7200000, 0x00000000e7200000, 0x00000000e7300000|  0%| F|  |TAMS 0x00000000e7200000, 0x00000000e7200000| Untracked 
| 115|0x00000000e7300000, 0x00000000e7300000, 0x00000000e7400000|  0%| F|  |TAMS 0x00000000e7300000, 0x00000000e7300000| Untracked 
| 116|0x00000000e7400000, 0x00000000e7400000, 0x00000000e7500000|  0%| F|  |TAMS 0x00000000e7400000, 0x00000000e7400000| Untracked 
| 117|0x00000000e7500000, 0x00000000e7500000, 0x00000000e7600000|  0%| F|  |TAMS 0x00000000e7500000, 0x00000000e7500000| Untracked 
| 118|0x00000000e7600000, 0x00000000e7600000, 0x00000000e7700000|  0%| F|  |TAMS 0x00000000e7600000, 0x00000000e7600000| Untracked 
| 119|0x00000000e7700000, 0x00000000e7700000, 0x00000000e7800000|  0%| F|  |TAMS 0x00000000e7700000, 0x00000000e7700000| Untracked 
| 120|0x00000000e7800000, 0x00000000e7800000, 0x00000000e7900000|  0%| F|  |TAMS 0x00000000e7800000, 0x00000000e7800000| Untracked 
| 121|0x00000000e7900000, 0x00000000e7900000, 0x00000000e7a00000|  0%| F|  |TAMS 0x00000000e7900000, 0x00000000e7900000| Untracked 
| 122|0x00000000e7a00000, 0x00000000e7a00000, 0x00000000e7b00000|  0%| F|  |TAMS 0x00000000e7a00000, 0x00000000e7a00000| Untracked 
| 123|0x00000000e7b00000, 0x00000000e7b00000, 0x00000000e7c00000|  0%| F|  |TAMS 0x00000000e7b00000, 0x00000000e7b00000| Untracked 
| 124|0x00000000e7c00000, 0x00000000e7c00000, 0x00000000e7d00000|  0%| F|  |TAMS 0x00000000e7c00000, 0x00000000e7c00000| Untracked 
| 125|0x00000000e7d00000, 0x00000000e7d00000, 0x00000000e7e00000|  0%| F|  |TAMS 0x00000000e7d00000, 0x00000000e7d00000| Untracked 
| 126|0x00000000e7e00000, 0x00000000e7e00000, 0x00000000e7f00000|  0%| F|  |TAMS 0x00000000e7e00000, 0x00000000e7e00000| Untracked 
| 127|0x00000000e7f00000, 0x00000000e7f00000, 0x00000000e8000000|  0%| F|  |TAMS 0x00000000e7f00000, 0x00000000e7f00000| Untracked 
| 128|0x00000000e8000000, 0x00000000e8000000, 0x00000000e8100000|  0%| F|  |TAMS 0x00000000e8000000, 0x00000000e8000000| Untracked 
| 129|0x00000000e8100000, 0x00000000e8100000, 0x00000000e8200000|  0%| F|  |TAMS 0x00000000e8100000, 0x00000000e8100000| Untracked 
| 130|0x00000000e8200000, 0x00000000e8200000, 0x00000000e8300000|  0%| F|  |TAMS 0x00000000e8200000, 0x00000000e8200000| Untracked 
| 131|0x00000000e8300000, 0x00000000e8300000, 0x00000000e8400000|  0%| F|  |TAMS 0x00000000e8300000, 0x00000000e8300000| Untracked 
| 132|0x00000000e8400000, 0x00000000e8400000, 0x00000000e8500000|  0%| F|  |TAMS 0x00000000e8400000, 0x00000000e8400000| Untracked 
| 133|0x00000000e8500000, 0x00000000e8500000, 0x00000000e8600000|  0%| F|  |TAMS 0x00000000e8500000, 0x00000000e8500000| Untracked 
| 134|0x00000000e8600000, 0x00000000e8600000, 0x00000000e8700000|  0%| F|  |TAMS 0x00000000e8600000, 0x00000000e8600000| Untracked 
| 135|0x00000000e8700000, 0x00000000e8790420, 0x00000000e8800000| 56%| S|CS|TAMS 0x00000000e8700000, 0x00000000e8700000| Complete 
| 136|0x00000000e8800000, 0x00000000e8900000, 0x00000000e8900000|100%| S|CS|TAMS 0x00000000e8800000, 0x00000000e8800000| Complete 
| 137|0x00000000e8900000, 0x00000000e8a00000, 0x00000000e8a00000|100%| S|CS|TAMS 0x00000000e8900000, 0x00000000e8900000| Complete 
| 138|0x00000000e8a00000, 0x00000000e8b00000, 0x00000000e8b00000|100%| S|CS|TAMS 0x00000000e8a00000, 0x00000000e8a00000| Complete 
| 139|0x00000000e8b00000, 0x00000000e8c00000, 0x00000000e8c00000|100%| S|CS|TAMS 0x00000000e8b00000, 0x00000000e8b00000| Complete 
| 140|0x00000000e8c00000, 0x00000000e8d00000, 0x00000000e8d00000|100%| S|CS|TAMS 0x00000000e8c00000, 0x00000000e8c00000| Complete 
| 141|0x00000000e8d00000, 0x00000000e8e00000, 0x00000000e8e00000|100%| S|CS|TAMS 0x00000000e8d00000, 0x00000000e8d00000| Complete 
| 142|0x00000000e8e00000, 0x00000000e8f00000, 0x00000000e8f00000|100%| S|CS|TAMS 0x00000000e8e00000, 0x00000000e8e00000| Complete 
| 143|0x00000000e8f00000, 0x00000000e9000000, 0x00000000e9000000|100%| S|CS|TAMS 0x00000000e8f00000, 0x00000000e8f00000| Complete 
| 144|0x00000000e9000000, 0x00000000e9100000, 0x00000000e9100000|100%| S|CS|TAMS 0x00000000e9000000, 0x00000000e9000000| Complete 
| 145|0x00000000e9100000, 0x00000000e9200000, 0x00000000e9200000|100%| S|CS|TAMS 0x00000000e9100000, 0x00000000e9100000| Complete 
| 146|0x00000000e9200000, 0x00000000e9300000, 0x00000000e9300000|100%| S|CS|TAMS 0x00000000e9200000, 0x00000000e9200000| Complete 
| 147|0x00000000e9300000, 0x00000000e9300000, 0x00000000e9400000|  0%| F|  |TAMS 0x00000000e9300000, 0x00000000e9300000| Untracked 
| 148|0x00000000e9400000, 0x00000000e9400000, 0x00000000e9500000|  0%| F|  |TAMS 0x00000000e9400000, 0x00000000e9400000| Untracked 
| 149|0x00000000e9500000, 0x00000000e9500000, 0x00000000e9600000|  0%| F|  |TAMS 0x00000000e9500000, 0x00000000e9500000| Untracked 
| 150|0x00000000e9600000, 0x00000000e9600000, 0x00000000e9700000|  0%| F|  |TAMS 0x00000000e9600000, 0x00000000e9600000| Untracked 
| 151|0x00000000e9700000, 0x00000000e9700000, 0x00000000e9800000|  0%| F|  |TAMS 0x00000000e9700000, 0x00000000e9700000| Untracked 
| 152|0x00000000e9800000, 0x00000000e9800000, 0x00000000e9900000|  0%| F|  |TAMS 0x00000000e9800000, 0x00000000e9800000| Untracked 
| 153|0x00000000e9900000, 0x00000000e9900000, 0x00000000e9a00000|  0%| F|  |TAMS 0x00000000e9900000, 0x00000000e9900000| Untracked 
| 154|0x00000000e9a00000, 0x00000000e9a00000, 0x00000000e9b00000|  0%| F|  |TAMS 0x00000000e9a00000, 0x00000000e9a00000| Untracked 
| 155|0x00000000e9b00000, 0x00000000e9b00000, 0x00000000e9c00000|  0%| F|  |TAMS 0x00000000e9b00000, 0x00000000e9b00000| Untracked 
| 156|0x00000000e9c00000, 0x00000000e9c00000, 0x00000000e9d00000|  0%| F|  |TAMS 0x00000000e9c00000, 0x00000000e9c00000| Untracked 
| 157|0x00000000e9d00000, 0x00000000e9d00000, 0x00000000e9e00000|  0%| F|  |TAMS 0x00000000e9d00000, 0x00000000e9d00000| Untracked 
| 158|0x00000000e9e00000, 0x00000000e9e00000, 0x00000000e9f00000|  0%| F|  |TAMS 0x00000000e9e00000, 0x00000000e9e00000| Untracked 
| 159|0x00000000e9f00000, 0x00000000e9f00000, 0x00000000ea000000|  0%| F|  |TAMS 0x00000000e9f00000, 0x00000000e9f00000| Untracked 
| 160|0x00000000ea000000, 0x00000000ea000000, 0x00000000ea100000|  0%| F|  |TAMS 0x00000000ea000000, 0x00000000ea000000| Untracked 
| 161|0x00000000ea100000, 0x00000000ea100000, 0x00000000ea200000|  0%| F|  |TAMS 0x00000000ea100000, 0x00000000ea100000| Untracked 
| 162|0x00000000ea200000, 0x00000000ea200000, 0x00000000ea300000|  0%| F|  |TAMS 0x00000000ea200000, 0x00000000ea200000| Untracked 
| 163|0x00000000ea300000, 0x00000000ea300000, 0x00000000ea400000|  0%| F|  |TAMS 0x00000000ea300000, 0x00000000ea300000| Untracked 
| 164|0x00000000ea400000, 0x00000000ea400000, 0x00000000ea500000|  0%| F|  |TAMS 0x00000000ea400000, 0x00000000ea400000| Untracked 
| 165|0x00000000ea500000, 0x00000000ea500000, 0x00000000ea600000|  0%| F|  |TAMS 0x00000000ea500000, 0x00000000ea500000| Untracked 
| 166|0x00000000ea600000, 0x00000000ea600000, 0x00000000ea700000|  0%| F|  |TAMS 0x00000000ea600000, 0x00000000ea600000| Untracked 
| 167|0x00000000ea700000, 0x00000000ea700000, 0x00000000ea800000|  0%| F|  |TAMS 0x00000000ea700000, 0x00000000ea700000| Untracked 
| 168|0x00000000ea800000, 0x00000000ea800000, 0x00000000ea900000|  0%| F|  |TAMS 0x00000000ea800000, 0x00000000ea800000| Untracked 
| 169|0x00000000ea900000, 0x00000000ea900000, 0x00000000eaa00000|  0%| F|  |TAMS 0x00000000ea900000, 0x00000000ea900000| Untracked 
| 170|0x00000000eaa00000, 0x00000000eaa00000, 0x00000000eab00000|  0%| F|  |TAMS 0x00000000eaa00000, 0x00000000eaa00000| Untracked 
| 171|0x00000000eab00000, 0x00000000eab00000, 0x00000000eac00000|  0%| F|  |TAMS 0x00000000eab00000, 0x00000000eab00000| Untracked 
| 172|0x00000000eac00000, 0x00000000eac00000, 0x00000000ead00000|  0%| F|  |TAMS 0x00000000eac00000, 0x00000000eac00000| Untracked 
| 173|0x00000000ead00000, 0x00000000ead00000, 0x00000000eae00000|  0%| F|  |TAMS 0x00000000ead00000, 0x00000000ead00000| Untracked 
| 174|0x00000000eae00000, 0x00000000eae00000, 0x00000000eaf00000|  0%| F|  |TAMS 0x00000000eae00000, 0x00000000eae00000| Untracked 
| 175|0x00000000eaf00000, 0x00000000eaf00000, 0x00000000eb000000|  0%| F|  |TAMS 0x00000000eaf00000, 0x00000000eaf00000| Untracked 
| 176|0x00000000eb000000, 0x00000000eb000000, 0x00000000eb100000|  0%| F|  |TAMS 0x00000000eb000000, 0x00000000eb000000| Untracked 
| 177|0x00000000eb100000, 0x00000000eb100000, 0x00000000eb200000|  0%| F|  |TAMS 0x00000000eb100000, 0x00000000eb100000| Untracked 
| 178|0x00000000eb200000, 0x00000000eb200000, 0x00000000eb300000|  0%| F|  |TAMS 0x00000000eb200000, 0x00000000eb200000| Untracked 
| 179|0x00000000eb300000, 0x00000000eb300000, 0x00000000eb400000|  0%| F|  |TAMS 0x00000000eb300000, 0x00000000eb300000| Untracked 
| 180|0x00000000eb400000, 0x00000000eb400000, 0x00000000eb500000|  0%| F|  |TAMS 0x00000000eb400000, 0x00000000eb400000| Untracked 
| 181|0x00000000eb500000, 0x00000000eb500000, 0x00000000eb600000|  0%| F|  |TAMS 0x00000000eb500000, 0x00000000eb500000| Untracked 
| 182|0x00000000eb600000, 0x00000000eb600000, 0x00000000eb700000|  0%| F|  |TAMS 0x00000000eb600000, 0x00000000eb600000| Untracked 
| 183|0x00000000eb700000, 0x00000000eb700000, 0x00000000eb800000|  0%| F|  |TAMS 0x00000000eb700000, 0x00000000eb700000| Untracked 
| 184|0x00000000eb800000, 0x00000000eb800000, 0x00000000eb900000|  0%| F|  |TAMS 0x00000000eb800000, 0x00000000eb800000| Untracked 
| 185|0x00000000eb900000, 0x00000000eba00000, 0x00000000eba00000|100%| E|  |TAMS 0x00000000eb900000, 0x00000000eb900000| Complete 
| 186|0x00000000eba00000, 0x00000000ebb00000, 0x00000000ebb00000|100%| E|CS|TAMS 0x00000000eba00000, 0x00000000eba00000| Complete 
| 187|0x00000000ebb00000, 0x00000000ebc00000, 0x00000000ebc00000|100%| E|CS|TAMS 0x00000000ebb00000, 0x00000000ebb00000| Complete 
| 188|0x00000000ebc00000, 0x00000000ebd00000, 0x00000000ebd00000|100%| E|CS|TAMS 0x00000000ebc00000, 0x00000000ebc00000| Complete 
| 189|0x00000000ebd00000, 0x00000000ebe00000, 0x00000000ebe00000|100%| E|CS|TAMS 0x00000000ebd00000, 0x00000000ebd00000| Complete 
| 190|0x00000000ebe00000, 0x00000000ebf00000, 0x00000000ebf00000|100%| E|CS|TAMS 0x00000000ebe00000, 0x00000000ebe00000| Complete 
| 191|0x00000000ebf00000, 0x00000000ec000000, 0x00000000ec000000|100%| E|CS|TAMS 0x00000000ebf00000, 0x00000000ebf00000| Complete 
| 192|0x00000000ec000000, 0x00000000ec100000, 0x00000000ec100000|100%| E|CS|TAMS 0x00000000ec000000, 0x00000000ec000000| Complete 
| 193|0x00000000ec100000, 0x00000000ec200000, 0x00000000ec200000|100%| E|CS|TAMS 0x00000000ec100000, 0x00000000ec100000| Complete 
| 194|0x00000000ec200000, 0x00000000ec300000, 0x00000000ec300000|100%| E|CS|TAMS 0x00000000ec200000, 0x00000000ec200000| Complete 
| 195|0x00000000ec300000, 0x00000000ec400000, 0x00000000ec400000|100%| E|CS|TAMS 0x00000000ec300000, 0x00000000ec300000| Complete 
| 196|0x00000000ec400000, 0x00000000ec500000, 0x00000000ec500000|100%| E|CS|TAMS 0x00000000ec400000, 0x00000000ec400000| Complete 
| 197|0x00000000ec500000, 0x00000000ec600000, 0x00000000ec600000|100%| E|CS|TAMS 0x00000000ec500000, 0x00000000ec500000| Complete 
| 198|0x00000000ec600000, 0x00000000ec700000, 0x00000000ec700000|100%| E|CS|TAMS 0x00000000ec600000, 0x00000000ec600000| Complete 
| 199|0x00000000ec700000, 0x00000000ec800000, 0x00000000ec800000|100%| E|CS|TAMS 0x00000000ec700000, 0x00000000ec700000| Complete 
| 200|0x00000000ec800000, 0x00000000ec900000, 0x00000000ec900000|100%| E|CS|TAMS 0x00000000ec800000, 0x00000000ec800000| Complete 
| 201|0x00000000ec900000, 0x00000000eca00000, 0x00000000eca00000|100%| E|CS|TAMS 0x00000000ec900000, 0x00000000ec900000| Complete 
| 202|0x00000000eca00000, 0x00000000ecb00000, 0x00000000ecb00000|100%| E|CS|TAMS 0x00000000eca00000, 0x00000000eca00000| Complete 
| 203|0x00000000ecb00000, 0x00000000ecc00000, 0x00000000ecc00000|100%| E|CS|TAMS 0x00000000ecb00000, 0x00000000ecb00000| Complete 
| 204|0x00000000ecc00000, 0x00000000ecd00000, 0x00000000ecd00000|100%| E|CS|TAMS 0x00000000ecc00000, 0x00000000ecc00000| Complete 
| 205|0x00000000ecd00000, 0x00000000ece00000, 0x00000000ece00000|100%| E|CS|TAMS 0x00000000ecd00000, 0x00000000ecd00000| Complete 
| 206|0x00000000ece00000, 0x00000000ecf00000, 0x00000000ecf00000|100%| E|CS|TAMS 0x00000000ece00000, 0x00000000ece00000| Complete 
| 207|0x00000000ecf00000, 0x00000000ed000000, 0x00000000ed000000|100%| E|CS|TAMS 0x00000000ecf00000, 0x00000000ecf00000| Complete 
| 208|0x00000000ed000000, 0x00000000ed100000, 0x00000000ed100000|100%| E|CS|TAMS 0x00000000ed000000, 0x00000000ed000000| Complete 
| 209|0x00000000ed100000, 0x00000000ed200000, 0x00000000ed200000|100%| E|CS|TAMS 0x00000000ed100000, 0x00000000ed100000| Complete 
| 210|0x00000000ed200000, 0x00000000ed300000, 0x00000000ed300000|100%| E|CS|TAMS 0x00000000ed200000, 0x00000000ed200000| Complete 
| 211|0x00000000ed300000, 0x00000000ed400000, 0x00000000ed400000|100%| E|CS|TAMS 0x00000000ed300000, 0x00000000ed300000| Complete 
| 212|0x00000000ed400000, 0x00000000ed500000, 0x00000000ed500000|100%| E|CS|TAMS 0x00000000ed400000, 0x00000000ed400000| Complete 
| 213|0x00000000ed500000, 0x00000000ed600000, 0x00000000ed600000|100%| E|CS|TAMS 0x00000000ed500000, 0x00000000ed500000| Complete 
| 214|0x00000000ed600000, 0x00000000ed700000, 0x00000000ed700000|100%| E|CS|TAMS 0x00000000ed600000, 0x00000000ed600000| Complete 
| 215|0x00000000ed700000, 0x00000000ed800000, 0x00000000ed800000|100%| E|CS|TAMS 0x00000000ed700000, 0x00000000ed700000| Complete 
| 216|0x00000000ed800000, 0x00000000ed900000, 0x00000000ed900000|100%| E|CS|TAMS 0x00000000ed800000, 0x00000000ed800000| Complete 
| 217|0x00000000ed900000, 0x00000000eda00000, 0x00000000eda00000|100%| E|CS|TAMS 0x00000000ed900000, 0x00000000ed900000| Complete 
| 218|0x00000000eda00000, 0x00000000edb00000, 0x00000000edb00000|100%| E|CS|TAMS 0x00000000eda00000, 0x00000000eda00000| Complete 
| 219|0x00000000edb00000, 0x00000000edc00000, 0x00000000edc00000|100%| E|CS|TAMS 0x00000000edb00000, 0x00000000edb00000| Complete 
| 220|0x00000000edc00000, 0x00000000edd00000, 0x00000000edd00000|100%| E|CS|TAMS 0x00000000edc00000, 0x00000000edc00000| Complete 
| 221|0x00000000edd00000, 0x00000000ede00000, 0x00000000ede00000|100%| E|CS|TAMS 0x00000000edd00000, 0x00000000edd00000| Complete 
| 222|0x00000000ede00000, 0x00000000edf00000, 0x00000000edf00000|100%| E|CS|TAMS 0x00000000ede00000, 0x00000000ede00000| Complete 
| 223|0x00000000edf00000, 0x00000000ee000000, 0x00000000ee000000|100%| E|CS|TAMS 0x00000000edf00000, 0x00000000edf00000| Complete 
| 224|0x00000000ee000000, 0x00000000ee100000, 0x00000000ee100000|100%| E|CS|TAMS 0x00000000ee000000, 0x00000000ee000000| Complete 
| 225|0x00000000ee100000, 0x00000000ee200000, 0x00000000ee200000|100%| E|CS|TAMS 0x00000000ee100000, 0x00000000ee100000| Complete 
| 226|0x00000000ee200000, 0x00000000ee300000, 0x00000000ee300000|100%| E|CS|TAMS 0x00000000ee200000, 0x00000000ee200000| Complete 
| 227|0x00000000ee300000, 0x00000000ee400000, 0x00000000ee400000|100%| E|CS|TAMS 0x00000000ee300000, 0x00000000ee300000| Complete 
| 228|0x00000000ee400000, 0x00000000ee500000, 0x00000000ee500000|100%| E|CS|TAMS 0x00000000ee400000, 0x00000000ee400000| Complete 
| 229|0x00000000ee500000, 0x00000000ee600000, 0x00000000ee600000|100%| E|CS|TAMS 0x00000000ee500000, 0x00000000ee500000| Complete 
| 230|0x00000000ee600000, 0x00000000ee700000, 0x00000000ee700000|100%| E|CS|TAMS 0x00000000ee600000, 0x00000000ee600000| Complete 
| 231|0x00000000ee700000, 0x00000000ee800000, 0x00000000ee800000|100%| E|CS|TAMS 0x00000000ee700000, 0x00000000ee700000| Complete 
| 232|0x00000000ee800000, 0x00000000ee900000, 0x00000000ee900000|100%| E|  |TAMS 0x00000000ee800000, 0x00000000ee800000| Complete 
| 233|0x00000000ee900000, 0x00000000eea00000, 0x00000000eea00000|100%| E|CS|TAMS 0x00000000ee900000, 0x00000000ee900000| Complete 
| 234|0x00000000eea00000, 0x00000000eeb00000, 0x00000000eeb00000|100%| E|CS|TAMS 0x00000000eea00000, 0x00000000eea00000| Complete 
| 235|0x00000000eeb00000, 0x00000000eec00000, 0x00000000eec00000|100%| E|CS|TAMS 0x00000000eeb00000, 0x00000000eeb00000| Complete 
| 236|0x00000000eec00000, 0x00000000eed00000, 0x00000000eed00000|100%| E|CS|TAMS 0x00000000eec00000, 0x00000000eec00000| Complete 
| 237|0x00000000eed00000, 0x00000000eee00000, 0x00000000eee00000|100%| E|CS|TAMS 0x00000000eed00000, 0x00000000eed00000| Complete 
| 238|0x00000000eee00000, 0x00000000eef00000, 0x00000000eef00000|100%| E|CS|TAMS 0x00000000eee00000, 0x00000000eee00000| Complete 
| 239|0x00000000eef00000, 0x00000000ef000000, 0x00000000ef000000|100%| E|CS|TAMS 0x00000000eef00000, 0x00000000eef00000| Complete 
| 240|0x00000000ef000000, 0x00000000ef100000, 0x00000000ef100000|100%| E|CS|TAMS 0x00000000ef000000, 0x00000000ef000000| Complete 
| 241|0x00000000ef100000, 0x00000000ef200000, 0x00000000ef200000|100%| E|CS|TAMS 0x00000000ef100000, 0x00000000ef100000| Complete 
| 242|0x00000000ef200000, 0x00000000ef300000, 0x00000000ef300000|100%| E|CS|TAMS 0x00000000ef200000, 0x00000000ef200000| Complete 
| 243|0x00000000ef300000, 0x00000000ef400000, 0x00000000ef400000|100%| E|CS|TAMS 0x00000000ef300000, 0x00000000ef300000| Complete 
| 244|0x00000000ef400000, 0x00000000ef500000, 0x00000000ef500000|100%| E|CS|TAMS 0x00000000ef400000, 0x00000000ef400000| Complete 
| 245|0x00000000ef500000, 0x00000000ef600000, 0x00000000ef600000|100%| E|CS|TAMS 0x00000000ef500000, 0x00000000ef500000| Complete 
| 246|0x00000000ef600000, 0x00000000ef700000, 0x00000000ef700000|100%| E|CS|TAMS 0x00000000ef600000, 0x00000000ef600000| Complete 
| 247|0x00000000ef700000, 0x00000000ef800000, 0x00000000ef800000|100%| E|CS|TAMS 0x00000000ef700000, 0x00000000ef700000| Complete 
| 248|0x00000000ef800000, 0x00000000ef900000, 0x00000000ef900000|100%| E|CS|TAMS 0x00000000ef800000, 0x00000000ef800000| Complete 
| 249|0x00000000ef900000, 0x00000000efa00000, 0x00000000efa00000|100%| E|CS|TAMS 0x00000000ef900000, 0x00000000ef900000| Complete 
| 250|0x00000000efa00000, 0x00000000efb00000, 0x00000000efb00000|100%| E|CS|TAMS 0x00000000efa00000, 0x00000000efa00000| Complete 
| 251|0x00000000efb00000, 0x00000000efc00000, 0x00000000efc00000|100%| E|CS|TAMS 0x00000000efb00000, 0x00000000efb00000| Complete 
| 252|0x00000000efc00000, 0x00000000efd00000, 0x00000000efd00000|100%| E|CS|TAMS 0x00000000efc00000, 0x00000000efc00000| Complete 
| 253|0x00000000efd00000, 0x00000000efe00000, 0x00000000efe00000|100%| E|CS|TAMS 0x00000000efd00000, 0x00000000efd00000| Complete 
| 254|0x00000000efe00000, 0x00000000eff00000, 0x00000000eff00000|100%| E|CS|TAMS 0x00000000efe00000, 0x00000000efe00000| Complete 
| 255|0x00000000eff00000, 0x00000000f0000000, 0x00000000f0000000|100%| E|CS|TAMS 0x00000000eff00000, 0x00000000eff00000| Complete 

Card table byte_map: [0x000001b85e9a0000,0x000001b85eaa0000] _byte_map_base: 0x000001b85e2a0000

Marking Bits (Prev, Next): (CMBitMap*) 0x000001b845b0ac80, (CMBitMap*) 0x000001b845b0ac40
 Prev Bits: [0x000001b85f3a0000, 0x000001b85fba0000)
 Next Bits: [0x000001b85eba0000, 0x000001b85f3a0000)

Polling page: 0x000001b8455a0000

Metaspace:

Usage:
  Non-class:     25.20 MB used.
      Class:      4.26 MB used.
       Both:     29.46 MB used.

Virtual space:
  Non-class space:       64.00 MB reserved,      25.44 MB ( 40%) committed,  1 nodes.
      Class space:      320.00 MB reserved,       4.50 MB (  1%) committed,  1 nodes.
             Both:      384.00 MB reserved,      29.94 MB (  8%) committed. 

Chunk freelists:
   Non-Class:  6.14 MB
       Class:  11.48 MB
        Both:  17.62 MB

MaxMetaspaceSize: 384.00 MB
CompressedClassSpaceSize: 320.00 MB
Initial GC threshold: 21.00 MB
Current GC threshold: 35.31 MB
CDS: on
MetaspaceReclaimPolicy: balanced
 - commit_granule_bytes: 65536.
 - commit_granule_words: 8192.
 - virtual_space_node_default_size: 8388608.
 - enlarge_chunks_in_place: 1.
 - new_chunks_are_fully_committed: 0.
 - uncommit_free_chunks: 1.
 - use_allocation_guard: 0.
 - handle_deallocations: 1.


Internal statistics:

num_allocs_failed_limit: 3.
num_arena_births: 466.
num_arena_deaths: 0.
num_vsnodes_births: 2.
num_vsnodes_deaths: 0.
num_space_committed: 479.
num_space_uncommitted: 0.
num_chunks_returned_to_freelist: 3.
num_chunks_taken_from_freelist: 1649.
num_chunk_merges: 3.
num_chunk_splits: 1049.
num_chunks_enlarged: 693.
num_inconsistent_stats: 0.

CodeHeap 'non-profiled nmethods': size=120000Kb used=2337Kb max_used=2337Kb free=117662Kb
 bounds [0x000001b8566f0000, 0x000001b856960000, 0x000001b85dc20000]
CodeHeap 'profiled nmethods': size=120000Kb used=7602Kb max_used=7602Kb free=112397Kb
 bounds [0x000001b84ec20000, 0x000001b84f390000, 0x000001b856150000]
CodeHeap 'non-nmethods': size=5760Kb used=1260Kb max_used=1308Kb free=4499Kb
 bounds [0x000001b856150000, 0x000001b8563c0000, 0x000001b8566f0000]
 total_blobs=4235 nmethods=3662 adapters=485
 compilation: enabled
              stopped_count=0, restarted_count=0
 full_count=0

Compilation events (20 events):
Event: 46.662 Thread 0x000001b86280f980 nmethod 3640 0x000001b856931190 code [0x000001b856931320, 0x000001b8569313c8]
Event: 46.664 Thread 0x000001b86280f980 3641       4       java.util.zip.ZipFile::getZipEntry (322 bytes)
Event: 46.680 Thread 0x000001b86280f980 nmethod 3641 0x000001b856931490 code [0x000001b856931680, 0x000001b8569324e8]
Event: 46.681 Thread 0x000001b86280f980 3642       4       java.util.zip.ZipEntry::<init> (84 bytes)
Event: 46.683 Thread 0x000001b86280f980 nmethod 3642 0x000001b856932d90 code [0x000001b856932f00, 0x000001b8569330b8]
Event: 46.686 Thread 0x000001b86280f980 3643   !   4       java.util.zip.ZipFile::getInputStream (275 bytes)
Event: 46.712 Thread 0x000001b86280f980 nmethod 3643 0x000001b856933210 code [0x000001b856933440, 0x000001b856934b40]
Event: 46.713 Thread 0x000001b86280f980 3644       4       java.util.zip.ZipFile$ZipFileInputStream::<init> (96 bytes)
Event: 46.716 Thread 0x000001b86280f980 nmethod 3644 0x000001b856935a10 code [0x000001b856935ba0, 0x000001b856935f38]
Event: 46.716 Thread 0x000001b86280f980 3645       4       java.util.zip.ZipFile$ZipFileInflaterInputStream::<init> (14 bytes)
Event: 46.718 Thread 0x000001b862811d10 3647       3       org.codehaus.groovy.reflection.CachedMethod::compareToCachedMethod (160 bytes)
Event: 46.719 Thread 0x000001b862811d10 nmethod 3647 0x000001b84f382590 code [0x000001b84f3828e0, 0x000001b84f383ca8]
Event: 46.719 Thread 0x000001b862811d10 3646       3       org.codehaus.groovy.reflection.CachedMethod::compareTo (25 bytes)
Event: 46.720 Thread 0x000001b862811d10 nmethod 3646 0x000001b84f384510 code [0x000001b84f3846e0, 0x000001b84f384b98]
Event: 46.720 Thread 0x000001b862811d10 3648       3       java.util.LinkedList$ListItr::checkForComodification (23 bytes)
Event: 46.720 Thread 0x000001b862811d10 nmethod 3648 0x000001b84f384c90 code [0x000001b84f384e40, 0x000001b84f385068]
Event: 46.720 Thread 0x000001b862811d10 3649       3       java.util.concurrent.atomic.AtomicInteger::<init> (5 bytes)
Event: 46.721 Thread 0x000001b862811d10 nmethod 3649 0x000001b84f385190 code [0x000001b84f385340, 0x000001b84f3854f8]
Event: 46.722 Thread 0x000001b862811d10 3650       3       org.codehaus.groovy.reflection.CachedClass::getCachedSuperClass (11 bytes)
Event: 46.724 Thread 0x000001b86280f980 nmethod 3645 0x000001b856936190 code [0x000001b856936360, 0x000001b856936b48]

GC Heap History (8 events):
Event: 1.691 GC heap before
{Heap before GC invocations=0 (full 0):
 garbage-first heap   total 262144K, used 23552K [0x00000000e0000000, 0x0000000100000000)
  region size 1024K, 23 young (23552K), 0 survivors (0K)
 Metaspace       used 1045K, committed 1216K, reserved 393216K
  class space    used 73K, committed 128K, reserved 327680K
}
Event: 1.705 GC heap after
{Heap after GC invocations=1 (full 0):
 garbage-first heap   total 262144K, used 1794K [0x00000000e0000000, 0x0000000100000000)
  region size 1024K, 2 young (2048K), 2 survivors (2048K)
 Metaspace       used 1045K, committed 1216K, reserved 393216K
  class space    used 73K, committed 128K, reserved 327680K
}
Event: 5.593 GC heap before
{Heap before GC invocations=1 (full 0):
 garbage-first heap   total 262144K, used 40706K [0x00000000e0000000, 0x0000000100000000)
  region size 1024K, 38 young (38912K), 2 survivors (2048K)
 Metaspace       used 4380K, committed 4544K, reserved 393216K
  class space    used 546K, committed 640K, reserved 327680K
}
Event: 5.603 GC heap after
{Heap after GC invocations=2 (full 0):
 garbage-first heap   total 262144K, used 10764K [0x00000000e0000000, 0x0000000100000000)
  region size 1024K, 5 young (5120K), 5 survivors (5120K)
 Metaspace       used 4380K, committed 4544K, reserved 393216K
  class space    used 546K, committed 640K, reserved 327680K
}
Event: 9.420 GC heap before
{Heap before GC invocations=2 (full 0):
 garbage-first heap   total 262144K, used 60940K [0x00000000e0000000, 0x0000000100000000)
  region size 1024K, 52 young (53248K), 5 survivors (5120K)
 Metaspace       used 4791K, committed 4992K, reserved 393216K
  class space    used 610K, committed 704K, reserved 327680K
}
Event: 9.434 GC heap after
{Heap after GC invocations=3 (full 0):
 garbage-first heap   total 262144K, used 16266K [0x00000000e0000000, 0x0000000100000000)
  region size 1024K, 5 young (5120K), 5 survivors (5120K)
 Metaspace       used 4791K, committed 4992K, reserved 393216K
  class space    used 610K, committed 704K, reserved 327680K
}
Event: 38.395 GC heap before
{Heap before GC invocations=3 (full 0):
 garbage-first heap   total 262144K, used 121738K [0x00000000e0000000, 0x0000000100000000)
  region size 1024K, 109 young (111616K), 5 survivors (5120K)
 Metaspace       used 21185K, committed 21504K, reserved 393216K
  class space    used 3081K, committed 3264K, reserved 327680K
}
Event: 38.421 GC heap after
{Heap after GC invocations=4 (full 0):
 garbage-first heap   total 262144K, used 23627K [0x00000000e0000000, 0x0000000100000000)
  region size 1024K, 12 young (12288K), 12 survivors (12288K)
 Metaspace       used 21185K, committed 21504K, reserved 393216K
  class space    used 3081K, committed 3264K, reserved 327680K
}

Dll operation events (15 events):
Event: 0.084 Loaded shared library C:\Program Files\Eclipse Adoptium\jdk-17.0.12.7-hotspot\bin\java.dll
Event: 0.124 Loaded shared library C:\Program Files\Eclipse Adoptium\jdk-17.0.12.7-hotspot\bin\jsvml.dll
Event: 0.253 Loaded shared library C:\Program Files\Eclipse Adoptium\jdk-17.0.12.7-hotspot\bin\zip.dll
Event: 0.279 Loaded shared library C:\Program Files\Eclipse Adoptium\jdk-17.0.12.7-hotspot\bin\instrument.dll
Event: 0.320 Loaded shared library C:\Program Files\Eclipse Adoptium\jdk-17.0.12.7-hotspot\bin\net.dll
Event: 0.346 Loaded shared library C:\Program Files\Eclipse Adoptium\jdk-17.0.12.7-hotspot\bin\nio.dll
Event: 0.355 Loaded shared library C:\Program Files\Eclipse Adoptium\jdk-17.0.12.7-hotspot\bin\zip.dll
Event: 1.502 Loaded shared library C:\Program Files\Eclipse Adoptium\jdk-17.0.12.7-hotspot\bin\jimage.dll
Event: 2.285 Loaded shared library C:\Program Files\Eclipse Adoptium\jdk-17.0.12.7-hotspot\bin\verify.dll
Event: 2.772 Loaded shared library C:\Users\LENOVO\.gradle\native\1def1411415f61bf3af743bc5b6707747c0891f09f0c88961ee8f79bc544acac\windows-amd64\native-platform.dll
Event: 2.859 Loaded shared library C:\Users\LENOVO\.gradle\native\0.2.7\x86_64-windows-gnu\gradle-fileevents.dll
Event: 10.567 Loaded shared library C:\Program Files\Eclipse Adoptium\jdk-17.0.12.7-hotspot\bin\management.dll
Event: 10.581 Loaded shared library C:\Program Files\Eclipse Adoptium\jdk-17.0.12.7-hotspot\bin\management_ext.dll
Event: 12.120 Loaded shared library C:\Program Files\Eclipse Adoptium\jdk-17.0.12.7-hotspot\bin\extnet.dll
Event: 23.294 Loaded shared library C:\Program Files\Eclipse Adoptium\jdk-17.0.12.7-hotspot\bin\sunmscapi.dll

Deoptimization events (20 events):
Event: 46.067 Thread 0x000001b845ae4900 Uncommon trap: trap_request=0xffffffc6 fr.pc=0x000001b8568cdd70 relative=0x00000000000006d0
Event: 46.067 Thread 0x000001b845ae4900 Uncommon trap: reason=bimorphic_or_optimized_type_check action=maybe_recompile pc=0x000001b8568cdd70 method=java.io.BufferedInputStream.read([BII)I @ 101 c2
Event: 46.067 Thread 0x000001b845ae4900 DEOPT PACKING pc=0x000001b8568cdd70 sp=0x0000002d47af71c0
Event: 46.067 Thread 0x000001b845ae4900 DEOPT UNPACKING pc=0x000001b8561a69a3 sp=0x0000002d47af7178 mode 2
Event: 46.068 Thread 0x000001b845ae4900 Uncommon trap: trap_request=0xffffffc6 fr.pc=0x000001b8568cdd70 relative=0x00000000000006d0
Event: 46.068 Thread 0x000001b845ae4900 Uncommon trap: reason=bimorphic_or_optimized_type_check action=maybe_recompile pc=0x000001b8568cdd70 method=java.io.BufferedInputStream.read([BII)I @ 101 c2
Event: 46.068 Thread 0x000001b845ae4900 DEOPT PACKING pc=0x000001b8568cdd70 sp=0x0000002d47af71c0
Event: 46.068 Thread 0x000001b845ae4900 DEOPT UNPACKING pc=0x000001b8561a69a3 sp=0x0000002d47af7178 mode 2
Event: 46.069 Thread 0x000001b845ae4900 Uncommon trap: trap_request=0xffffffc6 fr.pc=0x000001b8568cdd70 relative=0x00000000000006d0
Event: 46.070 Thread 0x000001b845ae4900 Uncommon trap: reason=bimorphic_or_optimized_type_check action=maybe_recompile pc=0x000001b8568cdd70 method=java.io.BufferedInputStream.read([BII)I @ 101 c2
Event: 46.071 Thread 0x000001b845ae4900 DEOPT PACKING pc=0x000001b8568cdd70 sp=0x0000002d47af71c0
Event: 46.071 Thread 0x000001b845ae4900 DEOPT UNPACKING pc=0x000001b8561a69a3 sp=0x0000002d47af7178 mode 2
Event: 46.072 Thread 0x000001b845ae4900 Uncommon trap: trap_request=0xffffffc6 fr.pc=0x000001b8568cdd70 relative=0x00000000000006d0
Event: 46.073 Thread 0x000001b845ae4900 Uncommon trap: reason=bimorphic_or_optimized_type_check action=maybe_recompile pc=0x000001b8568cdd70 method=java.io.BufferedInputStream.read([BII)I @ 101 c2
Event: 46.073 Thread 0x000001b845ae4900 DEOPT PACKING pc=0x000001b8568cdd70 sp=0x0000002d47af71c0
Event: 46.073 Thread 0x000001b845ae4900 DEOPT UNPACKING pc=0x000001b8561a69a3 sp=0x0000002d47af7178 mode 2
Event: 46.330 Thread 0x000001b845ae4900 Uncommon trap: trap_request=0xffffff45 fr.pc=0x000001b85687d788 relative=0x00000000000005a8
Event: 46.330 Thread 0x000001b845ae4900 Uncommon trap: reason=unstable_if action=reinterpret pc=0x000001b85687d788 method=jdk.internal.org.objectweb.asm.MethodWriter.visitVarInsn(II)V @ 108 c2
Event: 46.330 Thread 0x000001b845ae4900 DEOPT PACKING pc=0x000001b85687d788 sp=0x0000002d47af0280
Event: 46.330 Thread 0x000001b845ae4900 DEOPT UNPACKING pc=0x000001b8561a69a3 sp=0x0000002d47af0248 mode 2

Classes loaded (20 events):
Event: 46.512 Loading class java/lang/IllegalCallerException
Event: 46.512 Loading class java/lang/IllegalCallerException done
Event: 46.621 Loading class java/lang/ProcessHandle
Event: 46.623 Loading class java/lang/ProcessHandle done
Event: 46.623 Loading class java/lang/ProcessHandle$Info
Event: 46.623 Loading class java/lang/ProcessHandle$Info done
Event: 46.707 Loading class java/util/OptionalLong
Event: 46.710 Loading class java/util/OptionalLong done
Event: 46.710 Loading class java/util/OptionalDouble
Event: 46.710 Loading class java/util/OptionalDouble done
Event: 46.710 Loading class java/util/stream/DoubleStream
Event: 46.713 Loading class java/util/stream/DoubleStream done
Event: 46.713 Loading class java/util/stream/LongStream
Event: 46.713 Loading class java/util/stream/LongStream done
Event: 46.714 Loading class java/util/function/DoublePredicate
Event: 46.716 Loading class java/util/function/DoublePredicate done
Event: 46.716 Loading class java/util/function/LongPredicate
Event: 46.717 Loading class java/util/function/LongPredicate done
Event: 46.717 Loading class java/util/function/DoubleFunction
Event: 46.717 Loading class java/util/function/DoubleFunction done

Classes unloaded (0 events):
No events

Classes redefined (0 events):
No events

Internal exceptions (20 events):
Event: 42.268 Thread 0x000001b845ae4900 Exception <a 'java/lang/NoSuchMethodError'{0x00000000ee005540}: static Lorg/gradle/tooling/internal/consumer/versioning/VersionDetails$R28VersionDetails;.<clinit>()V> (0x00000000ee005540) 
thrown [s\src\hotspot\share\prims\jni.cpp, line 1112]
Event: 42.268 Thread 0x000001b845ae4900 Exception <a 'java/lang/NoSuchMethodError'{0x00000000ee006a48}: static Lorg/gradle/tooling/internal/consumer/versioning/VersionDetails$R35VersionDetails;.<clinit>()V> (0x00000000ee006a48) 
thrown [s\src\hotspot\share\prims\jni.cpp, line 1112]
Event: 42.268 Thread 0x000001b845ae4900 Exception <a 'java/lang/NoSuchMethodError'{0x00000000ee008118}: static Lorg/gradle/tooling/internal/consumer/versioning/VersionDetails$R44VersionDetails;.<clinit>()V> (0x00000000ee008118) 
thrown [s\src\hotspot\share\prims\jni.cpp, line 1112]
Event: 42.269 Thread 0x000001b845ae4900 Exception <a 'java/lang/NoSuchMethodError'{0x00000000ee009720}: static Lorg/gradle/tooling/internal/consumer/versioning/VersionDetails$R48VersionDetails;.<clinit>()V> (0x00000000ee009720) 
thrown [s\src\hotspot\share\prims\jni.cpp, line 1112]
Event: 42.269 Thread 0x000001b845ae4900 Exception <a 'java/lang/NoSuchMethodError'{0x00000000ee00a920}: static Lorg/gradle/tooling/internal/consumer/versioning/VersionDetails$R51VersionDetails;.<clinit>()V> (0x00000000ee00a920) 
thrown [s\src\hotspot\share\prims\jni.cpp, line 1112]
Event: 42.277 Thread 0x000001b845ae4900 Exception <a 'java/lang/NoSuchMethodError'{0x00000000ee01c9e0}: static [Lorg/gradle/tooling/BuildAction;.<clinit>()V> (0x00000000ee01c9e0) 
thrown [s\src\hotspot\share\prims\jni.cpp, line 1112]
Event: 42.286 Thread 0x000001b845ae4900 Exception <a 'java/lang/NoSuchMethodError'{0x00000000ee02d1d8}: static Lorg/eclipse/buildship/core/internal/workspace/TellGradleToRunSynchronizationTasks;.<clinit>()V> (0x00000000ee02d1d8) 
thrown [s\src\hotspot\share\prims\jni.cpp, line 1112]
Event: 42.309 Thread 0x000001b845ae4900 Exception <a 'java/lang/NoSuchMethodError'{0x00000000ee0544f8}: 'java.lang.Object java.lang.invoke.DirectMethodHandle$Holder.newInvokeSpecial(java.lang.Object, java.lang.Object, java.lang.Object, int)'> (0x00000000ee0544f8) 
thrown [s\src\hotspot\share\interpreter\linkResolver.cpp, line 759]
Event: 42.311 Thread 0x000001b845ae4900 Exception <a 'java/lang/NoSuchMethodError'{0x00000000ee058b80}: 'java.lang.Object java.lang.invoke.DirectMethodHandle$Holder.invokeSpecial(java.lang.Object, java.lang.Object, java.lang.Object, java.lang.Object, int)'> (0x00000000ee058b80) 
thrown [s\src\hotspot\share\interpreter\linkResolver.cpp, line 759]
Event: 42.312 Thread 0x000001b845ae4900 Exception <a 'java/lang/NoSuchMethodError'{0x00000000ee05c9f0}: 'java.lang.Object java.lang.invoke.Invokers$Holder.linkToTargetMethod(java.lang.Object, java.lang.Object, int, java.lang.Object)'> (0x00000000ee05c9f0) 
thrown [s\src\hotspot\share\interpreter\linkResolver.cpp, line 759]
Event: 44.590 Thread 0x000001b845ae4900 Exception <a 'java/lang/IncompatibleClassChangeError'{0x00000000ecec5198}: Found class java.lang.Object, but interface was expected> (0x00000000ecec5198) 
thrown [s\src\hotspot\share\interpreter\linkResolver.cpp, line 826]
Event: 44.754 Thread 0x000001b845ae4900 Exception <a 'java/lang/NoSuchMethodError'{0x00000000ecc46cd0}: 'java.lang.Object java.lang.invoke.DirectMethodHandle$Holder.invokeVirtual(java.lang.Object, java.lang.Object, int)'> (0x00000000ecc46cd0) 
thrown [s\src\hotspot\share\interpreter\linkResolver.cpp, line 759]
Event: 44.775 Thread 0x000001b845ae4900 Exception <a 'java/lang/NoSuchMethodError'{0x00000000ecc76818}: 'void java.lang.invoke.DirectMethodHandle$Holder.invokeStatic(java.lang.Object, java.lang.Object, java.lang.Object, int)'> (0x00000000ecc76818) 
thrown [s\src\hotspot\share\interpreter\linkResolver.cpp, line 759]
Event: 45.398 Thread 0x000001b845ae4900 Exception <a 'java/lang/NoSuchMethodError'{0x00000000ec71b208}: 'java.lang.Object java.lang.invoke.DirectMethodHandle$Holder.invokeStaticInit(java.lang.Object, java.lang.Object, java.lang.Object, java.lang.Object, java.lang.Object, java.lang.Object, java.lang.Object)'> (0x00000000ec71b208) 
thrown [s\src\hotspot\share\interpreter\linkResolver.cpp, line 759]
Event: 45.434 Thread 0x000001b845ae4900 Exception <a 'java/lang/NoSuchMethodError'{0x00000000ec745f40}: 'java.lang.Object java.lang.invoke.DirectMethodHandle$Holder.invokeSpecial(java.lang.Object, java.lang.Object, java.lang.Object, int, java.lang.Object, java.lang.Object)'> (0x00000000ec745f40) 
thrown [s\src\hotspot\share\interpreter\linkResolver.cpp, line 759]
Event: 46.330 Thread 0x000001b845ae4900 Implicit null exception at 0x000001b85687d2ea to 0x000001b85687d77c
Event: 46.464 Thread 0x000001b845ae4900 Exception <a 'java/lang/NoSuchMethodError'{0x00000000ec0a85e0}: 'java.lang.Object java.lang.invoke.DirectMethodHandle$Holder.invokeStaticInit(java.lang.Object, java.lang.Object, java.lang.Object)'> (0x00000000ec0a85e0) 
thrown [s\src\hotspot\share\interpreter\linkResolver.cpp, line 759]
Event: 46.526 Thread 0x000001b845ae4900 Exception <a 'java/lang/NoSuchMethodError'{0x00000000ebfce488}: 'void java.lang.invoke.DirectMethodHandle$Holder.invokeStaticInit(java.lang.Object, java.lang.Object, java.lang.Object)'> (0x00000000ebfce488) 
thrown [s\src\hotspot\share\interpreter\linkResolver.cpp, line 759]
Event: 46.533 Thread 0x000001b845ae4900 Exception <a 'java/lang/NoSuchMethodError'{0x00000000ebff39b0}: 'void java.lang.invoke.DirectMethodHandle$Holder.invokeStaticInit(java.lang.Object, java.lang.Object, java.lang.Object, java.lang.Object, java.lang.Object)'> (0x00000000ebff39b0) 
thrown [s\src\hotspot\share\interpreter\linkResolver.cpp, line 759]
Event: 46.555 Thread 0x000001b845ae4900 Exception <a 'java/lang/NoSuchMethodError'{0x00000000ebe4fd28}: 'int java.lang.invoke.DirectMethodHandle$Holder.invokeStaticInit(java.lang.Object, java.lang.Object, java.lang.Object, java.lang.Object)'> (0x00000000ebe4fd28) 
thrown [s\src\hotspot\share\interpreter\linkResolver.cpp, line 759]

VM Operations (20 events):
Event: 41.905 Executing VM operation: HandshakeAllThreads done
Event: 41.905 Executing VM operation: Cleanup
Event: 41.905 Executing VM operation: Cleanup done
Event: 42.915 Executing VM operation: Cleanup
Event: 42.937 Executing VM operation: Cleanup done
Event: 43.396 Executing VM operation: HandshakeAllThreads
Event: 43.396 Executing VM operation: HandshakeAllThreads done
Event: 44.405 Executing VM operation: Cleanup
Event: 44.421 Executing VM operation: Cleanup done
Event: 44.602 Executing VM operation: HandshakeAllThreads
Event: 44.602 Executing VM operation: HandshakeAllThreads done
Event: 45.159 Executing VM operation: HandshakeAllThreads
Event: 45.160 Executing VM operation: HandshakeAllThreads done
Event: 45.161 Executing VM operation: HandshakeAllThreads
Event: 45.162 Executing VM operation: HandshakeAllThreads done
Event: 46.177 Executing VM operation: Cleanup
Event: 46.179 Executing VM operation: Cleanup done
Event: 46.251 Executing VM operation: HandshakeAllThreads
Event: 46.252 Executing VM operation: HandshakeAllThreads done
Event: 47.265 Executing VM operation: Cleanup

Events (20 events):
Event: 37.112 Thread 0x000001b87c104200 Thread added: 0x000001b87c104200
Event: 37.615 Thread 0x000001b87c102770 Thread added: 0x000001b87c102770
Event: 38.085 Thread 0x000001b862cbae80 Thread added: 0x000001b862cbae80
Event: 38.102 Thread 0x000001b87c102770 Thread exited: 0x000001b87c102770
Event: 38.181 Thread 0x000001b862cbc7d0 Thread added: 0x000001b862cbc7d0
Event: 38.459 Thread 0x000001b87c104750 Thread added: 0x000001b87c104750
Event: 40.412 Thread 0x000001b87c104200 Thread exited: 0x000001b87c104200
Event: 40.413 Thread 0x000001b87c104750 Thread exited: 0x000001b87c104750
Event: 40.885 Thread 0x000001b862cbd1f0 Thread added: 0x000001b862cbd1f0
Event: 40.938 Thread 0x000001b862cbb390 Thread added: 0x000001b862cbb390
Event: 41.449 Thread 0x000001b862cbd700 Thread added: 0x000001b862cbd700
Event: 41.449 Thread 0x000001b87c53dc30 Thread added: 0x000001b87c53dc30
Event: 41.450 Thread 0x000001b87c53c7f0 Thread added: 0x000001b87c53c7f0
Event: 41.531 Thread 0x000001b87c102220 Thread added: 0x000001b87c102220
Event: 41.704 Thread 0x000001b87c102220 Thread exited: 0x000001b87c102220
Event: 41.825 Thread 0x000001b87c103760 Thread added: 0x000001b87c103760
Event: 43.479 Thread 0x000001b87c103760 Thread exited: 0x000001b87c103760
Event: 44.834 Thread 0x000001b87c53aea0 Thread added: 0x000001b87c53aea0
Event: 45.044 Thread 0x000001b87c53f070 Thread added: 0x000001b87c53f070
Event: 45.615 Thread 0x000001b87c104750 Thread added: 0x000001b87c104750


Dynamic libraries:
0x00007ff6e6dd0000 - 0x00007ff6e6dde000 	C:\Program Files\Eclipse Adoptium\jdk-17.0.12.7-hotspot\bin\java.exe
0x00007ff995a00000 - 0x00007ff995c67000 	C:\WINDOWS\SYSTEM32\ntdll.dll
0x00007ff994390000 - 0x00007ff994459000 	C:\WINDOWS\System32\KERNEL32.DLL
0x00007ff993250000 - 0x00007ff993640000 	C:\WINDOWS\System32\KERNELBASE.dll
0x00007ff992ed0000 - 0x00007ff99301b000 	C:\WINDOWS\System32\ucrtbase.dll
0x00007ff973d40000 - 0x00007ff973d5b000 	C:\Program Files\Eclipse Adoptium\jdk-17.0.12.7-hotspot\bin\VCRUNTIME140.dll
0x00007ff976470000 - 0x00007ff976487000 	C:\Program Files\Eclipse Adoptium\jdk-17.0.12.7-hotspot\bin\jli.dll
0x00007ff993c70000 - 0x00007ff993e35000 	C:\WINDOWS\System32\USER32.dll
0x00007ff992c60000 - 0x00007ff992c87000 	C:\WINDOWS\System32\win32u.dll
0x00007ff97dd60000 - 0x00007ff97dffa000 	C:\WINDOWS\WinSxS\amd64_microsoft.windows.common-controls_6595b64144ccf1df_6.0.26100.4768_none_3e0c112ce331287c\COMCTL32.dll
0x00007ff993790000 - 0x00007ff993839000 	C:\WINDOWS\System32\msvcrt.dll
0x00007ff994a20000 - 0x00007ff994a4b000 	C:\WINDOWS\System32\GDI32.dll
0x00007ff993650000 - 0x00007ff993788000 	C:\WINDOWS\System32\gdi32full.dll
0x00007ff9931a0000 - 0x00007ff993243000 	C:\WINDOWS\System32\msvcp_win.dll
0x00007ff9938a0000 - 0x00007ff9938cf000 	C:\WINDOWS\System32\IMM32.DLL
0x00007ff980ef0000 - 0x00007ff980efc000 	C:\Program Files\Eclipse Adoptium\jdk-17.0.12.7-hotspot\bin\vcruntime140_1.dll
0x00007ff8f8900000 - 0x00007ff8f898d000 	C:\Program Files\Eclipse Adoptium\jdk-17.0.12.7-hotspot\bin\msvcp140.dll
0x00007ff8d73b0000 - 0x00007ff8d801a000 	C:\Program Files\Eclipse Adoptium\jdk-17.0.12.7-hotspot\bin\server\jvm.dll
0x00007ff994070000 - 0x00007ff994124000 	C:\WINDOWS\System32\ADVAPI32.dll
0x00007ff9946f0000 - 0x00007ff994796000 	C:\WINDOWS\System32\sechost.dll
0x00007ff993e40000 - 0x00007ff993f58000 	C:\WINDOWS\System32\RPCRT4.dll
0x00007ff994a50000 - 0x00007ff994ac4000 	C:\WINDOWS\System32\WS2_32.dll
0x00007ff992990000 - 0x00007ff9929ee000 	C:\WINDOWS\SYSTEM32\POWRPROF.dll
0x00007ff98b460000 - 0x00007ff98b495000 	C:\WINDOWS\SYSTEM32\WINMM.dll
0x00007ff98c160000 - 0x00007ff98c16b000 	C:\WINDOWS\SYSTEM32\VERSION.dll
0x00007ff992970000 - 0x00007ff992984000 	C:\WINDOWS\SYSTEM32\UMPDC.dll
0x00007ff991870000 - 0x00007ff99188b000 	C:\WINDOWS\SYSTEM32\kernel.appcore.dll
0x00007ff97b3c0000 - 0x00007ff97b3ca000 	C:\Program Files\Eclipse Adoptium\jdk-17.0.12.7-hotspot\bin\jimage.dll
0x00007ff985750000 - 0x00007ff985991000 	C:\WINDOWS\SYSTEM32\DBGHELP.DLL
0x00007ff9938e0000 - 0x00007ff993c65000 	C:\WINDOWS\System32\combase.dll
0x00007ff994ad0000 - 0x00007ff994bb0000 	C:\WINDOWS\System32\OLEAUT32.dll
0x00007ff97fcd0000 - 0x00007ff97fd13000 	C:\WINDOWS\SYSTEM32\dbgcore.DLL
0x00007ff992b30000 - 0x00007ff992bc9000 	C:\WINDOWS\System32\bcryptPrimitives.dll
0x00007ff9742d0000 - 0x00007ff9742de000 	C:\Program Files\Eclipse Adoptium\jdk-17.0.12.7-hotspot\bin\instrument.dll
0x00007ff967130000 - 0x00007ff967155000 	C:\Program Files\Eclipse Adoptium\jdk-17.0.12.7-hotspot\bin\java.dll
0x00007ff8f3a50000 - 0x00007ff8f3b27000 	C:\Program Files\Eclipse Adoptium\jdk-17.0.12.7-hotspot\bin\jsvml.dll
0x00007ff994c60000 - 0x00007ff9953ad000 	C:\WINDOWS\System32\SHELL32.dll
0x00007ff992d50000 - 0x00007ff992ec3000 	C:\WINDOWS\System32\wintypes.dll
0x00007ff9906f0000 - 0x00007ff990f4f000 	C:\WINDOWS\SYSTEM32\windows.storage.dll
0x00007ff9947a0000 - 0x00007ff994895000 	C:\WINDOWS\System32\SHCORE.dll
0x00007ff994650000 - 0x00007ff9946ba000 	C:\WINDOWS\System32\shlwapi.dll
0x00007ff992a50000 - 0x00007ff992a79000 	C:\WINDOWS\SYSTEM32\profapi.dll
0x00007ff965600000 - 0x00007ff965618000 	C:\Program Files\Eclipse Adoptium\jdk-17.0.12.7-hotspot\bin\zip.dll
0x00007ff966800000 - 0x00007ff966819000 	C:\Program Files\Eclipse Adoptium\jdk-17.0.12.7-hotspot\bin\net.dll
0x00007ff98b330000 - 0x00007ff98b44e000 	C:\WINDOWS\SYSTEM32\WINHTTP.dll
0x00007ff991de0000 - 0x00007ff991e4b000 	C:\WINDOWS\system32\mswsock.dll
0x00007ff9667e0000 - 0x00007ff9667f6000 	C:\Program Files\Eclipse Adoptium\jdk-17.0.12.7-hotspot\bin\nio.dll
0x00007ff97b070000 - 0x00007ff97b080000 	C:\Program Files\Eclipse Adoptium\jdk-17.0.12.7-hotspot\bin\verify.dll
0x00007ff967300000 - 0x00007ff967327000 	C:\Users\LENOVO\.gradle\native\1def1411415f61bf3af743bc5b6707747c0891f09f0c88961ee8f79bc544acac\windows-amd64\native-platform.dll
0x00007ff8f66a0000 - 0x00007ff8f6718000 	C:\Users\LENOVO\.gradle\native\0.2.7\x86_64-windows-gnu\gradle-fileevents.dll
0x00007ff98f860000 - 0x00007ff98f869000 	C:\Program Files\Eclipse Adoptium\jdk-17.0.12.7-hotspot\bin\management.dll
0x00007ff987b50000 - 0x00007ff987b5b000 	C:\Program Files\Eclipse Adoptium\jdk-17.0.12.7-hotspot\bin\management_ext.dll
0x00007ff9941d0000 - 0x00007ff9941d8000 	C:\WINDOWS\System32\PSAPI.DLL
0x00007ff991260000 - 0x00007ff991293000 	C:\WINDOWS\SYSTEM32\IPHLPAPI.DLL
0x00007ff994130000 - 0x00007ff99413a000 	C:\WINDOWS\System32\NSI.dll
0x00007ff98b2c0000 - 0x00007ff98b2df000 	C:\WINDOWS\SYSTEM32\dhcpcsvc6.DLL
0x00007ff9891e0000 - 0x00007ff989205000 	C:\WINDOWS\SYSTEM32\dhcpcsvc.DLL
0x00007ff9912a0000 - 0x00007ff9913c6000 	C:\WINDOWS\SYSTEM32\DNSAPI.dll
0x00007ff97b020000 - 0x00007ff97b029000 	C:\Program Files\Eclipse Adoptium\jdk-17.0.12.7-hotspot\bin\extnet.dll
0x00007ff9921c0000 - 0x00007ff9921db000 	C:\WINDOWS\SYSTEM32\CRYPTSP.dll
0x00007ff9917d0000 - 0x00007ff99180b000 	C:\WINDOWS\system32\rsaenh.dll
0x00007ff991e80000 - 0x00007ff991eab000 	C:\WINDOWS\SYSTEM32\USERENV.dll
0x00007ff992a20000 - 0x00007ff992a46000 	C:\WINDOWS\SYSTEM32\bcrypt.dll
0x00007ff992020000 - 0x00007ff99202c000 	C:\WINDOWS\SYSTEM32\CRYPTBASE.dll
0x00007ff9672a0000 - 0x00007ff9672ae000 	C:\Program Files\Eclipse Adoptium\jdk-17.0.12.7-hotspot\bin\sunmscapi.dll
0x00007ff993020000 - 0x00007ff993197000 	C:\WINDOWS\System32\CRYPT32.dll
0x00007ff992320000 - 0x00007ff992350000 	C:\WINDOWS\SYSTEM32\ncrypt.dll
0x00007ff9922d0000 - 0x00007ff99230f000 	C:\WINDOWS\SYSTEM32\NTASN1.dll
0x00007ff960c80000 - 0x00007ff960c88000 	C:\WINDOWS\system32\wshunix.dll

dbghelp: loaded successfully - version: 4.0.5 - missing functions: none
symbol engine: initialized successfully - sym options: 0x614 - pdb path: .;C:\Program Files\Eclipse Adoptium\jdk-17.0.12.7-hotspot\bin;C:\WINDOWS\SYSTEM32;C:\WINDOWS\WinSxS\amd64_microsoft.windows.common-controls_6595b64144ccf1df_6.0.26100.4768_none_3e0c112ce331287c;C:\Program Files\Eclipse Adoptium\jdk-17.0.12.7-hotspot\bin\server;C:\Users\LENOVO\.gradle\native\1def1411415f61bf3af743bc5b6707747c0891f09f0c88961ee8f79bc544acac\windows-amd64;C:\Users\LENOVO\.gradle\native\0.2.7\x86_64-windows-gnu

VM Arguments:
jvm_args: --add-opens=java.base/java.lang=ALL-UNNAMED --add-opens=java.base/java.lang.invoke=ALL-UNNAMED --add-opens=java.base/java.util=ALL-UNNAMED --add-opens=java.prefs/java.util.prefs=ALL-UNNAMED --add-exports=jdk.compiler/com.sun.tools.javac.api=ALL-UNNAMED --add-exports=jdk.compiler/com.sun.tools.javac.util=ALL-UNNAMED --add-opens=java.base/java.util=ALL-UNNAMED --add-opens=java.prefs/java.util.prefs=ALL-UNNAMED --add-opens=java.base/java.nio.charset=ALL-UNNAMED --add-opens=java.base/java.net=ALL-UNNAMED --add-opens=java.base/java.util.concurrent.atomic=ALL-UNNAMED --add-opens=java.xml/javax.xml.namespace=ALL-UNNAMED -XX:MaxMetaspaceSize=384m -XX:+HeapDumpOnOutOfMemoryError -Xms256m -Xmx512m -Dfile.encoding=UTF-8 -Duser.country=US -Duser.language=en -Duser.variant -javaagent:C:\Users\LENOVO\.gradle\wrapper\dists\gradle-8.14.3-bin\cv11ve7ro1n3o1j4so8xd9n66\gradle-8.14.3\lib\agents\gradle-instrumentation-agent-8.14.3.jar 
java_command: org.gradle.launcher.daemon.bootstrap.GradleDaemon 8.14.3
java_class_path (initial): C:\Users\LENOVO\.gradle\wrapper\dists\gradle-8.14.3-bin\cv11ve7ro1n3o1j4so8xd9n66\gradle-8.14.3\lib\gradle-daemon-main-8.14.3.jar
Launcher Type: SUN_STANDARD

[Global flags]
     intx CICompilerCount                          = 4                                         {product} {ergonomic}
   size_t CompressedClassSpaceSize                 = 335544320                                 {product} {ergonomic}
     uint ConcGCThreads                            = 3                                         {product} {ergonomic}
     uint G1ConcRefinementThreads                  = 10                                        {product} {ergonomic}
   size_t G1HeapRegionSize                         = 1048576                                   {product} {ergonomic}
    uintx GCDrainStackTargetSize                   = 64                                        {product} {ergonomic}
     bool HeapDumpOnOutOfMemoryError               = true                                   {manageable} {command line}
   size_t InitialHeapSize                          = 268435456                                 {product} {command line}
   size_t MarkStackSize                            = 4194304                                   {product} {ergonomic}
   size_t MaxHeapSize                              = 536870912                                 {product} {command line}
   size_t MaxMetaspaceSize                         = 402653184                                 {product} {command line}
   size_t MaxNewSize                               = 321912832                                 {product} {ergonomic}
   size_t MinHeapDeltaBytes                        = 1048576                                   {product} {ergonomic}
   size_t MinHeapSize                              = 268435456                                 {product} {command line}
    uintx NonNMethodCodeHeapSize                   = 5839372                                {pd product} {ergonomic}
    uintx NonProfiledCodeHeapSize                  = 122909434                              {pd product} {ergonomic}
    uintx ProfiledCodeHeapSize                     = 122909434                              {pd product} {ergonomic}
    uintx ReservedCodeCacheSize                    = 251658240                              {pd product} {ergonomic}
     bool SegmentedCodeCache                       = true                                      {product} {ergonomic}
   size_t SoftMaxHeapSize                          = 536870912                              {manageable} {ergonomic}
     bool UseCompressedClassPointers               = true                           {product lp64_product} {ergonomic}
     bool UseCompressedOops                        = true                           {product lp64_product} {ergonomic}
     bool UseG1GC                                  = true                                      {product} {ergonomic}
     bool UseLargePagesIndividualAllocation        = false                                  {pd product} {ergonomic}

Logging:
Log output configuration:
 #0: stdout all=warning uptime,level,tags
 #1: stderr all=off uptime,level,tags

Environment Variables:
JAVA_HOME=C:\Program Files\Eclipse Adoptium\jdk-17.0.12.7-hotspot\
PATH=C:\Program Files\Git\cmd;C:\Program Files\nodejs\;C:\Users\LENOVO\AppData\Roaming\npm;C:\Program Files\nodejs\;C:\Users\LENOVO\Downloads\apache-maven-3.9.9-bin\apache-maven-3.9.9\bin;C:\Users\LENOVO\AppData\Local\Programs\cursor\resources\app\bin;C:\Users\LENOVO\AppData\Local\Programs\Microsoft VS Code\bin;C:\Users\LENOVO\AppData\Roaming\npm;C:\Windows\System32;C:\Program Files\Microsoft SQL Server\Client SDK\ODBC\170\Tools\Binn\;C:\Program Files\dotnet\;C:\Program Files\Microsoft SQL Server\Client SDK\ODBC\130\Tools\Binn\;C:\Program Files\Microsoft SQL Server\150\Tools\Binn\;C:\Users\LENOVO\Downloads\apache-maven-3.9.9-bin\apache-maven-3.9.9\bin;C:\Users\LENOVO\AppData\Roaming\npm;C:\Users\LENOVO\AppData\Local\Programs\Microsoft VS Code\bin;C:\Users\LENOVO\AppData\Local\Programs\cursor\resources\app\bin;C:\Users\LENOVO\.dotnet\tools;C:\Users\LENOVO\AppData\Local\Programs\Windsurf\bin
USERNAME=LENOVO
OS=Windows_NT
PROCESSOR_IDENTIFIER=AMD64 Family 23 Model 104 Stepping 1, AuthenticAMD
TMP=C:\Users\LENOVO\AppData\Local\Temp
TEMP=C:\Users\LENOVO\AppData\Local\Temp



Periodic native trim disabled


---------------  S Y S T E M  ---------------

OS:
 Windows 11 , 64 bit Build 26100 (10.0.26100.4768)
OS uptime: 0 days 4:51 hours
Hyper-V role detected

CPU: total 12 (initial active 12) (12 cores per cpu, 2 threads per core) family 23 model 104 stepping 1 microcode 0x8608109, cx8, cmov, fxsr, ht, mmx, 3dnowpref, sse, sse2, sse3, ssse3, sse4a, sse4.1, sse4.2, popcnt, lzcnt, tsc, tscinvbit, avx, avx2, aes, clmul, bmi1, bmi2, adx, sha, fma, vzeroupper, clflush, clflushopt, hv
Processor Information for all 12 processors :
  Max Mhz: 2100, Current Mhz: 2100, Mhz Limit: 2100

Memory: 4k page, system-wide physical 5989M (408M free)
TotalPageFile size 24421M (AvailPageFile size 68M)
current process WorkingSet (physical memory assigned to process): 252M, peak: 255M
current process commit charge ("private bytes"): 453M, peak: 462M

vm_info: OpenJDK 64-Bit Server VM (17.0.12+7) for windows-amd64 JRE (17.0.12+7), built on Jul 16 2024 22:08:24 by "admin" with MS VC++ 16.10 / 16.11 (VS2019)

END.
