#
# There is insufficient memory for the Java Runtime Environment to continue.
# Native memory allocation (malloc) failed to allocate 1789296 bytes. Error detail: Chunk::new
# Possible reasons:
#   The system is out of physical RAM or swap space
#   This process is running with CompressedOops enabled, and the Java Heap may be blocking the growth of the native heap
# Possible solutions:
#   Reduce memory load on the system
#   Increase physical memory or swap space
#   Check if swap backing store is full
#   Decrease Java heap size (-Xmx/-Xms)
#   Decrease number of Java threads
#   Decrease Java thread stack sizes (-Xss)
#   Set larger code cache with -XX:ReservedCodeCacheSize=
#   JVM is running with Unscaled Compressed Oops mode in which the Java heap is
#     placed in the first 4GB address space. The Java Heap base address is the
#     maximum limit for the native heap growth. Please use -XX:HeapBaseMinAddress
#     to set the Java Heap base and to place the Java Heap above 4GB virtual address.
# This output file may be truncated or incomplete.
#
#  Out of Memory Error (arena.cpp:191), pid=5692, tid=7224
#
# JRE version: OpenJDK Runtime Environment Temurin-17.0.12+7 (17.0.12+7) (build 17.0.12+7)
# Java VM: OpenJDK 64-Bit Server VM Temurin-17.0.12+7 (17.0.12+7, mixed mode, sharing, tiered, compressed oops, compressed class ptrs, g1 gc, windows-amd64)
# No core dump will be written. Minidumps are not enabled by default on client versions of Windows
#

---------------  S U M M A R Y ------------

Command Line: --add-opens=java.base/java.lang=ALL-UNNAMED --add-opens=java.base/java.lang.invoke=ALL-UNNAMED --add-opens=java.base/java.util=ALL-UNNAMED --add-opens=java.prefs/java.util.prefs=ALL-UNNAMED --add-exports=jdk.compiler/com.sun.tools.javac.api=ALL-UNNAMED --add-exports=jdk.compiler/com.sun.tools.javac.util=ALL-UNNAMED --add-opens=java.base/java.util=ALL-UNNAMED --add-opens=java.prefs/java.util.prefs=ALL-UNNAMED --add-opens=java.base/java.nio.charset=ALL-UNNAMED --add-opens=java.base/java.net=ALL-UNNAMED --add-opens=java.base/java.util.concurrent.atomic=ALL-UNNAMED --add-opens=java.xml/javax.xml.namespace=ALL-UNNAMED -XX:MaxMetaspaceSize=384m -XX:+HeapDumpOnOutOfMemoryError -Xms256m -Xmx512m -Dfile.encoding=UTF-8 -Duser.country=US -Duser.language=en -Duser.variant -javaagent:C:\Users\LENOVO\.gradle\wrapper\dists\gradle-8.14.3-bin\cv11ve7ro1n3o1j4so8xd9n66\gradle-8.14.3\lib\agents\gradle-instrumentation-agent-8.14.3.jar org.gradle.launcher.daemon.bootstrap.GradleDaemon 8.14.3

Host: AMD Ryzen 5 5500U with Radeon Graphics         , 12 cores, 5G,  Windows 11 , 64 bit Build 26100 (10.0.26100.4484)
Time: Thu Jul 24 10:58:42 2025 India Standard Time elapsed time: 27.207315 seconds (0d 0h 0m 27s)

---------------  T H R E A D  ---------------

Current thread (0x00000214dcf61ef0):  JavaThread "C2 CompilerThread0" daemon [_thread_in_native, id=7224, stack(0x000000462b000000,0x000000462b100000)]


Current CompileTask:
C2:  27207 8837   !   4       java.io.ObjectOutputStream::writeObject0 (620 bytes)

Stack: [0x000000462b000000,0x000000462b100000]
Native frames: (J=compiled Java code, j=interpreted, Vv=VM code, C=native code)
V  [jvm.dll+0x67f929]
V  [jvm.dll+0x8371ba]
V  [jvm.dll+0x838c7e]
V  [jvm.dll+0x8392e3]
V  [jvm.dll+0x24834f]
V  [jvm.dll+0xac9d4]
V  [jvm.dll+0xad01c]
V  [jvm.dll+0x367452]
V  [jvm.dll+0x33197a]
V  [jvm.dll+0x330e1a]
V  [jvm.dll+0x21a8b1]
V  [jvm.dll+0x219cf1]
V  [jvm.dll+0x1a58bd]
V  [jvm.dll+0x229a2d]
V  [jvm.dll+0x227bdc]
V  [jvm.dll+0x7ec1f7]
V  [jvm.dll+0x7e65dc]
V  [jvm.dll+0x67e7f7]
C  [ucrtbase.dll+0x37b0]
C  [KERNEL32.DLL+0x2e8d7]
C  [ntdll.dll+0x3c34c]


---------------  P R O C E S S  ---------------

Threads class SMR info:
_java_thread_list=0x00000214f683cbd0, length=112, elements={
0x00000214c204ddd0, 0x00000214dcf1df80, 0x00000214dcf1f6b0, 0x00000214dcf39ea0,
0x00000214dcf3a970, 0x00000214dcf3d950, 0x00000214dcf5e320, 0x00000214dcf61ef0,
0x00000214dcf629a0, 0x00000214dcf63fd0, 0x00000214dcf09e00, 0x00000214f6374360,
0x00000214f7d3ed40, 0x00000214f7efe660, 0x00000214f7eea040, 0x00000214f7f6f150,
0x00000214f7dbc280, 0x00000214f7e97d40, 0x00000214f7e99180, 0x00000214f7e96e10,
0x00000214f7e98760, 0x00000214f7e97320, 0x00000214f7e98c70, 0x00000214f7e99690,
0x00000214f7e97830, 0x00000214f6418050, 0x00000214f7e9a0b0, 0x00000214f7e98250,
0x00000214f7e96900, 0x00000214f8515990, 0x00000214f85168c0, 0x00000214f85177f0,
0x00000214f8515480, 0x00000214f8517d00, 0x00000214f85163b0, 0x00000214f8516dd0,
0x00000214f8518210, 0x00000214f8515ea0, 0x00000214f8518720, 0x00000214f8514f70,
0x00000214f851b9c0, 0x00000214f8519650, 0x00000214f8518c30, 0x00000214f8519140,
0x00000214f8519b60, 0x00000214f851a070, 0x00000214f851a580, 0x00000214f851aa90,
0x00000214f851afa0, 0x00000214f851b4b0, 0x00000214fabc0bf0, 0x00000214fabc43a0,
0x00000214fabc3470, 0x00000214fabc2a50, 0x00000214fabc3e90, 0x00000214fabc1100,
0x00000214fabc3980, 0x00000214fabc1b20, 0x00000214fabc48b0, 0x00000214fabc1610,
0x00000214fabc4dc0, 0x00000214fabc52d0, 0x00000214fabc2540, 0x00000214fabc57e0,
0x00000214fabc2030, 0x00000214fabc5cf0, 0x00000214fabc6200, 0x00000214fabc6710,
0x00000214fabc2f60, 0x00000214fabc6c20, 0x00000214fabc7130, 0x00000214fabc7640,
0x00000214fabc7b50, 0x00000214fabc8060, 0x00000214fabc8570, 0x00000214fbb81300,
0x00000214fbb7f4a0, 0x00000214fbb808e0, 0x00000214fbb7ef90, 0x00000214fbb7fec0,
0x00000214fb4219f0, 0x00000214fbb80df0, 0x00000214fbb81810, 0x00000214fbb7e060,
0x00000214fbb7ea80, 0x00000214fbb81d20, 0x00000214fbb7e570, 0x00000214fbb82230,
0x00000214fbb82740, 0x00000214fbb82c50, 0x00000214fbb83160, 0x00000214fbb7f9b0,
0x00000214fbb84090, 0x00000214fbb83670, 0x00000214fbb854d0, 0x00000214fbb83b80,
0x00000214fbb859e0, 0x00000214fbb845a0, 0x00000214fbb84ab0, 0x00000214fbb84fc0,
0x00000214fbc52540, 0x00000214fbc52a50, 0x00000214fbc52f60, 0x00000214fbc557e0,
0x00000214fbc53470, 0x00000214fbc548b0, 0x00000214fbc53980, 0x00000214fbc543a0,
0x00000214fbc54dc0, 0x00000214fbc52030, 0x00000214fbc57640, 0x00000214fbc55cf0
}

Java Threads: ( => current thread )
  0x00000214c204ddd0 JavaThread "main" [_thread_blocked, id=24976, stack(0x000000462a300000,0x000000462a400000)]
  0x00000214dcf1df80 JavaThread "Reference Handler" daemon [_thread_blocked, id=4052, stack(0x000000462aa00000,0x000000462ab00000)]
  0x00000214dcf1f6b0 JavaThread "Finalizer" daemon [_thread_blocked, id=21596, stack(0x000000462ab00000,0x000000462ac00000)]
  0x00000214dcf39ea0 JavaThread "Signal Dispatcher" daemon [_thread_blocked, id=18048, stack(0x000000462ac00000,0x000000462ad00000)]
  0x00000214dcf3a970 JavaThread "Attach Listener" daemon [_thread_blocked, id=19940, stack(0x000000462ad00000,0x000000462ae00000)]
  0x00000214dcf3d950 JavaThread "Service Thread" daemon [_thread_blocked, id=2164, stack(0x000000462ae00000,0x000000462af00000)]
  0x00000214dcf5e320 JavaThread "Monitor Deflation Thread" daemon [_thread_blocked, id=21256, stack(0x000000462af00000,0x000000462b000000)]
=>0x00000214dcf61ef0 JavaThread "C2 CompilerThread0" daemon [_thread_in_native, id=7224, stack(0x000000462b000000,0x000000462b100000)]
  0x00000214dcf629a0 JavaThread "C1 CompilerThread0" daemon [_thread_blocked, id=10216, stack(0x000000462b100000,0x000000462b200000)]
  0x00000214dcf63fd0 JavaThread "Sweeper thread" daemon [_thread_blocked, id=13052, stack(0x000000462b200000,0x000000462b300000)]
  0x00000214dcf09e00 JavaThread "Common-Cleaner" daemon [_thread_blocked, id=9596, stack(0x000000462b300000,0x000000462b400000)]
  0x00000214f6374360 JavaThread "Notification Thread" daemon [_thread_blocked, id=18508, stack(0x000000462b400000,0x000000462b500000)]
  0x00000214f7d3ed40 JavaThread "Daemon health stats" [_thread_blocked, id=4788, stack(0x000000462bc00000,0x000000462bd00000)]
  0x00000214f7efe660 JavaThread "Incoming local TCP Connector on port 61526" [_thread_in_native, id=19944, stack(0x000000462b600000,0x000000462b700000)]
  0x00000214f7eea040 JavaThread "Daemon periodic checks" [_thread_blocked, id=11560, stack(0x000000462bd00000,0x000000462be00000)]
  0x00000214f7f6f150 JavaThread "Daemon" [_thread_blocked, id=21068, stack(0x000000462be00000,0x000000462bf00000)]
  0x00000214f7dbc280 JavaThread "Handler for socket connection from /127.0.0.1:61526 to /127.0.0.1:61529" [_thread_in_native, id=1180, stack(0x000000462bf00000,0x000000462c000000)]
  0x00000214f7e97d40 JavaThread "Cancel handler" [_thread_blocked, id=15588, stack(0x000000462c000000,0x000000462c100000)]
  0x00000214f7e99180 JavaThread "Daemon worker" [_thread_in_native, id=18980, stack(0x000000462c100000,0x000000462c200000)]
  0x00000214f7e96e10 JavaThread "Asynchronous log dispatcher for DefaultDaemonConnection: socket connection from /127.0.0.1:61526 to /127.0.0.1:61529" [_thread_blocked, id=15380, stack(0x000000462c200000,0x000000462c300000)]
  0x00000214f7e98760 JavaThread "Stdin handler" [_thread_blocked, id=23608, stack(0x000000462c300000,0x000000462c400000)]
  0x00000214f7e97320 JavaThread "Daemon client event forwarder" [_thread_in_Java, id=28724, stack(0x000000462c400000,0x000000462c500000)]
  0x00000214f7e98c70 JavaThread "Cache worker for journal cache (C:\Users\LENOVO\.gradle\caches\journal-1)" [_thread_blocked, id=11284, stack(0x000000462c500000,0x000000462c600000)]
  0x00000214f7e99690 JavaThread "File lock request listener" [_thread_in_native, id=7516, stack(0x000000462c600000,0x000000462c700000)]
  0x00000214f7e97830 JavaThread "Cache worker for file hash cache (C:\Users\LENOVO\.gradle\caches\8.14.3\fileHashes)" [_thread_blocked, id=25848, stack(0x000000462c800000,0x000000462c900000)]
  0x00000214f6418050 JavaThread "C2 CompilerThread1" daemon [_thread_in_native, id=3696, stack(0x000000462c700000,0x000000462c800000)]
  0x00000214f7e9a0b0 JavaThread "Cache worker for file hash cache (C:\Users\LENOVO\Desktop\PGVaale\backend\.gradle\8.14.3\fileHashes)" [_thread_blocked, id=8816, stack(0x000000462c900000,0x000000462ca00000)]
  0x00000214f7e98250 JavaThread "Cache worker for Build Output Cleanup Cache (C:\Users\LENOVO\Desktop\PGVaale\backend\.gradle\buildOutputCleanup)" [_thread_blocked, id=18632, stack(0x000000462ca00000,0x000000462cb00000)]
  0x00000214f7e96900 JavaThread "File watcher server" daemon [_thread_in_native, id=16640, stack(0x000000462d100000,0x000000462d200000)]
  0x00000214f8515990 JavaThread "File watcher consumer" daemon [_thread_blocked, id=21688, stack(0x000000462d200000,0x000000462d300000)]
  0x00000214f85168c0 JavaThread "jar transforms" [_thread_blocked, id=21368, stack(0x000000462d300000,0x000000462d400000)]
  0x00000214f85177f0 JavaThread "jar transforms Thread 2" [_thread_blocked, id=3728, stack(0x000000462d400000,0x000000462d500000)]
  0x00000214f8515480 JavaThread "jar transforms Thread 3" [_thread_blocked, id=29656, stack(0x000000462d500000,0x000000462d600000)]
  0x00000214f8517d00 JavaThread "jar transforms Thread 4" [_thread_blocked, id=17020, stack(0x000000462d600000,0x000000462d700000)]
  0x00000214f85163b0 JavaThread "jar transforms Thread 5" [_thread_blocked, id=29624, stack(0x000000462d700000,0x000000462d800000)]
  0x00000214f8516dd0 JavaThread "Cache worker for checksums cache (C:\Users\LENOVO\Desktop\PGVaale\backend\.gradle\8.14.3\checksums)" [_thread_blocked, id=1572, stack(0x000000462d800000,0x000000462d900000)]
  0x00000214f8518210 JavaThread "Cache worker for file content cache (C:\Users\LENOVO\.gradle\caches\8.14.3\fileContent)" [_thread_blocked, id=17080, stack(0x000000462d900000,0x000000462da00000)]
  0x00000214f8515ea0 JavaThread "jar transforms Thread 6" [_thread_blocked, id=11088, stack(0x000000462da00000,0x000000462db00000)]
  0x00000214f8518720 JavaThread "jar transforms Thread 7" [_thread_blocked, id=16892, stack(0x000000462db00000,0x000000462dc00000)]
  0x00000214f8514f70 JavaThread "jar transforms Thread 8" [_thread_blocked, id=24092, stack(0x000000462dc00000,0x000000462dd00000)]
  0x00000214f851b9c0 JavaThread "jar transforms Thread 9" [_thread_blocked, id=23088, stack(0x000000462dd00000,0x000000462de00000)]
  0x00000214f8519650 JavaThread "jar transforms Thread 10" [_thread_blocked, id=22176, stack(0x000000462de00000,0x000000462df00000)]
  0x00000214f8518c30 JavaThread "jar transforms Thread 11" [_thread_blocked, id=13348, stack(0x000000462df00000,0x000000462e000000)]
  0x00000214f8519140 JavaThread "Cache worker for cache directory md-supplier (C:\Users\LENOVO\.gradle\caches\8.14.3\md-supplier)" [_thread_blocked, id=4584, stack(0x000000462e000000,0x000000462e100000)]
  0x00000214f8519b60 JavaThread "Cache worker for cache directory md-rule (C:\Users\LENOVO\.gradle\caches\8.14.3\md-rule)" [_thread_blocked, id=27796, stack(0x000000462e100000,0x000000462e200000)]
  0x00000214f851a070 JavaThread "jar transforms Thread 12" [_thread_blocked, id=20948, stack(0x000000462e400000,0x000000462e500000)]
  0x00000214f851a580 JavaThread "Unconstrained build operations" [_thread_blocked, id=25168, stack(0x000000462e500000,0x000000462e600000)]
  0x00000214f851aa90 JavaThread "Unconstrained build operations Thread 2" [_thread_blocked, id=12844, stack(0x000000462e600000,0x000000462e700000)]
  0x00000214f851afa0 JavaThread "Unconstrained build operations Thread 3" [_thread_blocked, id=27264, stack(0x000000462e700000,0x000000462e800000)]
  0x00000214f851b4b0 JavaThread "Unconstrained build operations Thread 4" [_thread_blocked, id=10656, stack(0x000000462e800000,0x000000462e900000)]
  0x00000214fabc0bf0 JavaThread "Unconstrained build operations Thread 5" [_thread_blocked, id=25772, stack(0x000000462e900000,0x000000462ea00000)]
  0x00000214fabc43a0 JavaThread "Unconstrained build operations Thread 6" [_thread_blocked, id=13288, stack(0x000000462ea00000,0x000000462eb00000)]
  0x00000214fabc3470 JavaThread "Unconstrained build operations Thread 7" [_thread_blocked, id=30228, stack(0x000000462eb00000,0x000000462ec00000)]
  0x00000214fabc2a50 JavaThread "Unconstrained build operations Thread 8" [_thread_blocked, id=17400, stack(0x000000462ec00000,0x000000462ed00000)]
  0x00000214fabc3e90 JavaThread "Unconstrained build operations Thread 9" [_thread_blocked, id=28212, stack(0x000000462ed00000,0x000000462ee00000)]
  0x00000214fabc1100 JavaThread "Unconstrained build operations Thread 10" [_thread_blocked, id=15268, stack(0x000000462ee00000,0x000000462ef00000)]
  0x00000214fabc3980 JavaThread "Unconstrained build operations Thread 11" [_thread_blocked, id=8016, stack(0x000000462ef00000,0x000000462f000000)]
  0x00000214fabc1b20 JavaThread "Unconstrained build operations Thread 12" [_thread_blocked, id=29700, stack(0x000000462f000000,0x000000462f100000)]
  0x00000214fabc48b0 JavaThread "Unconstrained build operations Thread 13" [_thread_blocked, id=29196, stack(0x000000462f100000,0x000000462f200000)]
  0x00000214fabc1610 JavaThread "Unconstrained build operations Thread 14" [_thread_blocked, id=19920, stack(0x000000462f200000,0x000000462f300000)]
  0x00000214fabc4dc0 JavaThread "Unconstrained build operations Thread 15" [_thread_blocked, id=24772, stack(0x000000462f300000,0x000000462f400000)]
  0x00000214fabc52d0 JavaThread "Unconstrained build operations Thread 16" [_thread_blocked, id=15628, stack(0x000000462f400000,0x000000462f500000)]
  0x00000214fabc2540 JavaThread "Unconstrained build operations Thread 17" [_thread_blocked, id=6844, stack(0x000000462f500000,0x000000462f600000)]
  0x00000214fabc57e0 JavaThread "Unconstrained build operations Thread 18" [_thread_blocked, id=18032, stack(0x000000462f600000,0x000000462f700000)]
  0x00000214fabc2030 JavaThread "Unconstrained build operations Thread 19" [_thread_blocked, id=22540, stack(0x000000462f700000,0x000000462f800000)]
  0x00000214fabc5cf0 JavaThread "Unconstrained build operations Thread 20" [_thread_blocked, id=25428, stack(0x000000462f800000,0x000000462f900000)]
  0x00000214fabc6200 JavaThread "Unconstrained build operations Thread 21" [_thread_blocked, id=11740, stack(0x000000462f900000,0x000000462fa00000)]
  0x00000214fabc6710 JavaThread "Unconstrained build operations Thread 22" [_thread_blocked, id=10316, stack(0x000000462fa00000,0x000000462fb00000)]
  0x00000214fabc2f60 JavaThread "Unconstrained build operations Thread 23" [_thread_blocked, id=28892, stack(0x000000462fb00000,0x000000462fc00000)]
  0x00000214fabc6c20 JavaThread "Unconstrained build operations Thread 24" [_thread_blocked, id=16652, stack(0x000000462fc00000,0x000000462fd00000)]
  0x00000214fabc7130 JavaThread "Unconstrained build operations Thread 25" [_thread_blocked, id=5096, stack(0x000000462fd00000,0x000000462fe00000)]
  0x00000214fabc7640 JavaThread "Unconstrained build operations Thread 26" [_thread_blocked, id=28308, stack(0x000000462fe00000,0x000000462ff00000)]
  0x00000214fabc7b50 JavaThread "Unconstrained build operations Thread 27" [_thread_blocked, id=13440, stack(0x000000462ff00000,0x0000004630000000)]
  0x00000214fabc8060 JavaThread "Unconstrained build operations Thread 28" [_thread_blocked, id=16060, stack(0x0000004630000000,0x0000004630100000)]
  0x00000214fabc8570 JavaThread "Unconstrained build operations Thread 29" [_thread_blocked, id=27224, stack(0x0000004630100000,0x0000004630200000)]
  0x00000214fbb81300 JavaThread "Unconstrained build operations Thread 30" [_thread_blocked, id=22808, stack(0x0000004630200000,0x0000004630300000)]
  0x00000214fbb7f4a0 JavaThread "Unconstrained build operations Thread 31" [_thread_blocked, id=16588, stack(0x0000004630300000,0x0000004630400000)]
  0x00000214fbb808e0 JavaThread "Unconstrained build operations Thread 32" [_thread_blocked, id=22820, stack(0x0000004630400000,0x0000004630500000)]
  0x00000214fbb7ef90 JavaThread "Unconstrained build operations Thread 33" [_thread_blocked, id=4524, stack(0x0000004630500000,0x0000004630600000)]
  0x00000214fbb7fec0 JavaThread "Memory manager" [_thread_blocked, id=22228, stack(0x0000004630600000,0x0000004630700000)]
  0x00000214fb4219f0 JavaThread "C2 CompilerThread2" daemon [_thread_in_native, id=20812, stack(0x0000004630800000,0x0000004630900000)]
  0x00000214fbb80df0 JavaThread "Unconstrained build operations Thread 34" [_thread_blocked, id=6792, stack(0x0000004630900000,0x0000004630a00000)]
  0x00000214fbb81810 JavaThread "Unconstrained build operations Thread 35" [_thread_blocked, id=19672, stack(0x0000004630a00000,0x0000004630b00000)]
  0x00000214fbb7e060 JavaThread "Unconstrained build operations Thread 36" [_thread_blocked, id=4452, stack(0x0000004630b00000,0x0000004630c00000)]
  0x00000214fbb7ea80 JavaThread "Unconstrained build operations Thread 37" [_thread_blocked, id=23568, stack(0x0000004630c00000,0x0000004630d00000)]
  0x00000214fbb81d20 JavaThread "Unconstrained build operations Thread 38" [_thread_blocked, id=13676, stack(0x0000004630d00000,0x0000004630e00000)]
  0x00000214fbb7e570 JavaThread "Unconstrained build operations Thread 39" [_thread_blocked, id=18096, stack(0x0000004630e00000,0x0000004630f00000)]
  0x00000214fbb82230 JavaThread "Unconstrained build operations Thread 40" [_thread_blocked, id=23084, stack(0x0000004630f00000,0x0000004631000000)]
  0x00000214fbb82740 JavaThread "Unconstrained build operations Thread 41" [_thread_blocked, id=30500, stack(0x0000004631000000,0x0000004631100000)]
  0x00000214fbb82c50 JavaThread "Unconstrained build operations Thread 42" [_thread_blocked, id=29284, stack(0x0000004631100000,0x0000004631200000)]
  0x00000214fbb83160 JavaThread "Unconstrained build operations Thread 43" [_thread_blocked, id=15184, stack(0x0000004631200000,0x0000004631300000)]
  0x00000214fbb7f9b0 JavaThread "Unconstrained build operations Thread 44" [_thread_blocked, id=15928, stack(0x0000004631300000,0x0000004631400000)]
  0x00000214fbb84090 JavaThread "Unconstrained build operations Thread 45" [_thread_blocked, id=17616, stack(0x0000004631400000,0x0000004631500000)]
  0x00000214fbb83670 JavaThread "Unconstrained build operations Thread 46" [_thread_blocked, id=11860, stack(0x0000004631500000,0x0000004631600000)]
  0x00000214fbb854d0 JavaThread "Unconstrained build operations Thread 47" [_thread_blocked, id=29168, stack(0x0000004631600000,0x0000004631700000)]
  0x00000214fbb83b80 JavaThread "Unconstrained build operations Thread 48" [_thread_blocked, id=19412, stack(0x0000004631700000,0x0000004631800000)]
  0x00000214fbb859e0 JavaThread "Unconstrained build operations Thread 49" [_thread_blocked, id=27388, stack(0x0000004631800000,0x0000004631900000)]
  0x00000214fbb845a0 JavaThread "Unconstrained build operations Thread 50" [_thread_blocked, id=29240, stack(0x0000004631900000,0x0000004631a00000)]
  0x00000214fbb84ab0 JavaThread "Unconstrained build operations Thread 51" [_thread_blocked, id=17708, stack(0x0000004631a00000,0x0000004631b00000)]
  0x00000214fbb84fc0 JavaThread "Unconstrained build operations Thread 52" [_thread_blocked, id=23696, stack(0x0000004631b00000,0x0000004631c00000)]
  0x00000214fbc52540 JavaThread "Unconstrained build operations Thread 53" [_thread_blocked, id=13588, stack(0x0000004631c00000,0x0000004631d00000)]
  0x00000214fbc52a50 JavaThread "Unconstrained build operations Thread 54" [_thread_blocked, id=15444, stack(0x0000004631d00000,0x0000004631e00000)]
  0x00000214fbc52f60 JavaThread "Unconstrained build operations Thread 55" [_thread_blocked, id=15108, stack(0x0000004631e00000,0x0000004631f00000)]
  0x00000214fbc557e0 JavaThread "Unconstrained build operations Thread 56" [_thread_blocked, id=10624, stack(0x0000004631f00000,0x0000004632000000)]
  0x00000214fbc53470 JavaThread "Unconstrained build operations Thread 57" [_thread_blocked, id=19852, stack(0x0000004632000000,0x0000004632100000)]
  0x00000214fbc548b0 JavaThread "Unconstrained build operations Thread 58" [_thread_blocked, id=9004, stack(0x0000004632100000,0x0000004632200000)]
  0x00000214fbc53980 JavaThread "Unconstrained build operations Thread 59" [_thread_blocked, id=28412, stack(0x0000004632200000,0x0000004632300000)]
  0x00000214fbc543a0 JavaThread "Unconstrained build operations Thread 60" [_thread_blocked, id=2692, stack(0x0000004632300000,0x0000004632400000)]
  0x00000214fbc54dc0 JavaThread "Unconstrained build operations Thread 61" [_thread_blocked, id=22760, stack(0x0000004632400000,0x0000004632500000)]
  0x00000214fbc52030 JavaThread "Unconstrained build operations Thread 62" [_thread_blocked, id=4340, stack(0x0000004632500000,0x0000004632600000)]
  0x00000214fbc57640 JavaThread "Unconstrained build operations Thread 63" [_thread_blocked, id=30204, stack(0x0000004632600000,0x0000004632700000)]
  0x00000214fbc55cf0 JavaThread "Unconstrained build operations Thread 64" [_thread_blocked, id=15988, stack(0x0000004632700000,0x0000004632800000)]

Other Threads:
  0x00000214dcf184f0 VMThread "VM Thread" [stack: 0x000000462a900000,0x000000462aa00000] [id=17168]
  0x00000214c204ec50 WatcherThread [stack: 0x000000462b500000,0x000000462b600000] [id=17072]
  0x00000214c207db70 GCTaskThread "GC Thread#0" [stack: 0x000000462a400000,0x000000462a500000] [id=11304]
  0x00000214f69534e0 GCTaskThread "GC Thread#1" [stack: 0x000000462b700000,0x000000462b800000] [id=27048]
  0x00000214f6400400 GCTaskThread "GC Thread#2" [stack: 0x000000462b800000,0x000000462b900000] [id=22788]
  0x00000214f638fdb0 GCTaskThread "GC Thread#3" [stack: 0x000000462b900000,0x000000462ba00000] [id=16912]
  0x00000214f672d800 GCTaskThread "GC Thread#4" [stack: 0x000000462ba00000,0x000000462bb00000] [id=28124]
  0x00000214f6b176e0 GCTaskThread "GC Thread#5" [stack: 0x000000462bb00000,0x000000462bc00000] [id=3088]
  0x00000214fab6a020 GCTaskThread "GC Thread#6" [stack: 0x000000462cb00000,0x000000462cc00000] [id=25156]
  0x00000214fab6a2e0 GCTaskThread "GC Thread#7" [stack: 0x000000462cc00000,0x000000462cd00000] [id=17984]
  0x00000214fab68ce0 GCTaskThread "GC Thread#8" [stack: 0x000000462cd00000,0x000000462ce00000] [id=11376]
  0x00000214fab6a860 GCTaskThread "GC Thread#9" [stack: 0x000000462ce00000,0x000000462cf00000] [id=25508]
  0x00000214c2082ac0 ConcurrentGCThread "G1 Main Marker" [stack: 0x000000462a500000,0x000000462a600000] [id=8676]
  0x00000214bfc3a4c0 ConcurrentGCThread "G1 Conc#0" [stack: 0x000000462a600000,0x000000462a700000] [id=30516]
  0x00000214fab68fa0 ConcurrentGCThread "G1 Conc#1" [stack: 0x000000462cf00000,0x000000462d000000] [id=16216]
  0x00000214fab6a5a0 ConcurrentGCThread "G1 Conc#2" [stack: 0x000000462d000000,0x000000462d100000] [id=20068]
  0x00000214c20fe6a0 ConcurrentGCThread "G1 Refine#0" [stack: 0x000000462a700000,0x000000462a800000] [id=7328]
  0x00000214f86b57c0 ConcurrentGCThread "G1 Refine#1" [stack: 0x000000462e200000,0x000000462e300000] [id=18744]
  0x00000214f86b6670 ConcurrentGCThread "G1 Refine#2" [stack: 0x000000462e300000,0x000000462e400000] [id=25564]
  0x00000214fa986ae0 ConcurrentGCThread "G1 Refine#3" [stack: 0x0000004630700000,0x0000004630800000] [id=17656]
  0x00000214dcdd8520 ConcurrentGCThread "G1 Service" [stack: 0x000000462a800000,0x000000462a900000] [id=29356]

Threads with active compile tasks:
C2 CompilerThread0    27263 8837   !   4       java.io.ObjectOutputStream::writeObject0 (620 bytes)
C2 CompilerThread1    27263 8632   !   4       java.io.ObjectOutputStream::writeOrdinaryObject (196 bytes)
C2 CompilerThread2    27263 9161       4       io.spring.gradle.dependencymanagement.org.apache.maven.model.interpolation.StringSearchModelInterpolator$InterpolateObjectAction::traverseObjectWithParents (49 bytes)

VM state: not at safepoint (normal execution)

VM Mutex/Monitor currently owned by a thread: None

Heap address: 0x00000000e0000000, size: 512 MB, Compressed Oops mode: 32-bit

CDS archive(s) mapped at: [0x00000214dd000000-0x00000214ddbb0000-0x00000214ddbb0000), size 12255232, SharedBaseAddress: 0x00000214dd000000, ArchiveRelocationMode: 1.
Compressed class space mapped at: 0x00000214de000000-0x00000214f2000000, reserved size: 335544320
Narrow klass base: 0x00000214dd000000, Narrow klass shift: 0, Narrow klass range: 0x100000000

GC Precious Log:
 CPUs: 12 total, 12 available
 Memory: 5989M
 Large Page Support: Disabled
 NUMA Support: Disabled
 Compressed Oops: Enabled (32-bit)
 Heap Region Size: 1M
 Heap Min Capacity: 256M
 Heap Initial Capacity: 256M
 Heap Max Capacity: 512M
 Pre-touch: Disabled
 Parallel Workers: 10
 Concurrent Workers: 3
 Concurrent Refinement Workers: 10
 Periodic GC: Disabled

Heap:
 garbage-first heap   total 262144K, used 121548K [0x00000000e0000000, 0x0000000100000000)
  region size 1024K, 80 young (81920K), 15 survivors (15360K)
 Metaspace       used 62757K, committed 63424K, reserved 393216K
  class space    used 8800K, committed 9088K, reserved 327680K

Heap Regions: E=young(eden), S=young(survivor), O=old, HS=humongous(starts), HC=humongous(continues), CS=collection set, F=free, OA=open archive, CA=closed archive, TAMS=top-at-mark-start (previous, next)
|   0|0x00000000e0000000, 0x00000000e0100000, 0x00000000e0100000|100%|HS|  |TAMS 0x00000000e0100000, 0x00000000e0000000| Complete 
|   1|0x00000000e0100000, 0x00000000e0200000, 0x00000000e0200000|100%|HC|  |TAMS 0x00000000e0200000, 0x00000000e0100000| Complete 
|   2|0x00000000e0200000, 0x00000000e0300000, 0x00000000e0300000|100%|HC|  |TAMS 0x00000000e0300000, 0x00000000e0200000| Complete 
|   3|0x00000000e0300000, 0x00000000e0400000, 0x00000000e0400000|100%| O|  |TAMS 0x00000000e0400000, 0x00000000e0300000| Untracked 
|   4|0x00000000e0400000, 0x00000000e0500000, 0x00000000e0500000|100%| O|  |TAMS 0x00000000e0500000, 0x00000000e0400000| Untracked 
|   5|0x00000000e0500000, 0x00000000e0600000, 0x00000000e0600000|100%| O|  |TAMS 0x00000000e0600000, 0x00000000e0500000| Untracked 
|   6|0x00000000e0600000, 0x00000000e0700000, 0x00000000e0700000|100%|HS|  |TAMS 0x00000000e0700000, 0x00000000e0600000| Complete 
|   7|0x00000000e0700000, 0x00000000e0800000, 0x00000000e0800000|100%| O|  |TAMS 0x00000000e0800000, 0x00000000e0700000| Untracked 
|   8|0x00000000e0800000, 0x00000000e0900000, 0x00000000e0900000|100%| O|  |TAMS 0x00000000e0900000, 0x00000000e0800000| Untracked 
|   9|0x00000000e0900000, 0x00000000e0a00000, 0x00000000e0a00000|100%| O|  |TAMS 0x00000000e0a00000, 0x00000000e0900000| Untracked 
|  10|0x00000000e0a00000, 0x00000000e0b00000, 0x00000000e0b00000|100%| O|  |TAMS 0x00000000e0b00000, 0x00000000e0a00000| Untracked 
|  11|0x00000000e0b00000, 0x00000000e0c00000, 0x00000000e0c00000|100%| O|  |TAMS 0x00000000e0c00000, 0x00000000e0b00000| Untracked 
|  12|0x00000000e0c00000, 0x00000000e0d00000, 0x00000000e0d00000|100%| O|  |TAMS 0x00000000e0d00000, 0x00000000e0c00000| Untracked 
|  13|0x00000000e0d00000, 0x00000000e0e00000, 0x00000000e0e00000|100%| O|  |TAMS 0x00000000e0e00000, 0x00000000e0d00000| Untracked 
|  14|0x00000000e0e00000, 0x00000000e0f00000, 0x00000000e0f00000|100%| O|  |TAMS 0x00000000e0f00000, 0x00000000e0e00000| Untracked 
|  15|0x00000000e0f00000, 0x00000000e1000000, 0x00000000e1000000|100%| O|  |TAMS 0x00000000e1000000, 0x00000000e0f00000| Untracked 
|  16|0x00000000e1000000, 0x00000000e1100000, 0x00000000e1100000|100%| O|  |TAMS 0x00000000e1100000, 0x00000000e1000000| Untracked 
|  17|0x00000000e1100000, 0x00000000e1200000, 0x00000000e1200000|100%| O|  |TAMS 0x00000000e1200000, 0x00000000e1100000| Untracked 
|  18|0x00000000e1200000, 0x00000000e1300000, 0x00000000e1300000|100%| O|  |TAMS 0x00000000e1300000, 0x00000000e1200000| Untracked 
|  19|0x00000000e1300000, 0x00000000e1400000, 0x00000000e1400000|100%| O|  |TAMS 0x00000000e1400000, 0x00000000e1300000| Untracked 
|  20|0x00000000e1400000, 0x00000000e1500000, 0x00000000e1500000|100%| O|  |TAMS 0x00000000e1500000, 0x00000000e1400000| Untracked 
|  21|0x00000000e1500000, 0x00000000e1600000, 0x00000000e1600000|100%| O|  |TAMS 0x00000000e1600000, 0x00000000e1500000| Untracked 
|  22|0x00000000e1600000, 0x00000000e1700000, 0x00000000e1700000|100%| O|  |TAMS 0x00000000e1700000, 0x00000000e1600000| Untracked 
|  23|0x00000000e1700000, 0x00000000e1800000, 0x00000000e1800000|100%| O|  |TAMS 0x00000000e1800000, 0x00000000e1700000| Untracked 
|  24|0x00000000e1800000, 0x00000000e1900000, 0x00000000e1900000|100%| O|  |TAMS 0x00000000e1900000, 0x00000000e1800000| Untracked 
|  25|0x00000000e1900000, 0x00000000e1a00000, 0x00000000e1a00000|100%| O|  |TAMS 0x00000000e1a00000, 0x00000000e1900000| Untracked 
|  26|0x00000000e1a00000, 0x00000000e1b00000, 0x00000000e1b00000|100%| O|  |TAMS 0x00000000e1b00000, 0x00000000e1a00000| Untracked 
|  27|0x00000000e1b00000, 0x00000000e1c00000, 0x00000000e1c00000|100%| O|  |TAMS 0x00000000e1c00000, 0x00000000e1b00000| Untracked 
|  28|0x00000000e1c00000, 0x00000000e1d00000, 0x00000000e1d00000|100%| O|  |TAMS 0x00000000e1d00000, 0x00000000e1c00000| Untracked 
|  29|0x00000000e1d00000, 0x00000000e1e00000, 0x00000000e1e00000|100%| O|  |TAMS 0x00000000e1e00000, 0x00000000e1d00000| Untracked 
|  30|0x00000000e1e00000, 0x00000000e1f00000, 0x00000000e1f00000|100%| O|  |TAMS 0x00000000e1ee5e00, 0x00000000e1e00000| Complete 
|  31|0x00000000e1f00000, 0x00000000e1f00000, 0x00000000e2000000|  0%| F|  |TAMS 0x00000000e1f00000, 0x00000000e1f00000| Untracked 
|  32|0x00000000e2000000, 0x00000000e2000000, 0x00000000e2100000|  0%| F|  |TAMS 0x00000000e2000000, 0x00000000e2000000| Untracked 
|  33|0x00000000e2100000, 0x00000000e2200000, 0x00000000e2200000|100%| O|  |TAMS 0x00000000e2100000, 0x00000000e2100000| Untracked 
|  34|0x00000000e2200000, 0x00000000e2300000, 0x00000000e2300000|100%| O|  |TAMS 0x00000000e2200000, 0x00000000e2200000| Untracked 
|  35|0x00000000e2300000, 0x00000000e2400000, 0x00000000e2400000|100%| O|  |TAMS 0x00000000e2300000, 0x00000000e2300000| Untracked 
|  36|0x00000000e2400000, 0x00000000e2500000, 0x00000000e2500000|100%| O|  |TAMS 0x00000000e2400000, 0x00000000e2400000| Untracked 
|  37|0x00000000e2500000, 0x00000000e2600000, 0x00000000e2600000|100%| O|  |TAMS 0x00000000e2500000, 0x00000000e2500000| Untracked 
|  38|0x00000000e2600000, 0x00000000e2700000, 0x00000000e2700000|100%| O|  |TAMS 0x00000000e2600000, 0x00000000e2600000| Untracked 
|  39|0x00000000e2700000, 0x00000000e2800000, 0x00000000e2800000|100%| O|  |TAMS 0x00000000e2700000, 0x00000000e2700000| Untracked 
|  40|0x00000000e2800000, 0x00000000e2900000, 0x00000000e2900000|100%| O|  |TAMS 0x00000000e2800000, 0x00000000e2800000| Untracked 
|  41|0x00000000e2900000, 0x00000000e29cc000, 0x00000000e2a00000| 79%| O|  |TAMS 0x00000000e2900000, 0x00000000e2900000| Untracked 
|  42|0x00000000e2a00000, 0x00000000e2a00000, 0x00000000e2b00000|  0%| F|  |TAMS 0x00000000e2a00000, 0x00000000e2a00000| Untracked 
|  43|0x00000000e2b00000, 0x00000000e2b00000, 0x00000000e2c00000|  0%| F|  |TAMS 0x00000000e2b00000, 0x00000000e2b00000| Untracked 
|  44|0x00000000e2c00000, 0x00000000e2c00000, 0x00000000e2d00000|  0%| F|  |TAMS 0x00000000e2c00000, 0x00000000e2c00000| Untracked 
|  45|0x00000000e2d00000, 0x00000000e2d00000, 0x00000000e2e00000|  0%| F|  |TAMS 0x00000000e2d00000, 0x00000000e2d00000| Untracked 
|  46|0x00000000e2e00000, 0x00000000e2e00000, 0x00000000e2f00000|  0%| F|  |TAMS 0x00000000e2e00000, 0x00000000e2e00000| Untracked 
|  47|0x00000000e2f00000, 0x00000000e2f00000, 0x00000000e3000000|  0%| F|  |TAMS 0x00000000e2f00000, 0x00000000e2f00000| Untracked 
|  48|0x00000000e3000000, 0x00000000e3000000, 0x00000000e3100000|  0%| F|  |TAMS 0x00000000e3000000, 0x00000000e3000000| Untracked 
|  49|0x00000000e3100000, 0x00000000e3100000, 0x00000000e3200000|  0%| F|  |TAMS 0x00000000e3100000, 0x00000000e3100000| Untracked 
|  50|0x00000000e3200000, 0x00000000e3200000, 0x00000000e3300000|  0%| F|  |TAMS 0x00000000e3200000, 0x00000000e3200000| Untracked 
|  51|0x00000000e3300000, 0x00000000e3300000, 0x00000000e3400000|  0%| F|  |TAMS 0x00000000e3300000, 0x00000000e3300000| Untracked 
|  52|0x00000000e3400000, 0x00000000e3400000, 0x00000000e3500000|  0%| F|  |TAMS 0x00000000e3400000, 0x00000000e3400000| Untracked 
|  53|0x00000000e3500000, 0x00000000e3500000, 0x00000000e3600000|  0%| F|  |TAMS 0x00000000e3500000, 0x00000000e3500000| Untracked 
|  54|0x00000000e3600000, 0x00000000e3600000, 0x00000000e3700000|  0%| F|  |TAMS 0x00000000e3600000, 0x00000000e3600000| Untracked 
|  55|0x00000000e3700000, 0x00000000e3700000, 0x00000000e3800000|  0%| F|  |TAMS 0x00000000e3700000, 0x00000000e3700000| Untracked 
|  56|0x00000000e3800000, 0x00000000e3800000, 0x00000000e3900000|  0%| F|  |TAMS 0x00000000e3800000, 0x00000000e3800000| Untracked 
|  57|0x00000000e3900000, 0x00000000e3900000, 0x00000000e3a00000|  0%| F|  |TAMS 0x00000000e3900000, 0x00000000e3900000| Untracked 
|  58|0x00000000e3a00000, 0x00000000e3a00000, 0x00000000e3b00000|  0%| F|  |TAMS 0x00000000e3a00000, 0x00000000e3a00000| Untracked 
|  59|0x00000000e3b00000, 0x00000000e3b00000, 0x00000000e3c00000|  0%| F|  |TAMS 0x00000000e3b00000, 0x00000000e3b00000| Untracked 
|  60|0x00000000e3c00000, 0x00000000e3c00000, 0x00000000e3d00000|  0%| F|  |TAMS 0x00000000e3c00000, 0x00000000e3c00000| Untracked 
|  61|0x00000000e3d00000, 0x00000000e3d00000, 0x00000000e3e00000|  0%| F|  |TAMS 0x00000000e3d00000, 0x00000000e3d00000| Untracked 
|  62|0x00000000e3e00000, 0x00000000e3e00000, 0x00000000e3f00000|  0%| F|  |TAMS 0x00000000e3e00000, 0x00000000e3e00000| Untracked 
|  63|0x00000000e3f00000, 0x00000000e3f00000, 0x00000000e4000000|  0%| F|  |TAMS 0x00000000e3f00000, 0x00000000e3f00000| Untracked 
|  64|0x00000000e4000000, 0x00000000e4000000, 0x00000000e4100000|  0%| F|  |TAMS 0x00000000e4000000, 0x00000000e4000000| Untracked 
|  65|0x00000000e4100000, 0x00000000e4100000, 0x00000000e4200000|  0%| F|  |TAMS 0x00000000e4100000, 0x00000000e4100000| Untracked 
|  66|0x00000000e4200000, 0x00000000e4200000, 0x00000000e4300000|  0%| F|  |TAMS 0x00000000e4200000, 0x00000000e4200000| Untracked 
|  67|0x00000000e4300000, 0x00000000e4300000, 0x00000000e4400000|  0%| F|  |TAMS 0x00000000e4300000, 0x00000000e4300000| Untracked 
|  68|0x00000000e4400000, 0x00000000e4400000, 0x00000000e4500000|  0%| F|  |TAMS 0x00000000e4400000, 0x00000000e4400000| Untracked 
|  69|0x00000000e4500000, 0x00000000e4500000, 0x00000000e4600000|  0%| F|  |TAMS 0x00000000e4500000, 0x00000000e4500000| Untracked 
|  70|0x00000000e4600000, 0x00000000e4600000, 0x00000000e4700000|  0%| F|  |TAMS 0x00000000e4600000, 0x00000000e4600000| Untracked 
|  71|0x00000000e4700000, 0x00000000e4700000, 0x00000000e4800000|  0%| F|  |TAMS 0x00000000e4700000, 0x00000000e4700000| Untracked 
|  72|0x00000000e4800000, 0x00000000e4800000, 0x00000000e4900000|  0%| F|  |TAMS 0x00000000e4800000, 0x00000000e4800000| Untracked 
|  73|0x00000000e4900000, 0x00000000e4900000, 0x00000000e4a00000|  0%| F|  |TAMS 0x00000000e4900000, 0x00000000e4900000| Untracked 
|  74|0x00000000e4a00000, 0x00000000e4a00000, 0x00000000e4b00000|  0%| F|  |TAMS 0x00000000e4a00000, 0x00000000e4a00000| Untracked 
|  75|0x00000000e4b00000, 0x00000000e4b00000, 0x00000000e4c00000|  0%| F|  |TAMS 0x00000000e4b00000, 0x00000000e4b00000| Untracked 
|  76|0x00000000e4c00000, 0x00000000e4c00000, 0x00000000e4d00000|  0%| F|  |TAMS 0x00000000e4c00000, 0x00000000e4c00000| Untracked 
|  77|0x00000000e4d00000, 0x00000000e4d00000, 0x00000000e4e00000|  0%| F|  |TAMS 0x00000000e4d00000, 0x00000000e4d00000| Untracked 
|  78|0x00000000e4e00000, 0x00000000e4e00000, 0x00000000e4f00000|  0%| F|  |TAMS 0x00000000e4e00000, 0x00000000e4e00000| Untracked 
|  79|0x00000000e4f00000, 0x00000000e4f00000, 0x00000000e5000000|  0%| F|  |TAMS 0x00000000e4f00000, 0x00000000e4f00000| Untracked 
|  80|0x00000000e5000000, 0x00000000e5000000, 0x00000000e5100000|  0%| F|  |TAMS 0x00000000e5000000, 0x00000000e5000000| Untracked 
|  81|0x00000000e5100000, 0x00000000e5100000, 0x00000000e5200000|  0%| F|  |TAMS 0x00000000e5100000, 0x00000000e5100000| Untracked 
|  82|0x00000000e5200000, 0x00000000e5200000, 0x00000000e5300000|  0%| F|  |TAMS 0x00000000e5200000, 0x00000000e5200000| Untracked 
|  83|0x00000000e5300000, 0x00000000e5300000, 0x00000000e5400000|  0%| F|  |TAMS 0x00000000e5300000, 0x00000000e5300000| Untracked 
|  84|0x00000000e5400000, 0x00000000e5400000, 0x00000000e5500000|  0%| F|  |TAMS 0x00000000e5400000, 0x00000000e5400000| Untracked 
|  85|0x00000000e5500000, 0x00000000e5500000, 0x00000000e5600000|  0%| F|  |TAMS 0x00000000e5500000, 0x00000000e5500000| Untracked 
|  86|0x00000000e5600000, 0x00000000e5600000, 0x00000000e5700000|  0%| F|  |TAMS 0x00000000e5600000, 0x00000000e5600000| Untracked 
|  87|0x00000000e5700000, 0x00000000e5700000, 0x00000000e5800000|  0%| F|  |TAMS 0x00000000e5700000, 0x00000000e5700000| Untracked 
|  88|0x00000000e5800000, 0x00000000e5800000, 0x00000000e5900000|  0%| F|  |TAMS 0x00000000e5800000, 0x00000000e5800000| Untracked 
|  89|0x00000000e5900000, 0x00000000e5900000, 0x00000000e5a00000|  0%| F|  |TAMS 0x00000000e5900000, 0x00000000e5900000| Untracked 
|  90|0x00000000e5a00000, 0x00000000e5a00000, 0x00000000e5b00000|  0%| F|  |TAMS 0x00000000e5a00000, 0x00000000e5a00000| Untracked 
|  91|0x00000000e5b00000, 0x00000000e5b00000, 0x00000000e5c00000|  0%| F|  |TAMS 0x00000000e5b00000, 0x00000000e5b00000| Untracked 
|  92|0x00000000e5c00000, 0x00000000e5c00000, 0x00000000e5d00000|  0%| F|  |TAMS 0x00000000e5c00000, 0x00000000e5c00000| Untracked 
|  93|0x00000000e5d00000, 0x00000000e5d00000, 0x00000000e5e00000|  0%| F|  |TAMS 0x00000000e5d00000, 0x00000000e5d00000| Untracked 
|  94|0x00000000e5e00000, 0x00000000e5e00000, 0x00000000e5f00000|  0%| F|  |TAMS 0x00000000e5e00000, 0x00000000e5e00000| Untracked 
|  95|0x00000000e5f00000, 0x00000000e5f00000, 0x00000000e6000000|  0%| F|  |TAMS 0x00000000e5f00000, 0x00000000e5f00000| Untracked 
|  96|0x00000000e6000000, 0x00000000e6000000, 0x00000000e6100000|  0%| F|  |TAMS 0x00000000e6000000, 0x00000000e6000000| Untracked 
|  97|0x00000000e6100000, 0x00000000e6100000, 0x00000000e6200000|  0%| F|  |TAMS 0x00000000e6100000, 0x00000000e6100000| Untracked 
|  98|0x00000000e6200000, 0x00000000e6200000, 0x00000000e6300000|  0%| F|  |TAMS 0x00000000e6200000, 0x00000000e6200000| Untracked 
|  99|0x00000000e6300000, 0x00000000e6300000, 0x00000000e6400000|  0%| F|  |TAMS 0x00000000e6300000, 0x00000000e6300000| Untracked 
| 100|0x00000000e6400000, 0x00000000e6400000, 0x00000000e6500000|  0%| F|  |TAMS 0x00000000e6400000, 0x00000000e6400000| Untracked 
| 101|0x00000000e6500000, 0x00000000e6500000, 0x00000000e6600000|  0%| F|  |TAMS 0x00000000e6500000, 0x00000000e6500000| Untracked 
| 102|0x00000000e6600000, 0x00000000e6600000, 0x00000000e6700000|  0%| F|  |TAMS 0x00000000e6600000, 0x00000000e6600000| Untracked 
| 103|0x00000000e6700000, 0x00000000e6700000, 0x00000000e6800000|  0%| F|  |TAMS 0x00000000e6700000, 0x00000000e6700000| Untracked 
| 104|0x00000000e6800000, 0x00000000e6800000, 0x00000000e6900000|  0%| F|  |TAMS 0x00000000e6800000, 0x00000000e6800000| Untracked 
| 105|0x00000000e6900000, 0x00000000e6900000, 0x00000000e6a00000|  0%| F|  |TAMS 0x00000000e6900000, 0x00000000e6900000| Untracked 
| 106|0x00000000e6a00000, 0x00000000e6a00000, 0x00000000e6b00000|  0%| F|  |TAMS 0x00000000e6a00000, 0x00000000e6a00000| Untracked 
| 107|0x00000000e6b00000, 0x00000000e6b00000, 0x00000000e6c00000|  0%| F|  |TAMS 0x00000000e6b00000, 0x00000000e6b00000| Untracked 
| 108|0x00000000e6c00000, 0x00000000e6c00000, 0x00000000e6d00000|  0%| F|  |TAMS 0x00000000e6c00000, 0x00000000e6c00000| Untracked 
| 109|0x00000000e6d00000, 0x00000000e6d00000, 0x00000000e6e00000|  0%| F|  |TAMS 0x00000000e6d00000, 0x00000000e6d00000| Untracked 
| 110|0x00000000e6e00000, 0x00000000e6e00000, 0x00000000e6f00000|  0%| F|  |TAMS 0x00000000e6e00000, 0x00000000e6e00000| Untracked 
| 111|0x00000000e6f00000, 0x00000000e6fe73c0, 0x00000000e7000000| 90%| S|CS|TAMS 0x00000000e6f00000, 0x00000000e6f00000| Complete 
| 112|0x00000000e7000000, 0x00000000e7100000, 0x00000000e7100000|100%| S|CS|TAMS 0x00000000e7000000, 0x00000000e7000000| Complete 
| 113|0x00000000e7100000, 0x00000000e7200000, 0x00000000e7200000|100%| S|CS|TAMS 0x00000000e7100000, 0x00000000e7100000| Complete 
| 114|0x00000000e7200000, 0x00000000e7300000, 0x00000000e7300000|100%| S|CS|TAMS 0x00000000e7200000, 0x00000000e7200000| Complete 
| 115|0x00000000e7300000, 0x00000000e7400000, 0x00000000e7400000|100%| S|CS|TAMS 0x00000000e7300000, 0x00000000e7300000| Complete 
| 116|0x00000000e7400000, 0x00000000e7500000, 0x00000000e7500000|100%| S|CS|TAMS 0x00000000e7400000, 0x00000000e7400000| Complete 
| 117|0x00000000e7500000, 0x00000000e7600000, 0x00000000e7600000|100%| S|CS|TAMS 0x00000000e7500000, 0x00000000e7500000| Complete 
| 118|0x00000000e7600000, 0x00000000e7700000, 0x00000000e7700000|100%| S|CS|TAMS 0x00000000e7600000, 0x00000000e7600000| Complete 
| 119|0x00000000e7700000, 0x00000000e7800000, 0x00000000e7800000|100%| S|CS|TAMS 0x00000000e7700000, 0x00000000e7700000| Complete 
| 120|0x00000000e7800000, 0x00000000e7800000, 0x00000000e7900000|  0%| F|  |TAMS 0x00000000e7800000, 0x00000000e7800000| Untracked 
| 121|0x00000000e7900000, 0x00000000e7a00000, 0x00000000e7a00000|100%| S|CS|TAMS 0x00000000e7900000, 0x00000000e7900000| Complete 
| 122|0x00000000e7a00000, 0x00000000e7b00000, 0x00000000e7b00000|100%| S|CS|TAMS 0x00000000e7a00000, 0x00000000e7a00000| Complete 
| 123|0x00000000e7b00000, 0x00000000e7c00000, 0x00000000e7c00000|100%| S|CS|TAMS 0x00000000e7b00000, 0x00000000e7b00000| Complete 
| 124|0x00000000e7c00000, 0x00000000e7d00000, 0x00000000e7d00000|100%| S|CS|TAMS 0x00000000e7c00000, 0x00000000e7c00000| Complete 
| 125|0x00000000e7d00000, 0x00000000e7e00000, 0x00000000e7e00000|100%| S|CS|TAMS 0x00000000e7d00000, 0x00000000e7d00000| Complete 
| 126|0x00000000e7e00000, 0x00000000e7f00000, 0x00000000e7f00000|100%| S|CS|TAMS 0x00000000e7e00000, 0x00000000e7e00000| Complete 
| 127|0x00000000e7f00000, 0x00000000e7f00000, 0x00000000e8000000|  0%| F|  |TAMS 0x00000000e7f00000, 0x00000000e7f00000| Untracked 
| 128|0x00000000e8000000, 0x00000000e8000000, 0x00000000e8100000|  0%| F|  |TAMS 0x00000000e8000000, 0x00000000e8000000| Untracked 
| 129|0x00000000e8100000, 0x00000000e8100000, 0x00000000e8200000|  0%| F|  |TAMS 0x00000000e8100000, 0x00000000e8100000| Untracked 
| 130|0x00000000e8200000, 0x00000000e8200000, 0x00000000e8300000|  0%| F|  |TAMS 0x00000000e8200000, 0x00000000e8200000| Untracked 
| 131|0x00000000e8300000, 0x00000000e8300000, 0x00000000e8400000|  0%| F|  |TAMS 0x00000000e8300000, 0x00000000e8300000| Untracked 
| 132|0x00000000e8400000, 0x00000000e8400000, 0x00000000e8500000|  0%| F|  |TAMS 0x00000000e8400000, 0x00000000e8400000| Untracked 
| 133|0x00000000e8500000, 0x00000000e8500000, 0x00000000e8600000|  0%| F|  |TAMS 0x00000000e8500000, 0x00000000e8500000| Untracked 
| 134|0x00000000e8600000, 0x00000000e8600000, 0x00000000e8700000|  0%| F|  |TAMS 0x00000000e8600000, 0x00000000e8600000| Untracked 
| 135|0x00000000e8700000, 0x00000000e8700000, 0x00000000e8800000|  0%| F|  |TAMS 0x00000000e8700000, 0x00000000e8700000| Untracked 
| 136|0x00000000e8800000, 0x00000000e8800000, 0x00000000e8900000|  0%| F|  |TAMS 0x00000000e8800000, 0x00000000e8800000| Untracked 
| 137|0x00000000e8900000, 0x00000000e8900000, 0x00000000e8a00000|  0%| F|  |TAMS 0x00000000e8900000, 0x00000000e8900000| Untracked 
| 138|0x00000000e8a00000, 0x00000000e8a00000, 0x00000000e8b00000|  0%| F|  |TAMS 0x00000000e8a00000, 0x00000000e8a00000| Untracked 
| 139|0x00000000e8b00000, 0x00000000e8b00000, 0x00000000e8c00000|  0%| F|  |TAMS 0x00000000e8b00000, 0x00000000e8b00000| Untracked 
| 140|0x00000000e8c00000, 0x00000000e8c00000, 0x00000000e8d00000|  0%| F|  |TAMS 0x00000000e8c00000, 0x00000000e8c00000| Untracked 
| 141|0x00000000e8d00000, 0x00000000e8d00000, 0x00000000e8e00000|  0%| F|  |TAMS 0x00000000e8d00000, 0x00000000e8d00000| Untracked 
| 142|0x00000000e8e00000, 0x00000000e8e00000, 0x00000000e8f00000|  0%| F|  |TAMS 0x00000000e8e00000, 0x00000000e8e00000| Untracked 
| 143|0x00000000e8f00000, 0x00000000e8f00000, 0x00000000e9000000|  0%| F|  |TAMS 0x00000000e8f00000, 0x00000000e8f00000| Untracked 
| 144|0x00000000e9000000, 0x00000000e9000000, 0x00000000e9100000|  0%| F|  |TAMS 0x00000000e9000000, 0x00000000e9000000| Untracked 
| 145|0x00000000e9100000, 0x00000000e9100000, 0x00000000e9200000|  0%| F|  |TAMS 0x00000000e9100000, 0x00000000e9100000| Untracked 
| 146|0x00000000e9200000, 0x00000000e9200000, 0x00000000e9300000|  0%| F|  |TAMS 0x00000000e9200000, 0x00000000e9200000| Untracked 
| 147|0x00000000e9300000, 0x00000000e9300000, 0x00000000e9400000|  0%| F|  |TAMS 0x00000000e9300000, 0x00000000e9300000| Untracked 
| 148|0x00000000e9400000, 0x00000000e9400000, 0x00000000e9500000|  0%| F|  |TAMS 0x00000000e9400000, 0x00000000e9400000| Untracked 
| 149|0x00000000e9500000, 0x00000000e9500000, 0x00000000e9600000|  0%| F|  |TAMS 0x00000000e9500000, 0x00000000e9500000| Untracked 
| 150|0x00000000e9600000, 0x00000000e9600000, 0x00000000e9700000|  0%| F|  |TAMS 0x00000000e9600000, 0x00000000e9600000| Untracked 
| 151|0x00000000e9700000, 0x00000000e9700000, 0x00000000e9800000|  0%| F|  |TAMS 0x00000000e9700000, 0x00000000e9700000| Untracked 
| 152|0x00000000e9800000, 0x00000000e9800000, 0x00000000e9900000|  0%| F|  |TAMS 0x00000000e9800000, 0x00000000e9800000| Untracked 
| 153|0x00000000e9900000, 0x00000000e9900000, 0x00000000e9a00000|  0%| F|  |TAMS 0x00000000e9900000, 0x00000000e9900000| Untracked 
| 154|0x00000000e9a00000, 0x00000000e9a00000, 0x00000000e9b00000|  0%| F|  |TAMS 0x00000000e9a00000, 0x00000000e9a00000| Untracked 
| 155|0x00000000e9b00000, 0x00000000e9b00000, 0x00000000e9c00000|  0%| F|  |TAMS 0x00000000e9b00000, 0x00000000e9b00000| Untracked 
| 156|0x00000000e9c00000, 0x00000000e9c00000, 0x00000000e9d00000|  0%| F|  |TAMS 0x00000000e9c00000, 0x00000000e9c00000| Untracked 
| 157|0x00000000e9d00000, 0x00000000e9d00000, 0x00000000e9e00000|  0%| F|  |TAMS 0x00000000e9d00000, 0x00000000e9d00000| Untracked 
| 158|0x00000000e9e00000, 0x00000000e9e00000, 0x00000000e9f00000|  0%| F|  |TAMS 0x00000000e9e00000, 0x00000000e9e00000| Untracked 
| 159|0x00000000e9f00000, 0x00000000e9f00000, 0x00000000ea000000|  0%| F|  |TAMS 0x00000000e9f00000, 0x00000000e9f00000| Untracked 
| 160|0x00000000ea000000, 0x00000000ea000000, 0x00000000ea100000|  0%| F|  |TAMS 0x00000000ea000000, 0x00000000ea000000| Untracked 
| 161|0x00000000ea100000, 0x00000000ea100000, 0x00000000ea200000|  0%| F|  |TAMS 0x00000000ea100000, 0x00000000ea100000| Untracked 
| 162|0x00000000ea200000, 0x00000000ea200000, 0x00000000ea300000|  0%| F|  |TAMS 0x00000000ea200000, 0x00000000ea200000| Untracked 
| 163|0x00000000ea300000, 0x00000000ea300000, 0x00000000ea400000|  0%| F|  |TAMS 0x00000000ea300000, 0x00000000ea300000| Untracked 
| 164|0x00000000ea400000, 0x00000000ea400000, 0x00000000ea500000|  0%| F|  |TAMS 0x00000000ea400000, 0x00000000ea400000| Untracked 
| 165|0x00000000ea500000, 0x00000000ea500000, 0x00000000ea600000|  0%| F|  |TAMS 0x00000000ea500000, 0x00000000ea500000| Untracked 
| 166|0x00000000ea600000, 0x00000000ea600000, 0x00000000ea700000|  0%| F|  |TAMS 0x00000000ea600000, 0x00000000ea600000| Untracked 
| 167|0x00000000ea700000, 0x00000000ea700000, 0x00000000ea800000|  0%| F|  |TAMS 0x00000000ea700000, 0x00000000ea700000| Untracked 
| 168|0x00000000ea800000, 0x00000000ea800000, 0x00000000ea900000|  0%| F|  |TAMS 0x00000000ea800000, 0x00000000ea800000| Untracked 
| 169|0x00000000ea900000, 0x00000000ea900000, 0x00000000eaa00000|  0%| F|  |TAMS 0x00000000ea900000, 0x00000000ea900000| Untracked 
| 170|0x00000000eaa00000, 0x00000000eaa00000, 0x00000000eab00000|  0%| F|  |TAMS 0x00000000eaa00000, 0x00000000eaa00000| Untracked 
| 171|0x00000000eab00000, 0x00000000eab00000, 0x00000000eac00000|  0%| F|  |TAMS 0x00000000eab00000, 0x00000000eab00000| Untracked 
| 172|0x00000000eac00000, 0x00000000eac00000, 0x00000000ead00000|  0%| F|  |TAMS 0x00000000eac00000, 0x00000000eac00000| Untracked 
| 173|0x00000000ead00000, 0x00000000ead00000, 0x00000000eae00000|  0%| F|  |TAMS 0x00000000ead00000, 0x00000000ead00000| Untracked 
| 174|0x00000000eae00000, 0x00000000eae00000, 0x00000000eaf00000|  0%| F|  |TAMS 0x00000000eae00000, 0x00000000eae00000| Untracked 
| 175|0x00000000eaf00000, 0x00000000eaf00000, 0x00000000eb000000|  0%| F|  |TAMS 0x00000000eaf00000, 0x00000000eaf00000| Untracked 
| 176|0x00000000eb000000, 0x00000000eb000000, 0x00000000eb100000|  0%| F|  |TAMS 0x00000000eb000000, 0x00000000eb000000| Untracked 
| 177|0x00000000eb100000, 0x00000000eb100000, 0x00000000eb200000|  0%| F|  |TAMS 0x00000000eb100000, 0x00000000eb100000| Untracked 
| 178|0x00000000eb200000, 0x00000000eb200000, 0x00000000eb300000|  0%| F|  |TAMS 0x00000000eb200000, 0x00000000eb200000| Untracked 
| 179|0x00000000eb300000, 0x00000000eb300000, 0x00000000eb400000|  0%| F|  |TAMS 0x00000000eb300000, 0x00000000eb300000| Untracked 
| 180|0x00000000eb400000, 0x00000000eb400000, 0x00000000eb500000|  0%| F|  |TAMS 0x00000000eb400000, 0x00000000eb400000| Untracked 
| 181|0x00000000eb500000, 0x00000000eb500000, 0x00000000eb600000|  0%| F|  |TAMS 0x00000000eb500000, 0x00000000eb500000| Untracked 
| 182|0x00000000eb600000, 0x00000000eb600000, 0x00000000eb700000|  0%| F|  |TAMS 0x00000000eb600000, 0x00000000eb600000| Untracked 
| 183|0x00000000eb700000, 0x00000000eb700000, 0x00000000eb800000|  0%| F|  |TAMS 0x00000000eb700000, 0x00000000eb700000| Untracked 
| 184|0x00000000eb800000, 0x00000000eb800000, 0x00000000eb900000|  0%| F|  |TAMS 0x00000000eb800000, 0x00000000eb800000| Untracked 
| 185|0x00000000eb900000, 0x00000000eb900000, 0x00000000eba00000|  0%| F|  |TAMS 0x00000000eb900000, 0x00000000eb900000| Untracked 
| 186|0x00000000eba00000, 0x00000000eba00000, 0x00000000ebb00000|  0%| F|  |TAMS 0x00000000eba00000, 0x00000000eba00000| Untracked 
| 187|0x00000000ebb00000, 0x00000000ebb00000, 0x00000000ebc00000|  0%| F|  |TAMS 0x00000000ebb00000, 0x00000000ebb00000| Untracked 
| 188|0x00000000ebc00000, 0x00000000ebc00000, 0x00000000ebd00000|  0%| F|  |TAMS 0x00000000ebc00000, 0x00000000ebc00000| Untracked 
| 189|0x00000000ebd00000, 0x00000000ebd00000, 0x00000000ebe00000|  0%| F|  |TAMS 0x00000000ebd00000, 0x00000000ebd00000| Untracked 
| 190|0x00000000ebe00000, 0x00000000ebe00000, 0x00000000ebf00000|  0%| F|  |TAMS 0x00000000ebe00000, 0x00000000ebe00000| Untracked 
| 191|0x00000000ebf00000, 0x00000000ebf9f398, 0x00000000ec000000| 62%| E|  |TAMS 0x00000000ebf00000, 0x00000000ebf00000| Complete 
| 192|0x00000000ec000000, 0x00000000ec100000, 0x00000000ec100000|100%| E|CS|TAMS 0x00000000ec000000, 0x00000000ec000000| Complete 
| 193|0x00000000ec100000, 0x00000000ec200000, 0x00000000ec200000|100%| E|CS|TAMS 0x00000000ec100000, 0x00000000ec100000| Complete 
| 194|0x00000000ec200000, 0x00000000ec300000, 0x00000000ec300000|100%| E|CS|TAMS 0x00000000ec200000, 0x00000000ec200000| Complete 
| 195|0x00000000ec300000, 0x00000000ec400000, 0x00000000ec400000|100%| E|CS|TAMS 0x00000000ec300000, 0x00000000ec300000| Complete 
| 196|0x00000000ec400000, 0x00000000ec500000, 0x00000000ec500000|100%| E|CS|TAMS 0x00000000ec400000, 0x00000000ec400000| Complete 
| 197|0x00000000ec500000, 0x00000000ec600000, 0x00000000ec600000|100%| E|CS|TAMS 0x00000000ec500000, 0x00000000ec500000| Complete 
| 198|0x00000000ec600000, 0x00000000ec700000, 0x00000000ec700000|100%| E|CS|TAMS 0x00000000ec600000, 0x00000000ec600000| Complete 
| 199|0x00000000ec700000, 0x00000000ec800000, 0x00000000ec800000|100%| E|CS|TAMS 0x00000000ec700000, 0x00000000ec700000| Complete 
| 200|0x00000000ec800000, 0x00000000ec900000, 0x00000000ec900000|100%| E|CS|TAMS 0x00000000ec800000, 0x00000000ec800000| Complete 
| 201|0x00000000ec900000, 0x00000000eca00000, 0x00000000eca00000|100%| E|CS|TAMS 0x00000000ec900000, 0x00000000ec900000| Complete 
| 202|0x00000000eca00000, 0x00000000ecb00000, 0x00000000ecb00000|100%| E|CS|TAMS 0x00000000eca00000, 0x00000000eca00000| Complete 
| 203|0x00000000ecb00000, 0x00000000ecc00000, 0x00000000ecc00000|100%| E|CS|TAMS 0x00000000ecb00000, 0x00000000ecb00000| Complete 
| 204|0x00000000ecc00000, 0x00000000ecd00000, 0x00000000ecd00000|100%| E|CS|TAMS 0x00000000ecc00000, 0x00000000ecc00000| Complete 
| 205|0x00000000ecd00000, 0x00000000ece00000, 0x00000000ece00000|100%| E|CS|TAMS 0x00000000ecd00000, 0x00000000ecd00000| Complete 
| 206|0x00000000ece00000, 0x00000000ecf00000, 0x00000000ecf00000|100%| E|CS|TAMS 0x00000000ece00000, 0x00000000ece00000| Complete 
| 207|0x00000000ecf00000, 0x00000000ed000000, 0x00000000ed000000|100%| E|CS|TAMS 0x00000000ecf00000, 0x00000000ecf00000| Complete 
| 208|0x00000000ed000000, 0x00000000ed100000, 0x00000000ed100000|100%| E|CS|TAMS 0x00000000ed000000, 0x00000000ed000000| Complete 
| 209|0x00000000ed100000, 0x00000000ed200000, 0x00000000ed200000|100%| E|CS|TAMS 0x00000000ed100000, 0x00000000ed100000| Complete 
| 210|0x00000000ed200000, 0x00000000ed300000, 0x00000000ed300000|100%| E|CS|TAMS 0x00000000ed200000, 0x00000000ed200000| Complete 
| 211|0x00000000ed300000, 0x00000000ed400000, 0x00000000ed400000|100%| E|CS|TAMS 0x00000000ed300000, 0x00000000ed300000| Complete 
| 212|0x00000000ed400000, 0x00000000ed500000, 0x00000000ed500000|100%| E|CS|TAMS 0x00000000ed400000, 0x00000000ed400000| Complete 
| 213|0x00000000ed500000, 0x00000000ed600000, 0x00000000ed600000|100%| E|CS|TAMS 0x00000000ed500000, 0x00000000ed500000| Complete 
| 214|0x00000000ed600000, 0x00000000ed700000, 0x00000000ed700000|100%| E|CS|TAMS 0x00000000ed600000, 0x00000000ed600000| Complete 
| 215|0x00000000ed700000, 0x00000000ed800000, 0x00000000ed800000|100%| E|CS|TAMS 0x00000000ed700000, 0x00000000ed700000| Complete 
| 216|0x00000000ed800000, 0x00000000ed900000, 0x00000000ed900000|100%| E|CS|TAMS 0x00000000ed800000, 0x00000000ed800000| Complete 
| 217|0x00000000ed900000, 0x00000000eda00000, 0x00000000eda00000|100%| E|CS|TAMS 0x00000000ed900000, 0x00000000ed900000| Complete 
| 218|0x00000000eda00000, 0x00000000edb00000, 0x00000000edb00000|100%| E|CS|TAMS 0x00000000eda00000, 0x00000000eda00000| Complete 
| 219|0x00000000edb00000, 0x00000000edc00000, 0x00000000edc00000|100%| E|CS|TAMS 0x00000000edb00000, 0x00000000edb00000| Complete 
| 220|0x00000000edc00000, 0x00000000edd00000, 0x00000000edd00000|100%| E|CS|TAMS 0x00000000edc00000, 0x00000000edc00000| Complete 
| 221|0x00000000edd00000, 0x00000000ede00000, 0x00000000ede00000|100%| E|CS|TAMS 0x00000000edd00000, 0x00000000edd00000| Complete 
| 222|0x00000000ede00000, 0x00000000edf00000, 0x00000000edf00000|100%| E|CS|TAMS 0x00000000ede00000, 0x00000000ede00000| Complete 
| 223|0x00000000edf00000, 0x00000000ee000000, 0x00000000ee000000|100%| E|CS|TAMS 0x00000000edf00000, 0x00000000edf00000| Complete 
| 224|0x00000000ee000000, 0x00000000ee100000, 0x00000000ee100000|100%| E|CS|TAMS 0x00000000ee000000, 0x00000000ee000000| Complete 
| 225|0x00000000ee100000, 0x00000000ee200000, 0x00000000ee200000|100%| E|CS|TAMS 0x00000000ee100000, 0x00000000ee100000| Complete 
| 226|0x00000000ee200000, 0x00000000ee300000, 0x00000000ee300000|100%| E|CS|TAMS 0x00000000ee200000, 0x00000000ee200000| Complete 
| 227|0x00000000ee300000, 0x00000000ee400000, 0x00000000ee400000|100%| E|CS|TAMS 0x00000000ee300000, 0x00000000ee300000| Complete 
| 228|0x00000000ee400000, 0x00000000ee500000, 0x00000000ee500000|100%| E|CS|TAMS 0x00000000ee400000, 0x00000000ee400000| Complete 
| 229|0x00000000ee500000, 0x00000000ee600000, 0x00000000ee600000|100%| E|CS|TAMS 0x00000000ee500000, 0x00000000ee500000| Complete 
| 230|0x00000000ee600000, 0x00000000ee700000, 0x00000000ee700000|100%| E|CS|TAMS 0x00000000ee600000, 0x00000000ee600000| Complete 
| 231|0x00000000ee700000, 0x00000000ee800000, 0x00000000ee800000|100%| E|CS|TAMS 0x00000000ee700000, 0x00000000ee700000| Complete 
| 232|0x00000000ee800000, 0x00000000ee900000, 0x00000000ee900000|100%| E|CS|TAMS 0x00000000ee800000, 0x00000000ee800000| Complete 
| 233|0x00000000ee900000, 0x00000000eea00000, 0x00000000eea00000|100%| E|CS|TAMS 0x00000000ee900000, 0x00000000ee900000| Complete 
| 234|0x00000000eea00000, 0x00000000eeb00000, 0x00000000eeb00000|100%| E|CS|TAMS 0x00000000eea00000, 0x00000000eea00000| Complete 
| 235|0x00000000eeb00000, 0x00000000eec00000, 0x00000000eec00000|100%| E|CS|TAMS 0x00000000eeb00000, 0x00000000eeb00000| Complete 
| 236|0x00000000eec00000, 0x00000000eed00000, 0x00000000eed00000|100%| E|CS|TAMS 0x00000000eec00000, 0x00000000eec00000| Complete 
| 237|0x00000000eed00000, 0x00000000eee00000, 0x00000000eee00000|100%| E|CS|TAMS 0x00000000eed00000, 0x00000000eed00000| Complete 
| 238|0x00000000eee00000, 0x00000000eef00000, 0x00000000eef00000|100%| E|CS|TAMS 0x00000000eee00000, 0x00000000eee00000| Complete 
| 239|0x00000000eef00000, 0x00000000ef000000, 0x00000000ef000000|100%| E|CS|TAMS 0x00000000eef00000, 0x00000000eef00000| Complete 
| 240|0x00000000ef000000, 0x00000000ef100000, 0x00000000ef100000|100%| E|CS|TAMS 0x00000000ef000000, 0x00000000ef000000| Complete 
| 241|0x00000000ef100000, 0x00000000ef200000, 0x00000000ef200000|100%| E|CS|TAMS 0x00000000ef100000, 0x00000000ef100000| Complete 
| 242|0x00000000ef200000, 0x00000000ef300000, 0x00000000ef300000|100%| E|CS|TAMS 0x00000000ef200000, 0x00000000ef200000| Complete 
| 243|0x00000000ef300000, 0x00000000ef400000, 0x00000000ef400000|100%| E|CS|TAMS 0x00000000ef300000, 0x00000000ef300000| Complete 
| 244|0x00000000ef400000, 0x00000000ef500000, 0x00000000ef500000|100%| E|CS|TAMS 0x00000000ef400000, 0x00000000ef400000| Complete 
| 245|0x00000000ef500000, 0x00000000ef600000, 0x00000000ef600000|100%| E|CS|TAMS 0x00000000ef500000, 0x00000000ef500000| Complete 
| 246|0x00000000ef600000, 0x00000000ef700000, 0x00000000ef700000|100%| E|CS|TAMS 0x00000000ef600000, 0x00000000ef600000| Complete 
| 247|0x00000000ef700000, 0x00000000ef800000, 0x00000000ef800000|100%| E|CS|TAMS 0x00000000ef700000, 0x00000000ef700000| Complete 
| 248|0x00000000ef800000, 0x00000000ef900000, 0x00000000ef900000|100%| E|CS|TAMS 0x00000000ef800000, 0x00000000ef800000| Complete 
| 249|0x00000000ef900000, 0x00000000efa00000, 0x00000000efa00000|100%| E|CS|TAMS 0x00000000ef900000, 0x00000000ef900000| Complete 
| 250|0x00000000efa00000, 0x00000000efb00000, 0x00000000efb00000|100%| E|CS|TAMS 0x00000000efa00000, 0x00000000efa00000| Complete 
| 251|0x00000000efb00000, 0x00000000efc00000, 0x00000000efc00000|100%| E|CS|TAMS 0x00000000efb00000, 0x00000000efb00000| Complete 
| 252|0x00000000efc00000, 0x00000000efd00000, 0x00000000efd00000|100%| E|CS|TAMS 0x00000000efc00000, 0x00000000efc00000| Complete 
| 253|0x00000000efd00000, 0x00000000efe00000, 0x00000000efe00000|100%| E|CS|TAMS 0x00000000efd00000, 0x00000000efd00000| Complete 
| 254|0x00000000efe00000, 0x00000000eff00000, 0x00000000eff00000|100%| E|CS|TAMS 0x00000000efe00000, 0x00000000efe00000| Complete 
| 255|0x00000000eff00000, 0x00000000f0000000, 0x00000000f0000000|100%| E|CS|TAMS 0x00000000eff00000, 0x00000000eff00000| Complete 

Card table byte_map: [0x00000214d90d0000,0x00000214d91d0000] _byte_map_base: 0x00000214d89d0000

Marking Bits (Prev, Next): (CMBitMap*) 0x00000214c207e1d0, (CMBitMap*) 0x00000214c207e190
 Prev Bits: [0x00000214d9ad0000, 0x00000214da2d0000)
 Next Bits: [0x00000214d92d0000, 0x00000214d9ad0000)

Polling page: 0x00000214bfe80000

Metaspace:

Usage:
  Non-class:     52.69 MB used.
      Class:      8.59 MB used.
       Both:     61.29 MB used.

Virtual space:
  Non-class space:       64.00 MB reserved,      53.06 MB ( 83%) committed,  1 nodes.
      Class space:      320.00 MB reserved,       8.88 MB (  3%) committed,  1 nodes.
             Both:      384.00 MB reserved,      61.94 MB ( 16%) committed. 

Chunk freelists:
   Non-Class:  10.73 MB
       Class:  7.05 MB
        Both:  17.79 MB

MaxMetaspaceSize: 384.00 MB
CompressedClassSpaceSize: 320.00 MB
Initial GC threshold: 21.00 MB
Current GC threshold: 98.06 MB
CDS: on
MetaspaceReclaimPolicy: balanced
 - commit_granule_bytes: 65536.
 - commit_granule_words: 8192.
 - virtual_space_node_default_size: 8388608.
 - enlarge_chunks_in_place: 1.
 - new_chunks_are_fully_committed: 0.
 - uncommit_free_chunks: 1.
 - use_allocation_guard: 0.
 - handle_deallocations: 1.


Internal statistics:

num_allocs_failed_limit: 9.
num_arena_births: 756.
num_arena_deaths: 0.
num_vsnodes_births: 2.
num_vsnodes_deaths: 0.
num_space_committed: 991.
num_space_uncommitted: 0.
num_chunks_returned_to_freelist: 9.
num_chunks_taken_from_freelist: 3361.
num_chunk_merges: 6.
num_chunk_splits: 2174.
num_chunks_enlarged: 1421.
num_inconsistent_stats: 0.

CodeHeap 'non-profiled nmethods': size=120000Kb used=4323Kb max_used=4731Kb free=115677Kb
 bounds [0x00000214d1650000, 0x00000214d1af0000, 0x00000214d8b80000]
CodeHeap 'profiled nmethods': size=120000Kb used=14107Kb max_used=15716Kb free=105892Kb
 bounds [0x00000214c9b80000, 0x00000214caae0000, 0x00000214d10b0000]
CodeHeap 'non-nmethods': size=5760Kb used=2351Kb max_used=2407Kb free=3408Kb
 bounds [0x00000214d10b0000, 0x00000214d1320000, 0x00000214d1650000]
 total_blobs=8378 nmethods=7505 adapters=785
 compilation: enabled
              stopped_count=0, restarted_count=0
 full_count=0

Compilation events (20 events):
Event: 26.183 Thread 0x00000214dcf629a0 nmethod 9200 0x00000214ca272610 code [0x00000214ca2727e0, 0x00000214ca272c18]
Event: 26.183 Thread 0x00000214dcf629a0 9201       3       org.gradle.internal.component.model.DefaultExternalModuleComponentGraphResolveState$$Lambda$1066/0x00000214de7833f8::apply (8 bytes)
Event: 26.184 Thread 0x00000214dcf629a0 nmethod 9201 0x00000214ca337610 code [0x00000214ca3377e0, 0x00000214ca337bf8]
Event: 26.184 Thread 0x00000214dcf629a0 9202       3       org.gradle.internal.component.model.DefaultExternalModuleComponentGraphResolveState::lambda$new$2 (12 bytes)
Event: 26.184 Thread 0x00000214dcf629a0 nmethod 9202 0x00000214ca3f9a90 code [0x00000214ca3f9c40, 0x00000214ca3f9eb8]
Event: 26.184 Thread 0x00000214dcf629a0 9203       3       org.gradle.internal.component.external.model.VariantMetadataRules$$Lambda$1068/0x00000214de783ad8::apply (12 bytes)
Event: 26.184 Thread 0x00000214dcf629a0 nmethod 9203 0x00000214ca736510 code [0x00000214ca7366c0, 0x00000214ca736a08]
Event: 26.184 Thread 0x00000214dcf629a0 9204       3       org.gradle.internal.component.external.model.VariantMetadataRules::lambda$getAttributes$0 (14 bytes)
Event: 26.184 Thread 0x00000214dcf629a0 nmethod 9204 0x00000214ca3c6090 code [0x00000214ca3c6240, 0x00000214ca3c6428]
Event: 26.184 Thread 0x00000214dcf629a0 9205       3       org.gradle.internal.component.model.DefaultExternalModuleComponentGraphResolveState$$Lambda$1076/0x00000214de789e90::apply (12 bytes)
Event: 26.185 Thread 0x00000214dcf629a0 nmethod 9205 0x00000214ca423310 code [0x00000214ca4234e0, 0x00000214ca423918]
Event: 26.185 Thread 0x00000214dcf629a0 9206       1       org.gradle.internal.dispatch.ProxyDispatchAdapter::getSource (5 bytes)
Event: 26.185 Thread 0x00000214dcf629a0 nmethod 9206 0x00000214d19dfc10 code [0x00000214d19dfda0, 0x00000214d19dfe78]
Event: 26.185 Thread 0x00000214dcf629a0 9207       3       org.gradle.internal.component.external.model.AbstractLazyModuleComponentResolveMetadata::getAttributes (5 bytes)
Event: 26.186 Thread 0x00000214dcf629a0 nmethod 9207 0x00000214ca0e8d10 code [0x00000214ca0e8ea0, 0x00000214ca0e8fb8]
Event: 26.186 Thread 0x00000214dcf629a0 9208       3       org.gradle.internal.model.CalculatedValueContainer$CalculationState::<init> (37 bytes)
Event: 26.186 Thread 0x00000214dcf629a0 nmethod 9208 0x00000214c9d2d810 code [0x00000214c9d2da00, 0x00000214c9d2e0f8]
Event: 26.186 Thread 0x00000214dcf629a0 9209       3       com.google.common.collect.ImmutableSet$Builder::add (31 bytes)
Event: 26.187 Thread 0x00000214dcf629a0 nmethod 9209 0x00000214ca42bb10 code [0x00000214ca42bd20, 0x00000214ca42c378]
Event: 26.200 Thread 0x00000214dcf629a0 9210       3       com.esotericsoftware.kryo.io.Output::writeBoolean (44 bytes)

GC Heap History (16 events):
Event: 0.834 GC heap before
{Heap before GC invocations=0 (full 0):
 garbage-first heap   total 262144K, used 23552K [0x00000000e0000000, 0x0000000100000000)
  region size 1024K, 23 young (23552K), 0 survivors (0K)
 Metaspace       used 1044K, committed 1216K, reserved 393216K
  class space    used 73K, committed 128K, reserved 327680K
}
Event: 0.841 GC heap after
{Heap after GC invocations=1 (full 0):
 garbage-first heap   total 262144K, used 1930K [0x00000000e0000000, 0x0000000100000000)
  region size 1024K, 2 young (2048K), 2 survivors (2048K)
 Metaspace       used 1044K, committed 1216K, reserved 393216K
  class space    used 73K, committed 128K, reserved 327680K
}
Event: 2.304 GC heap before
{Heap before GC invocations=1 (full 0):
 garbage-first heap   total 262144K, used 39818K [0x00000000e0000000, 0x0000000100000000)
  region size 1024K, 37 young (37888K), 2 survivors (2048K)
 Metaspace       used 4352K, committed 4544K, reserved 393216K
  class space    used 547K, committed 640K, reserved 327680K
}
Event: 2.318 GC heap after
{Heap after GC invocations=2 (full 0):
 garbage-first heap   total 262144K, used 11043K [0x00000000e0000000, 0x0000000100000000)
  region size 1024K, 5 young (5120K), 5 survivors (5120K)
 Metaspace       used 4352K, committed 4544K, reserved 393216K
  class space    used 547K, committed 640K, reserved 327680K
}
Event: 3.154 GC heap before
{Heap before GC invocations=2 (full 0):
 garbage-first heap   total 262144K, used 60195K [0x00000000e0000000, 0x0000000100000000)
  region size 1024K, 51 young (52224K), 5 survivors (5120K)
 Metaspace       used 4628K, committed 4864K, reserved 393216K
  class space    used 584K, committed 704K, reserved 327680K
}
Event: 3.164 GC heap after
{Heap after GC invocations=3 (full 0):
 garbage-first heap   total 262144K, used 16069K [0x00000000e0000000, 0x0000000100000000)
  region size 1024K, 5 young (5120K), 5 survivors (5120K)
 Metaspace       used 4628K, committed 4864K, reserved 393216K
  class space    used 584K, committed 704K, reserved 327680K
}
Event: 8.870 GC heap before
{Heap before GC invocations=3 (full 0):
 garbage-first heap   total 262144K, used 124613K [0x00000000e0000000, 0x0000000100000000)
  region size 1024K, 112 young (114688K), 5 survivors (5120K)
 Metaspace       used 21161K, committed 21504K, reserved 393216K
  class space    used 3083K, committed 3264K, reserved 327680K
}
Event: 8.886 GC heap after
{Heap after GC invocations=4 (full 0):
 garbage-first heap   total 262144K, used 23672K [0x00000000e0000000, 0x0000000100000000)
  region size 1024K, 12 young (12288K), 12 survivors (12288K)
 Metaspace       used 21161K, committed 21504K, reserved 393216K
  class space    used 3083K, committed 3264K, reserved 327680K
}
Event: 12.823 GC heap before
{Heap before GC invocations=5 (full 0):
 garbage-first heap   total 262144K, used 160888K [0x00000000e0000000, 0x0000000100000000)
  region size 1024K, 148 young (151552K), 12 survivors (12288K)
 Metaspace       used 35505K, committed 35968K, reserved 393216K
  class space    used 5079K, committed 5312K, reserved 327680K
}
Event: 12.846 GC heap after
{Heap after GC invocations=6 (full 0):
 garbage-first heap   total 262144K, used 32698K [0x00000000e0000000, 0x0000000100000000)
  region size 1024K, 17 young (17408K), 17 survivors (17408K)
 Metaspace       used 35505K, committed 35968K, reserved 393216K
  class space    used 5079K, committed 5312K, reserved 327680K
}
Event: 14.801 GC heap before
{Heap before GC invocations=7 (full 0):
 garbage-first heap   total 262144K, used 177082K [0x00000000e0000000, 0x0000000100000000)
  region size 1024K, 153 young (156672K), 17 survivors (17408K)
 Metaspace       used 42066K, committed 42496K, reserved 393216K
  class space    used 5793K, committed 6016K, reserved 327680K
}
Event: 14.830 GC heap after
{Heap after GC invocations=8 (full 0):
 garbage-first heap   total 262144K, used 41523K [0x00000000e0000000, 0x0000000100000000)
  region size 1024K, 18 young (18432K), 18 survivors (18432K)
 Metaspace       used 42066K, committed 42496K, reserved 393216K
  class space    used 5793K, committed 6016K, reserved 327680K
}
Event: 18.771 GC heap before
{Heap before GC invocations=8 (full 0):
 garbage-first heap   total 262144K, used 179763K [0x00000000e0000000, 0x0000000100000000)
  region size 1024K, 153 young (156672K), 18 survivors (18432K)
 Metaspace       used 48309K, committed 48832K, reserved 393216K
  class space    used 6702K, committed 6976K, reserved 327680K
}
Event: 18.794 GC heap after
{Heap after GC invocations=9 (full 0):
 garbage-first heap   total 262144K, used 48966K [0x00000000e0000000, 0x0000000100000000)
  region size 1024K, 17 young (17408K), 17 survivors (17408K)
 Metaspace       used 48309K, committed 48832K, reserved 393216K
  class space    used 6702K, committed 6976K, reserved 327680K
}
Event: 23.350 GC heap before
{Heap before GC invocations=9 (full 0):
 garbage-first heap   total 262144K, used 181062K [0x00000000e0000000, 0x0000000100000000)
  region size 1024K, 146 young (149504K), 17 survivors (17408K)
 Metaspace       used 59536K, committed 60160K, reserved 393216K
  class space    used 8395K, committed 8640K, reserved 327680K
}
Event: 23.373 GC heap after
{Heap after GC invocations=10 (full 0):
 garbage-first heap   total 262144K, used 56012K [0x00000000e0000000, 0x0000000100000000)
  region size 1024K, 15 young (15360K), 15 survivors (15360K)
 Metaspace       used 59536K, committed 60160K, reserved 393216K
  class space    used 8395K, committed 8640K, reserved 327680K
}

Dll operation events (15 events):
Event: 0.025 Loaded shared library C:\Program Files\Eclipse Adoptium\jdk-17.0.12.7-hotspot\bin\java.dll
Event: 0.065 Loaded shared library C:\Program Files\Eclipse Adoptium\jdk-17.0.12.7-hotspot\bin\jsvml.dll
Event: 0.153 Loaded shared library C:\Program Files\Eclipse Adoptium\jdk-17.0.12.7-hotspot\bin\zip.dll
Event: 0.159 Loaded shared library C:\Program Files\Eclipse Adoptium\jdk-17.0.12.7-hotspot\bin\instrument.dll
Event: 0.169 Loaded shared library C:\Program Files\Eclipse Adoptium\jdk-17.0.12.7-hotspot\bin\net.dll
Event: 0.180 Loaded shared library C:\Program Files\Eclipse Adoptium\jdk-17.0.12.7-hotspot\bin\nio.dll
Event: 0.188 Loaded shared library C:\Program Files\Eclipse Adoptium\jdk-17.0.12.7-hotspot\bin\zip.dll
Event: 0.734 Loaded shared library C:\Program Files\Eclipse Adoptium\jdk-17.0.12.7-hotspot\bin\jimage.dll
Event: 1.095 Loaded shared library C:\Program Files\Eclipse Adoptium\jdk-17.0.12.7-hotspot\bin\verify.dll
Event: 1.260 Loaded shared library C:\Users\LENOVO\.gradle\native\1def1411415f61bf3af743bc5b6707747c0891f09f0c88961ee8f79bc544acac\windows-amd64\native-platform.dll
Event: 1.295 Loaded shared library C:\Users\LENOVO\.gradle\native\0.2.7\x86_64-windows-gnu\gradle-fileevents.dll
Event: 3.553 Loaded shared library C:\Program Files\Eclipse Adoptium\jdk-17.0.12.7-hotspot\bin\management.dll
Event: 3.568 Loaded shared library C:\Program Files\Eclipse Adoptium\jdk-17.0.12.7-hotspot\bin\management_ext.dll
Event: 4.086 Loaded shared library C:\Program Files\Eclipse Adoptium\jdk-17.0.12.7-hotspot\bin\extnet.dll
Event: 4.734 Loaded shared library C:\Program Files\Eclipse Adoptium\jdk-17.0.12.7-hotspot\bin\sunmscapi.dll

Deoptimization events (20 events):
Event: 25.723 Thread 0x00000214f7e99180 DEOPT PACKING pc=0x00000214d1ad4254 sp=0x000000462c1f6d00
Event: 25.723 Thread 0x00000214f7e99180 DEOPT UNPACKING pc=0x00000214d11069a3 sp=0x000000462c1f6bf8 mode 2
Event: 25.748 Thread 0x00000214f7e99180 DEOPT PACKING pc=0x00000214ca7a0e71 sp=0x000000462c1f4a90
Event: 25.748 Thread 0x00000214f7e99180 DEOPT UNPACKING pc=0x00000214d1107143 sp=0x000000462c1f3f30 mode 0
Event: 26.001 Thread 0x00000214f7e97320 Uncommon trap: trap_request=0xffffff45 fr.pc=0x00000214d16e4c74 relative=0x0000000000000074
Event: 26.001 Thread 0x00000214f7e97320 Uncommon trap: reason=unstable_if action=reinterpret pc=0x00000214d16e4c74 method=java.util.concurrent.locks.AbstractQueuedSynchronizer$ConditionObject.canReacquire(Ljava/util/concurrent/locks/AbstractQueuedSynchronizer$ConditionNode;)Z @ 18 c2
Event: 26.001 Thread 0x00000214f7e97320 DEOPT PACKING pc=0x00000214d16e4c74 sp=0x000000462c4ff160
Event: 26.001 Thread 0x00000214f7e97320 DEOPT UNPACKING pc=0x00000214d11069a3 sp=0x000000462c4ff0f0 mode 2
Event: 26.048 Thread 0x00000214f7e99180 Uncommon trap: trap_request=0xffffff45 fr.pc=0x00000214d16836f8 relative=0x0000000000000178
Event: 26.048 Thread 0x00000214f7e99180 Uncommon trap: reason=unstable_if action=reinterpret pc=0x00000214d16836f8 method=java.lang.String.indexOf(II)I @ 4 c2
Event: 26.048 Thread 0x00000214f7e99180 DEOPT PACKING pc=0x00000214d16836f8 sp=0x000000462c1f6f10
Event: 26.048 Thread 0x00000214f7e99180 DEOPT UNPACKING pc=0x00000214d11069a3 sp=0x000000462c1f6e40 mode 2
Event: 26.048 Thread 0x00000214f7e99180 Uncommon trap: trap_request=0xffffff45 fr.pc=0x00000214d16d9678 relative=0x0000000000000458
Event: 26.048 Thread 0x00000214f7e99180 Uncommon trap: reason=unstable_if action=reinterpret pc=0x00000214d16d9678 method=java.lang.String.substring(II)Ljava/lang/String; @ 31 c2
Event: 26.048 Thread 0x00000214f7e99180 DEOPT PACKING pc=0x00000214d16d9678 sp=0x000000462c1f6ea0
Event: 26.048 Thread 0x00000214f7e99180 DEOPT UNPACKING pc=0x00000214d11069a3 sp=0x000000462c1f6e70 mode 2
Event: 26.063 Thread 0x00000214f7e99180 Uncommon trap: trap_request=0xffffff45 fr.pc=0x00000214d1ad49a4 relative=0x0000000000000304
Event: 26.063 Thread 0x00000214f7e99180 Uncommon trap: reason=unstable_if action=reinterpret pc=0x00000214d1ad49a4 method=java.lang.String.indexOf([BBILjava/lang/String;I)I @ 54 c2
Event: 26.063 Thread 0x00000214f7e99180 DEOPT PACKING pc=0x00000214d1ad49a4 sp=0x000000462c1f6de0
Event: 26.063 Thread 0x00000214f7e99180 DEOPT UNPACKING pc=0x00000214d11069a3 sp=0x000000462c1f6d48 mode 2

Classes loaded (20 events):
Event: 23.826 Loading class java/util/function/IntUnaryOperator
Event: 23.826 Loading class java/util/function/IntUnaryOperator done
Event: 23.827 Loading class java/util/function/IntToLongFunction
Event: 23.827 Loading class java/util/function/IntToLongFunction done
Event: 23.830 Loading class java/util/ArraysBeanInfo
Event: 23.830 Loading class java/util/ArraysBeanInfo done
Event: 23.831 Loading class java/util/ArraysBeanInfo
Event: 23.831 Loading class java/util/ArraysBeanInfo done
Event: 23.831 Loading class java/util/ArraysCustomizer
Event: 23.831 Loading class java/util/ArraysCustomizer done
Event: 23.833 Loading class java/util/ArraysCustomizer
Event: 23.833 Loading class java/util/ArraysCustomizer done
Event: 23.922 Loading class java/util/stream/SortedOps$RefSortingSink
Event: 23.922 Loading class java/util/stream/SortedOps$RefSortingSink done
Event: 23.939 Loading class java/time/Ser
Event: 23.939 Loading class java/time/Ser done
Event: 24.871 Loading class java/io/FileReader
Event: 24.871 Loading class java/io/FileReader done
Event: 24.875 Loading class java/text/MessageFormat
Event: 24.876 Loading class java/text/MessageFormat done

Classes unloaded (0 events):
No events

Classes redefined (0 events):
No events

Internal exceptions (20 events):
Event: 23.927 Thread 0x00000214f7e97320 Exception <a 'java/lang/NoSuchMethodError'{0x00000000eeb282e0}: static Lorg/gradle/internal/build/event/types/DefaultProjectConfigurationSuccessResult;.<clinit>()V> (0x00000000eeb282e0) 
thrown [s\src\hotspot\share\prims\jni.cpp, line 1112]
Event: 23.927 Thread 0x00000214f7e97320 Exception <a 'java/lang/NoSuchMethodError'{0x00000000eeb293b0}: static Lorg/gradle/internal/build/event/types/AbstractProjectConfigurationResult;.<clinit>()V> (0x00000000eeb293b0) 
thrown [s\src\hotspot\share\prims\jni.cpp, line 1112]
Event: 23.934 Thread 0x00000214f7e97320 Exception <a 'java/lang/NoSuchMethodError'{0x00000000eeb330c8}: static Lorg/gradle/internal/build/event/types/DefaultPluginApplicationResult;.<clinit>()V> (0x00000000eeb330c8) 
thrown [s\src\hotspot\share\prims\jni.cpp, line 1112]
Event: 23.936 Thread 0x00000214f7e97320 Exception <a 'java/lang/NoSuchMethodError'{0x00000000eeb3d4c8}: static Lorg/gradle/internal/build/event/types/DefaultBinaryPluginIdentifier;.<clinit>()V> (0x00000000eeb3d4c8) 
thrown [s\src\hotspot\share\prims\jni.cpp, line 1112]
Event: 23.943 Thread 0x00000214f7e97320 Exception <a 'java/lang/NoSuchMethodError'{0x00000000eeb52338}: static Lorg/gradle/internal/build/event/types/DefaultScriptPluginIdentifier;.<clinit>()V> (0x00000000eeb52338) 
thrown [s\src\hotspot\share\prims\jni.cpp, line 1112]
Event: 24.364 Thread 0x00000214f7e99180 Exception <a 'java/lang/NoSuchMethodError'{0x00000000ee4b0608}: 'int java.lang.invoke.DirectMethodHandle$Holder.invokeSpecialIFC(java.lang.Object, java.lang.Object, java.lang.Object, java.lang.Object, java.lang.Object)'> (0x00000000ee4b0608) 
thrown [s\src\hotspot\share\interpreter\linkResolver.cpp, line 759]
Event: 25.039 Thread 0x00000214f7e99180 Exception <a 'java/lang/ClassNotFoundException'{0x00000000ed2321d8}: org/gradle/plugin/software/internal/SoftwareFeaturesDynamicObject_DecoratedBeanInfo> (0x00000000ed2321d8) 
thrown [s\src\hotspot\share\classfile\systemDictionary.cpp, line 256]
Event: 25.040 Thread 0x00000214f7e99180 Exception <a 'java/lang/ClassNotFoundException'{0x00000000ed2413b8}: org/gradle/plugin/software/internal/SoftwareFeaturesDynamicObjectBeanInfo> (0x00000000ed2413b8) 
thrown [s\src\hotspot\share\classfile\systemDictionary.cpp, line 256]
Event: 25.040 Thread 0x00000214f7e99180 Exception <a 'java/lang/ClassNotFoundException'{0x00000000ed250100}: org/gradle/internal/metaobject/AbstractDynamicObjectBeanInfo> (0x00000000ed250100) 
thrown [s\src\hotspot\share\classfile\systemDictionary.cpp, line 256]
Event: 25.041 Thread 0x00000214f7e99180 Exception <a 'java/lang/ClassNotFoundException'{0x00000000ed25ee30}: org/gradle/internal/metaobject/AbstractDynamicObjectCustomizer> (0x00000000ed25ee30) 
thrown [s\src\hotspot\share\classfile\systemDictionary.cpp, line 256]
Event: 25.044 Thread 0x00000214f7e99180 Exception <a 'java/lang/ClassNotFoundException'{0x00000000ed27a1e8}: org/gradle/plugin/software/internal/SoftwareFeaturesDynamicObjectCustomizer> (0x00000000ed27a1e8) 
thrown [s\src\hotspot\share\classfile\systemDictionary.cpp, line 256]
Event: 25.047 Thread 0x00000214f7e99180 Exception <a 'java/lang/ClassNotFoundException'{0x00000000ed290e28}: org/gradle/plugin/software/internal/SoftwareFeaturesDynamicObject_DecoratedCustomizer> (0x00000000ed290e28) 
thrown [s\src\hotspot\share\classfile\systemDictionary.cpp, line 256]
Event: 25.054 Thread 0x00000214f7e99180 Exception <a 'java/lang/ClassNotFoundException'{0x00000000ed2d5c78}: org/gradle/api/internal/plugins/NaggingBasePluginConventionBeanInfo> (0x00000000ed2d5c78) 
thrown [s\src\hotspot\share\classfile\systemDictionary.cpp, line 256]
Event: 25.056 Thread 0x00000214f7e99180 Exception <a 'java/lang/ClassNotFoundException'{0x00000000ed2e6b98}: org/gradle/api/plugins/BasePluginConventionBeanInfo> (0x00000000ed2e6b98) 
thrown [s\src\hotspot\share\classfile\systemDictionary.cpp, line 256]
Event: 25.057 Thread 0x00000214f7e99180 Exception <a 'java/lang/ClassNotFoundException'{0x00000000ed2f7d28}: org/gradle/api/plugins/BasePluginConventionCustomizer> (0x00000000ed2f7d28) 
thrown [s\src\hotspot\share\classfile\systemDictionary.cpp, line 256]
Event: 25.062 Thread 0x00000214f7e99180 Exception <a 'java/lang/ClassNotFoundException'{0x00000000ed113938}: org/gradle/api/internal/plugins/NaggingBasePluginConventionCustomizer> (0x00000000ed113938) 
thrown [s\src\hotspot\share\classfile\systemDictionary.cpp, line 256]
Event: 25.071 Thread 0x00000214f7e99180 Exception <a 'java/lang/ClassNotFoundException'{0x00000000ed157248}: org/gradle/api/plugins/internal/NaggingJavaPluginConventionBeanInfo> (0x00000000ed157248) 
thrown [s\src\hotspot\share\classfile\systemDictionary.cpp, line 256]
Event: 25.073 Thread 0x00000214f7e99180 Exception <a 'java/lang/ClassNotFoundException'{0x00000000ed168168}: org/gradle/api/plugins/JavaPluginConventionBeanInfo> (0x00000000ed168168) 
thrown [s\src\hotspot\share\classfile\systemDictionary.cpp, line 256]
Event: 25.074 Thread 0x00000214f7e99180 Exception <a 'java/lang/ClassNotFoundException'{0x00000000ed1792f8}: org/gradle/api/plugins/JavaPluginConventionCustomizer> (0x00000000ed1792f8) 
thrown [s\src\hotspot\share\classfile\systemDictionary.cpp, line 256]
Event: 25.076 Thread 0x00000214f7e99180 Exception <a 'java/lang/ClassNotFoundException'{0x00000000ed19e7e8}: org/gradle/api/plugins/internal/NaggingJavaPluginConventionCustomizer> (0x00000000ed19e7e8) 
thrown [s\src\hotspot\share\classfile\systemDictionary.cpp, line 256]

VM Operations (20 events):
Event: 22.782 Executing VM operation: Cleanup done
Event: 23.349 Executing VM operation: CollectForMetadataAllocation
Event: 23.373 Executing VM operation: CollectForMetadataAllocation done
Event: 23.407 Executing VM operation: G1PauseRemark
Event: 23.416 Executing VM operation: G1PauseRemark done
Event: 23.432 Executing VM operation: G1PauseCleanup
Event: 23.432 Executing VM operation: G1PauseCleanup done
Event: 24.268 Executing VM operation: ICBufferFull
Event: 24.269 Executing VM operation: ICBufferFull done
Event: 25.145 Executing VM operation: ICBufferFull
Event: 25.146 Executing VM operation: ICBufferFull done
Event: 25.313 Executing VM operation: HandshakeAllThreads
Event: 25.313 Executing VM operation: HandshakeAllThreads done
Event: 25.398 Executing VM operation: HandshakeAllThreads
Event: 25.398 Executing VM operation: HandshakeAllThreads done
Event: 25.450 Executing VM operation: HandshakeAllThreads
Event: 25.455 Executing VM operation: HandshakeAllThreads done
Event: 25.525 Executing VM operation: ICBufferFull
Event: 25.525 Executing VM operation: ICBufferFull done
Event: 26.530 Executing VM operation: Cleanup

Events (20 events):
Event: 25.483 Thread 0x00000214dcf63fd0 flushing nmethod 0x00000214caa74210
Event: 25.520 Thread 0x00000214fbb7f9b0 Thread added: 0x00000214fbb7f9b0
Event: 25.560 Thread 0x00000214fbb84090 Thread added: 0x00000214fbb84090
Event: 25.603 Thread 0x00000214fbb83670 Thread added: 0x00000214fbb83670
Event: 25.643 Thread 0x00000214fbb854d0 Thread added: 0x00000214fbb854d0
Event: 25.680 Thread 0x00000214fbb83b80 Thread added: 0x00000214fbb83b80
Event: 25.708 Thread 0x00000214fbb859e0 Thread added: 0x00000214fbb859e0
Event: 25.748 Thread 0x00000214fbb845a0 Thread added: 0x00000214fbb845a0
Event: 25.802 Thread 0x00000214fbb84ab0 Thread added: 0x00000214fbb84ab0
Event: 25.831 Thread 0x00000214fbb84fc0 Thread added: 0x00000214fbb84fc0
Event: 25.863 Thread 0x00000214fbc52540 Thread added: 0x00000214fbc52540
Event: 25.901 Thread 0x00000214fbc52a50 Thread added: 0x00000214fbc52a50
Event: 25.936 Thread 0x00000214fbc52f60 Thread added: 0x00000214fbc52f60
Event: 25.967 Thread 0x00000214fbc557e0 Thread added: 0x00000214fbc557e0
Event: 26.002 Thread 0x00000214fbc53470 Thread added: 0x00000214fbc53470
Event: 26.044 Thread 0x00000214fbc548b0 Thread added: 0x00000214fbc548b0
Event: 26.086 Thread 0x00000214fbc53980 Thread added: 0x00000214fbc53980
Event: 26.116 Thread 0x00000214fbc543a0 Thread added: 0x00000214fbc543a0
Event: 26.160 Thread 0x00000214fbc54dc0 Thread added: 0x00000214fbc54dc0
Event: 27.188 Thread 0x00000214fbc52030 Thread added: 0x00000214fbc52030


Dynamic libraries:
0x00007ff69fef0000 - 0x00007ff69fefe000 	C:\Program Files\Eclipse Adoptium\jdk-17.0.12.7-hotspot\bin\java.exe
0x00007ffa759c0000 - 0x00007ffa75c28000 	C:\WINDOWS\SYSTEM32\ntdll.dll
0x00007ffa74a00000 - 0x00007ffa74ac9000 	C:\WINDOWS\System32\KERNEL32.DLL
0x00007ffa730c0000 - 0x00007ffa734ad000 	C:\WINDOWS\System32\KERNELBASE.dll
0x00007ffa734b0000 - 0x00007ffa735fb000 	C:\WINDOWS\System32\ucrtbase.dll
0x00007ffa63600000 - 0x00007ffa63617000 	C:\Program Files\Eclipse Adoptium\jdk-17.0.12.7-hotspot\bin\jli.dll
0x00007ffa56fd0000 - 0x00007ffa56feb000 	C:\Program Files\Eclipse Adoptium\jdk-17.0.12.7-hotspot\bin\VCRUNTIME140.dll
0x00007ffa74450000 - 0x00007ffa7461c000 	C:\WINDOWS\System32\USER32.dll
0x00007ffa73090000 - 0x00007ffa730b7000 	C:\WINDOWS\System32\win32u.dll
0x00007ffa5dbf0000 - 0x00007ffa5de8a000 	C:\WINDOWS\WinSxS\amd64_microsoft.windows.common-controls_6595b64144ccf1df_6.0.26100.4484_none_3e0e6d4ce32ef3b3\COMCTL32.dll
0x00007ffa756b0000 - 0x00007ffa756db000 	C:\WINDOWS\System32\GDI32.dll
0x00007ffa72d20000 - 0x00007ffa72e57000 	C:\WINDOWS\System32\gdi32full.dll
0x00007ffa74390000 - 0x00007ffa74439000 	C:\WINDOWS\System32\msvcrt.dll
0x00007ffa72fe0000 - 0x00007ffa73083000 	C:\WINDOWS\System32\msvcp_win.dll
0x00007ffa74890000 - 0x00007ffa748bf000 	C:\WINDOWS\System32\IMM32.DLL
0x00007ffa6dbe0000 - 0x00007ffa6dbec000 	C:\Program Files\Eclipse Adoptium\jdk-17.0.12.7-hotspot\bin\vcruntime140_1.dll
0x00007ffa43290000 - 0x00007ffa4331d000 	C:\Program Files\Eclipse Adoptium\jdk-17.0.12.7-hotspot\bin\msvcp140.dll
0x00007ff9ba3b0000 - 0x00007ff9bb01a000 	C:\Program Files\Eclipse Adoptium\jdk-17.0.12.7-hotspot\bin\server\jvm.dll
0x00007ffa74620000 - 0x00007ffa746d4000 	C:\WINDOWS\System32\ADVAPI32.dll
0x00007ffa756e0000 - 0x00007ffa75786000 	C:\WINDOWS\System32\sechost.dll
0x00007ffa73760000 - 0x00007ffa73878000 	C:\WINDOWS\System32\RPCRT4.dll
0x00007ffa74980000 - 0x00007ffa749f4000 	C:\WINDOWS\System32\WS2_32.dll
0x00007ffa6b360000 - 0x00007ffa6b395000 	C:\WINDOWS\SYSTEM32\WINMM.dll
0x00007ffa72960000 - 0x00007ffa729be000 	C:\WINDOWS\SYSTEM32\POWRPROF.dll
0x00007ffa6c560000 - 0x00007ffa6c56b000 	C:\WINDOWS\SYSTEM32\VERSION.dll
0x00007ffa72940000 - 0x00007ffa72954000 	C:\WINDOWS\SYSTEM32\UMPDC.dll
0x00007ffa71870000 - 0x00007ffa7188b000 	C:\WINDOWS\SYSTEM32\kernel.appcore.dll
0x00007ffa582d0000 - 0x00007ffa582da000 	C:\Program Files\Eclipse Adoptium\jdk-17.0.12.7-hotspot\bin\jimage.dll
0x00007ffa65740000 - 0x00007ffa65981000 	C:\WINDOWS\SYSTEM32\DBGHELP.DLL
0x00007ffa75220000 - 0x00007ffa755a6000 	C:\WINDOWS\System32\combase.dll
0x00007ffa73aa0000 - 0x00007ffa73b80000 	C:\WINDOWS\System32\OLEAUT32.dll
0x00007ffa5fa30000 - 0x00007ffa5fa73000 	C:\WINDOWS\SYSTEM32\dbgcore.DLL
0x00007ffa73600000 - 0x00007ffa73699000 	C:\WINDOWS\System32\bcryptPrimitives.dll
0x00007ffa58270000 - 0x00007ffa5827e000 	C:\Program Files\Eclipse Adoptium\jdk-17.0.12.7-hotspot\bin\instrument.dll
0x00007ffa55d70000 - 0x00007ffa55d95000 	C:\Program Files\Eclipse Adoptium\jdk-17.0.12.7-hotspot\bin\java.dll
0x00007ffa1ce50000 - 0x00007ffa1cf27000 	C:\Program Files\Eclipse Adoptium\jdk-17.0.12.7-hotspot\bin\jsvml.dll
0x00007ffa73c10000 - 0x00007ffa7435a000 	C:\WINDOWS\System32\SHELL32.dll
0x00007ffa72e60000 - 0x00007ffa72fd4000 	C:\WINDOWS\System32\wintypes.dll
0x00007ffa70730000 - 0x00007ffa70f8b000 	C:\WINDOWS\SYSTEM32\windows.storage.dll
0x00007ffa738f0000 - 0x00007ffa739e5000 	C:\WINDOWS\System32\SHCORE.dll
0x00007ffa73880000 - 0x00007ffa738ea000 	C:\WINDOWS\System32\shlwapi.dll
0x00007ffa72a20000 - 0x00007ffa72a4f000 	C:\WINDOWS\SYSTEM32\profapi.dll
0x00007ffa55cb0000 - 0x00007ffa55cc8000 	C:\Program Files\Eclipse Adoptium\jdk-17.0.12.7-hotspot\bin\zip.dll
0x00007ffa55b50000 - 0x00007ffa55b69000 	C:\Program Files\Eclipse Adoptium\jdk-17.0.12.7-hotspot\bin\net.dll
0x00007ffa6b560000 - 0x00007ffa6b67e000 	C:\WINDOWS\SYSTEM32\WINHTTP.dll
0x00007ffa71de0000 - 0x00007ffa71e4a000 	C:\WINDOWS\system32\mswsock.dll
0x00007ffa55900000 - 0x00007ffa55916000 	C:\Program Files\Eclipse Adoptium\jdk-17.0.12.7-hotspot\bin\nio.dll
0x00007ffa58170000 - 0x00007ffa58180000 	C:\Program Files\Eclipse Adoptium\jdk-17.0.12.7-hotspot\bin\verify.dll
0x00007ffa6ae10000 - 0x00007ffa6ae37000 	C:\Users\LENOVO\.gradle\native\1def1411415f61bf3af743bc5b6707747c0891f09f0c88961ee8f79bc544acac\windows-amd64\native-platform.dll
0x00007ffa56e50000 - 0x00007ffa56ec8000 	C:\Users\LENOVO\.gradle\native\0.2.7\x86_64-windows-gnu\gradle-fileevents.dll
0x00007ffa56f90000 - 0x00007ffa56f99000 	C:\Program Files\Eclipse Adoptium\jdk-17.0.12.7-hotspot\bin\management.dll
0x00007ffa56b30000 - 0x00007ffa56b3b000 	C:\Program Files\Eclipse Adoptium\jdk-17.0.12.7-hotspot\bin\management_ext.dll
0x00007ffa74f80000 - 0x00007ffa74f88000 	C:\WINDOWS\System32\PSAPI.DLL
0x00007ffa71280000 - 0x00007ffa712b3000 	C:\WINDOWS\SYSTEM32\IPHLPAPI.DLL
0x00007ffa74440000 - 0x00007ffa7444a000 	C:\WINDOWS\System32\NSI.dll
0x00007ffa6b860000 - 0x00007ffa6b87f000 	C:\WINDOWS\SYSTEM32\dhcpcsvc6.DLL
0x00007ffa6b330000 - 0x00007ffa6b355000 	C:\WINDOWS\SYSTEM32\dhcpcsvc.DLL
0x00007ffa71310000 - 0x00007ffa71436000 	C:\WINDOWS\SYSTEM32\DNSAPI.dll
0x00007ffa56970000 - 0x00007ffa56979000 	C:\Program Files\Eclipse Adoptium\jdk-17.0.12.7-hotspot\bin\extnet.dll
0x00007ffa721c0000 - 0x00007ffa721db000 	C:\WINDOWS\SYSTEM32\CRYPTSP.dll
0x00007ffa717d0000 - 0x00007ffa7180b000 	C:\WINDOWS\system32\rsaenh.dll
0x00007ffa71e80000 - 0x00007ffa71eab000 	C:\WINDOWS\SYSTEM32\USERENV.dll
0x00007ffa729f0000 - 0x00007ffa72a16000 	C:\WINDOWS\SYSTEM32\bcrypt.dll
0x00007ffa72020000 - 0x00007ffa7202c000 	C:\WINDOWS\SYSTEM32\CRYPTBASE.dll
0x00007ffa55d60000 - 0x00007ffa55d6e000 	C:\Program Files\Eclipse Adoptium\jdk-17.0.12.7-hotspot\bin\sunmscapi.dll
0x00007ffa72ba0000 - 0x00007ffa72d17000 	C:\WINDOWS\System32\CRYPT32.dll
0x00007ffa72310000 - 0x00007ffa72340000 	C:\WINDOWS\SYSTEM32\ncrypt.dll
0x00007ffa722c0000 - 0x00007ffa722ff000 	C:\WINDOWS\SYSTEM32\NTASN1.dll
0x00007ffa40a70000 - 0x00007ffa40a78000 	C:\WINDOWS\system32\wshunix.dll
0x00007ffa719a0000 - 0x00007ffa719d6000 	C:\WINDOWS\SYSTEM32\ntmarta.dll

dbghelp: loaded successfully - version: 4.0.5 - missing functions: none
symbol engine: initialized successfully - sym options: 0x614 - pdb path: .;C:\Program Files\Eclipse Adoptium\jdk-17.0.12.7-hotspot\bin;C:\WINDOWS\SYSTEM32;C:\WINDOWS\WinSxS\amd64_microsoft.windows.common-controls_6595b64144ccf1df_6.0.26100.4484_none_3e0e6d4ce32ef3b3;C:\Program Files\Eclipse Adoptium\jdk-17.0.12.7-hotspot\bin\server;C:\Users\LENOVO\.gradle\native\1def1411415f61bf3af743bc5b6707747c0891f09f0c88961ee8f79bc544acac\windows-amd64;C:\Users\LENOVO\.gradle\native\0.2.7\x86_64-windows-gnu

VM Arguments:
jvm_args: --add-opens=java.base/java.lang=ALL-UNNAMED --add-opens=java.base/java.lang.invoke=ALL-UNNAMED --add-opens=java.base/java.util=ALL-UNNAMED --add-opens=java.prefs/java.util.prefs=ALL-UNNAMED --add-exports=jdk.compiler/com.sun.tools.javac.api=ALL-UNNAMED --add-exports=jdk.compiler/com.sun.tools.javac.util=ALL-UNNAMED --add-opens=java.base/java.util=ALL-UNNAMED --add-opens=java.prefs/java.util.prefs=ALL-UNNAMED --add-opens=java.base/java.nio.charset=ALL-UNNAMED --add-opens=java.base/java.net=ALL-UNNAMED --add-opens=java.base/java.util.concurrent.atomic=ALL-UNNAMED --add-opens=java.xml/javax.xml.namespace=ALL-UNNAMED -XX:MaxMetaspaceSize=384m -XX:+HeapDumpOnOutOfMemoryError -Xms256m -Xmx512m -Dfile.encoding=UTF-8 -Duser.country=US -Duser.language=en -Duser.variant -javaagent:C:\Users\LENOVO\.gradle\wrapper\dists\gradle-8.14.3-bin\cv11ve7ro1n3o1j4so8xd9n66\gradle-8.14.3\lib\agents\gradle-instrumentation-agent-8.14.3.jar 
java_command: org.gradle.launcher.daemon.bootstrap.GradleDaemon 8.14.3
java_class_path (initial): C:\Users\LENOVO\.gradle\wrapper\dists\gradle-8.14.3-bin\cv11ve7ro1n3o1j4so8xd9n66\gradle-8.14.3\lib\gradle-daemon-main-8.14.3.jar
Launcher Type: SUN_STANDARD

[Global flags]
     intx CICompilerCount                          = 4                                         {product} {ergonomic}
   size_t CompressedClassSpaceSize                 = 335544320                                 {product} {ergonomic}
     uint ConcGCThreads                            = 3                                         {product} {ergonomic}
     uint G1ConcRefinementThreads                  = 10                                        {product} {ergonomic}
   size_t G1HeapRegionSize                         = 1048576                                   {product} {ergonomic}
    uintx GCDrainStackTargetSize                   = 64                                        {product} {ergonomic}
     bool HeapDumpOnOutOfMemoryError               = true                                   {manageable} {command line}
   size_t InitialHeapSize                          = 268435456                                 {product} {command line}
   size_t MarkStackSize                            = 4194304                                   {product} {ergonomic}
   size_t MaxHeapSize                              = 536870912                                 {product} {command line}
   size_t MaxMetaspaceSize                         = 402653184                                 {product} {command line}
   size_t MaxNewSize                               = 321912832                                 {product} {ergonomic}
   size_t MinHeapDeltaBytes                        = 1048576                                   {product} {ergonomic}
   size_t MinHeapSize                              = 268435456                                 {product} {command line}
    uintx NonNMethodCodeHeapSize                   = 5839372                                {pd product} {ergonomic}
    uintx NonProfiledCodeHeapSize                  = 122909434                              {pd product} {ergonomic}
    uintx ProfiledCodeHeapSize                     = 122909434                              {pd product} {ergonomic}
    uintx ReservedCodeCacheSize                    = 251658240                              {pd product} {ergonomic}
     bool SegmentedCodeCache                       = true                                      {product} {ergonomic}
   size_t SoftMaxHeapSize                          = 536870912                              {manageable} {ergonomic}
     bool UseCompressedClassPointers               = true                           {product lp64_product} {ergonomic}
     bool UseCompressedOops                        = true                           {product lp64_product} {ergonomic}
     bool UseG1GC                                  = true                                      {product} {ergonomic}
     bool UseLargePagesIndividualAllocation        = false                                  {pd product} {ergonomic}

Logging:
Log output configuration:
 #0: stdout all=warning uptime,level,tags
 #1: stderr all=off uptime,level,tags

Environment Variables:
JAVA_HOME=C:\Program Files\Eclipse Adoptium\jdk-17.0.12.7-hotspot\
PATH=C:\Program Files\Git\cmd;C:\Program Files\nodejs\;C:\Users\LENOVO\AppData\Roaming\npm;C:\Program Files\nodejs\;C:\Users\LENOVO\Downloads\apache-maven-3.9.9-bin\apache-maven-3.9.9\bin;C:\Users\LENOVO\AppData\Local\Programs\cursor\resources\app\bin;C:\Users\LENOVO\AppData\Local\Programs\Microsoft VS Code\bin;C:\Users\LENOVO\AppData\Roaming\npm;C:\Windows\System32;C:\Program Files\Microsoft SQL Server\Client SDK\ODBC\170\Tools\Binn\;C:\Program Files\dotnet\;C:\Program Files\Microsoft SQL Server\Client SDK\ODBC\130\Tools\Binn\;C:\Program Files\Microsoft SQL Server\150\Tools\Binn\;C:\Users\LENOVO\Downloads\apache-maven-3.9.9-bin\apache-maven-3.9.9\bin;C:\Users\LENOVO\AppData\Roaming\npm;C:\Users\LENOVO\AppData\Local\Programs\Microsoft VS Code\bin;C:\Users\LENOVO\AppData\Local\Programs\cursor\resources\app\bin;C:\Users\LENOVO\.dotnet\tools
USERNAME=LENOVO
OS=Windows_NT
PROCESSOR_IDENTIFIER=AMD64 Family 23 Model 104 Stepping 1, AuthenticAMD
TMP=C:\Users\LENOVO\AppData\Local\Temp
TEMP=C:\Users\LENOVO\AppData\Local\Temp



Periodic native trim disabled


---------------  S Y S T E M  ---------------

OS:
 Windows 11 , 64 bit Build 26100 (10.0.26100.4484)
OS uptime: 6 days 15:11 hours
Hyper-V role detected

CPU: total 12 (initial active 12) (12 cores per cpu, 2 threads per core) family 23 model 104 stepping 1 microcode 0x8608109, cx8, cmov, fxsr, ht, mmx, 3dnowpref, sse, sse2, sse3, ssse3, sse4a, sse4.1, sse4.2, popcnt, lzcnt, tsc, tscinvbit, avx, avx2, aes, clmul, bmi1, bmi2, adx, sha, fma, vzeroupper, clflush, clflushopt, hv
Processor Information for processor 0
  Max Mhz: 2100, Current Mhz: 2100, Mhz Limit: 2100
Processor Information for processor 1
  Max Mhz: 2100, Current Mhz: 2100, Mhz Limit: 2100
Processor Information for processor 2
  Max Mhz: 2100, Current Mhz: 2100, Mhz Limit: 2100
Processor Information for processor 3
  Max Mhz: 2100, Current Mhz: 2100, Mhz Limit: 2100
Processor Information for processor 4
  Max Mhz: 2100, Current Mhz: 2100, Mhz Limit: 2100
Processor Information for processor 5
  Max Mhz: 2100, Current Mhz: 2100, Mhz Limit: 2100
Processor Information for processor 6
  Max Mhz: 2100, Current Mhz: 2100, Mhz Limit: 2100
Processor Information for processor 7
  Max Mhz: 2100, Current Mhz: 2100, Mhz Limit: 2100
Processor Information for processor 8
  Max Mhz: 2100, Current Mhz: 1400, Mhz Limit: 2100
Processor Information for processor 9
  Max Mhz: 2100, Current Mhz: 1400, Mhz Limit: 2100
Processor Information for processor 10
  Max Mhz: 2100, Current Mhz: 1400, Mhz Limit: 2100
Processor Information for processor 11
  Max Mhz: 2100, Current Mhz: 1400, Mhz Limit: 2100

Memory: 4k page, system-wide physical 5989M (783M free)
TotalPageFile size 24421M (AvailPageFile size 61M)
current process WorkingSet (physical memory assigned to process): 437M, peak: 437M
current process commit charge ("private bytes"): 528M, peak: 528M

vm_info: OpenJDK 64-Bit Server VM (17.0.12+7) for windows-amd64 JRE (17.0.12+7), built on Jul 16 2024 22:08:24 by "admin" with MS VC++ 16.10 / 16.11 (VS2019)

END.
