#
# There is insufficient memory for the Java Runtime Environment to continue.
# Native memory allocation (malloc) failed to allocate 1048576 bytes. Error detail: AllocateHeap
# Possible reasons:
#   The system is out of physical RAM or swap space
#   This process is running with CompressedOops enabled, and the Java Heap may be blocking the growth of the native heap
# Possible solutions:
#   Reduce memory load on the system
#   Increase physical memory or swap space
#   Check if swap backing store is full
#   Decrease Java heap size (-Xmx/-Xms)
#   Decrease number of Java threads
#   Decrease Java thread stack sizes (-Xss)
#   Set larger code cache with -XX:ReservedCodeCacheSize=
#   JVM is running with Unscaled Compressed Oops mode in which the Java heap is
#     placed in the first 4GB address space. The Java Heap base address is the
#     maximum limit for the native heap growth. Please use -XX:HeapBaseMinAddress
#     to set the Java Heap base and to place the Java Heap above 4GB virtual address.
# This output file may be truncated or incomplete.
#
#  Out of Memory Error (allocation.cpp:44), pid=6584, tid=11136
#
# JRE version: OpenJDK Runtime Environment Temurin-21.0.8+9 (21.0.8+9) (build 21.0.8+9-LTS)
# Java VM: OpenJDK 64-Bit Server VM Temurin-21.0.8+9 (21.0.8+9-LTS, mixed mode, sharing, tiered, compressed oops, compressed class ptrs, parallel gc, windows-amd64)
# No core dump will be written. Minidumps are not enabled by default on client versions of Windows
#

---------------  S U M M A R Y ------------

Command Line: --add-modules=ALL-SYSTEM --add-opens=java.base/java.util=ALL-UNNAMED --add-opens=java.base/java.lang=ALL-UNNAMED --add-opens=java.base/sun.nio.fs=ALL-UNNAMED -Declipse.application=org.eclipse.jdt.ls.core.id1 -Dosgi.bundles.defaultStartLevel=4 -Declipse.product=org.eclipse.jdt.ls.core.product -Djava.import.generatesMetadataFilesAtProjectRoot=false -DDetectVMInstallationsJob.disabled=true -Dfile.encoding=utf8 -XX:+UseParallelGC -XX:GCTimeRatio=4 -XX:AdaptiveSizePolicyWeight=90 -Dsun.zip.disableMemoryMapping=true -Xmx2G -Xms100m -Xlog:disable -javaagent:c:\Users\LENOVO\.vscode\extensions\redhat.java-1.44.0-win32-x64\lombok\lombok-1.18.39-4050.jar -XX:+HeapDumpOnOutOfMemoryError -XX:HeapDumpPath=c:\Users\LENOVO\AppData\Roaming\Code\User\workspaceStorage\8be49a76da1f213c61ae6fbbbcdb2b82\redhat.java -Daether.dependencyCollector.impl=bf c:\Users\LENOVO\.vscode\extensions\redhat.java-1.44.0-win32-x64\server\plugins\org.eclipse.equinox.launcher_1.7.0.v20250519-0528.jar -configuration c:\Users\LENOVO\AppData\Roaming\Code\User\globalStorage\redhat.java\1.44.0\config_win -data c:\Users\LENOVO\AppData\Roaming\Code\User\workspaceStorage\8be49a76da1f213c61ae6fbbbcdb2b82\redhat.java\jdt_ws --pipe=\\.\pipe\lsp-59a9a102aba835c9e0903287090a6912-sock

Host: AMD Ryzen 5 5500U with Radeon Graphics         , 12 cores, 5G,  Windows 11 , 64 bit Build 26100 (10.0.26100.4768)
Time: Thu Aug  7 16:26:31 2025 India Standard Time elapsed time: 11531.565203 seconds (0d 3h 12m 11s)

---------------  T H R E A D  ---------------

Current thread (0x00000175f48ed250):  JavaThread "Attach Listener" daemon [_thread_in_vm, id=11136, stack(0x00000036cce00000,0x00000036ccf00000) (1024K)]

Stack: [0x00000036cce00000,0x00000036ccf00000]
Native frames: (J=compiled Java code, j=interpreted, Vv=VM code, C=native code)
V  [jvm.dll+0x6d2449]
V  [jvm.dll+0x8ae341]
V  [jvm.dll+0x8b08be]
V  [jvm.dll+0x8b0fa3]
V  [jvm.dll+0x280c96]
V  [jvm.dll+0xc0347]
V  [jvm.dll+0x6d2cf9]
V  [jvm.dll+0x131116]
V  [jvm.dll+0x3f2d16]
V  [jvm.dll+0x857e6b]
V  [jvm.dll+0x6d0b0d]
C  [ucrtbase.dll+0x37b0]
C  [KERNEL32.DLL+0x2e8d7]
C  [ntdll.dll+0x3c34c]


---------------  P R O C E S S  ---------------

Threads class SMR info:
_java_thread_list=0x00000175cb5e6c00, length=40, elements={
0x00000175dbf4c6f0, 0x00000175f48e99e0, 0x00000175f48ea690, 0x00000175f48ec600,
0x00000175f48ed250, 0x00000175f48edea0, 0x00000175f48f0e00, 0x00000175f48f1b80,
0x00000175f48f47d0, 0x00000175dbfb93b0, 0x00000175f4b44be0, 0x00000175f93a5020,
0x00000175f9543f30, 0x00000175f95347b0, 0x00000175f4939220, 0x00000175f9b16260,
0x00000175f498a5b0, 0x00000175f90c55d0, 0x00000175f90c4220, 0x00000175f90c3500,
0x00000175f97ae930, 0x00000175f97aefc0, 0x00000175f97ad580, 0x00000175f97b0370,
0x00000175f97afce0, 0x00000175f97acef0, 0x00000175f97b0a00, 0x00000175f97b1090,
0x00000175f97adc10, 0x00000175f97b37f0, 0x00000175f97b3e80, 0x00000175f97b1720,
0x00000175f97b1db0, 0x00000175f97b2440, 0x00000175f97b3160, 0x00000175f97b2ad0,
0x00000175fa17aa60, 0x00000175fa1a8060, 0x00000175fa17cb30, 0x00000175fa1a86f0
}

Java Threads: ( => current thread )
  0x00000175dbf4c6f0 JavaThread "main"                              [_thread_blocked, id=5988, stack(0x00000036cc700000,0x00000036cc800000) (1024K)]
  0x00000175f48e99e0 JavaThread "Reference Handler"          daemon [_thread_blocked, id=11148, stack(0x00000036ccb00000,0x00000036ccc00000) (1024K)]
  0x00000175f48ea690 JavaThread "Finalizer"                  daemon [_thread_blocked, id=2712, stack(0x00000036ccc00000,0x00000036ccd00000) (1024K)]
  0x00000175f48ec600 JavaThread "Signal Dispatcher"          daemon [_thread_blocked, id=8148, stack(0x00000036ccd00000,0x00000036cce00000) (1024K)]
=>0x00000175f48ed250 JavaThread "Attach Listener"            daemon [_thread_in_vm, id=11136, stack(0x00000036cce00000,0x00000036ccf00000) (1024K)]
  0x00000175f48edea0 JavaThread "Service Thread"             daemon [_thread_blocked, id=18060, stack(0x00000036ccf00000,0x00000036cd000000) (1024K)]
  0x00000175f48f0e00 JavaThread "Monitor Deflation Thread"   daemon [_thread_blocked, id=18252, stack(0x00000036cd000000,0x00000036cd100000) (1024K)]
  0x00000175f48f1b80 JavaThread "C2 CompilerThread0"         daemon [_thread_blocked, id=7760, stack(0x00000036cd100000,0x00000036cd200000) (1024K)]
  0x00000175f48f47d0 JavaThread "C1 CompilerThread0"         daemon [_thread_blocked, id=13832, stack(0x00000036cd200000,0x00000036cd300000) (1024K)]
  0x00000175dbfb93b0 JavaThread "Common-Cleaner"             daemon [_thread_blocked, id=3212, stack(0x00000036cd300000,0x00000036cd400000) (1024K)]
  0x00000175f4b44be0 JavaThread "Notification Thread"        daemon [_thread_blocked, id=3236, stack(0x00000036cd400000,0x00000036cd500000) (1024K)]
  0x00000175f93a5020 JavaThread "Active Thread: Equinox Container: ea4af2dd-762b-42f4-9fb6-29840cfac87e"        [_thread_blocked, id=9548, stack(0x00000036cd500000,0x00000036cd600000) (1024K)]
  0x00000175f9543f30 JavaThread "Refresh Thread: Equinox Container: ea4af2dd-762b-42f4-9fb6-29840cfac87e" daemon [_thread_blocked, id=10412, stack(0x00000036cdd00000,0x00000036cde00000) (1024K)]
  0x00000175f95347b0 JavaThread "Framework Event Dispatcher: Equinox Container: ea4af2dd-762b-42f4-9fb6-29840cfac87e" daemon [_thread_blocked, id=14268, stack(0x00000036cde00000,0x00000036cdf00000) (1024K)]
  0x00000175f4939220 JavaThread "Start Level: Equinox Container: ea4af2dd-762b-42f4-9fb6-29840cfac87e" daemon [_thread_blocked, id=14872, stack(0x00000036cc500000,0x00000036cc600000) (1024K)]
  0x00000175f9b16260 JavaThread "Bundle File Closer"         daemon [_thread_blocked, id=7924, stack(0x00000036ce100000,0x00000036ce200000) (1024K)]
  0x00000175f498a5b0 JavaThread "SCR Component Actor"        daemon [_thread_blocked, id=9476, stack(0x00000036cc400000,0x00000036cc500000) (1024K)]
  0x00000175f90c55d0 JavaThread "Worker-JM"                         [_thread_blocked, id=4552, stack(0x00000036ce400000,0x00000036ce500000) (1024K)]
  0x00000175f90c4220 JavaThread "JNA Cleaner"                daemon [_thread_blocked, id=18180, stack(0x00000036ce300000,0x00000036ce400000) (1024K)]
  0x00000175f90c3500 JavaThread "Java indexing"              daemon [_thread_blocked, id=8404, stack(0x00000036ce200000,0x00000036ce300000) (1024K)]
  0x00000175f97ae930 JavaThread "Thread-2"                   daemon [_thread_in_native, id=4704, stack(0x00000036cef00000,0x00000036cf000000) (1024K)]
  0x00000175f97aefc0 JavaThread "Thread-3"                   daemon [_thread_in_native, id=18320, stack(0x00000036cf000000,0x00000036cf100000) (1024K)]
  0x00000175f97ad580 JavaThread "Thread-4"                   daemon [_thread_in_native, id=11512, stack(0x00000036cf100000,0x00000036cf200000) (1024K)]
  0x00000175f97b0370 JavaThread "Thread-5"                   daemon [_thread_in_native, id=18496, stack(0x00000036cf200000,0x00000036cf300000) (1024K)]
  0x00000175f97afce0 JavaThread "Thread-6"                   daemon [_thread_in_native, id=3148, stack(0x00000036cf300000,0x00000036cf400000) (1024K)]
  0x00000175f97acef0 JavaThread "Thread-7"                   daemon [_thread_in_native, id=2504, stack(0x00000036cf400000,0x00000036cf500000) (1024K)]
  0x00000175f97b0a00 JavaThread "Thread-8"                   daemon [_thread_in_native, id=20532, stack(0x00000036cf500000,0x00000036cf600000) (1024K)]
  0x00000175f97b1090 JavaThread "Thread-9"                   daemon [_thread_in_native, id=13924, stack(0x00000036cf600000,0x00000036cf700000) (1024K)]
  0x00000175f97adc10 JavaThread "Thread-10"                  daemon [_thread_in_native, id=11868, stack(0x00000036cf700000,0x00000036cf800000) (1024K)]
  0x00000175f97b37f0 JavaThread "Thread-11"                  daemon [_thread_in_native, id=18152, stack(0x00000036cf800000,0x00000036cf900000) (1024K)]
  0x00000175f97b3e80 JavaThread "Thread-12"                  daemon [_thread_in_native, id=5792, stack(0x00000036cf900000,0x00000036cfa00000) (1024K)]
  0x00000175f97b1720 JavaThread "Thread-13"                  daemon [_thread_in_native, id=14208, stack(0x00000036cfa00000,0x00000036cfb00000) (1024K)]
  0x00000175f97b1db0 JavaThread "Thread-14"                  daemon [_thread_in_native, id=15204, stack(0x00000036cfb00000,0x00000036cfc00000) (1024K)]
  0x00000175f97b2440 JavaThread "pool-2-thread-1"                   [_thread_blocked, id=19672, stack(0x00000036cfc00000,0x00000036cfd00000) (1024K)]
  0x00000175f97b3160 JavaThread "WorkspaceEventsHandler"            [_thread_blocked, id=5916, stack(0x00000036cfd00000,0x00000036cfe00000) (1024K)]
  0x00000175f97b2ad0 JavaThread "pool-1-thread-1"                   [_thread_blocked, id=18640, stack(0x00000036cfe00000,0x00000036cff00000) (1024K)]
  0x00000175fa17aa60 JavaThread "pool-3-thread-1"                   [_thread_blocked, id=2328, stack(0x00000036d0100000,0x00000036d0200000) (1024K)]
  0x00000175fa1a8060 JavaThread "Cleaner-0"                  daemon [_thread_blocked, id=15260, stack(0x00000036d0800000,0x00000036d0900000) (1024K)]
  0x00000175fa17cb30 JavaThread "Worker-20"                         [_thread_blocked, id=7776, stack(0x00000036ce700000,0x00000036ce800000) (1024K)]
  0x00000175fa1a86f0 JavaThread "Worker-23"                         [_thread_blocked, id=25692, stack(0x00000036ce800000,0x00000036ce900000) (1024K)]
Total: 40

Other Threads:
  0x00000175f29d40b0 VMThread "VM Thread"                           [id=22460, stack(0x00000036cca00000,0x00000036ccb00000) (1024K)]
  0x00000175f28cca00 WatcherThread "VM Periodic Task Thread"        [id=17824, stack(0x00000036cc900000,0x00000036cca00000) (1024K)]
  0x00000175dbf6ab70 WorkerThread "GC Thread#0"                     [id=13680, stack(0x00000036cc800000,0x00000036cc900000) (1024K)]
  0x00000175f925d300 WorkerThread "GC Thread#1"                     [id=15032, stack(0x00000036cd600000,0x00000036cd700000) (1024K)]
  0x00000175f9489590 WorkerThread "GC Thread#2"                     [id=13180, stack(0x00000036cd700000,0x00000036cd800000) (1024K)]
  0x00000175f9489930 WorkerThread "GC Thread#3"                     [id=2668, stack(0x00000036cd800000,0x00000036cd900000) (1024K)]
  0x00000175f9489cd0 WorkerThread "GC Thread#4"                     [id=2372, stack(0x00000036cd900000,0x00000036cda00000) (1024K)]
  0x00000175f948a070 WorkerThread "GC Thread#5"                     [id=13652, stack(0x00000036cda00000,0x00000036cdb00000) (1024K)]
  0x00000175f93e5910 WorkerThread "GC Thread#6"                     [id=23244, stack(0x00000036cdb00000,0x00000036cdc00000) (1024K)]
  0x00000175f4956140 WorkerThread "GC Thread#7"                     [id=7880, stack(0x00000036cdc00000,0x00000036cdd00000) (1024K)]
  0x00000175f901e230 WorkerThread "GC Thread#8"                     [id=11268, stack(0x00000036cdf00000,0x00000036ce000000) (1024K)]
  0x00000175f901ed10 WorkerThread "GC Thread#9"                     [id=17300, stack(0x00000036ce000000,0x00000036ce100000) (1024K)]
Total: 12

Threads with active compile tasks:
Total: 0

VM state: not at safepoint (normal execution)

VM Mutex/Monitor currently owned by a thread: None

Heap address: 0x0000000080000000, size: 2048 MB, Compressed Oops mode: 32-bit

CDS archive(s) mapped at: [0x0000017580000000-0x0000017580ba0000-0x0000017580ba0000), size 12189696, SharedBaseAddress: 0x0000017580000000, ArchiveRelocationMode: 1.
Compressed class space mapped at: 0x0000017581000000-0x00000175c1000000, reserved size: 1073741824
Narrow klass base: 0x0000017580000000, Narrow klass shift: 0, Narrow klass range: 0x100000000

GC Precious Log:
 CardTable entry size: 512
 CPUs: 12 total, 12 available
 Memory: 5989M
 Large Page Support: Disabled
 NUMA Support: Disabled
 Compressed Oops: Enabled (32-bit)
 Alignments: Space 512K, Generation 512K, Heap 2M
 Heap Min Capacity: 100M
 Heap Initial Capacity: 100M
 Heap Max Capacity: 2G
 Pre-touch: Disabled
 Parallel Workers: 10

Heap:
 PSYoungGen      total 6656K, used 4095K [0x00000000d5580000, 0x00000000d5e80000, 0x0000000100000000)
  eden space 3584K, 49% used [0x00000000d5580000,0x00000000d573bc28,0x00000000d5900000)
  from space 3072K, 75% used [0x00000000d5900000,0x00000000d5b44000,0x00000000d5c00000)
  to   space 2560K, 0% used [0x00000000d5c00000,0x00000000d5c00000,0x00000000d5e80000)
 ParOldGen       total 1100288K, used 1099982K [0x0000000080000000, 0x00000000c3280000, 0x00000000d5580000)
  object space 1100288K, 99% used [0x0000000080000000,0x00000000c32338f0,0x00000000c3280000)
 Metaspace       used 84015K, committed 85504K, reserved 1179648K
  class space    used 8287K, committed 9024K, reserved 1048576K

Card table byte_map: [0x00000175db8f0000,0x00000175dbd00000] _byte_map_base: 0x00000175db4f0000

Marking Bits: (ParMarkBitMap*) 0x00007ff8cc65a340
 Begin Bits: [0x00000175ee3f0000, 0x00000175f03f0000)
 End Bits:   [0x00000175f03f0000, 0x00000175f23f0000)

Polling page: 0x00000175d9e20000

Metaspace:

Usage:
  Non-class:     73.95 MB used.
      Class:      8.09 MB used.
       Both:     82.05 MB used.

Virtual space:
  Non-class space:      128.00 MB reserved,      74.69 MB ( 58%) committed,  2 nodes.
      Class space:        1.00 GB reserved,       8.81 MB ( <1%) committed,  1 nodes.
             Both:        1.12 GB reserved,      83.50 MB (  7%) committed. 

Chunk freelists:
   Non-Class:  4.67 MB
       Class:  7.23 MB
        Both:  11.90 MB

MaxMetaspaceSize: unlimited
CompressedClassSpaceSize: 1.00 GB
Initial GC threshold: 21.00 MB
Current GC threshold: 136.38 MB
CDS: on
 - commit_granule_bytes: 65536.
 - commit_granule_words: 8192.
 - virtual_space_node_default_size: 8388608.
 - enlarge_chunks_in_place: 1.
 - use_allocation_guard: 0.


Internal statistics:

num_allocs_failed_limit: 9.
num_arena_births: 1766.
num_arena_deaths: 478.
num_vsnodes_births: 3.
num_vsnodes_deaths: 0.
num_space_committed: 1336.
num_space_uncommitted: 0.
num_chunks_returned_to_freelist: 540.
num_chunks_taken_from_freelist: 6334.
num_chunk_merges: 141.
num_chunk_splits: 3614.
num_chunks_enlarged: 1988.
num_inconsistent_stats: 0.

CodeHeap 'non-profiled nmethods': size=120000Kb used=24974Kb max_used=27938Kb free=95026Kb
 bounds [0x00000175e6c10000, 0x00000175e8760000, 0x00000175ee140000]
CodeHeap 'profiled nmethods': size=120000Kb used=37957Kb max_used=47798Kb free=82042Kb
 bounds [0x00000175df140000, 0x00000175e1ff0000, 0x00000175e6670000]
CodeHeap 'non-nmethods': size=5760Kb used=1493Kb max_used=1567Kb free=4266Kb
 bounds [0x00000175e6670000, 0x00000175e68e0000, 0x00000175e6c10000]
CodeCache: size=245760Kb, used=64424Kb, max_used=77303Kb, free=181334Kb
 total_blobs=17070, nmethods=16261, adapters=709, full_count=0
Compilation: enabled, stopped_count=0, restarted_count=0

Compilation events (20 events):
Event: 11387.237 Thread 0x00000175f48f47d0 25683   !   3       org.eclipse.jdt.ls.core.internal.handlers.WorkspaceDiagnosticsHandler::visit (480 bytes)
Event: 11387.525 Thread 0x00000175f48f47d0 nmethod 25683 0x00000175df387510 code [0x00000175df388000, 0x00000175df38ea88]
Event: 11387.526 Thread 0x00000175f48f47d0 25684       3       org.eclipse.core.internal.resources.Workspace::getRuleFactory (24 bytes)
Event: 11387.528 Thread 0x00000175f48f47d0 nmethod 25684 0x00000175dfc48410 code [0x00000175dfc485c0, 0x00000175dfc487d0]
Event: 11387.845 Thread 0x00000175f48f47d0 25686       1       org.eclipse.core.internal.resources.MarkerInfo::getType (5 bytes)
Event: 11387.866 Thread 0x00000175f48f47d0 nmethod 25686 0x00000175e6e69c10 code [0x00000175e6e69da0, 0x00000175e6e69e68]
Event: 11394.084 Thread 0x00000175f48f47d0 25687       3       org.eclipse.core.internal.resources.WorkManager::rebalanceNestedOperations (9 bytes)
Event: 11394.085 Thread 0x00000175f48f47d0 nmethod 25687 0x00000175e05af210 code [0x00000175e05af3a0, 0x00000175e05af4b0]
Event: 11394.212 Thread 0x00000175f48f47d0 25688       3       org.eclipse.jdt.apt.core.util.AptConfig::isEnabled (26 bytes)
Event: 11394.215 Thread 0x00000175f48f47d0 nmethod 25688 0x00000175dfdce910 code [0x00000175dfdceae0, 0x00000175dfdcecf0]
Event: 11394.215 Thread 0x00000175f48f47d0 25689       3       org.eclipse.jdt.apt.core.util.AptConfig::getString (110 bytes)
Event: 11394.220 Thread 0x00000175f48f1b80 25690       4       org.eclipse.core.internal.preferences.PreferencesService$1::<init> (44 bytes)
Event: 11394.226 Thread 0x00000175f48f1b80 nmethod 25690 0x00000175e6e69910 code [0x00000175e6e69aa0, 0x00000175e6e69b70]
Event: 11394.226 Thread 0x00000175f48f1b80 25691       4       org.eclipse.core.internal.preferences.PreferencesService$1::run (171 bytes)
Event: 11394.232 Thread 0x00000175f48f47d0 nmethod 25689 0x00000175dfb7f490 code [0x00000175dfb7f740, 0x00000175dfb809f8]
Event: 11394.389 Thread 0x00000175f48f1b80 nmethod 25691 0x00000175e7381390 code [0x00000175e73815e0, 0x00000175e73821d0]
Event: 11394.390 Thread 0x00000175f48f1b80 25692       4       org.eclipse.core.internal.dtree.AbstractDataTree::rootKey (4 bytes)
Event: 11394.391 Thread 0x00000175f48f1b80 nmethod 25692 0x00000175e6e69610 code [0x00000175e6e697a0, 0x00000175e6e69810]
Event: 11529.528 Thread 0x00000175f48f47d0 25693   !   3       org.eclipse.osgi.storage.Storage::save0 (246 bytes)
Event: 11529.659 Thread 0x00000175f48f47d0 nmethod 25693 0x00000175dfb56c90 code [0x00000175dfb571a0, 0x00000175dfb59d88]

GC Heap History (20 events):
Event: 11394.166 GC heap before
{Heap before GC invocations=4863 (full 6):
 PSYoungGen      total 3584K, used 3168K [0x00000000d5580000, 0x00000000d5b80000, 0x0000000100000000)
  eden space 1536K, 100% used [0x00000000d5580000,0x00000000d5700000,0x00000000d5700000)
  from space 2048K, 79% used [0x00000000d5700000,0x00000000d5898000,0x00000000d5900000)
  to   space 2048K, 0% used [0x00000000d5980000,0x00000000d5980000,0x00000000d5b80000)
 ParOldGen       total 1082368K, used 1082286K [0x0000000080000000, 0x00000000c2100000, 0x00000000d5580000)
  object space 1082368K, 99% used [0x0000000080000000,0x00000000c20eba80,0x00000000c2100000)
 Metaspace       used 83994K, committed 85440K, reserved 1179648K
  class space    used 8287K, committed 9024K, reserved 1048576K
}
Event: 11394.173 GC heap after
{Heap after GC invocations=4863 (full 6):
 PSYoungGen      total 4096K, used 1664K [0x00000000d5580000, 0x00000000d5b80000, 0x0000000100000000)
  eden space 2048K, 0% used [0x00000000d5580000,0x00000000d5580000,0x00000000d5780000)
  from space 2048K, 81% used [0x00000000d5980000,0x00000000d5b20000,0x00000000d5b80000)
  to   space 2048K, 0% used [0x00000000d5780000,0x00000000d5780000,0x00000000d5980000)
 ParOldGen       total 1083904K, used 1083854K [0x0000000080000000, 0x00000000c2280000, 0x00000000d5580000)
  object space 1083904K, 99% used [0x0000000080000000,0x00000000c2273a80,0x00000000c2280000)
 Metaspace       used 83994K, committed 85440K, reserved 1179648K
  class space    used 8287K, committed 9024K, reserved 1048576K
}
Event: 11394.182 GC heap before
{Heap before GC invocations=4864 (full 6):
 PSYoungGen      total 4096K, used 3712K [0x00000000d5580000, 0x00000000d5b80000, 0x0000000100000000)
  eden space 2048K, 100% used [0x00000000d5580000,0x00000000d5780000,0x00000000d5780000)
  from space 2048K, 81% used [0x00000000d5980000,0x00000000d5b20000,0x00000000d5b80000)
  to   space 2048K, 0% used [0x00000000d5780000,0x00000000d5780000,0x00000000d5980000)
 ParOldGen       total 1083904K, used 1083854K [0x0000000080000000, 0x00000000c2280000, 0x00000000d5580000)
  object space 1083904K, 99% used [0x0000000080000000,0x00000000c2273a80,0x00000000c2280000)
 Metaspace       used 83994K, committed 85440K, reserved 1179648K
  class space    used 8287K, committed 9024K, reserved 1048576K
}
Event: 11394.190 GC heap after
{Heap after GC invocations=4864 (full 6):
 PSYoungGen      total 4096K, used 2048K [0x00000000d5580000, 0x00000000d6000000, 0x0000000100000000)
  eden space 2048K, 0% used [0x00000000d5580000,0x00000000d5580000,0x00000000d5780000)
  from space 2048K, 100% used [0x00000000d5780000,0x00000000d5980000,0x00000000d5980000)
  to   space 4096K, 0% used [0x00000000d5c00000,0x00000000d5c00000,0x00000000d6000000)
 ParOldGen       total 1085952K, used 1085486K [0x0000000080000000, 0x00000000c2480000, 0x00000000d5580000)
  object space 1085952K, 99% used [0x0000000080000000,0x00000000c240ba80,0x00000000c2480000)
 Metaspace       used 83994K, committed 85440K, reserved 1179648K
  class space    used 8287K, committed 9024K, reserved 1048576K
}
Event: 11394.200 GC heap before
{Heap before GC invocations=4865 (full 6):
 PSYoungGen      total 4096K, used 4071K [0x00000000d5580000, 0x00000000d6000000, 0x0000000100000000)
  eden space 2048K, 98% used [0x00000000d5580000,0x00000000d5779c48,0x00000000d5780000)
  from space 2048K, 100% used [0x00000000d5780000,0x00000000d5980000,0x00000000d5980000)
  to   space 4096K, 0% used [0x00000000d5c00000,0x00000000d5c00000,0x00000000d6000000)
 ParOldGen       total 1085952K, used 1085486K [0x0000000080000000, 0x00000000c2480000, 0x00000000d5580000)
  object space 1085952K, 99% used [0x0000000080000000,0x00000000c240ba80,0x00000000c2480000)
 Metaspace       used 83994K, committed 85440K, reserved 1179648K
  class space    used 8287K, committed 9024K, reserved 1048576K
}
Event: 11394.207 GC heap after
{Heap after GC invocations=4865 (full 6):
 PSYoungGen      total 4608K, used 2011K [0x00000000d5580000, 0x00000000d5e00000, 0x0000000100000000)
  eden space 2560K, 0% used [0x00000000d5580000,0x00000000d5580000,0x00000000d5800000)
  from space 2048K, 98% used [0x00000000d5c00000,0x00000000d5df6c00,0x00000000d5e00000)
  to   space 3072K, 0% used [0x00000000d5800000,0x00000000d5800000,0x00000000d5b00000)
 ParOldGen       total 1088000K, used 1087494K [0x0000000080000000, 0x00000000c2680000, 0x00000000d5580000)
  object space 1088000K, 99% used [0x0000000080000000,0x00000000c2601a80,0x00000000c2680000)
 Metaspace       used 83994K, committed 85440K, reserved 1179648K
  class space    used 8287K, committed 9024K, reserved 1048576K
}
Event: 11394.277 GC heap before
{Heap before GC invocations=4866 (full 6):
 PSYoungGen      total 4608K, used 3966K [0x00000000d5580000, 0x00000000d5e00000, 0x0000000100000000)
  eden space 2560K, 76% used [0x00000000d5580000,0x00000000d5768e98,0x00000000d5800000)
  from space 2048K, 98% used [0x00000000d5c00000,0x00000000d5df6c00,0x00000000d5e00000)
  to   space 3072K, 0% used [0x00000000d5800000,0x00000000d5800000,0x00000000d5b00000)
 ParOldGen       total 1088000K, used 1087494K [0x0000000080000000, 0x00000000c2680000, 0x00000000d5580000)
  object space 1088000K, 99% used [0x0000000080000000,0x00000000c2601a80,0x00000000c2680000)
 Metaspace       used 83997K, committed 85440K, reserved 1179648K
  class space    used 8287K, committed 9024K, reserved 1048576K
}
Event: 11394.286 GC heap after
{Heap after GC invocations=4866 (full 6):
 PSYoungGen      total 4608K, used 1622K [0x00000000d5580000, 0x00000000d5c80000, 0x0000000100000000)
  eden space 2560K, 0% used [0x00000000d5580000,0x00000000d5580000,0x00000000d5800000)
  from space 2048K, 79% used [0x00000000d5800000,0x00000000d5995800,0x00000000d5a00000)
  to   space 2048K, 0% used [0x00000000d5a80000,0x00000000d5a80000,0x00000000d5c80000)
 ParOldGen       total 1089536K, used 1089038K [0x0000000080000000, 0x00000000c2800000, 0x00000000d5580000)
  object space 1089536K, 99% used [0x0000000080000000,0x00000000c2783a80,0x00000000c2800000)
 Metaspace       used 83997K, committed 85440K, reserved 1179648K
  class space    used 8287K, committed 9024K, reserved 1048576K
}
Event: 11394.457 GC heap before
{Heap before GC invocations=4867 (full 6):
 PSYoungGen      total 4608K, used 3874K [0x00000000d5580000, 0x00000000d5c80000, 0x0000000100000000)
  eden space 2560K, 87% used [0x00000000d5580000,0x00000000d57b30f0,0x00000000d5800000)
  from space 2048K, 79% used [0x00000000d5800000,0x00000000d5995800,0x00000000d5a00000)
  to   space 2048K, 0% used [0x00000000d5a80000,0x00000000d5a80000,0x00000000d5c80000)
 ParOldGen       total 1089536K, used 1089038K [0x0000000080000000, 0x00000000c2800000, 0x00000000d5580000)
  object space 1089536K, 99% used [0x0000000080000000,0x00000000c2783a80,0x00000000c2800000)
 Metaspace       used 83997K, committed 85440K, reserved 1179648K
  class space    used 8287K, committed 9024K, reserved 1048576K
}
Event: 11394.466 GC heap after
{Heap after GC invocations=4867 (full 6):
 PSYoungGen      total 3584K, used 2028K [0x00000000d5580000, 0x00000000d5f80000, 0x0000000100000000)
  eden space 1536K, 0% used [0x00000000d5580000,0x00000000d5580000,0x00000000d5700000)
  from space 2048K, 99% used [0x00000000d5a80000,0x00000000d5c7b000,0x00000000d5c80000)
  to   space 3584K, 0% used [0x00000000d5700000,0x00000000d5700000,0x00000000d5a80000)
 ParOldGen       total 1090560K, used 1090102K [0x0000000080000000, 0x00000000c2900000, 0x00000000d5580000)
  object space 1090560K, 99% used [0x0000000080000000,0x00000000c288da80,0x00000000c2900000)
 Metaspace       used 83997K, committed 85440K, reserved 1179648K
  class space    used 8287K, committed 9024K, reserved 1048576K
}
Event: 11394.473 GC heap before
{Heap before GC invocations=4868 (full 6):
 PSYoungGen      total 3584K, used 3564K [0x00000000d5580000, 0x00000000d5f80000, 0x0000000100000000)
  eden space 1536K, 100% used [0x00000000d5580000,0x00000000d5700000,0x00000000d5700000)
  from space 2048K, 99% used [0x00000000d5a80000,0x00000000d5c7b000,0x00000000d5c80000)
  to   space 3584K, 0% used [0x00000000d5700000,0x00000000d5700000,0x00000000d5a80000)
 ParOldGen       total 1090560K, used 1090102K [0x0000000080000000, 0x00000000c2900000, 0x00000000d5580000)
  object space 1090560K, 99% used [0x0000000080000000,0x00000000c288da80,0x00000000c2900000)
 Metaspace       used 83997K, committed 85440K, reserved 1179648K
  class space    used 8287K, committed 9024K, reserved 1048576K
}
Event: 11394.481 GC heap after
{Heap after GC invocations=4868 (full 6):
 PSYoungGen      total 3584K, used 1627K [0x00000000d5580000, 0x00000000d5c80000, 0x0000000100000000)
  eden space 1536K, 0% used [0x00000000d5580000,0x00000000d5580000,0x00000000d5700000)
  from space 2048K, 79% used [0x00000000d5700000,0x00000000d5896e70,0x00000000d5900000)
  to   space 2560K, 0% used [0x00000000d5a00000,0x00000000d5a00000,0x00000000d5c80000)
 ParOldGen       total 1092608K, used 1092186K [0x0000000080000000, 0x00000000c2b00000, 0x00000000d5580000)
  object space 1092608K, 99% used [0x0000000080000000,0x00000000c2a96a80,0x00000000c2b00000)
 Metaspace       used 83997K, committed 85440K, reserved 1179648K
  class space    used 8287K, committed 9024K, reserved 1048576K
}
Event: 11394.493 GC heap before
{Heap before GC invocations=4869 (full 6):
 PSYoungGen      total 3584K, used 3163K [0x00000000d5580000, 0x00000000d5c80000, 0x0000000100000000)
  eden space 1536K, 100% used [0x00000000d5580000,0x00000000d5700000,0x00000000d5700000)
  from space 2048K, 79% used [0x00000000d5700000,0x00000000d5896e70,0x00000000d5900000)
  to   space 2560K, 0% used [0x00000000d5a00000,0x00000000d5a00000,0x00000000d5c80000)
 ParOldGen       total 1092608K, used 1092186K [0x0000000080000000, 0x00000000c2b00000, 0x00000000d5580000)
  object space 1092608K, 99% used [0x0000000080000000,0x00000000c2a96a80,0x00000000c2b00000)
 Metaspace       used 83997K, committed 85440K, reserved 1179648K
  class space    used 8287K, committed 9024K, reserved 1048576K
}
Event: 11394.501 GC heap after
{Heap after GC invocations=4869 (full 6):
 PSYoungGen      total 4096K, used 1696K [0x00000000d5580000, 0x00000000d5c00000, 0x0000000100000000)
  eden space 2048K, 0% used [0x00000000d5580000,0x00000000d5580000,0x00000000d5780000)
  from space 2048K, 82% used [0x00000000d5a00000,0x00000000d5ba8000,0x00000000d5c00000)
  to   space 2048K, 0% used [0x00000000d5800000,0x00000000d5800000,0x00000000d5a00000)
 ParOldGen       total 1094144K, used 1093750K [0x0000000080000000, 0x00000000c2c80000, 0x00000000d5580000)
  object space 1094144K, 99% used [0x0000000080000000,0x00000000c2c1d8f0,0x00000000c2c80000)
 Metaspace       used 83997K, committed 85440K, reserved 1179648K
  class space    used 8287K, committed 9024K, reserved 1048576K
}
Event: 11394.508 GC heap before
{Heap before GC invocations=4870 (full 6):
 PSYoungGen      total 4096K, used 3744K [0x00000000d5580000, 0x00000000d5c00000, 0x0000000100000000)
  eden space 2048K, 100% used [0x00000000d5580000,0x00000000d5780000,0x00000000d5780000)
  from space 2048K, 82% used [0x00000000d5a00000,0x00000000d5ba8000,0x00000000d5c00000)
  to   space 2048K, 0% used [0x00000000d5800000,0x00000000d5800000,0x00000000d5a00000)
 ParOldGen       total 1094144K, used 1093750K [0x0000000080000000, 0x00000000c2c80000, 0x00000000d5580000)
  object space 1094144K, 99% used [0x0000000080000000,0x00000000c2c1d8f0,0x00000000c2c80000)
 Metaspace       used 83997K, committed 85440K, reserved 1179648K
  class space    used 8287K, committed 9024K, reserved 1048576K
}
Event: 11394.513 GC heap after
{Heap after GC invocations=4870 (full 6):
 PSYoungGen      total 4608K, used 2048K [0x00000000d5580000, 0x00000000d6000000, 0x0000000100000000)
  eden space 2560K, 0% used [0x00000000d5580000,0x00000000d5580000,0x00000000d5800000)
  from space 2048K, 100% used [0x00000000d5800000,0x00000000d5a00000,0x00000000d5a00000)
  to   space 4096K, 0% used [0x00000000d5c00000,0x00000000d5c00000,0x00000000d6000000)
 ParOldGen       total 1095680K, used 1095334K [0x0000000080000000, 0x00000000c2e00000, 0x00000000d5580000)
  object space 1095680K, 99% used [0x0000000080000000,0x00000000c2da98f0,0x00000000c2e00000)
 Metaspace       used 83997K, committed 85440K, reserved 1179648K
  class space    used 8287K, committed 9024K, reserved 1048576K
}
Event: 11394.524 GC heap before
{Heap before GC invocations=4871 (full 6):
 PSYoungGen      total 4608K, used 4608K [0x00000000d5580000, 0x00000000d6000000, 0x0000000100000000)
  eden space 2560K, 100% used [0x00000000d5580000,0x00000000d5800000,0x00000000d5800000)
  from space 2048K, 100% used [0x00000000d5800000,0x00000000d5a00000,0x00000000d5a00000)
  to   space 4096K, 0% used [0x00000000d5c00000,0x00000000d5c00000,0x00000000d6000000)
 ParOldGen       total 1095680K, used 1095334K [0x0000000080000000, 0x00000000c2e00000, 0x00000000d5580000)
  object space 1095680K, 99% used [0x0000000080000000,0x00000000c2da98f0,0x00000000c2e00000)
 Metaspace       used 83997K, committed 85440K, reserved 1179648K
  class space    used 8287K, committed 9024K, reserved 1048576K
}
Event: 11394.531 GC heap after
{Heap after GC invocations=4871 (full 6):
 PSYoungGen      total 6144K, used 2656K [0x00000000d5580000, 0x00000000d5f00000, 0x0000000100000000)
  eden space 3072K, 0% used [0x00000000d5580000,0x00000000d5580000,0x00000000d5880000)
  from space 3072K, 86% used [0x00000000d5c00000,0x00000000d5e98000,0x00000000d5f00000)
  to   space 3072K, 0% used [0x00000000d5900000,0x00000000d5900000,0x00000000d5c00000)
 ParOldGen       total 1097728K, used 1097374K [0x0000000080000000, 0x00000000c3000000, 0x00000000d5580000)
  object space 1097728K, 99% used [0x0000000080000000,0x00000000c2fa78f0,0x00000000c3000000)
 Metaspace       used 83997K, committed 85440K, reserved 1179648K
  class space    used 8287K, committed 9024K, reserved 1048576K
}
Event: 11394.552 GC heap before
{Heap before GC invocations=4872 (full 6):
 PSYoungGen      total 6144K, used 5424K [0x00000000d5580000, 0x00000000d5f00000, 0x0000000100000000)
  eden space 3072K, 90% used [0x00000000d5580000,0x00000000d5834238,0x00000000d5880000)
  from space 3072K, 86% used [0x00000000d5c00000,0x00000000d5e98000,0x00000000d5f00000)
  to   space 3072K, 0% used [0x00000000d5900000,0x00000000d5900000,0x00000000d5c00000)
 ParOldGen       total 1097728K, used 1097374K [0x0000000080000000, 0x00000000c3000000, 0x00000000d5580000)
  object space 1097728K, 99% used [0x0000000080000000,0x00000000c2fa78f0,0x00000000c3000000)
 Metaspace       used 83997K, committed 85440K, reserved 1179648K
  class space    used 8287K, committed 9024K, reserved 1048576K
}
Event: 11394.559 GC heap after
{Heap after GC invocations=4872 (full 6):
 PSYoungGen      total 6656K, used 2320K [0x00000000d5580000, 0x00000000d5e80000, 0x0000000100000000)
  eden space 3584K, 0% used [0x00000000d5580000,0x00000000d5580000,0x00000000d5900000)
  from space 3072K, 75% used [0x00000000d5900000,0x00000000d5b44000,0x00000000d5c00000)
  to   space 2560K, 0% used [0x00000000d5c00000,0x00000000d5c00000,0x00000000d5e80000)
 ParOldGen       total 1100288K, used 1099982K [0x0000000080000000, 0x00000000c3280000, 0x00000000d5580000)
  object space 1100288K, 99% used [0x0000000080000000,0x00000000c32338f0,0x00000000c3280000)
 Metaspace       used 83997K, committed 85440K, reserved 1179648K
  class space    used 8287K, committed 9024K, reserved 1048576K
}

Dll operation events (10 events):
Event: 0.036 Loaded shared library c:\Users\LENOVO\.vscode\extensions\redhat.java-1.44.0-win32-x64\jre\21.0.8-win32-x86_64\bin\java.dll
Event: 0.293 Loaded shared library c:\Users\LENOVO\.vscode\extensions\redhat.java-1.44.0-win32-x64\jre\21.0.8-win32-x86_64\bin\zip.dll
Event: 0.339 Loaded shared library C:\Users\LENOVO\.vscode\extensions\redhat.java-1.44.0-win32-x64\jre\21.0.8-win32-x86_64\bin\instrument.dll
Event: 0.354 Loaded shared library C:\Users\LENOVO\.vscode\extensions\redhat.java-1.44.0-win32-x64\jre\21.0.8-win32-x86_64\bin\net.dll
Event: 0.365 Loaded shared library C:\Users\LENOVO\.vscode\extensions\redhat.java-1.44.0-win32-x64\jre\21.0.8-win32-x86_64\bin\nio.dll
Event: 0.394 Loaded shared library C:\Users\LENOVO\.vscode\extensions\redhat.java-1.44.0-win32-x64\jre\21.0.8-win32-x86_64\bin\zip.dll
Event: 0.467 Loaded shared library C:\Users\LENOVO\.vscode\extensions\redhat.java-1.44.0-win32-x64\jre\21.0.8-win32-x86_64\bin\jimage.dll
Event: 0.764 Loaded shared library c:\Users\LENOVO\.vscode\extensions\redhat.java-1.44.0-win32-x64\jre\21.0.8-win32-x86_64\bin\verify.dll
Event: 30.762 Loaded shared library C:\Users\LENOVO\AppData\Roaming\Code\User\globalStorage\redhat.java\1.44.0\config_win\org.eclipse.equinox.launcher\org.eclipse.equinox.launcher.win32.win32.x86_64_1.2.1400.v20250730-1736\eclipse_11913.dll
Event: 75.993 Loaded shared library C:\Users\LENOVO\AppData\Local\Temp\jna--2053026509\jna8298524779667132679.dll

Deoptimization events (20 events):
Event: 8681.164 Thread 0x00000175fa1ad5b0 Uncommon trap: trap_request=0xffffffc6 fr.pc=0x00000175e823ab94 relative=0x00000000000008f4
Event: 8681.164 Thread 0x00000175fa1ad5b0 Uncommon trap: reason=bimorphic_or_optimized_type_check action=maybe_recompile pc=0x00000175e823ab94 method=org.eclipse.jdt.internal.core.Openable.getResource()Lorg/eclipse/core/resources/IResource; @ 33 c2
Event: 8681.164 Thread 0x00000175fa1ad5b0 DEOPT PACKING pc=0x00000175e823ab94 sp=0x00000036cecfe8f0
Event: 8681.164 Thread 0x00000175fa1ad5b0 DEOPT UNPACKING pc=0x00000175e66c3aa2 sp=0x00000036cecfe898 mode 2
Event: 8681.168 Thread 0x00000175fa1ad5b0 Uncommon trap: trap_request=0xffffffc6 fr.pc=0x00000175e823ab94 relative=0x00000000000008f4
Event: 8681.168 Thread 0x00000175fa1ad5b0 Uncommon trap: reason=bimorphic_or_optimized_type_check action=maybe_recompile pc=0x00000175e823ab94 method=org.eclipse.jdt.internal.core.Openable.getResource()Lorg/eclipse/core/resources/IResource; @ 33 c2
Event: 8681.168 Thread 0x00000175fa1ad5b0 DEOPT PACKING pc=0x00000175e823ab94 sp=0x00000036cecfe990
Event: 8681.168 Thread 0x00000175fa1ad5b0 DEOPT UNPACKING pc=0x00000175e66c3aa2 sp=0x00000036cecfe938 mode 2
Event: 8681.246 Thread 0x00000175fa1ad5b0 Uncommon trap: trap_request=0xffffff45 fr.pc=0x00000175e823a554 relative=0x00000000000002b4
Event: 8681.246 Thread 0x00000175fa1ad5b0 Uncommon trap: reason=unstable_if action=reinterpret pc=0x00000175e823a554 method=org.eclipse.jdt.internal.core.Openable.getResource()Lorg/eclipse/core/resources/IResource; @ 6 c2
Event: 8681.246 Thread 0x00000175fa1ad5b0 DEOPT PACKING pc=0x00000175e823a554 sp=0x00000036cecfed30
Event: 8681.246 Thread 0x00000175fa1ad5b0 DEOPT UNPACKING pc=0x00000175e66c3aa2 sp=0x00000036cecfece8 mode 2
Event: 11387.042 Thread 0x00000175f97b3160 Uncommon trap: trap_request=0xffffff45 fr.pc=0x00000175e6ea5bcc relative=0x000000000000066c
Event: 11387.044 Thread 0x00000175f97b3160 Uncommon trap: reason=unstable_if action=reinterpret pc=0x00000175e6ea5bcc method=org.eclipse.jdt.core.compiler.CharOperation.toStrings([[C)[Ljava/lang/String; @ 1 c2
Event: 11387.044 Thread 0x00000175f97b3160 DEOPT PACKING pc=0x00000175e6ea5bcc sp=0x00000036cfdfdf90
Event: 11387.048 Thread 0x00000175f97b3160 DEOPT UNPACKING pc=0x00000175e66c3aa2 sp=0x00000036cfdfdf78 mode 2
Event: 11387.545 Thread 0x00000175f97b3160 Uncommon trap: trap_request=0xffffff45 fr.pc=0x00000175e7a369d8 relative=0x0000000000000218
Event: 11387.546 Thread 0x00000175f97b3160 Uncommon trap: reason=unstable_if action=reinterpret pc=0x00000175e7a369d8 method=org.eclipse.core.internal.resources.Resource.equals(Ljava/lang/Object;)Z @ 32 c2
Event: 11387.546 Thread 0x00000175f97b3160 DEOPT PACKING pc=0x00000175e7a369d8 sp=0x00000036cfdfea30
Event: 11387.546 Thread 0x00000175f97b3160 DEOPT UNPACKING pc=0x00000175e66c3aa2 sp=0x00000036cfdfe9c0 mode 2

Classes loaded (20 events):
Event: 3304.970 Loading class java/util/stream/ReferencePipeline$15$1
Event: 3304.972 Loading class java/util/stream/ReferencePipeline$15$1 done
Event: 3356.471 Loading class java/util/stream/ReduceOps$5
Event: 3356.472 Loading class java/util/stream/ReduceOps$5 done
Event: 3356.473 Loading class java/util/stream/ReduceOps$CountingSink$OfRef
Event: 3356.474 Loading class java/util/stream/ReduceOps$CountingSink
Event: 3356.499 Loading class java/util/stream/ReduceOps$CountingSink done
Event: 3356.499 Loading class java/util/stream/ReduceOps$CountingSink$OfRef done
Event: 3423.779 Loading class java/util/Spliterators$IntArraySpliterator
Event: 3423.781 Loading class java/util/Spliterators$IntArraySpliterator done
Event: 3701.922 Loading class java/nio/channels/CompletionHandler
Event: 3701.924 Loading class java/nio/channels/CompletionHandler done
Event: 3844.062 Loading class jdk/internal/icu/text/NormalizerBase$NFCModeImpl
Event: 3844.064 Loading class jdk/internal/icu/text/NormalizerBase$NFCModeImpl done
Event: 3844.064 Loading class jdk/internal/icu/impl/Norm2AllModes$NFCSingleton
Event: 3844.067 Loading class jdk/internal/icu/impl/Norm2AllModes$NFCSingleton done
Event: 3844.073 Loading class java/nio/StringCharBuffer
Event: 3844.074 Loading class java/nio/StringCharBuffer done
Event: 8680.788 Loading class javax/xml/transform/TransformerConfigurationException
Event: 8680.796 Loading class javax/xml/transform/TransformerConfigurationException done

Classes unloaded (20 events):
Event: 5795.541 Thread 0x00000175f29d40b0 Unloading class 0x0000017581841800 'java/lang/invoke/LambdaForm$MH+0x0000017581841800'
Event: 5795.541 Thread 0x00000175f29d40b0 Unloading class 0x0000017581841000 'java/lang/invoke/LambdaForm$MH+0x0000017581841000'
Event: 5795.541 Thread 0x00000175f29d40b0 Unloading class 0x0000017581840c00 'java/lang/invoke/LambdaForm$MH+0x0000017581840c00'
Event: 5795.541 Thread 0x00000175f29d40b0 Unloading class 0x0000017581840800 'java/lang/invoke/LambdaForm$MH+0x0000017581840800'
Event: 5795.542 Thread 0x00000175f29d40b0 Unloading class 0x00000175812f3c00 'java/lang/invoke/LambdaForm$MH+0x00000175812f3c00'
Event: 5795.542 Thread 0x00000175f29d40b0 Unloading class 0x00000175812f4400 'java/lang/invoke/LambdaForm$MH+0x00000175812f4400'
Event: 5795.542 Thread 0x00000175f29d40b0 Unloading class 0x00000175812fd000 'java/lang/invoke/LambdaForm$MH+0x00000175812fd000'
Event: 5795.542 Thread 0x00000175f29d40b0 Unloading class 0x0000017581793400 'java/lang/invoke/LambdaForm$MH+0x0000017581793400'
Event: 5795.543 Thread 0x00000175f29d40b0 Unloading class 0x0000017581765400 'java/lang/invoke/LambdaForm$MH+0x0000017581765400'
Event: 5795.543 Thread 0x00000175f29d40b0 Unloading class 0x0000017581764000 'java/lang/invoke/LambdaForm$DMH+0x0000017581764000'
Event: 5795.543 Thread 0x00000175f29d40b0 Unloading class 0x0000017581703800 'java/lang/invoke/LambdaForm$MH+0x0000017581703800'
Event: 5795.543 Thread 0x00000175f29d40b0 Unloading class 0x0000017581703000 'java/lang/invoke/LambdaForm$MH+0x0000017581703000'
Event: 5795.543 Thread 0x00000175f29d40b0 Unloading class 0x0000017581400c00 'java/lang/invoke/LambdaForm$MH+0x0000017581400c00'
Event: 5795.543 Thread 0x00000175f29d40b0 Unloading class 0x0000017581220400 'java/lang/invoke/LambdaForm$BMH+0x0000017581220400'
Event: 5795.543 Thread 0x00000175f29d40b0 Unloading class 0x00000175811ac400 'java/lang/invoke/LambdaForm$MH+0x00000175811ac400'
Event: 5795.544 Thread 0x00000175f29d40b0 Unloading class 0x00000175811ac000 'java/lang/invoke/LambdaForm$MH+0x00000175811ac000'
Event: 5795.544 Thread 0x00000175f29d40b0 Unloading class 0x00000175811a9000 'java/lang/invoke/LambdaForm$MH+0x00000175811a9000'
Event: 5795.544 Thread 0x00000175f29d40b0 Unloading class 0x0000017581180800 'java/lang/invoke/LambdaForm$MH+0x0000017581180800'
Event: 5795.544 Thread 0x00000175f29d40b0 Unloading class 0x0000017581014800 'java/lang/invoke/LambdaForm$MH+0x0000017581014800'
Event: 5795.544 Thread 0x00000175f29d40b0 Unloading class 0x0000017581000400 'java/lang/invoke/LambdaForm$MH+0x0000017581000400'

Classes redefined (0 events):
No events

Internal exceptions (20 events):
Event: 6633.513 Thread 0x00000175fcbc5740 Exception <a 'java/lang/ArrayIndexOutOfBoundsException'{0x00000000d5c5c318}> (0x00000000d5c5c318) 
thrown [s\src\hotspot\share\runtime\sharedRuntime.cpp, line 625]
Event: 6634.220 Thread 0x00000175fcbc5740 Exception <a 'java/lang/ArrayIndexOutOfBoundsException'{0x00000000d5f72fc0}> (0x00000000d5f72fc0) 
thrown [s\src\hotspot\share\runtime\sharedRuntime.cpp, line 625]
Event: 6636.488 Thread 0x00000175fcbc5740 Exception <a 'java/lang/ArrayIndexOutOfBoundsException'{0x00000000d5bdc8a8}> (0x00000000d5bdc8a8) 
thrown [s\src\hotspot\share\runtime\sharedRuntime.cpp, line 625]
Event: 6636.567 Thread 0x00000175fcbc5740 Exception <a 'java/lang/ArrayIndexOutOfBoundsException'{0x00000000d591f118}> (0x00000000d591f118) 
thrown [s\src\hotspot\share\runtime\sharedRuntime.cpp, line 625]
Event: 6639.627 Thread 0x00000175fa1ac200 Exception <a 'java/lang/ClassNotFoundException'{0x00000000d5f1f208}: sun/net/www/protocol/jdt/Handler> (0x00000000d5f1f208) 
thrown [s\src\hotspot\share\classfile\systemDictionary.cpp, line 312]
Event: 6639.627 Thread 0x00000175fa1ac200 Exception <a 'java/lang/ClassNotFoundException'{0x00000000d5f238a0}: sun/net/www/protocol/jdt/Handler> (0x00000000d5f238a0) 
thrown [s\src\hotspot\share\classfile\systemDictionary.cpp, line 312]
Event: 6639.628 Thread 0x00000175fa1ac200 Exception <a 'java/lang/ClassNotFoundException'{0x00000000d5f27758}: sun/net/www/protocol/jdt/Handler> (0x00000000d5f27758) 
thrown [s\src\hotspot\share\classfile\systemDictionary.cpp, line 312]
Event: 6639.821 Thread 0x00000175fa1ac200 Exception <a 'java/lang/ClassNotFoundException'{0x00000000d59063a8}: sun/net/www/protocol/jdt/Handler> (0x00000000d59063a8) 
thrown [s\src\hotspot\share\classfile\systemDictionary.cpp, line 312]
Event: 6639.821 Thread 0x00000175fa1ac200 Exception <a 'java/lang/ClassNotFoundException'{0x00000000d590aa40}: sun/net/www/protocol/jdt/Handler> (0x00000000d590aa40) 
thrown [s\src\hotspot\share\classfile\systemDictionary.cpp, line 312]
Event: 6639.821 Thread 0x00000175fa1ac200 Exception <a 'java/lang/ClassNotFoundException'{0x00000000d590e8f8}: sun/net/www/protocol/jdt/Handler> (0x00000000d590e8f8) 
thrown [s\src\hotspot\share\classfile\systemDictionary.cpp, line 312]
Event: 6653.413 Thread 0x00000175fa17b780 Exception <a 'java/lang/NoSuchMethodError'{0x00000000d5a2c5c8}: 'java.util.List org.eclipse.jdt.internal.core.JavaProject.internalDefaultRootModules(java.lang.Iterable, java.util.function.Function, java.util.function.Function)'> (0x00000000d5a2c5c8) 
thrown [s\src\hotspot\share\interpreter\linkResolver.cpp, line 773]
Event: 6653.414 Thread 0x00000175f90c3500 Exception <a 'sun/nio/fs/WindowsException'{0x00000000d5abedc8}> (0x00000000d5abedc8) 
thrown [s\src\hotspot\share\prims\jni.cpp, line 520]
Event: 6653.772 Thread 0x00000175f90c3500 Exception <a 'sun/nio/fs/WindowsException'{0x00000000d57142a0}> (0x00000000d57142a0) 
thrown [s\src\hotspot\share\prims\jni.cpp, line 520]
Event: 11385.906 Thread 0x00000175f90c3500 Exception <a 'sun/nio/fs/WindowsException'{0x00000000d57973c8}> (0x00000000d57973c8) 
thrown [s\src\hotspot\share\prims\jni.cpp, line 520]
Event: 11387.042 Thread 0x00000175f97b3160 Implicit null exception at 0x00000175e6ea5583 to 0x00000175e6ea5bb8
Event: 11387.874 Thread 0x00000175fa1a86f0 Exception <a 'java/lang/NoSuchMethodError'{0x00000000d58495b8}: 'java.util.List org.eclipse.jdt.internal.core.JavaProject.internalDefaultRootModules(java.lang.Iterable, java.util.function.Function, java.util.function.Function)'> (0x00000000d58495b8) 
thrown [s\src\hotspot\share\interpreter\linkResolver.cpp, line 773]
Event: 11388.952 Thread 0x00000175f90c3500 Exception <a 'sun/nio/fs/WindowsException'{0x00000000d583ea48}> (0x00000000d583ea48) 
thrown [s\src\hotspot\share\prims\jni.cpp, line 520]
Event: 11394.076 Thread 0x00000175f90c3500 Exception <a 'sun/nio/fs/WindowsException'{0x00000000d5687e98}> (0x00000000d5687e98) 
thrown [s\src\hotspot\share\prims\jni.cpp, line 520]
Event: 11394.223 Thread 0x00000175fa17cb30 Exception <a 'java/lang/NoSuchMethodError'{0x00000000d56a0da8}: 'java.util.List org.eclipse.jdt.internal.core.JavaProject.internalDefaultRootModules(java.lang.Iterable, java.util.function.Function, java.util.function.Function)'> (0x00000000d56a0da8) 
thrown [s\src\hotspot\share\interpreter\linkResolver.cpp, line 773]
Event: 11394.622 Thread 0x00000175f90c3500 Exception <a 'sun/nio/fs/WindowsException'{0x00000000d56d6df8}> (0x00000000d56d6df8) 
thrown [s\src\hotspot\share\prims\jni.cpp, line 520]

ZGC Phase Switch (0 events):
No events

VM Operations (20 events):
Event: 11394.200 Executing VM operation: ParallelGCFailedAllocation (Allocation Failure)
Event: 11394.207 Executing VM operation: ParallelGCFailedAllocation (Allocation Failure) done
Event: 11394.277 Executing VM operation: ParallelGCFailedAllocation (Allocation Failure)
Event: 11394.286 Executing VM operation: ParallelGCFailedAllocation (Allocation Failure) done
Event: 11394.457 Executing VM operation: ParallelGCFailedAllocation (Allocation Failure)
Event: 11394.466 Executing VM operation: ParallelGCFailedAllocation (Allocation Failure) done
Event: 11394.473 Executing VM operation: ParallelGCFailedAllocation (Allocation Failure)
Event: 11394.481 Executing VM operation: ParallelGCFailedAllocation (Allocation Failure) done
Event: 11394.492 Executing VM operation: ParallelGCFailedAllocation (Allocation Failure)
Event: 11394.501 Executing VM operation: ParallelGCFailedAllocation (Allocation Failure) done
Event: 11394.508 Executing VM operation: ParallelGCFailedAllocation (Allocation Failure)
Event: 11394.514 Executing VM operation: ParallelGCFailedAllocation (Allocation Failure) done
Event: 11394.524 Executing VM operation: ParallelGCFailedAllocation (Allocation Failure)
Event: 11394.531 Executing VM operation: ParallelGCFailedAllocation (Allocation Failure) done
Event: 11394.552 Executing VM operation: ParallelGCFailedAllocation (Allocation Failure)
Event: 11394.559 Executing VM operation: ParallelGCFailedAllocation (Allocation Failure) done
Event: 11427.035 Executing VM operation: HandshakeAllThreads (HandshakeForDeflation)
Event: 11427.035 Executing VM operation: HandshakeAllThreads (HandshakeForDeflation) done
Event: 11427.035 Executing VM operation: RendezvousGCThreads
Event: 11427.035 Executing VM operation: RendezvousGCThreads done

Memory protections (0 events):
No events

Nmethod flushes (20 events):
Event: 5797.004 Thread 0x00000175f29d40b0 flushing  nmethod 0x00000175e1e2ab90
Event: 5797.004 Thread 0x00000175f29d40b0 flushing  nmethod 0x00000175e1e32b10
Event: 5797.004 Thread 0x00000175f29d40b0 flushing  nmethod 0x00000175e1e47310
Event: 5797.004 Thread 0x00000175f29d40b0 flushing osr nmethod 0x00000175e1e47e90
Event: 5797.004 Thread 0x00000175f29d40b0 flushing  nmethod 0x00000175e1e4ae90
Event: 5797.004 Thread 0x00000175f29d40b0 flushing  nmethod 0x00000175e1e5bb10
Event: 5797.004 Thread 0x00000175f29d40b0 flushing  nmethod 0x00000175e1e64590
Event: 5797.004 Thread 0x00000175f29d40b0 flushing  nmethod 0x00000175e1e70c90
Event: 5797.004 Thread 0x00000175f29d40b0 flushing  nmethod 0x00000175e1e77c90
Event: 5797.004 Thread 0x00000175f29d40b0 flushing  nmethod 0x00000175e1e80e90
Event: 5797.004 Thread 0x00000175f29d40b0 flushing  nmethod 0x00000175e1e8b810
Event: 5797.004 Thread 0x00000175f29d40b0 flushing  nmethod 0x00000175e1e92790
Event: 5797.004 Thread 0x00000175f29d40b0 flushing  nmethod 0x00000175e1ea8710
Event: 5797.004 Thread 0x00000175f29d40b0 flushing  nmethod 0x00000175e1eaca10
Event: 5797.004 Thread 0x00000175f29d40b0 flushing  nmethod 0x00000175e1ed0d10
Event: 5797.004 Thread 0x00000175f29d40b0 flushing  nmethod 0x00000175e1ed8610
Event: 5797.004 Thread 0x00000175f29d40b0 flushing  nmethod 0x00000175e1ef7510
Event: 5797.004 Thread 0x00000175f29d40b0 flushing  nmethod 0x00000175e1f49910
Event: 5797.004 Thread 0x00000175f29d40b0 flushing  nmethod 0x00000175e1f68d90
Event: 5797.004 Thread 0x00000175f29d40b0 flushing  nmethod 0x00000175e1f8f890

Events (20 events):
Event: 7267.641 Thread 0x00000175fcbc6af0 Thread exited: 0x00000175fcbc6af0
Event: 7327.653 Thread 0x00000175fa1ad5b0 Thread exited: 0x00000175fa1ad5b0
Event: 8664.107 Thread 0x00000175f97b2ad0 Thread added: 0x00000175fbe6f010
Event: 8664.129 Thread 0x00000175f97b2ad0 Thread added: 0x00000175fbe6f6a0
Event: 8679.079 Thread 0x00000175f97b2ad0 Thread added: 0x00000175fa1aae50
Event: 8679.693 Thread 0x00000175fa1a79d0 Thread added: 0x00000175fa1a86f0
Event: 8679.696 Thread 0x00000175f97b2ad0 Thread added: 0x00000175fa1ac200
Event: 8679.699 Thread 0x00000175fa1ac200 Thread added: 0x00000175fa1ac890
Event: 8679.701 Thread 0x00000175fa1ac890 Thread added: 0x00000175fa1ad5b0
Event: 8679.703 Thread 0x00000175fa1ad5b0 Thread added: 0x00000175fa1adc40
Event: 8679.705 Thread 0x00000175fa1adc40 Thread added: 0x00000175fcbc6af0
Event: 8740.170 Thread 0x00000175fa1a79d0 Thread exited: 0x00000175fa1a79d0
Event: 8741.259 Thread 0x00000175fa1ad5b0 Thread exited: 0x00000175fa1ad5b0
Event: 8801.265 Thread 0x00000175fbe6f010 Thread exited: 0x00000175fbe6f010
Event: 8861.269 Thread 0x00000175fbe6f6a0 Thread exited: 0x00000175fbe6f6a0
Event: 8921.273 Thread 0x00000175fa1aae50 Thread exited: 0x00000175fa1aae50
Event: 8981.273 Thread 0x00000175fa1ac200 Thread exited: 0x00000175fa1ac200
Event: 9041.275 Thread 0x00000175fa1ac890 Thread exited: 0x00000175fa1ac890
Event: 9101.279 Thread 0x00000175fa1adc40 Thread exited: 0x00000175fa1adc40
Event: 9161.283 Thread 0x00000175fcbc6af0 Thread exited: 0x00000175fcbc6af0


Dynamic libraries:
0x00007ff6f1020000 - 0x00007ff6f102e000 	c:\Users\LENOVO\.vscode\extensions\redhat.java-1.44.0-win32-x64\jre\21.0.8-win32-x86_64\bin\java.exe
0x00007ff995a00000 - 0x00007ff995c67000 	C:\WINDOWS\SYSTEM32\ntdll.dll
0x00007ff994390000 - 0x00007ff994459000 	C:\WINDOWS\System32\KERNEL32.DLL
0x00007ff993250000 - 0x00007ff993640000 	C:\WINDOWS\System32\KERNELBASE.dll
0x00007ff992ed0000 - 0x00007ff99301b000 	C:\WINDOWS\System32\ucrtbase.dll
0x00007ff960d90000 - 0x00007ff960dae000 	c:\Users\LENOVO\.vscode\extensions\redhat.java-1.44.0-win32-x64\jre\21.0.8-win32-x86_64\bin\VCRUNTIME140.dll
0x00007ff962710000 - 0x00007ff962728000 	c:\Users\LENOVO\.vscode\extensions\redhat.java-1.44.0-win32-x64\jre\21.0.8-win32-x86_64\bin\jli.dll
0x00007ff993c70000 - 0x00007ff993e35000 	C:\WINDOWS\System32\USER32.dll
0x00007ff992c60000 - 0x00007ff992c87000 	C:\WINDOWS\System32\win32u.dll
0x00007ff97dd60000 - 0x00007ff97dffa000 	C:\WINDOWS\WinSxS\amd64_microsoft.windows.common-controls_6595b64144ccf1df_6.0.26100.4768_none_3e0c112ce331287c\COMCTL32.dll
0x00007ff994a20000 - 0x00007ff994a4b000 	C:\WINDOWS\System32\GDI32.dll
0x00007ff993790000 - 0x00007ff993839000 	C:\WINDOWS\System32\msvcrt.dll
0x00007ff993650000 - 0x00007ff993788000 	C:\WINDOWS\System32\gdi32full.dll
0x00007ff9931a0000 - 0x00007ff993243000 	C:\WINDOWS\System32\msvcp_win.dll
0x00007ff9938a0000 - 0x00007ff9938cf000 	C:\WINDOWS\System32\IMM32.DLL
0x00007ff9833b0000 - 0x00007ff9833bc000 	c:\Users\LENOVO\.vscode\extensions\redhat.java-1.44.0-win32-x64\jre\21.0.8-win32-x86_64\bin\vcruntime140_1.dll
0x00007ff8cc740000 - 0x00007ff8cc7cd000 	c:\Users\LENOVO\.vscode\extensions\redhat.java-1.44.0-win32-x64\jre\21.0.8-win32-x86_64\bin\msvcp140.dll
0x00007ff8cb9a0000 - 0x00007ff8cc737000 	c:\Users\LENOVO\.vscode\extensions\redhat.java-1.44.0-win32-x64\jre\21.0.8-win32-x86_64\bin\server\jvm.dll
0x00007ff994070000 - 0x00007ff994124000 	C:\WINDOWS\System32\ADVAPI32.dll
0x00007ff9946f0000 - 0x00007ff994796000 	C:\WINDOWS\System32\sechost.dll
0x00007ff993e40000 - 0x00007ff993f58000 	C:\WINDOWS\System32\RPCRT4.dll
0x00007ff994a50000 - 0x00007ff994ac4000 	C:\WINDOWS\System32\WS2_32.dll
0x00007ff98b460000 - 0x00007ff98b495000 	C:\WINDOWS\SYSTEM32\WINMM.dll
0x00007ff992990000 - 0x00007ff9929ee000 	C:\WINDOWS\SYSTEM32\POWRPROF.dll
0x00007ff98c160000 - 0x00007ff98c16b000 	C:\WINDOWS\SYSTEM32\VERSION.dll
0x00007ff992970000 - 0x00007ff992984000 	C:\WINDOWS\SYSTEM32\UMPDC.dll
0x00007ff991870000 - 0x00007ff99188b000 	C:\WINDOWS\SYSTEM32\kernel.appcore.dll
0x00007ff9829d0000 - 0x00007ff9829da000 	c:\Users\LENOVO\.vscode\extensions\redhat.java-1.44.0-win32-x64\jre\21.0.8-win32-x86_64\bin\jimage.dll
0x00007ff985750000 - 0x00007ff985991000 	C:\WINDOWS\SYSTEM32\DBGHELP.DLL
0x00007ff9938e0000 - 0x00007ff993c65000 	C:\WINDOWS\System32\combase.dll
0x00007ff994ad0000 - 0x00007ff994bb0000 	C:\WINDOWS\System32\OLEAUT32.dll
0x00007ff97fcd0000 - 0x00007ff97fd13000 	C:\WINDOWS\SYSTEM32\dbgcore.DLL
0x00007ff992b30000 - 0x00007ff992bc9000 	C:\WINDOWS\System32\bcryptPrimitives.dll
0x00007ff98db30000 - 0x00007ff98db3f000 	c:\Users\LENOVO\.vscode\extensions\redhat.java-1.44.0-win32-x64\jre\21.0.8-win32-x86_64\bin\instrument.dll
0x00007ff95e6d0000 - 0x00007ff95e6ef000 	c:\Users\LENOVO\.vscode\extensions\redhat.java-1.44.0-win32-x64\jre\21.0.8-win32-x86_64\bin\java.dll
0x00007ff994c60000 - 0x00007ff9953ad000 	C:\WINDOWS\System32\SHELL32.dll
0x00007ff992d50000 - 0x00007ff992ec3000 	C:\WINDOWS\System32\wintypes.dll
0x00007ff9906f0000 - 0x00007ff990f4f000 	C:\WINDOWS\SYSTEM32\windows.storage.dll
0x00007ff9947a0000 - 0x00007ff994895000 	C:\WINDOWS\System32\SHCORE.dll
0x00007ff994650000 - 0x00007ff9946ba000 	C:\WINDOWS\System32\shlwapi.dll
0x00007ff992a50000 - 0x00007ff992a79000 	C:\WINDOWS\SYSTEM32\profapi.dll
0x00007ff949f60000 - 0x00007ff949f78000 	c:\Users\LENOVO\.vscode\extensions\redhat.java-1.44.0-win32-x64\jre\21.0.8-win32-x86_64\bin\zip.dll
0x00007ff97b080000 - 0x00007ff97b090000 	C:\Users\LENOVO\.vscode\extensions\redhat.java-1.44.0-win32-x64\jre\21.0.8-win32-x86_64\bin\net.dll
0x00007ff98b330000 - 0x00007ff98b44e000 	C:\WINDOWS\SYSTEM32\WINHTTP.dll
0x00007ff991de0000 - 0x00007ff991e4b000 	C:\WINDOWS\system32\mswsock.dll
0x00007ff9480a0000 - 0x00007ff9480b6000 	C:\Users\LENOVO\.vscode\extensions\redhat.java-1.44.0-win32-x64\jre\21.0.8-win32-x86_64\bin\nio.dll
0x00007ff988db0000 - 0x00007ff988dc0000 	c:\Users\LENOVO\.vscode\extensions\redhat.java-1.44.0-win32-x64\jre\21.0.8-win32-x86_64\bin\verify.dll
0x00007ff93a840000 - 0x00007ff93a885000 	C:\Users\LENOVO\AppData\Roaming\Code\User\globalStorage\redhat.java\1.44.0\config_win\org.eclipse.equinox.launcher\org.eclipse.equinox.launcher.win32.win32.x86_64_1.2.1400.v20250730-1736\eclipse_11913.dll
0x00007ff9941e0000 - 0x00007ff994380000 	C:\WINDOWS\System32\ole32.dll
0x00007ff9921c0000 - 0x00007ff9921db000 	C:\WINDOWS\SYSTEM32\CRYPTSP.dll
0x00007ff9917d0000 - 0x00007ff99180b000 	C:\WINDOWS\system32\rsaenh.dll
0x00007ff991e80000 - 0x00007ff991eab000 	C:\WINDOWS\SYSTEM32\USERENV.dll
0x00007ff992a20000 - 0x00007ff992a46000 	C:\WINDOWS\SYSTEM32\bcrypt.dll
0x00007ff992020000 - 0x00007ff99202c000 	C:\WINDOWS\SYSTEM32\CRYPTBASE.dll
0x00007ff991260000 - 0x00007ff991293000 	C:\WINDOWS\SYSTEM32\IPHLPAPI.DLL
0x00007ff994130000 - 0x00007ff99413a000 	C:\WINDOWS\System32\NSI.dll
0x00007ff9761d0000 - 0x00007ff976219000 	C:\Users\LENOVO\AppData\Local\Temp\jna--2053026509\jna8298524779667132679.dll
0x00007ff9941d0000 - 0x00007ff9941d8000 	C:\WINDOWS\System32\PSAPI.DLL
0x00007ff98b2c0000 - 0x00007ff98b2df000 	C:\WINDOWS\SYSTEM32\dhcpcsvc6.DLL
0x00007ff9891e0000 - 0x00007ff989205000 	C:\WINDOWS\SYSTEM32\dhcpcsvc.DLL

JVMTI agents:
c:\Users\LENOVO\.vscode\extensions\redhat.java-1.44.0-win32-x64\lombok\lombok-1.18.39-4050.jar path:c:\Users\LENOVO\.vscode\extensions\redhat.java-1.44.0-win32-x64\jre\21.0.8-win32-x86_64\bin\instrument.dll, loaded, initialized, instrumentlib options:none

dbghelp: loaded successfully - version: 4.0.5 - missing functions: none
symbol engine: initialized successfully - sym options: 0x614 - pdb path: .;c:\Users\LENOVO\.vscode\extensions\redhat.java-1.44.0-win32-x64\jre\21.0.8-win32-x86_64\bin;C:\WINDOWS\SYSTEM32;C:\WINDOWS\WinSxS\amd64_microsoft.windows.common-controls_6595b64144ccf1df_6.0.26100.4768_none_3e0c112ce331287c;c:\Users\LENOVO\.vscode\extensions\redhat.java-1.44.0-win32-x64\jre\21.0.8-win32-x86_64\bin\server;C:\Users\LENOVO\AppData\Roaming\Code\User\globalStorage\redhat.java\1.44.0\config_win\org.eclipse.equinox.launcher\org.eclipse.equinox.launcher.win32.win32.x86_64_1.2.1400.v20250730-1736;C:\Users\LENOVO\AppData\Local\Temp\jna--2053026509

VM Arguments:
jvm_args: --add-modules=ALL-SYSTEM --add-opens=java.base/java.util=ALL-UNNAMED --add-opens=java.base/java.lang=ALL-UNNAMED --add-opens=java.base/sun.nio.fs=ALL-UNNAMED -Declipse.application=org.eclipse.jdt.ls.core.id1 -Dosgi.bundles.defaultStartLevel=4 -Declipse.product=org.eclipse.jdt.ls.core.product -Djava.import.generatesMetadataFilesAtProjectRoot=false -DDetectVMInstallationsJob.disabled=true -Dfile.encoding=utf8 -XX:+UseParallelGC -XX:GCTimeRatio=4 -XX:AdaptiveSizePolicyWeight=90 -Dsun.zip.disableMemoryMapping=true -Xmx2G -Xms100m -Xlog:disable -javaagent:c:\Users\LENOVO\.vscode\extensions\redhat.java-1.44.0-win32-x64\lombok\lombok-1.18.39-4050.jar -XX:+HeapDumpOnOutOfMemoryError -XX:HeapDumpPath=c:\Users\LENOVO\AppData\Roaming\Code\User\workspaceStorage\8be49a76da1f213c61ae6fbbbcdb2b82\redhat.java -Daether.dependencyCollector.impl=bf 
java_command: c:\Users\LENOVO\.vscode\extensions\redhat.java-1.44.0-win32-x64\server\plugins\org.eclipse.equinox.launcher_1.7.0.v20250519-0528.jar -configuration c:\Users\LENOVO\AppData\Roaming\Code\User\globalStorage\redhat.java\1.44.0\config_win -data c:\Users\LENOVO\AppData\Roaming\Code\User\workspaceStorage\8be49a76da1f213c61ae6fbbbcdb2b82\redhat.java\jdt_ws --pipe=\\.\pipe\lsp-59a9a102aba835c9e0903287090a6912-sock
java_class_path (initial): c:\Users\LENOVO\.vscode\extensions\redhat.java-1.44.0-win32-x64\server\plugins\org.eclipse.equinox.launcher_1.7.0.v20250519-0528.jar
Launcher Type: SUN_STANDARD

[Global flags]
    uintx AdaptiveSizePolicyWeight                 = 90                                        {product} {command line}
     intx CICompilerCount                          = 4                                         {product} {ergonomic}
    uintx GCTimeRatio                              = 4                                         {product} {command line}
     bool HeapDumpOnOutOfMemoryError               = true                                   {manageable} {command line}
    ccstr HeapDumpPath                             = c:\Users\LENOVO\AppData\Roaming\Code\User\workspaceStorage\8be49a76da1f213c61ae6fbbbcdb2b82\redhat.java         {manageable} {command line}
   size_t InitialHeapSize                          = 104857600                                 {product} {command line}
   size_t MaxHeapSize                              = 2147483648                                {product} {command line}
   size_t MaxNewSize                               = 715653120                                 {product} {ergonomic}
   size_t MinHeapDeltaBytes                        = 524288                                    {product} {ergonomic}
   size_t MinHeapSize                              = 104857600                                 {product} {command line}
   size_t NewSize                                  = 34603008                                  {product} {ergonomic}
    uintx NonNMethodCodeHeapSize                   = 5839372                                {pd product} {ergonomic}
    uintx NonProfiledCodeHeapSize                  = 122909434                              {pd product} {ergonomic}
   size_t OldSize                                  = 70254592                                  {product} {ergonomic}
    uintx ProfiledCodeHeapSize                     = 122909434                              {pd product} {ergonomic}
    uintx ReservedCodeCacheSize                    = 251658240                              {pd product} {ergonomic}
     bool SegmentedCodeCache                       = true                                      {product} {ergonomic}
   size_t SoftMaxHeapSize                          = 2147483648                             {manageable} {ergonomic}
     bool UseCompressedOops                        = true                           {product lp64_product} {ergonomic}
     bool UseLargePagesIndividualAllocation        = false                                  {pd product} {ergonomic}
     bool UseParallelGC                            = true                                      {product} {command line}

Logging:
Log output configuration:
 #0: stdout all=off uptime,level,tags foldmultilines=false
 #1: stderr all=off uptime,level,tags foldmultilines=false

Environment Variables:
JAVA_HOME=C:\Program Files\Eclipse Adoptium\jdk-17.0.12.7-hotspot\
PATH=C:\Program Files\Git\cmd;C:\Program Files\nodejs\;C:\Users\LENOVO\AppData\Roaming\npm;C:\Program Files\nodejs\;C:\Users\LENOVO\Downloads\apache-maven-3.9.9-bin\apache-maven-3.9.9\bin;C:\Users\LENOVO\AppData\Local\Programs\cursor\resources\app\bin;C:\Users\LENOVO\AppData\Local\Programs\Microsoft VS Code\bin;C:\Users\LENOVO\AppData\Roaming\npm;C:\Windows\System32;C:\Program Files\Microsoft SQL Server\Client SDK\ODBC\170\Tools\Binn\;C:\Program Files\dotnet\;C:\Program Files\Microsoft SQL Server\Client SDK\ODBC\130\Tools\Binn\;C:\Program Files\Microsoft SQL Server\150\Tools\Binn\;C:\Users\LENOVO\Downloads\apache-maven-3.9.9-bin\apache-maven-3.9.9\bin;C:\Users\LENOVO\AppData\Roaming\npm;C:\Users\LENOVO\AppData\Local\Programs\Microsoft VS Code\bin;C:\Users\LENOVO\AppData\Local\Programs\cursor\resources\app\bin;C:\Users\LENOVO\.dotnet\tools;C:\Users\LENOVO\AppData\Local\Programs\Windsurf\bin
USERNAME=LENOVO
OS=Windows_NT
PROCESSOR_IDENTIFIER=AMD64 Family 23 Model 104 Stepping 1, AuthenticAMD
TMP=C:\Users\LENOVO\AppData\Local\Temp
TEMP=C:\Users\LENOVO\AppData\Local\Temp




Periodic native trim disabled

---------------  S Y S T E M  ---------------

OS:
 Windows 11 , 64 bit Build 26100 (10.0.26100.4768)
OS uptime: 0 days 4:27 hours
Hyper-V role detected

CPU: total 12 (initial active 12) (12 cores per cpu, 2 threads per core) family 23 model 104 stepping 1 microcode 0x8608109, cx8, cmov, fxsr, ht, mmx, 3dnowpref, sse, sse2, sse3, ssse3, sse4a, sse4.1, sse4.2, popcnt, lzcnt, tsc, tscinvbit, avx, avx2, aes, clmul, bmi1, bmi2, adx, sha, fma, vzeroupper, clflush, clflushopt, hv, rdtscp, rdpid, f16c
Processor Information for processor 0
  Max Mhz: 2100, Current Mhz: 2100, Mhz Limit: 2100
Processor Information for processor 1
  Max Mhz: 2100, Current Mhz: 1700, Mhz Limit: 2100
Processor Information for processor 2
  Max Mhz: 2100, Current Mhz: 1700, Mhz Limit: 2100
Processor Information for processor 3
  Max Mhz: 2100, Current Mhz: 1700, Mhz Limit: 2100
Processor Information for processor 4
  Max Mhz: 2100, Current Mhz: 2100, Mhz Limit: 2100
Processor Information for processor 5
  Max Mhz: 2100, Current Mhz: 1700, Mhz Limit: 2100
Processor Information for processor 6
  Max Mhz: 2100, Current Mhz: 1700, Mhz Limit: 2100
Processor Information for processor 7
  Max Mhz: 2100, Current Mhz: 2100, Mhz Limit: 2100
Processor Information for processor 8
  Max Mhz: 2100, Current Mhz: 1700, Mhz Limit: 2100
Processor Information for processor 9
  Max Mhz: 2100, Current Mhz: 1700, Mhz Limit: 2100
Processor Information for processor 10
  Max Mhz: 2100, Current Mhz: 1700, Mhz Limit: 2100
Processor Information for processor 11
  Max Mhz: 2100, Current Mhz: 2100, Mhz Limit: 2100

Memory: 4k page, system-wide physical 5989M (418M free)
TotalPageFile size 24421M (AvailPageFile size 1M)
current process WorkingSet (physical memory assigned to process): 13M, peak: 1240M
current process commit charge ("private bytes"): 1488M, peak: 1798M

vm_info: OpenJDK 64-Bit Server VM (21.0.8+9-LTS) for windows-amd64 JRE (21.0.8+9-LTS), built on 2025-07-15T00:00:00Z by "admin" with MS VC++ 17.7 (VS2022)

END.
