#
# There is insufficient memory for the Java Runtime Environment to continue.
# Native memory allocation (malloc) failed to allocate 1566736 bytes. Error detail: Chunk::new
# Possible reasons:
#   The system is out of physical RAM or swap space
#   This process is running with CompressedOops enabled, and the Java Heap may be blocking the growth of the native heap
# Possible solutions:
#   Reduce memory load on the system
#   Increase physical memory or swap space
#   Check if swap backing store is full
#   Decrease Java heap size (-Xmx/-Xms)
#   Decrease number of Java threads
#   Decrease Java thread stack sizes (-Xss)
#   Set larger code cache with -XX:ReservedCodeCacheSize=
#   JVM is running with Unscaled Compressed Oops mode in which the Java heap is
#     placed in the first 4GB address space. The Java Heap base address is the
#     maximum limit for the native heap growth. Please use -XX:HeapBaseMinAddress
#     to set the Java Heap base and to place the Java Heap above 4GB virtual address.
# This output file may be truncated or incomplete.
#
#  Out of Memory Error (arena.cpp:168), pid=4044, tid=23652
#
# JRE version: OpenJDK Runtime Environment Temurin-21.0.8+9 (21.0.8+9) (build 21.0.8+9-LTS)
# Java VM: OpenJDK 64-Bit Server VM Temurin-21.0.8+9 (21.0.8+9-LTS, mixed mode, sharing, tiered, compressed oops, compressed class ptrs, parallel gc, windows-amd64)
# No core dump will be written. Minidumps are not enabled by default on client versions of Windows
#

---------------  S U M M A R Y ------------

Command Line: --add-modules=ALL-SYSTEM --add-opens=java.base/java.util=ALL-UNNAMED --add-opens=java.base/java.lang=ALL-UNNAMED --add-opens=java.base/sun.nio.fs=ALL-UNNAMED -Declipse.application=org.eclipse.jdt.ls.core.id1 -Dosgi.bundles.defaultStartLevel=4 -Declipse.product=org.eclipse.jdt.ls.core.product -Djava.import.generatesMetadataFilesAtProjectRoot=false -DDetectVMInstallationsJob.disabled=true -Dfile.encoding=utf8 -XX:+UseParallelGC -XX:GCTimeRatio=4 -XX:AdaptiveSizePolicyWeight=90 -Dsun.zip.disableMemoryMapping=true -Xmx2G -Xms100m -Xlog:disable -javaagent:c:\Users\LENOVO\.vscode\extensions\redhat.java-1.44.0-win32-x64\lombok\lombok-1.18.39-4050.jar -XX:+HeapDumpOnOutOfMemoryError -XX:HeapDumpPath=c:\Users\LENOVO\AppData\Roaming\Code\User\workspaceStorage\8be49a76da1f213c61ae6fbbbcdb2b82\redhat.java -Daether.dependencyCollector.impl=bf c:\Users\LENOVO\.vscode\extensions\redhat.java-1.44.0-win32-x64\server\plugins\org.eclipse.equinox.launcher_1.7.0.v20250519-0528.jar -configuration c:\Users\LENOVO\AppData\Roaming\Code\User\globalStorage\redhat.java\1.44.0\config_win -data c:\Users\LENOVO\AppData\Roaming\Code\User\workspaceStorage\8be49a76da1f213c61ae6fbbbcdb2b82\redhat.java\jdt_ws --pipe=\\.\pipe\lsp-f34e7307c33954a828dd56f213da3374-sock

Host: AMD Ryzen 5 5500U with Radeon Graphics         , 12 cores, 5G,  Windows 11 , 64 bit Build 26100 (10.0.26100.4768)
Time: Thu Aug  7 16:46:20 2025 India Standard Time elapsed time: 109.151665 seconds (0d 0h 1m 49s)

---------------  T H R E A D  ---------------

Current thread (0x00000236565fc300):  JavaThread "C2 CompilerThread0" daemon [_thread_in_native, id=23652, stack(0x0000009eb2700000,0x0000009eb2800000) (1024K)]


Current CompileTask:
C2:109151 15037       4       java.lang.reflect.Field::get (39 bytes)

Stack: [0x0000009eb2700000,0x0000009eb2800000]
Native frames: (J=compiled Java code, j=interpreted, Vv=VM code, C=native code)
V  [jvm.dll+0x6d2449]
V  [jvm.dll+0x8ae341]
V  [jvm.dll+0x8b08be]
V  [jvm.dll+0x8b0fa3]
V  [jvm.dll+0x280c96]
V  [jvm.dll+0xc581d]
V  [jvm.dll+0xc5d53]
V  [jvm.dll+0x3b9162]
V  [jvm.dll+0x385315]
V  [jvm.dll+0x38477a]
V  [jvm.dll+0x248ed0]
V  [jvm.dll+0x2484af]
V  [jvm.dll+0x1c89ee]
V  [jvm.dll+0x257d4d]
V  [jvm.dll+0x2562ea]
V  [jvm.dll+0x3f2d16]
V  [jvm.dll+0x857e6b]
V  [jvm.dll+0x6d0b0d]
C  [ucrtbase.dll+0x37b0]
C  [KERNEL32.DLL+0x2e8d7]
C  [ntdll.dll+0x3c34c]


---------------  P R O C E S S  ---------------

Threads class SMR info:
_java_thread_list=0x000002367bf18990, length=95, elements={
0x000002365654c420, 0x00000236565f33e0, 0x00000236564fd830, 0x00000236565f7300,
0x00000236565f7d50, 0x00000236565f8b20, 0x00000236565fb580, 0x00000236565fc300,
0x000002366e2a5b80, 0x000002366e2f0e10, 0x000002366e587430, 0x000002366f360760,
0x000002366f71d8b0, 0x000002366f65ca80, 0x000002366f2e77c0, 0x000002366f538c70,
0x000002366f3a8ff0, 0x000002366e31b680, 0x000002366e31eb00, 0x000002366e31c3a0,
0x000002366e31ca30, 0x000002366e31dde0, 0x000002366e31e470, 0x0000023675b65f30,
0x0000023675b672e0, 0x0000023675b658a0, 0x0000023675b63e60, 0x0000023675b65210,
0x0000023675b665c0, 0x0000023675b66c50, 0x0000023675b67970, 0x0000023675b68000,
0x0000023675b64b80, 0x0000023675b69a40, 0x0000023675b68690, 0x0000023675b6adf0,
0x0000023675b6b480, 0x0000023675b6a0d0, 0x0000023675b68d20, 0x0000023675b693b0,
0x0000023675b6a760, 0x000002367647c790, 0x000002367647db40, 0x000002367647ce20,
0x000002367647f580, 0x000002367647e1d0, 0x000002367647eef0, 0x0000023676480930,
0x000002367647fc10, 0x000002367647d4b0, 0x0000023676483090, 0x0000023676482a00,
0x0000023676482370, 0x0000023676480fc0, 0x0000023676481ce0, 0x00000236764802a0,
0x0000023676481650, 0x000002367754a830, 0x0000023677549b10, 0x000002367754b550,
0x00000236775480d0, 0x000002367754a1a0, 0x000002367754aec0, 0x000002367754bbe0,
0x0000023677548df0, 0x0000023677548760, 0x000002367754c270, 0x000002367754e340,
0x000002367754f6f0, 0x000002367754dcb0, 0x000002367647ba70, 0x0000023674b80fa0,
0x0000023674b82350, 0x0000023674b81cc0, 0x0000023674b829e0, 0x0000023674b7f560,
0x0000023674b83070, 0x0000023674b7fbf0, 0x0000023674b83d90, 0x0000023674b80910,
0x0000023674b84ab0, 0x0000023674b85140, 0x0000023674b86b80, 0x0000023677549480,
0x0000023675b644f0, 0x00000236795b7eb0, 0x00000236795b6470, 0x00000236795b7820,
0x00000236795b50c0, 0x00000236795b7190, 0x00000236795b5750, 0x000002367d5ac350,
0x00000236795b9260, 0x00000236795b9f80, 0x00000236795b98f0
}

Java Threads: ( => current thread )
  0x000002365654c420 JavaThread "main"                              [_thread_blocked, id=8548, stack(0x0000009eb1c00000,0x0000009eb1d00000) (1024K)]
  0x00000236565f33e0 JavaThread "Reference Handler"          daemon [_thread_blocked, id=25456, stack(0x0000009eb2100000,0x0000009eb2200000) (1024K)]
  0x00000236564fd830 JavaThread "Finalizer"                  daemon [_thread_blocked, id=23812, stack(0x0000009eb2200000,0x0000009eb2300000) (1024K)]
  0x00000236565f7300 JavaThread "Signal Dispatcher"          daemon [_thread_blocked, id=24632, stack(0x0000009eb2300000,0x0000009eb2400000) (1024K)]
  0x00000236565f7d50 JavaThread "Attach Listener"            daemon [_thread_blocked, id=18760, stack(0x0000009eb2400000,0x0000009eb2500000) (1024K)]
  0x00000236565f8b20 JavaThread "Service Thread"             daemon [_thread_blocked, id=25604, stack(0x0000009eb2500000,0x0000009eb2600000) (1024K)]
  0x00000236565fb580 JavaThread "Monitor Deflation Thread"   daemon [_thread_blocked, id=10592, stack(0x0000009eb2600000,0x0000009eb2700000) (1024K)]
=>0x00000236565fc300 JavaThread "C2 CompilerThread0"         daemon [_thread_in_native, id=23652, stack(0x0000009eb2700000,0x0000009eb2800000) (1024K)]
  0x000002366e2a5b80 JavaThread "C1 CompilerThread0"         daemon [_thread_blocked, id=6184, stack(0x0000009eb2800000,0x0000009eb2900000) (1024K)]
  0x000002366e2f0e10 JavaThread "Common-Cleaner"             daemon [_thread_blocked, id=27232, stack(0x0000009eb2900000,0x0000009eb2a00000) (1024K)]
  0x000002366e587430 JavaThread "Notification Thread"        daemon [_thread_blocked, id=13864, stack(0x0000009eb2a00000,0x0000009eb2b00000) (1024K)]
  0x000002366f360760 JavaThread "Active Thread: Equinox Container: dcb69aef-50e2-4ac0-9474-e9a485868161"        [_thread_blocked, id=1740, stack(0x0000009eb2b00000,0x0000009eb2c00000) (1024K)]
  0x000002366f71d8b0 JavaThread "Refresh Thread: Equinox Container: dcb69aef-50e2-4ac0-9474-e9a485868161" daemon [_thread_blocked, id=10008, stack(0x0000009eb3300000,0x0000009eb3400000) (1024K)]
  0x000002366f65ca80 JavaThread "Framework Event Dispatcher: Equinox Container: dcb69aef-50e2-4ac0-9474-e9a485868161" daemon [_thread_blocked, id=12872, stack(0x0000009eb3500000,0x0000009eb3600000) (1024K)]
  0x000002366f2e77c0 JavaThread "Start Level: Equinox Container: dcb69aef-50e2-4ac0-9474-e9a485868161" daemon [_thread_blocked, id=27612, stack(0x0000009eb3600000,0x0000009eb3700000) (1024K)]
  0x000002366f538c70 JavaThread "Bundle File Closer"         daemon [_thread_blocked, id=24392, stack(0x0000009eb3900000,0x0000009eb3a00000) (1024K)]
  0x000002366f3a8ff0 JavaThread "SCR Component Actor"        daemon [_thread_blocked, id=3240, stack(0x0000009eb3a00000,0x0000009eb3b00000) (1024K)]
  0x000002366e31b680 JavaThread "Worker-JM"                         [_thread_blocked, id=13704, stack(0x0000009eb3c00000,0x0000009eb3d00000) (1024K)]
  0x000002366e31eb00 JavaThread "JNA Cleaner"                daemon [_thread_blocked, id=1868, stack(0x0000009eb3b00000,0x0000009eb3c00000) (1024K)]
  0x000002366e31c3a0 JavaThread "Worker-0: Updating workspace"        [_thread_blocked, id=11844, stack(0x0000009eb3e00000,0x0000009eb3f00000) (1024K)]
  0x000002366e31ca30 JavaThread "Worker-1"                          [_thread_blocked, id=27460, stack(0x0000009eb3f00000,0x0000009eb4000000) (1024K)]
  0x000002366e31dde0 JavaThread "Worker-2: Publish Diagnostics"        [_thread_blocked, id=27964, stack(0x0000009eb4000000,0x0000009eb4100000) (1024K)]
  0x000002366e31e470 JavaThread "Worker-3"                          [_thread_blocked, id=13984, stack(0x0000009eb3d00000,0x0000009eb3e00000) (1024K)]
  0x0000023675b65f30 JavaThread "Java indexing"              daemon [_thread_blocked, id=27060, stack(0x0000009eb4100000,0x0000009eb4200000) (1024K)]
  0x0000023675b672e0 JavaThread "Worker-4: Initialize workspace"        [_thread_blocked, id=14760, stack(0x0000009eb4200000,0x0000009eb4300000) (1024K)]
  0x0000023675b658a0 JavaThread "Worker-6"                          [_thread_blocked, id=10812, stack(0x0000009eb4700000,0x0000009eb4800000) (1024K)]
  0x0000023675b63e60 JavaThread "Worker-7"                          [_thread_blocked, id=25224, stack(0x0000009eb4800000,0x0000009eb4900000) (1024K)]
  0x0000023675b65210 JavaThread "Worker-8: Building"                [_thread_blocked, id=9224, stack(0x0000009eb4900000,0x0000009eb4a00000) (1024K)]
  0x0000023675b665c0 JavaThread "Timer-0"                           [_thread_blocked, id=15332, stack(0x0000009eb4a00000,0x0000009eb4b00000) (1024K)]
  0x0000023675b66c50 JavaThread "Timer-1"                           [_thread_blocked, id=9636, stack(0x0000009eb4b00000,0x0000009eb4c00000) (1024K)]
  0x0000023675b67970 JavaThread "Thread-4"                   daemon [_thread_in_native, id=17192, stack(0x0000009eb4c00000,0x0000009eb4d00000) (1024K)]
  0x0000023675b68000 JavaThread "Thread-5"                   daemon [_thread_in_native, id=19872, stack(0x0000009eb4d00000,0x0000009eb4e00000) (1024K)]
  0x0000023675b64b80 JavaThread "Thread-6"                   daemon [_thread_in_native, id=26736, stack(0x0000009eb4e00000,0x0000009eb4f00000) (1024K)]
  0x0000023675b69a40 JavaThread "Thread-7"                   daemon [_thread_in_native, id=23228, stack(0x0000009eb4f00000,0x0000009eb5000000) (1024K)]
  0x0000023675b68690 JavaThread "Thread-8"                   daemon [_thread_in_native, id=1536, stack(0x0000009eb5000000,0x0000009eb5100000) (1024K)]
  0x0000023675b6adf0 JavaThread "Thread-9"                   daemon [_thread_in_native, id=27248, stack(0x0000009eb5100000,0x0000009eb5200000) (1024K)]
  0x0000023675b6b480 JavaThread "Thread-10"                  daemon [_thread_in_native, id=18280, stack(0x0000009eb5200000,0x0000009eb5300000) (1024K)]
  0x0000023675b6a0d0 JavaThread "Thread-11"                  daemon [_thread_in_native, id=24896, stack(0x0000009eb5300000,0x0000009eb5400000) (1024K)]
  0x0000023675b68d20 JavaThread "Thread-12"                  daemon [_thread_in_native, id=28496, stack(0x0000009eb5400000,0x0000009eb5500000) (1024K)]
  0x0000023675b693b0 JavaThread "Thread-13"                  daemon [_thread_in_native, id=13980, stack(0x0000009eb5500000,0x0000009eb5600000) (1024K)]
  0x0000023675b6a760 JavaThread "Thread-14"                  daemon [_thread_in_native, id=24024, stack(0x0000009eb5600000,0x0000009eb5700000) (1024K)]
  0x000002367647c790 JavaThread "Thread-15"                  daemon [_thread_in_native, id=26548, stack(0x0000009eb5700000,0x0000009eb5800000) (1024K)]
  0x000002367647db40 JavaThread "Thread-16"                  daemon [_thread_in_native, id=13692, stack(0x0000009eb5800000,0x0000009eb5900000) (1024K)]
  0x000002367647ce20 JavaThread "pool-2-thread-1"                   [_thread_blocked, id=1852, stack(0x0000009eb5900000,0x0000009eb5a00000) (1024K)]
  0x000002367647f580 JavaThread "WorkspaceEventsHandler"            [_thread_blocked, id=26976, stack(0x0000009eb3800000,0x0000009eb3900000) (1024K)]
  0x000002367647e1d0 JavaThread "pool-1-thread-1"                   [_thread_blocked, id=28000, stack(0x0000009eb5b00000,0x0000009eb5c00000) (1024K)]
  0x000002367647eef0 JavaThread "LocalFile Deleter"          daemon [_thread_blocked, id=3148, stack(0x0000009eb5d00000,0x0000009eb5e00000) (1024K)]
  0x0000023676480930 JavaThread "LocalFile Deleter"          daemon [_thread_blocked, id=2212, stack(0x0000009eb5e00000,0x0000009eb5f00000) (1024K)]
  0x000002367647fc10 JavaThread "LocalFile Deleter"          daemon [_thread_blocked, id=15428, stack(0x0000009eb5f00000,0x0000009eb6000000) (1024K)]
  0x000002367647d4b0 JavaThread "LocalFile Deleter"          daemon [_thread_blocked, id=24920, stack(0x0000009eb6000000,0x0000009eb6100000) (1024K)]
  0x0000023676483090 JavaThread "LocalFile Deleter"          daemon [_thread_blocked, id=28332, stack(0x0000009eb6100000,0x0000009eb6200000) (1024K)]
  0x0000023676482a00 JavaThread "LocalFile Deleter"          daemon [_thread_blocked, id=18360, stack(0x0000009eb6200000,0x0000009eb6300000) (1024K)]
  0x0000023676482370 JavaThread "LocalFile Deleter"          daemon [_thread_blocked, id=16256, stack(0x0000009eb6300000,0x0000009eb6400000) (1024K)]
  0x0000023676480fc0 JavaThread "LocalFile Deleter"          daemon [_thread_blocked, id=13892, stack(0x0000009eb6400000,0x0000009eb6500000) (1024K)]
  0x0000023676481ce0 JavaThread "LocalFile Deleter"          daemon [_thread_blocked, id=24964, stack(0x0000009eb6500000,0x0000009eb6600000) (1024K)]
  0x00000236764802a0 JavaThread "LocalFile Deleter"          daemon [_thread_blocked, id=20824, stack(0x0000009eb6600000,0x0000009eb6700000) (1024K)]
  0x0000023676481650 JavaThread "LocalFile Deleter"          daemon [_thread_blocked, id=25084, stack(0x0000009eb6700000,0x0000009eb6800000) (1024K)]
  0x000002367754a830 JavaThread "Compiler Source File Reader" daemon [_thread_blocked, id=27512, stack(0x0000009eb4300000,0x0000009eb4400000) (1024K)]
  0x0000023677549b10 JavaThread "Compiler Source File Reader" daemon [_thread_blocked, id=460, stack(0x0000009eb6800000,0x0000009eb6900000) (1024K)]
  0x000002367754b550 JavaThread "Compiler Source File Reader" daemon [_thread_blocked, id=5648, stack(0x0000009eb6900000,0x0000009eb6a00000) (1024K)]
  0x00000236775480d0 JavaThread "Compiler Source File Reader" daemon [_thread_blocked, id=26756, stack(0x0000009eb6a00000,0x0000009eb6b00000) (1024K)]
  0x000002367754a1a0 JavaThread "Compiler Source File Reader" daemon [_thread_blocked, id=18696, stack(0x0000009eb6b00000,0x0000009eb6c00000) (1024K)]
  0x000002367754aec0 JavaThread "Compiler Source File Reader" daemon [_thread_blocked, id=18580, stack(0x0000009eb6c00000,0x0000009eb6d00000) (1024K)]
  0x000002367754bbe0 JavaThread "Compiler Source File Reader" daemon [_thread_blocked, id=20296, stack(0x0000009eb6d00000,0x0000009eb6e00000) (1024K)]
  0x0000023677548df0 JavaThread "Compiler Source File Reader" daemon [_thread_blocked, id=1928, stack(0x0000009eb6e00000,0x0000009eb6f00000) (1024K)]
  0x0000023677548760 JavaThread "Compiler Source File Reader" daemon [_thread_blocked, id=26972, stack(0x0000009eb6f00000,0x0000009eb7000000) (1024K)]
  0x000002367754c270 JavaThread "Compiler Source File Reader" daemon [_thread_blocked, id=25032, stack(0x0000009eb7000000,0x0000009eb7100000) (1024K)]
  0x000002367754e340 JavaThread "Timer-2"                           [_thread_blocked, id=26048, stack(0x0000009eb5a00000,0x0000009eb5b00000) (1024K)]
  0x000002367754f6f0 JavaThread "Compiler Class File Writer" daemon [_thread_blocked, id=2880, stack(0x0000009eb7300000,0x0000009eb7400000) (1024K)]
  0x000002367754dcb0 JavaThread "Compiler Class File Writer" daemon [_thread_blocked, id=14704, stack(0x0000009eb7400000,0x0000009eb7500000) (1024K)]
  0x000002367647ba70 JavaThread "Compiler Class File Writer" daemon [_thread_blocked, id=14840, stack(0x0000009eb7500000,0x0000009eb7600000) (1024K)]
  0x0000023674b80fa0 JavaThread "Compiler Class File Writer" daemon [_thread_blocked, id=2724, stack(0x0000009eb7600000,0x0000009eb7700000) (1024K)]
  0x0000023674b82350 JavaThread "Compiler Class File Writer" daemon [_thread_blocked, id=23904, stack(0x0000009eb7700000,0x0000009eb7800000) (1024K)]
  0x0000023674b81cc0 JavaThread "Compiler Class File Writer" daemon [_thread_blocked, id=7088, stack(0x0000009eb7800000,0x0000009eb7900000) (1024K)]
  0x0000023674b829e0 JavaThread "Compiler Class File Writer" daemon [_thread_blocked, id=7228, stack(0x0000009eb7900000,0x0000009eb7a00000) (1024K)]
  0x0000023674b7f560 JavaThread "Compiler Class File Writer" daemon [_thread_blocked, id=28028, stack(0x0000009eb7a00000,0x0000009eb7b00000) (1024K)]
  0x0000023674b83070 JavaThread "Compiler Class File Writer" daemon [_thread_blocked, id=9356, stack(0x0000009eb7b00000,0x0000009eb7c00000) (1024K)]
  0x0000023674b7fbf0 JavaThread "Compiler Class File Writer" daemon [_thread_blocked, id=6860, stack(0x0000009eb7c00000,0x0000009eb7d00000) (1024K)]
  0x0000023674b83d90 JavaThread "Timer-3"                           [_thread_blocked, id=26816, stack(0x0000009eb7d00000,0x0000009eb7e00000) (1024K)]
  0x0000023674b80910 JavaThread "Timer-4"                           [_thread_blocked, id=23680, stack(0x0000009eb7e00000,0x0000009eb7f00000) (1024K)]
  0x0000023674b84ab0 JavaThread "Timer-5"                           [_thread_blocked, id=9912, stack(0x0000009eb7f00000,0x0000009eb8000000) (1024K)]
  0x0000023674b85140 JavaThread "Timer-6"                           [_thread_blocked, id=24184, stack(0x0000009eb8000000,0x0000009eb8100000) (1024K)]
  0x0000023674b86b80 JavaThread "Timer-7"                           [_thread_blocked, id=14380, stack(0x0000009eb4600000,0x0000009eb4700000) (1024K)]
  0x0000023677549480 JavaThread "Timer-8"                           [_thread_blocked, id=28352, stack(0x0000009eb7100000,0x0000009eb7200000) (1024K)]
  0x0000023675b644f0 JavaThread "Timer-9"                           [_thread_blocked, id=28224, stack(0x0000009eb8100000,0x0000009eb8200000) (1024K)]
  0x00000236795b7eb0 JavaThread "Timer-10"                          [_thread_blocked, id=28136, stack(0x0000009eb8300000,0x0000009eb8400000) (1024K)]
  0x00000236795b6470 JavaThread "Timer-11"                          [_thread_blocked, id=13020, stack(0x0000009eb8400000,0x0000009eb8500000) (1024K)]
  0x00000236795b7820 JavaThread "ForkJoinPool.commonPool-worker-1" daemon [_thread_blocked, id=17864, stack(0x0000009eb1b00000,0x0000009eb1c00000) (1024K)]
  0x00000236795b50c0 JavaThread "Timer-12"                          [_thread_blocked, id=17140, stack(0x0000009eb1a00000,0x0000009eb1b00000) (1024K)]
  0x00000236795b7190 JavaThread "Timer-13"                          [_thread_blocked, id=27956, stack(0x0000009eb2000000,0x0000009eb2100000) (1024K)]
  0x00000236795b5750 JavaThread "Timer-14"                          [_thread_blocked, id=22836, stack(0x0000009eb5c00000,0x0000009eb5d00000) (1024K)]
  0x000002367d5ac350 JavaThread "C2 CompilerThread1"         daemon [_thread_blocked, id=2712, stack(0x0000009eb7200000,0x0000009eb7300000) (1024K)]
  0x00000236795b9260 JavaThread "LocalFile Deleter"          daemon [_thread_blocked, id=19188, stack(0x0000009eb8500000,0x0000009eb8600000) (1024K)]
  0x00000236795b9f80 JavaThread "ForkJoinPool.commonPool-worker-2" daemon [_thread_blocked, id=5628, stack(0x0000009eb8600000,0x0000009eb8700000) (1024K)]
  0x00000236795b98f0 JavaThread "Compiler Processing Task"   daemon [_thread_blocked, id=25480, stack(0x0000009eb8700000,0x0000009eb8800000) (1024K)]
Total: 95

Other Threads:
  0x00000236565eec10 VMThread "VM Thread"                           [id=18168, stack(0x0000009eb1f00000,0x0000009eb2000000) (1024K)]
  0x00000236563dca00 WatcherThread "VM Periodic Task Thread"        [id=5152, stack(0x0000009eb1e00000,0x0000009eb1f00000) (1024K)]
  0x000002365656a9d0 WorkerThread "GC Thread#0"                     [id=27812, stack(0x0000009eb1d00000,0x0000009eb1e00000) (1024K)]
  0x000002366f5d20a0 WorkerThread "GC Thread#1"                     [id=17976, stack(0x0000009eb2c00000,0x0000009eb2d00000) (1024K)]
  0x000002366f688050 WorkerThread "GC Thread#2"                     [id=19460, stack(0x0000009eb2d00000,0x0000009eb2e00000) (1024K)]
  0x000002366f6883f0 WorkerThread "GC Thread#3"                     [id=28568, stack(0x0000009eb2e00000,0x0000009eb2f00000) (1024K)]
  0x000002366f5094f0 WorkerThread "GC Thread#4"                     [id=16896, stack(0x0000009eb2f00000,0x0000009eb3000000) (1024K)]
  0x000002366f509c90 WorkerThread "GC Thread#5"                     [id=3968, stack(0x0000009eb3000000,0x0000009eb3100000) (1024K)]
  0x000002366f380680 WorkerThread "GC Thread#6"                     [id=2016, stack(0x0000009eb3100000,0x0000009eb3200000) (1024K)]
  0x000002366f7bc3f0 WorkerThread "GC Thread#7"                     [id=19264, stack(0x0000009eb3400000,0x0000009eb3500000) (1024K)]
  0x000002366f6f9a10 WorkerThread "GC Thread#8"                     [id=8104, stack(0x0000009eb3200000,0x0000009eb3300000) (1024K)]
  0x000002366f6f8b90 WorkerThread "GC Thread#9"                     [id=24048, stack(0x0000009eb3700000,0x0000009eb3800000) (1024K)]
Total: 12

Threads with active compile tasks:
C2 CompilerThread0  109232 15037       4       java.lang.reflect.Field::get (39 bytes)
C1 CompilerThread0  109232 15273       2       org.eclipse.jdt.internal.core.BinaryMember::<init> (7 bytes)
C2 CompilerThread1  109232 14969       4       org.eclipse.jdt.internal.compiler.lookup.BinaryTypeBinding::createMethod (1666 bytes)
Total: 3

VM state: at safepoint (normal execution)

VM Mutex/Monitor currently owned by a thread:  ([mutex/lock_event])
[0x00007ff8cc655458] Threads_lock - owner thread: 0x00000236565eec10
[0x00007ff8cc655558] Heap_lock - owner thread: 0x0000023675b65f30

Heap address: 0x0000000080000000, size: 2048 MB, Compressed Oops mode: 32-bit

CDS archive(s) mapped at: [0x0000023600000000-0x0000023600ba0000-0x0000023600ba0000), size 12189696, SharedBaseAddress: 0x0000023600000000, ArchiveRelocationMode: 1.
Compressed class space mapped at: 0x0000023601000000-0x0000023641000000, reserved size: 1073741824
Narrow klass base: 0x0000023600000000, Narrow klass shift: 0, Narrow klass range: 0x100000000

GC Precious Log:
 CardTable entry size: 512
 CPUs: 12 total, 12 available
 Memory: 5989M
 Large Page Support: Disabled
 NUMA Support: Disabled
 Compressed Oops: Enabled (32-bit)
 Alignments: Space 512K, Generation 512K, Heap 2M
 Heap Min Capacity: 100M
 Heap Initial Capacity: 100M
 Heap Max Capacity: 2G
 Pre-touch: Disabled
 Parallel Workers: 10

Heap:
 PSYoungGen      total 5632K, used 996K [0x00000000d5580000, 0x00000000d5d00000, 0x0000000100000000)
  eden space 4608K, 0% used [0x00000000d5580000,0x00000000d5580000,0x00000000d5a00000)
  from space 1024K, 97% used [0x00000000d5c00000,0x00000000d5cf9350,0x00000000d5d00000)
  to   space 1536K, 0% used [0x00000000d5a80000,0x00000000d5a80000,0x00000000d5c00000)
 ParOldGen       total 507904K, used 507786K [0x0000000080000000, 0x000000009f000000, 0x00000000d5580000)
  object space 507904K, 99% used [0x0000000080000000,0x000000009efe2980,0x000000009f000000)
 Metaspace       used 82720K, committed 84480K, reserved 1179648K
  class space    used 9829K, committed 10624K, reserved 1048576K

Card table byte_map: [0x0000023655ef0000,0x0000023656300000] _byte_map_base: 0x0000023655af0000

Marking Bits: (ParMarkBitMap*) 0x00007ff8cc65a340
 Begin Bits: [0x00000236689f0000, 0x000002366a9f0000)
 End Bits:   [0x000002366a9f0000, 0x000002366c9f0000)

Polling page: 0x00000236542e0000

Metaspace:

Usage:
  Non-class:     71.18 MB used.
      Class:      9.60 MB used.
       Both:     80.78 MB used.

Virtual space:
  Non-class space:      128.00 MB reserved,      72.12 MB ( 56%) committed,  2 nodes.
      Class space:        1.00 GB reserved,      10.38 MB (  1%) committed,  1 nodes.
             Both:        1.12 GB reserved,      82.50 MB (  7%) committed. 

Chunk freelists:
   Non-Class:  7.61 MB
       Class:  5.60 MB
        Both:  13.21 MB

MaxMetaspaceSize: unlimited
CompressedClassSpaceSize: 1.00 GB
Initial GC threshold: 21.00 MB
Current GC threshold: 115.56 MB
CDS: on
 - commit_granule_bytes: 65536.
 - commit_granule_words: 8192.
 - virtual_space_node_default_size: 8388608.
 - enlarge_chunks_in_place: 1.
 - use_allocation_guard: 0.


Internal statistics:

num_allocs_failed_limit: 11.
num_arena_births: 1750.
num_arena_deaths: 34.
num_vsnodes_births: 3.
num_vsnodes_deaths: 0.
num_space_committed: 1320.
num_space_uncommitted: 0.
num_chunks_returned_to_freelist: 52.
num_chunks_taken_from_freelist: 6020.
num_chunk_merges: 18.
num_chunk_splits: 3547.
num_chunks_enlarged: 1783.
num_inconsistent_stats: 0.

CodeHeap 'non-profiled nmethods': size=120000Kb used=10245Kb max_used=10245Kb free=109754Kb
 bounds [0x0000023661210000, 0x0000023661c20000, 0x0000023668740000]
CodeHeap 'profiled nmethods': size=120000Kb used=30482Kb max_used=30482Kb free=89517Kb
 bounds [0x0000023659740000, 0x000002365b510000, 0x0000023660c70000]
CodeHeap 'non-nmethods': size=5760Kb used=1463Kb max_used=1536Kb free=4296Kb
 bounds [0x0000023660c70000, 0x0000023660ee0000, 0x0000023661210000]
CodeCache: size=245760Kb, used=42190Kb, max_used=42263Kb, free=203567Kb
 total_blobs=14314, nmethods=13538, adapters=680, full_count=0
Compilation: enabled, stopped_count=0, restarted_count=0

Compilation events (20 events):
Event: 108.074 Thread 0x000002366e2a5b80 nmethod 15234 0x000002365b4fb410 code [0x000002365b4fb5c0, 0x000002365b4fb708]
Event: 108.075 Thread 0x000002366e2a5b80 15236       1       org.eclipse.jdt.internal.core.BinaryType::getElementType (3 bytes)
Event: 108.076 Thread 0x000002366e2a5b80 nmethod 15236 0x0000023661c0fd90 code [0x0000023661c0ff20, 0x0000023661c0ffe8]
Event: 108.076 Thread 0x000002366e2a5b80 15237       1       org.eclipse.jdt.core.WorkingCopyOwner::findSource (2 bytes)
Event: 108.076 Thread 0x000002366e2a5b80 nmethod 15237 0x0000023661c10090 code [0x0000023661c10220, 0x0000023661c102f0]
Event: 108.081 Thread 0x000002366e2a5b80 15238       1       org.eclipse.jdt.internal.core.SingleTypeRequestor::getType (5 bytes)
Event: 108.082 Thread 0x000002366e2a5b80 nmethod 15238 0x0000023661c10390 code [0x0000023661c10520, 0x0000023661c105e8]
Event: 108.082 Thread 0x000002366e2a5b80 15239       2       org.eclipse.jdt.internal.core.JavaModel::getJavaProject (75 bytes)
Event: 108.083 Thread 0x000002366e2a5b80 nmethod 15239 0x000002365b4fb790 code [0x000002365b4fb980, 0x000002365b4fbdf0]
Event: 108.087 Thread 0x000002366e2a5b80 15240       2       org.eclipse.jdt.internal.compiler.parser.Parser::consumeNestedMethod (33 bytes)
Event: 108.090 Thread 0x000002366e2a5b80 nmethod 15240 0x000002365b4fbf90 code [0x000002365b4fc140, 0x000002365b4fc318]
Event: 108.090 Thread 0x000002366e2a5b80 15241       2       org.eclipse.jdt.internal.compiler.parser.Parser::jumpOverMethodBody (23 bytes)
Event: 108.091 Thread 0x000002366e2a5b80 nmethod 15241 0x000002365b4fc490 code [0x000002365b4fc620, 0x000002365b4fc750]
Event: 108.091 Thread 0x000002366e2a5b80 15242       2       org.eclipse.jdt.internal.compiler.parser.Parser::consumeMethodBody (14 bytes)
Event: 108.092 Thread 0x000002366e2a5b80 nmethod 15242 0x000002365b4fc810 code [0x000002365b4fc9a0, 0x000002365b4fcae0]
Event: 108.092 Thread 0x000002366e2a5b80 15244       2       org.eclipse.jdt.internal.core.SourceTypeElementInfo::addCategories (37 bytes)
Event: 108.093 Thread 0x000002366e2a5b80 nmethod 15244 0x000002365b4fcc10 code [0x000002365b4fcde0, 0x000002365b4fd038]
Event: 108.139 Thread 0x000002366e2a5b80 15245       2       java.util.concurrent.locks.AbstractQueuedSynchronizer::signalNextIfShared (41 bytes)
Event: 108.141 Thread 0x000002366e2a5b80 nmethod 15245 0x000002365b4fd190 code [0x000002365b4fd360, 0x000002365b4fd5c8]
Event: 109.145 Thread 0x000002366e2a5b80 15247       2       org.eclipse.core.internal.preferences.PreferencesService$1::run (171 bytes)

GC Heap History (20 events):
Event: 107.742 GC heap before
{Heap before GC invocations=791 (full 4):
 PSYoungGen      total 5120K, used 4848K [0x00000000d5580000, 0x00000000d5b80000, 0x0000000100000000)
  eden space 4096K, 100% used [0x00000000d5580000,0x00000000d5980000,0x00000000d5980000)
  from space 1024K, 73% used [0x00000000d5a80000,0x00000000d5b3c010,0x00000000d5b80000)
  to   space 1024K, 0% used [0x00000000d5980000,0x00000000d5980000,0x00000000d5a80000)
 ParOldGen       total 500224K, used 500121K [0x0000000080000000, 0x000000009e880000, 0x00000000d5580000)
  object space 500224K, 99% used [0x0000000080000000,0x000000009e866730,0x000000009e880000)
 Metaspace       used 82437K, committed 84160K, reserved 1179648K
  class space    used 9807K, committed 10560K, reserved 1048576K
}
Event: 107.746 GC heap after
{Heap after GC invocations=791 (full 4):
 PSYoungGen      total 5120K, used 480K [0x00000000d5580000, 0x00000000d5b80000, 0x0000000100000000)
  eden space 4096K, 0% used [0x00000000d5580000,0x00000000d5580000,0x00000000d5980000)
  from space 1024K, 46% used [0x00000000d5980000,0x00000000d59f8000,0x00000000d5a80000)
  to   space 1024K, 0% used [0x00000000d5a80000,0x00000000d5a80000,0x00000000d5b80000)
 ParOldGen       total 500736K, used 500654K [0x0000000080000000, 0x000000009e900000, 0x00000000d5580000)
  object space 500736K, 99% used [0x0000000080000000,0x000000009e8eb990,0x000000009e900000)
 Metaspace       used 82437K, committed 84160K, reserved 1179648K
  class space    used 9807K, committed 10560K, reserved 1048576K
}
Event: 107.784 GC heap before
{Heap before GC invocations=792 (full 4):
 PSYoungGen      total 5120K, used 4576K [0x00000000d5580000, 0x00000000d5b80000, 0x0000000100000000)
  eden space 4096K, 100% used [0x00000000d5580000,0x00000000d5980000,0x00000000d5980000)
  from space 1024K, 46% used [0x00000000d5980000,0x00000000d59f8000,0x00000000d5a80000)
  to   space 1024K, 0% used [0x00000000d5a80000,0x00000000d5a80000,0x00000000d5b80000)
 ParOldGen       total 500736K, used 500654K [0x0000000080000000, 0x000000009e900000, 0x00000000d5580000)
  object space 500736K, 99% used [0x0000000080000000,0x000000009e8eb990,0x000000009e900000)
 Metaspace       used 82452K, committed 84160K, reserved 1179648K
  class space    used 9808K, committed 10560K, reserved 1048576K
}
Event: 107.792 GC heap after
{Heap after GC invocations=792 (full 4):
 PSYoungGen      total 5120K, used 640K [0x00000000d5580000, 0x00000000d5b80000, 0x0000000100000000)
  eden space 4096K, 0% used [0x00000000d5580000,0x00000000d5580000,0x00000000d5980000)
  from space 1024K, 62% used [0x00000000d5a80000,0x00000000d5b20000,0x00000000d5b80000)
  to   space 1024K, 0% used [0x00000000d5980000,0x00000000d5980000,0x00000000d5a80000)
 ParOldGen       total 501248K, used 500782K [0x0000000080000000, 0x000000009e980000, 0x00000000d5580000)
  object space 501248K, 99% used [0x0000000080000000,0x000000009e90b990,0x000000009e980000)
 Metaspace       used 82452K, committed 84160K, reserved 1179648K
  class space    used 9808K, committed 10560K, reserved 1048576K
}
Event: 107.832 GC heap before
{Heap before GC invocations=793 (full 4):
 PSYoungGen      total 5120K, used 4736K [0x00000000d5580000, 0x00000000d5b80000, 0x0000000100000000)
  eden space 4096K, 100% used [0x00000000d5580000,0x00000000d5980000,0x00000000d5980000)
  from space 1024K, 62% used [0x00000000d5a80000,0x00000000d5b20000,0x00000000d5b80000)
  to   space 1024K, 0% used [0x00000000d5980000,0x00000000d5980000,0x00000000d5a80000)
 ParOldGen       total 501248K, used 500782K [0x0000000080000000, 0x000000009e980000, 0x00000000d5580000)
  object space 501248K, 99% used [0x0000000080000000,0x000000009e90b990,0x000000009e980000)
 Metaspace       used 82459K, committed 84160K, reserved 1179648K
  class space    used 9808K, committed 10560K, reserved 1048576K
}
Event: 107.841 GC heap after
{Heap after GC invocations=793 (full 4):
 PSYoungGen      total 5120K, used 384K [0x00000000d5580000, 0x00000000d5b00000, 0x0000000100000000)
  eden space 4096K, 0% used [0x00000000d5580000,0x00000000d5580000,0x00000000d5980000)
  from space 1024K, 37% used [0x00000000d5980000,0x00000000d59e0000,0x00000000d5a80000)
  to   space 512K, 0% used [0x00000000d5a80000,0x00000000d5a80000,0x00000000d5b00000)
 ParOldGen       total 501248K, used 501222K [0x0000000080000000, 0x000000009e980000, 0x00000000d5580000)
  object space 501248K, 99% used [0x0000000080000000,0x000000009e9799b0,0x000000009e980000)
 Metaspace       used 82459K, committed 84160K, reserved 1179648K
  class space    used 9808K, committed 10560K, reserved 1048576K
}
Event: 107.861 GC heap before
{Heap before GC invocations=794 (full 4):
 PSYoungGen      total 5120K, used 4480K [0x00000000d5580000, 0x00000000d5b00000, 0x0000000100000000)
  eden space 4096K, 100% used [0x00000000d5580000,0x00000000d5980000,0x00000000d5980000)
  from space 1024K, 37% used [0x00000000d5980000,0x00000000d59e0000,0x00000000d5a80000)
  to   space 512K, 0% used [0x00000000d5a80000,0x00000000d5a80000,0x00000000d5b00000)
 ParOldGen       total 501248K, used 501222K [0x0000000080000000, 0x000000009e980000, 0x00000000d5580000)
  object space 501248K, 99% used [0x0000000080000000,0x000000009e9799b0,0x000000009e980000)
 Metaspace       used 82468K, committed 84160K, reserved 1179648K
  class space    used 9808K, committed 10560K, reserved 1048576K
}
Event: 107.864 GC heap after
{Heap after GC invocations=794 (full 4):
 PSYoungGen      total 4608K, used 384K [0x00000000d5580000, 0x00000000d5b00000, 0x0000000100000000)
  eden space 4096K, 0% used [0x00000000d5580000,0x00000000d5580000,0x00000000d5980000)
  from space 512K, 75% used [0x00000000d5a80000,0x00000000d5ae0000,0x00000000d5b00000)
  to   space 512K, 0% used [0x00000000d5a00000,0x00000000d5a00000,0x00000000d5a80000)
 ParOldGen       total 501760K, used 501422K [0x0000000080000000, 0x000000009ea00000, 0x00000000d5580000)
  object space 501760K, 99% used [0x0000000080000000,0x000000009e9ab9d0,0x000000009ea00000)
 Metaspace       used 82468K, committed 84160K, reserved 1179648K
  class space    used 9808K, committed 10560K, reserved 1048576K
}
Event: 107.883 GC heap before
{Heap before GC invocations=795 (full 4):
 PSYoungGen      total 4608K, used 4480K [0x00000000d5580000, 0x00000000d5b00000, 0x0000000100000000)
  eden space 4096K, 100% used [0x00000000d5580000,0x00000000d5980000,0x00000000d5980000)
  from space 512K, 75% used [0x00000000d5a80000,0x00000000d5ae0000,0x00000000d5b00000)
  to   space 512K, 0% used [0x00000000d5a00000,0x00000000d5a00000,0x00000000d5a80000)
 ParOldGen       total 501760K, used 501422K [0x0000000080000000, 0x000000009ea00000, 0x00000000d5580000)
  object space 501760K, 99% used [0x0000000080000000,0x000000009e9ab9d0,0x000000009ea00000)
 Metaspace       used 82477K, committed 84160K, reserved 1179648K
  class space    used 9809K, committed 10560K, reserved 1048576K
}
Event: 107.889 GC heap after
{Heap after GC invocations=795 (full 4):
 PSYoungGen      total 4608K, used 288K [0x00000000d5580000, 0x00000000d5b00000, 0x0000000100000000)
  eden space 4096K, 0% used [0x00000000d5580000,0x00000000d5580000,0x00000000d5980000)
  from space 512K, 56% used [0x00000000d5a00000,0x00000000d5a48000,0x00000000d5a80000)
  to   space 512K, 0% used [0x00000000d5a80000,0x00000000d5a80000,0x00000000d5b00000)
 ParOldGen       total 502784K, used 502403K [0x0000000080000000, 0x000000009eb00000, 0x00000000d5580000)
  object space 502784K, 99% used [0x0000000080000000,0x000000009eaa0ee0,0x000000009eb00000)
 Metaspace       used 82477K, committed 84160K, reserved 1179648K
  class space    used 9809K, committed 10560K, reserved 1048576K
}
Event: 107.901 GC heap before
{Heap before GC invocations=796 (full 4):
 PSYoungGen      total 4608K, used 4384K [0x00000000d5580000, 0x00000000d5b00000, 0x0000000100000000)
  eden space 4096K, 100% used [0x00000000d5580000,0x00000000d5980000,0x00000000d5980000)
  from space 512K, 56% used [0x00000000d5a00000,0x00000000d5a48000,0x00000000d5a80000)
  to   space 512K, 0% used [0x00000000d5a80000,0x00000000d5a80000,0x00000000d5b00000)
 ParOldGen       total 502784K, used 502403K [0x0000000080000000, 0x000000009eb00000, 0x00000000d5580000)
  object space 502784K, 99% used [0x0000000080000000,0x000000009eaa0ee0,0x000000009eb00000)
 Metaspace       used 82486K, committed 84224K, reserved 1179648K
  class space    used 9809K, committed 10560K, reserved 1048576K
}
Event: 107.906 GC heap after
{Heap after GC invocations=796 (full 4):
 PSYoungGen      total 4608K, used 403K [0x00000000d5580000, 0x00000000d5b00000, 0x0000000100000000)
  eden space 4096K, 0% used [0x00000000d5580000,0x00000000d5580000,0x00000000d5980000)
  from space 512K, 78% used [0x00000000d5a80000,0x00000000d5ae4fa0,0x00000000d5b00000)
  to   space 512K, 0% used [0x00000000d5a00000,0x00000000d5a00000,0x00000000d5a80000)
 ParOldGen       total 502784K, used 502515K [0x0000000080000000, 0x000000009eb00000, 0x00000000d5580000)
  object space 502784K, 99% used [0x0000000080000000,0x000000009eabcee0,0x000000009eb00000)
 Metaspace       used 82486K, committed 84224K, reserved 1179648K
  class space    used 9809K, committed 10560K, reserved 1048576K
}
Event: 107.920 GC heap before
{Heap before GC invocations=797 (full 4):
 PSYoungGen      total 4608K, used 4499K [0x00000000d5580000, 0x00000000d5b00000, 0x0000000100000000)
  eden space 4096K, 100% used [0x00000000d5580000,0x00000000d5980000,0x00000000d5980000)
  from space 512K, 78% used [0x00000000d5a80000,0x00000000d5ae4fa0,0x00000000d5b00000)
  to   space 512K, 0% used [0x00000000d5a00000,0x00000000d5a00000,0x00000000d5a80000)
 ParOldGen       total 502784K, used 502515K [0x0000000080000000, 0x000000009eb00000, 0x00000000d5580000)
  object space 502784K, 99% used [0x0000000080000000,0x000000009eabcee0,0x000000009eb00000)
 Metaspace       used 82491K, committed 84224K, reserved 1179648K
  class space    used 9810K, committed 10560K, reserved 1048576K
}
Event: 107.924 GC heap after
{Heap after GC invocations=797 (full 4):
 PSYoungGen      total 5120K, used 399K [0x00000000d5580000, 0x00000000d5b80000, 0x0000000100000000)
  eden space 4608K, 0% used [0x00000000d5580000,0x00000000d5580000,0x00000000d5a00000)
  from space 512K, 78% used [0x00000000d5a00000,0x00000000d5a63e80,0x00000000d5a80000)
  to   space 512K, 0% used [0x00000000d5b00000,0x00000000d5b00000,0x00000000d5b80000)
 ParOldGen       total 502784K, used 502755K [0x0000000080000000, 0x000000009eb00000, 0x00000000d5580000)
  object space 502784K, 99% used [0x0000000080000000,0x000000009eaf8e30,0x000000009eb00000)
 Metaspace       used 82491K, committed 84224K, reserved 1179648K
  class space    used 9810K, committed 10560K, reserved 1048576K
}
Event: 107.964 GC heap before
{Heap before GC invocations=798 (full 4):
 PSYoungGen      total 5120K, used 5007K [0x00000000d5580000, 0x00000000d5b80000, 0x0000000100000000)
  eden space 4608K, 99% used [0x00000000d5580000,0x00000000d59ffff8,0x00000000d5a00000)
  from space 512K, 78% used [0x00000000d5a00000,0x00000000d5a63e80,0x00000000d5a80000)
  to   space 512K, 0% used [0x00000000d5b00000,0x00000000d5b00000,0x00000000d5b80000)
 ParOldGen       total 502784K, used 502755K [0x0000000080000000, 0x000000009eb00000, 0x00000000d5580000)
  object space 502784K, 99% used [0x0000000080000000,0x000000009eaf8e30,0x000000009eb00000)
 Metaspace       used 82552K, committed 84288K, reserved 1179648K
  class space    used 9812K, committed 10560K, reserved 1048576K
}
Event: 107.971 GC heap after
{Heap after GC invocations=798 (full 4):
 PSYoungGen      total 5120K, used 510K [0x00000000d5580000, 0x00000000d5c00000, 0x0000000100000000)
  eden space 4608K, 0% used [0x00000000d5580000,0x00000000d5580000,0x00000000d5a00000)
  from space 512K, 99% used [0x00000000d5b00000,0x00000000d5b7fa00,0x00000000d5b80000)
  to   space 1024K, 0% used [0x00000000d5a00000,0x00000000d5a00000,0x00000000d5b00000)
 ParOldGen       total 503296K, used 503155K [0x0000000080000000, 0x000000009eb80000, 0x00000000d5580000)
  object space 503296K, 99% used [0x0000000080000000,0x000000009eb5ce30,0x000000009eb80000)
 Metaspace       used 82552K, committed 84288K, reserved 1179648K
  class space    used 9812K, committed 10560K, reserved 1048576K
}
Event: 108.028 GC heap before
{Heap before GC invocations=799 (full 4):
 PSYoungGen      total 5120K, used 5118K [0x00000000d5580000, 0x00000000d5c00000, 0x0000000100000000)
  eden space 4608K, 100% used [0x00000000d5580000,0x00000000d5a00000,0x00000000d5a00000)
  from space 512K, 99% used [0x00000000d5b00000,0x00000000d5b7fa00,0x00000000d5b80000)
  to   space 1024K, 0% used [0x00000000d5a00000,0x00000000d5a00000,0x00000000d5b00000)
 ParOldGen       total 503296K, used 503155K [0x0000000080000000, 0x000000009eb80000, 0x00000000d5580000)
  object space 503296K, 99% used [0x0000000080000000,0x000000009eb5ce30,0x000000009eb80000)
 Metaspace       used 82592K, committed 84352K, reserved 1179648K
  class space    used 9812K, committed 10560K, reserved 1048576K
}
Event: 108.033 GC heap after
{Heap after GC invocations=799 (full 4):
 PSYoungGen      total 5632K, used 1021K [0x00000000d5580000, 0x00000000d5e00000, 0x0000000100000000)
  eden space 4608K, 0% used [0x00000000d5580000,0x00000000d5580000,0x00000000d5a00000)
  from space 1024K, 99% used [0x00000000d5a00000,0x00000000d5aff400,0x00000000d5b00000)
  to   space 2048K, 0% used [0x00000000d5c00000,0x00000000d5c00000,0x00000000d5e00000)
 ParOldGen       total 503808K, used 503698K [0x0000000080000000, 0x000000009ec00000, 0x00000000d5580000)
  object space 503808K, 99% used [0x0000000080000000,0x000000009ebe4830,0x000000009ec00000)
 Metaspace       used 82592K, committed 84352K, reserved 1179648K
  class space    used 9812K, committed 10560K, reserved 1048576K
}
Event: 108.102 GC heap before
{Heap before GC invocations=800 (full 4):
 PSYoungGen      total 5632K, used 5518K [0x00000000d5580000, 0x00000000d5e00000, 0x0000000100000000)
  eden space 4608K, 97% used [0x00000000d5580000,0x00000000d59e4720,0x00000000d5a00000)
  from space 1024K, 99% used [0x00000000d5a00000,0x00000000d5aff400,0x00000000d5b00000)
  to   space 2048K, 0% used [0x00000000d5c00000,0x00000000d5c00000,0x00000000d5e00000)
 ParOldGen       total 503808K, used 503698K [0x0000000080000000, 0x000000009ec00000, 0x00000000d5580000)
  object space 503808K, 99% used [0x0000000080000000,0x000000009ebe4830,0x000000009ec00000)
 Metaspace       used 82646K, committed 84416K, reserved 1179648K
  class space    used 9818K, committed 10624K, reserved 1048576K
}
Event: 108.112 GC heap after
{Heap after GC invocations=800 (full 4):
 PSYoungGen      total 6144K, used 1240K [0x00000000d5580000, 0x00000000d5d80000, 0x0000000100000000)
  eden space 4608K, 0% used [0x00000000d5580000,0x00000000d5580000,0x00000000d5a00000)
  from space 1536K, 80% used [0x00000000d5c00000,0x00000000d5d36000,0x00000000d5d80000)
  to   space 1536K, 0% used [0x00000000d5a80000,0x00000000d5a80000,0x00000000d5c00000)
 ParOldGen       total 504832K, used 504655K [0x0000000080000000, 0x000000009ed00000, 0x00000000d5580000)
  object space 504832K, 99% used [0x0000000080000000,0x000000009ecd3c30,0x000000009ed00000)
 Metaspace       used 82646K, committed 84416K, reserved 1179648K
  class space    used 9818K, committed 10624K, reserved 1048576K
}

Dll operation events (15 events):
Event: 0.118 Loaded shared library c:\Users\LENOVO\.vscode\extensions\redhat.java-1.44.0-win32-x64\jre\21.0.8-win32-x86_64\bin\java.dll
Event: 0.906 Loaded shared library c:\Users\LENOVO\.vscode\extensions\redhat.java-1.44.0-win32-x64\jre\21.0.8-win32-x86_64\bin\zip.dll
Event: 1.109 Loaded shared library C:\Users\LENOVO\.vscode\extensions\redhat.java-1.44.0-win32-x64\jre\21.0.8-win32-x86_64\bin\instrument.dll
Event: 1.208 Loaded shared library C:\Users\LENOVO\.vscode\extensions\redhat.java-1.44.0-win32-x64\jre\21.0.8-win32-x86_64\bin\net.dll
Event: 1.249 Loaded shared library C:\Users\LENOVO\.vscode\extensions\redhat.java-1.44.0-win32-x64\jre\21.0.8-win32-x86_64\bin\nio.dll
Event: 1.306 Loaded shared library C:\Users\LENOVO\.vscode\extensions\redhat.java-1.44.0-win32-x64\jre\21.0.8-win32-x86_64\bin\zip.dll
Event: 1.614 Loaded shared library C:\Users\LENOVO\.vscode\extensions\redhat.java-1.44.0-win32-x64\jre\21.0.8-win32-x86_64\bin\jimage.dll
Event: 2.546 Loaded shared library c:\Users\LENOVO\.vscode\extensions\redhat.java-1.44.0-win32-x64\jre\21.0.8-win32-x86_64\bin\verify.dll
Event: 8.063 Loaded shared library C:\Users\LENOVO\AppData\Roaming\Code\User\globalStorage\redhat.java\1.44.0\config_win\org.eclipse.equinox.launcher\org.eclipse.equinox.launcher.win32.win32.x86_64_1.2.1400.v20250730-1736\eclipse_11913.dll
Event: 12.187 Loaded shared library C:\Users\LENOVO\AppData\Local\Temp\jna--2053026509\jna17390057435428319834.dll
Event: 24.083 Loaded shared library C:\Users\LENOVO\.gradle\native\1def1411415f61bf3af743bc5b6707747c0891f09f0c88961ee8f79bc544acac\windows-amd64\native-platform.dll
Event: 32.727 Loaded shared library C:\Users\LENOVO\.vscode\extensions\redhat.java-1.44.0-win32-x64\jre\21.0.8-win32-x86_64\bin\management.dll
Event: 32.748 Loaded shared library C:\Users\LENOVO\.vscode\extensions\redhat.java-1.44.0-win32-x64\jre\21.0.8-win32-x86_64\bin\management_ext.dll
Event: 54.373 Loaded shared library C:\Users\LENOVO\.vscode\extensions\redhat.java-1.44.0-win32-x64\jre\21.0.8-win32-x86_64\bin\extnet.dll
Event: 55.860 Loaded shared library C:\Users\LENOVO\.vscode\extensions\redhat.java-1.44.0-win32-x64\jre\21.0.8-win32-x86_64\bin\sunmscapi.dll

Deoptimization events (20 events):
Event: 108.090 Thread 0x000002366e31dde0 Uncommon trap: trap_request=0xffffffde fr.pc=0x0000023661bba2e8 relative=0x0000000000000be8
Event: 108.090 Thread 0x000002366e31dde0 Uncommon trap: reason=class_check action=maybe_recompile pc=0x0000023661bba2e8 method=org.eclipse.jdt.internal.compiler.parser.Parser.consumeRule(I)V @ 5907 c2
Event: 108.090 Thread 0x000002366e31dde0 DEOPT PACKING pc=0x0000023661bba2e8 sp=0x0000009eb40fd720
Event: 108.090 Thread 0x000002366e31dde0 DEOPT UNPACKING pc=0x0000023660cc3aa2 sp=0x0000009eb40fd6a8 mode 2
Event: 108.147 Thread 0x0000023675b65210 Uncommon trap: trap_request=0xffffffc6 fr.pc=0x000002366139e588 relative=0x00000000000001e8
Event: 108.147 Thread 0x0000023675b65210 Uncommon trap: reason=bimorphic_or_optimized_type_check action=maybe_recompile pc=0x000002366139e588 method=java.util.Collections.eq(Ljava/lang/Object;Ljava/lang/Object;)Z @ 18 c2
Event: 108.147 Thread 0x0000023675b65210 DEOPT PACKING pc=0x000002366139e588 sp=0x0000009eb49fd9d0
Event: 108.147 Thread 0x0000023675b65210 DEOPT UNPACKING pc=0x0000023660cc3aa2 sp=0x0000009eb49fd910 mode 2
Event: 108.148 Thread 0x0000023675b65210 Uncommon trap: trap_request=0xffffffc6 fr.pc=0x000002366139e588 relative=0x00000000000001e8
Event: 108.148 Thread 0x0000023675b65210 Uncommon trap: reason=bimorphic_or_optimized_type_check action=maybe_recompile pc=0x000002366139e588 method=java.util.Collections.eq(Ljava/lang/Object;Ljava/lang/Object;)Z @ 18 c2
Event: 108.148 Thread 0x0000023675b65210 DEOPT PACKING pc=0x000002366139e588 sp=0x0000009eb49fdb30
Event: 108.148 Thread 0x0000023675b65210 DEOPT UNPACKING pc=0x0000023660cc3aa2 sp=0x0000009eb49fda70 mode 2
Event: 108.154 Thread 0x0000023675b65210 Uncommon trap: trap_request=0xffffff45 fr.pc=0x0000023661978f24 relative=0x0000000000001684
Event: 108.154 Thread 0x0000023675b65210 Uncommon trap: reason=unstable_if action=reinterpret pc=0x0000023661978f24 method=java.lang.String.<init>(Ljava/nio/charset/Charset;[BII)V @ 362 c2
Event: 108.154 Thread 0x0000023675b65210 DEOPT PACKING pc=0x0000023661978f24 sp=0x0000009eb49fdbf0
Event: 108.154 Thread 0x0000023675b65210 DEOPT UNPACKING pc=0x0000023660cc3aa2 sp=0x0000009eb49fdbe8 mode 2
Event: 108.155 Thread 0x000002366e31dde0 DEOPT PACKING pc=0x000002365a0965c7 sp=0x0000009eb40fd830
Event: 108.155 Thread 0x000002366e31dde0 DEOPT UNPACKING pc=0x0000023660cc4242 sp=0x0000009eb40fcce8 mode 0
Event: 108.170 Thread 0x000002366e31dde0 DEOPT PACKING pc=0x000002365a69869a sp=0x0000009eb40fc4f0
Event: 108.170 Thread 0x000002366e31dde0 DEOPT UNPACKING pc=0x0000023660cc4242 sp=0x0000009eb40fb9a8 mode 0

Classes loaded (20 events):
Event: 99.573 Loading class java/security/DigestInputStream
Event: 99.576 Loading class java/security/DigestInputStream done
Event: 104.928 Loading class java/util/Collections$SynchronizedRandomAccessList
Event: 104.930 Loading class java/util/Collections$SynchronizedList
Event: 104.931 Loading class java/util/Collections$SynchronizedList done
Event: 104.932 Loading class java/util/Collections$SynchronizedRandomAccessList done
Event: 105.030 Loading class java/util/concurrent/CompletableFuture$Signaller
Event: 105.033 Loading class java/util/concurrent/CompletableFuture$Signaller done
Event: 105.564 Loading class java/io/SequenceInputStream
Event: 105.565 Loading class java/io/SequenceInputStream done
Event: 106.886 Loading class java/util/concurrent/CompletableFuture$UniApply
Event: 106.887 Loading class java/util/concurrent/CompletableFuture$UniCompletion
Event: 106.887 Loading class java/util/concurrent/CompletableFuture$UniCompletion done
Event: 106.887 Loading class java/util/concurrent/CompletableFuture$UniApply done
Event: 106.889 Loading class java/util/concurrent/CompletableFuture$UniAccept
Event: 106.890 Loading class java/util/concurrent/CompletableFuture$UniAccept done
Event: 106.891 Loading class java/util/concurrent/CompletableFuture$UniExceptionally
Event: 106.891 Loading class java/util/concurrent/CompletableFuture$UniExceptionally done
Event: 107.208 Loading class jdk/internal/module/IllegalAccessLogger
Event: 107.208 Loading class jdk/internal/module/IllegalAccessLogger done

Classes unloaded (17 events):
Event: 12.948 Thread 0x00000236565eec10 Unloading class 0x00000236011a9000 'java/lang/invoke/LambdaForm$MH+0x00000236011a9000'
Event: 12.948 Thread 0x00000236565eec10 Unloading class 0x00000236011a8c00 'java/lang/invoke/LambdaForm$MH+0x00000236011a8c00'
Event: 12.948 Thread 0x00000236565eec10 Unloading class 0x00000236011a8800 'java/lang/invoke/LambdaForm$MH+0x00000236011a8800'
Event: 12.948 Thread 0x00000236565eec10 Unloading class 0x00000236011a8400 'java/lang/invoke/LambdaForm$MH+0x00000236011a8400'
Event: 12.948 Thread 0x00000236565eec10 Unloading class 0x00000236011a8000 'java/lang/invoke/LambdaForm$BMH+0x00000236011a8000'
Event: 12.948 Thread 0x00000236565eec10 Unloading class 0x00000236011a7c00 'java/lang/invoke/LambdaForm$DMH+0x00000236011a7c00'
Event: 12.948 Thread 0x00000236565eec10 Unloading class 0x00000236011a6800 'java/lang/invoke/LambdaForm$DMH+0x00000236011a6800'
Event: 16.246 Thread 0x00000236565eec10 Unloading class 0x00000236012d6400 'java/lang/invoke/LambdaForm$MH+0x00000236012d6400'
Event: 16.246 Thread 0x00000236565eec10 Unloading class 0x00000236012d5c00 'java/lang/invoke/LambdaForm$MH+0x00000236012d5c00'
Event: 16.246 Thread 0x00000236565eec10 Unloading class 0x00000236012d5800 'java/lang/invoke/LambdaForm$DMH+0x00000236012d5800'
Event: 16.246 Thread 0x00000236565eec10 Unloading class 0x00000236012d4c00 'java/lang/invoke/LambdaForm$MH+0x00000236012d4c00'
Event: 16.246 Thread 0x00000236565eec10 Unloading class 0x00000236012d1400 'java/lang/invoke/LambdaForm$MH+0x00000236012d1400'
Event: 16.246 Thread 0x00000236565eec10 Unloading class 0x00000236012d1000 'java/lang/invoke/LambdaForm$MH+0x00000236012d1000'
Event: 16.246 Thread 0x00000236565eec10 Unloading class 0x00000236012d0800 'java/lang/invoke/LambdaForm$MH+0x00000236012d0800'
Event: 16.246 Thread 0x00000236565eec10 Unloading class 0x00000236012cdc00 'java/lang/invoke/LambdaForm$MH+0x00000236012cdc00'
Event: 16.246 Thread 0x00000236565eec10 Unloading class 0x00000236012cd800 'java/lang/invoke/LambdaForm$MH+0x00000236012cd800'
Event: 16.246 Thread 0x00000236565eec10 Unloading class 0x00000236012ccc00 'java/lang/invoke/LambdaForm$MH+0x00000236012ccc00'

Classes redefined (0 events):
No events

Internal exceptions (20 events):
Event: 105.113 Thread 0x0000023676481ce0 Exception <a 'sun/nio/fs/WindowsException'{0x00000000d55a2118}> (0x00000000d55a2118) 
thrown [s\src\hotspot\share\prims\jni.cpp, line 520]
Event: 105.113 Thread 0x000002367647eef0 Exception <a 'sun/nio/fs/WindowsException'{0x00000000d55a2950}> (0x00000000d55a2950) 
thrown [s\src\hotspot\share\prims\jni.cpp, line 520]
Event: 105.224 Thread 0x0000023675b65210 Exception <a 'sun/nio/fs/WindowsException'{0x00000000d5688fb8}> (0x00000000d5688fb8) 
thrown [s\src\hotspot\share\prims\jni.cpp, line 520]
Event: 105.246 Thread 0x0000023675b65210 Exception <a 'sun/nio/fs/WindowsException'{0x00000000d5580eb0}> (0x00000000d5580eb0) 
thrown [s\src\hotspot\share\prims\jni.cpp, line 520]
Event: 106.146 Thread 0x000002367647e1d0 Implicit null exception at 0x000002366157b080 to 0x000002366157b484
Event: 106.147 Thread 0x000002367647e1d0 Exception <a 'sun/nio/fs/WindowsException'{0x00000000d56c8d88}> (0x00000000d56c8d88) 
thrown [s\src\hotspot\share\prims\jni.cpp, line 520]
Event: 106.148 Thread 0x000002367647e1d0 Exception <a 'sun/nio/fs/WindowsException'{0x00000000d56dd9d0}> (0x00000000d56dd9d0) 
thrown [s\src\hotspot\share\prims\jni.cpp, line 520]
Event: 106.153 Thread 0x000002367647e1d0 Exception <a 'sun/nio/fs/WindowsException'{0x00000000d56f2098}> (0x00000000d56f2098) 
thrown [s\src\hotspot\share\prims\jni.cpp, line 520]
Event: 106.153 Thread 0x000002367647e1d0 Exception <a 'sun/nio/fs/WindowsException'{0x00000000d56f26c8}> (0x00000000d56f26c8) 
thrown [s\src\hotspot\share\prims\jni.cpp, line 520]
Event: 106.158 Thread 0x000002367647e1d0 Exception <a 'sun/nio/fs/WindowsException'{0x00000000d56f37a0}> (0x00000000d56f37a0) 
thrown [s\src\hotspot\share\prims\jni.cpp, line 520]
Event: 106.158 Thread 0x000002367647e1d0 Exception <a 'sun/nio/fs/WindowsException'{0x00000000d56f3eb8}> (0x00000000d56f3eb8) 
thrown [s\src\hotspot\share\prims\jni.cpp, line 520]
Event: 106.159 Thread 0x000002367647e1d0 Exception <a 'sun/nio/fs/WindowsException'{0x00000000d570a7b8}> (0x00000000d570a7b8) 
thrown [s\src\hotspot\share\prims\jni.cpp, line 520]
Event: 106.159 Thread 0x000002367647e1d0 Exception <a 'sun/nio/fs/WindowsException'{0x00000000d570aed0}> (0x00000000d570aed0) 
thrown [s\src\hotspot\share\prims\jni.cpp, line 520]
Event: 106.625 Thread 0x000002366e31dde0 Exception <a 'java/lang/NoSuchMethodError'{0x00000000d57b8af0}: 'java.lang.Object java.lang.invoke.DirectMethodHandle$Holder.invokeSpecial(java.lang.Object, java.lang.Object, int, long)'> (0x00000000d57b8af0) 
thrown [s\src\hotspot\share\interpreter\linkResolver.cpp, line 773]
Event: 106.880 Thread 0x000002367647e1d0 Exception <a 'java/lang/IncompatibleClassChangeError'{0x00000000d562e6a8}: Found class java.lang.Object, but interface was expected> (0x00000000d562e6a8) 
thrown [s\src\hotspot\share\interpreter\linkResolver.cpp, line 840]
Event: 107.281 Thread 0x00000236795b98f0 Exception <a 'java/lang/NoSuchMethodError'{0x00000000d59628a0}: 'void java.lang.invoke.DirectMethodHandle$Holder.invokeStatic(java.lang.Object, int, java.lang.Object)'> (0x00000000d59628a0) 
thrown [s\src\hotspot\share\interpreter\linkResolver.cpp, line 773]
Event: 107.697 Thread 0x000002366e31dde0 Exception <a 'sun/nio/fs/WindowsException'{0x00000000d57bf228}> (0x00000000d57bf228) 
thrown [s\src\hotspot\share\prims\jni.cpp, line 520]
Event: 107.697 Thread 0x0000023675b65210 Exception <a 'sun/nio/fs/WindowsException'{0x00000000d58513d0}> (0x00000000d58513d0) 
thrown [s\src\hotspot\share\prims\jni.cpp, line 520]
Event: 107.698 Thread 0x000002366e31dde0 Exception <a 'sun/nio/fs/WindowsException'{0x00000000d57bfb08}> (0x00000000d57bfb08) 
thrown [s\src\hotspot\share\prims\jni.cpp, line 520]
Event: 107.698 Thread 0x0000023675b65210 Exception <a 'sun/nio/fs/WindowsException'{0x00000000d5851cb0}> (0x00000000d5851cb0) 
thrown [s\src\hotspot\share\prims\jni.cpp, line 520]

ZGC Phase Switch (0 events):
No events

VM Operations (20 events):
Event: 107.746 Executing VM operation: ParallelGCFailedAllocation (Allocation Failure) done
Event: 107.780 Executing VM operation: ParallelGCFailedAllocation (Allocation Failure)
Event: 107.792 Executing VM operation: ParallelGCFailedAllocation (Allocation Failure) done
Event: 107.827 Executing VM operation: ParallelGCFailedAllocation (Allocation Failure)
Event: 107.841 Executing VM operation: ParallelGCFailedAllocation (Allocation Failure) done
Event: 107.861 Executing VM operation: ParallelGCFailedAllocation (Allocation Failure)
Event: 107.864 Executing VM operation: ParallelGCFailedAllocation (Allocation Failure) done
Event: 107.875 Executing VM operation: ParallelGCFailedAllocation (Allocation Failure)
Event: 107.890 Executing VM operation: ParallelGCFailedAllocation (Allocation Failure) done
Event: 107.900 Executing VM operation: ParallelGCFailedAllocation (Allocation Failure)
Event: 107.906 Executing VM operation: ParallelGCFailedAllocation (Allocation Failure) done
Event: 107.920 Executing VM operation: ParallelGCFailedAllocation (Allocation Failure)
Event: 107.925 Executing VM operation: ParallelGCFailedAllocation (Allocation Failure) done
Event: 107.964 Executing VM operation: ParallelGCFailedAllocation (Allocation Failure)
Event: 107.971 Executing VM operation: ParallelGCFailedAllocation (Allocation Failure) done
Event: 108.024 Executing VM operation: ParallelGCFailedAllocation (Allocation Failure)
Event: 108.033 Executing VM operation: ParallelGCFailedAllocation (Allocation Failure) done
Event: 108.102 Executing VM operation: ParallelGCFailedAllocation (Allocation Failure)
Event: 108.112 Executing VM operation: ParallelGCFailedAllocation (Allocation Failure) done
Event: 108.214 Executing VM operation: ParallelGCFailedAllocation (Allocation Failure)

Memory protections (0 events):
No events

Nmethod flushes (20 events):
Event: 44.592 Thread 0x00000236565eec10 flushing  nmethod 0x000002365a607b10
Event: 44.592 Thread 0x00000236565eec10 flushing  nmethod 0x000002365a60bf10
Event: 44.592 Thread 0x00000236565eec10 flushing  nmethod 0x000002365a60c390
Event: 44.592 Thread 0x00000236565eec10 flushing  nmethod 0x000002365a60d290
Event: 44.592 Thread 0x00000236565eec10 flushing  nmethod 0x000002365a60e190
Event: 44.592 Thread 0x00000236565eec10 flushing  nmethod 0x000002365a60ea10
Event: 44.592 Thread 0x00000236565eec10 flushing  nmethod 0x000002365a613d90
Event: 44.592 Thread 0x00000236565eec10 flushing  nmethod 0x000002365a615390
Event: 44.592 Thread 0x00000236565eec10 flushing  nmethod 0x000002365a615a90
Event: 44.592 Thread 0x00000236565eec10 flushing  nmethod 0x000002365a61ee90
Event: 44.592 Thread 0x00000236565eec10 flushing  nmethod 0x000002365a61fd90
Event: 44.592 Thread 0x00000236565eec10 flushing  nmethod 0x000002365a621590
Event: 44.592 Thread 0x00000236565eec10 flushing  nmethod 0x000002365a625910
Event: 44.592 Thread 0x00000236565eec10 flushing  nmethod 0x000002365a626210
Event: 44.592 Thread 0x00000236565eec10 flushing  nmethod 0x000002365a627390
Event: 44.592 Thread 0x00000236565eec10 flushing  nmethod 0x000002365a628590
Event: 44.592 Thread 0x00000236565eec10 flushing  nmethod 0x000002365a629890
Event: 44.592 Thread 0x00000236565eec10 flushing  nmethod 0x000002365a632290
Event: 44.592 Thread 0x00000236565eec10 flushing  nmethod 0x000002365a681990
Event: 44.592 Thread 0x00000236565eec10 flushing  nmethod 0x000002365a704210

Events (20 events):
Event: 96.186 Thread 0x000002367754d620 Thread exited: 0x000002367754d620
Event: 96.438 Thread 0x000002366e2a5b80 Thread added: 0x00000236786a1ea0
Event: 98.476 Thread 0x00000236786a1ea0 Thread exited: 0x00000236786a1ea0
Event: 98.822 Thread 0x00000236795b5de0 Thread exited: 0x00000236795b5de0
Event: 98.828 Thread 0x00000236795b7190 Thread exited: 0x00000236795b7190
Event: 98.829 Thread 0x000002366e31ca30 Thread added: 0x00000236795b50c0
Event: 98.836 Thread 0x000002366e31ca30 Thread added: 0x00000236795b8540
Event: 98.898 Thread 0x00000236795b8540 Thread exited: 0x00000236795b8540
Event: 98.904 Thread 0x000002366e31ca30 Thread added: 0x00000236795b7190
Event: 98.912 Thread 0x000002366e31ca30 Thread added: 0x00000236795b8540
Event: 98.985 Thread 0x00000236795b8540 Thread exited: 0x00000236795b8540
Event: 99.520 Thread 0x000002366e31ca30 Thread added: 0x00000236795b5750
Event: 99.526 Thread 0x000002366e31ca30 Thread added: 0x00000236795b8540
Event: 99.608 Thread 0x00000236795b8540 Thread added: 0x00000236795b8bd0
Event: 101.944 Thread 0x00000236795b8bd0 Thread exited: 0x00000236795b8bd0
Event: 101.945 Thread 0x00000236795b8540 Thread exited: 0x00000236795b8540
Event: 104.612 Thread 0x000002366e2a5b80 Thread added: 0x000002367d5ac350
Event: 105.106 Thread 0x00000236764802a0 Thread added: 0x00000236795b9260
Event: 106.893 Thread 0x000002367647e1d0 Thread added: 0x00000236795b9f80
Event: 107.211 Thread 0x0000023675b65210 Thread added: 0x00000236795b98f0


Dynamic libraries:
0x00007ff6f1020000 - 0x00007ff6f102e000 	c:\Users\LENOVO\.vscode\extensions\redhat.java-1.44.0-win32-x64\jre\21.0.8-win32-x86_64\bin\java.exe
0x00007ff995a00000 - 0x00007ff995c67000 	C:\WINDOWS\SYSTEM32\ntdll.dll
0x00007ff994390000 - 0x00007ff994459000 	C:\WINDOWS\System32\KERNEL32.DLL
0x00007ff993250000 - 0x00007ff993640000 	C:\WINDOWS\System32\KERNELBASE.dll
0x00007ff992ed0000 - 0x00007ff99301b000 	C:\WINDOWS\System32\ucrtbase.dll
0x00007ff962710000 - 0x00007ff962728000 	c:\Users\LENOVO\.vscode\extensions\redhat.java-1.44.0-win32-x64\jre\21.0.8-win32-x86_64\bin\jli.dll
0x00007ff960d90000 - 0x00007ff960dae000 	c:\Users\LENOVO\.vscode\extensions\redhat.java-1.44.0-win32-x64\jre\21.0.8-win32-x86_64\bin\VCRUNTIME140.dll
0x00007ff993c70000 - 0x00007ff993e35000 	C:\WINDOWS\System32\USER32.dll
0x00007ff992c60000 - 0x00007ff992c87000 	C:\WINDOWS\System32\win32u.dll
0x00007ff994a20000 - 0x00007ff994a4b000 	C:\WINDOWS\System32\GDI32.dll
0x00007ff993650000 - 0x00007ff993788000 	C:\WINDOWS\System32\gdi32full.dll
0x00007ff97dd60000 - 0x00007ff97dffa000 	C:\WINDOWS\WinSxS\amd64_microsoft.windows.common-controls_6595b64144ccf1df_6.0.26100.4768_none_3e0c112ce331287c\COMCTL32.dll
0x00007ff993790000 - 0x00007ff993839000 	C:\WINDOWS\System32\msvcrt.dll
0x00007ff9931a0000 - 0x00007ff993243000 	C:\WINDOWS\System32\msvcp_win.dll
0x00007ff9938a0000 - 0x00007ff9938cf000 	C:\WINDOWS\System32\IMM32.DLL
0x00007ff9833b0000 - 0x00007ff9833bc000 	c:\Users\LENOVO\.vscode\extensions\redhat.java-1.44.0-win32-x64\jre\21.0.8-win32-x86_64\bin\vcruntime140_1.dll
0x00007ff8cc740000 - 0x00007ff8cc7cd000 	c:\Users\LENOVO\.vscode\extensions\redhat.java-1.44.0-win32-x64\jre\21.0.8-win32-x86_64\bin\msvcp140.dll
0x00007ff8cb9a0000 - 0x00007ff8cc737000 	c:\Users\LENOVO\.vscode\extensions\redhat.java-1.44.0-win32-x64\jre\21.0.8-win32-x86_64\bin\server\jvm.dll
0x00007ff994070000 - 0x00007ff994124000 	C:\WINDOWS\System32\ADVAPI32.dll
0x00007ff9946f0000 - 0x00007ff994796000 	C:\WINDOWS\System32\sechost.dll
0x00007ff993e40000 - 0x00007ff993f58000 	C:\WINDOWS\System32\RPCRT4.dll
0x00007ff994a50000 - 0x00007ff994ac4000 	C:\WINDOWS\System32\WS2_32.dll
0x00007ff992990000 - 0x00007ff9929ee000 	C:\WINDOWS\SYSTEM32\POWRPROF.dll
0x00007ff98b460000 - 0x00007ff98b495000 	C:\WINDOWS\SYSTEM32\WINMM.dll
0x00007ff98c160000 - 0x00007ff98c16b000 	C:\WINDOWS\SYSTEM32\VERSION.dll
0x00007ff992970000 - 0x00007ff992984000 	C:\WINDOWS\SYSTEM32\UMPDC.dll
0x00007ff991870000 - 0x00007ff99188b000 	C:\WINDOWS\SYSTEM32\kernel.appcore.dll
0x00007ff9829d0000 - 0x00007ff9829da000 	c:\Users\LENOVO\.vscode\extensions\redhat.java-1.44.0-win32-x64\jre\21.0.8-win32-x86_64\bin\jimage.dll
0x00007ff985750000 - 0x00007ff985991000 	C:\WINDOWS\SYSTEM32\DBGHELP.DLL
0x00007ff9938e0000 - 0x00007ff993c65000 	C:\WINDOWS\System32\combase.dll
0x00007ff994ad0000 - 0x00007ff994bb0000 	C:\WINDOWS\System32\OLEAUT32.dll
0x00007ff97fcd0000 - 0x00007ff97fd13000 	C:\WINDOWS\SYSTEM32\dbgcore.DLL
0x00007ff992b30000 - 0x00007ff992bc9000 	C:\WINDOWS\System32\bcryptPrimitives.dll
0x00007ff98db30000 - 0x00007ff98db3f000 	c:\Users\LENOVO\.vscode\extensions\redhat.java-1.44.0-win32-x64\jre\21.0.8-win32-x86_64\bin\instrument.dll
0x00007ff95e6d0000 - 0x00007ff95e6ef000 	c:\Users\LENOVO\.vscode\extensions\redhat.java-1.44.0-win32-x64\jre\21.0.8-win32-x86_64\bin\java.dll
0x00007ff994c60000 - 0x00007ff9953ad000 	C:\WINDOWS\System32\SHELL32.dll
0x00007ff992d50000 - 0x00007ff992ec3000 	C:\WINDOWS\System32\wintypes.dll
0x00007ff9906f0000 - 0x00007ff990f4f000 	C:\WINDOWS\SYSTEM32\windows.storage.dll
0x00007ff9947a0000 - 0x00007ff994895000 	C:\WINDOWS\System32\SHCORE.dll
0x00007ff994650000 - 0x00007ff9946ba000 	C:\WINDOWS\System32\shlwapi.dll
0x00007ff992a50000 - 0x00007ff992a79000 	C:\WINDOWS\SYSTEM32\profapi.dll
0x00007ff949f60000 - 0x00007ff949f78000 	c:\Users\LENOVO\.vscode\extensions\redhat.java-1.44.0-win32-x64\jre\21.0.8-win32-x86_64\bin\zip.dll
0x00007ff97b080000 - 0x00007ff97b090000 	C:\Users\LENOVO\.vscode\extensions\redhat.java-1.44.0-win32-x64\jre\21.0.8-win32-x86_64\bin\net.dll
0x00007ff98b330000 - 0x00007ff98b44e000 	C:\WINDOWS\SYSTEM32\WINHTTP.dll
0x00007ff991de0000 - 0x00007ff991e4b000 	C:\WINDOWS\system32\mswsock.dll
0x00007ff9480a0000 - 0x00007ff9480b6000 	C:\Users\LENOVO\.vscode\extensions\redhat.java-1.44.0-win32-x64\jre\21.0.8-win32-x86_64\bin\nio.dll
0x00007ff988db0000 - 0x00007ff988dc0000 	c:\Users\LENOVO\.vscode\extensions\redhat.java-1.44.0-win32-x64\jre\21.0.8-win32-x86_64\bin\verify.dll
0x00007ff980f80000 - 0x00007ff980fc5000 	C:\Users\LENOVO\AppData\Roaming\Code\User\globalStorage\redhat.java\1.44.0\config_win\org.eclipse.equinox.launcher\org.eclipse.equinox.launcher.win32.win32.x86_64_1.2.1400.v20250730-1736\eclipse_11913.dll
0x00007ff9941e0000 - 0x00007ff994380000 	C:\WINDOWS\System32\ole32.dll
0x00007ff9921c0000 - 0x00007ff9921db000 	C:\WINDOWS\SYSTEM32\CRYPTSP.dll
0x00007ff9917d0000 - 0x00007ff99180b000 	C:\WINDOWS\system32\rsaenh.dll
0x00007ff991e80000 - 0x00007ff991eab000 	C:\WINDOWS\SYSTEM32\USERENV.dll
0x00007ff992a20000 - 0x00007ff992a46000 	C:\WINDOWS\SYSTEM32\bcrypt.dll
0x00007ff992020000 - 0x00007ff99202c000 	C:\WINDOWS\SYSTEM32\CRYPTBASE.dll
0x00007ff991260000 - 0x00007ff991293000 	C:\WINDOWS\SYSTEM32\IPHLPAPI.DLL
0x00007ff994130000 - 0x00007ff99413a000 	C:\WINDOWS\System32\NSI.dll
0x00007ff947f00000 - 0x00007ff947f49000 	C:\Users\LENOVO\AppData\Local\Temp\jna--2053026509\jna17390057435428319834.dll
0x00007ff9941d0000 - 0x00007ff9941d8000 	C:\WINDOWS\System32\PSAPI.DLL
0x00007ff98b2c0000 - 0x00007ff98b2df000 	C:\WINDOWS\SYSTEM32\dhcpcsvc6.DLL
0x00007ff9891e0000 - 0x00007ff989205000 	C:\WINDOWS\SYSTEM32\dhcpcsvc.DLL
0x00007ff967300000 - 0x00007ff967327000 	C:\Users\LENOVO\.gradle\native\1def1411415f61bf3af743bc5b6707747c0891f09f0c88961ee8f79bc544acac\windows-amd64\native-platform.dll
0x00007ff97b040000 - 0x00007ff97b04a000 	C:\Users\LENOVO\.vscode\extensions\redhat.java-1.44.0-win32-x64\jre\21.0.8-win32-x86_64\bin\management.dll
0x00007ff97b030000 - 0x00007ff97b03b000 	C:\Users\LENOVO\.vscode\extensions\redhat.java-1.44.0-win32-x64\jre\21.0.8-win32-x86_64\bin\management_ext.dll
0x00007ff96f660000 - 0x00007ff96f669000 	C:\Users\LENOVO\.vscode\extensions\redhat.java-1.44.0-win32-x64\jre\21.0.8-win32-x86_64\bin\extnet.dll
0x00007ff9761c0000 - 0x00007ff9761ce000 	C:\Users\LENOVO\.vscode\extensions\redhat.java-1.44.0-win32-x64\jre\21.0.8-win32-x86_64\bin\sunmscapi.dll
0x00007ff993020000 - 0x00007ff993197000 	C:\WINDOWS\System32\CRYPT32.dll
0x00007ff992320000 - 0x00007ff992350000 	C:\WINDOWS\SYSTEM32\ncrypt.dll
0x00007ff9922d0000 - 0x00007ff99230f000 	C:\WINDOWS\SYSTEM32\NTASN1.dll
0x00007ff960c80000 - 0x00007ff960c88000 	C:\WINDOWS\system32\wshunix.dll

JVMTI agents:
c:\Users\LENOVO\.vscode\extensions\redhat.java-1.44.0-win32-x64\lombok\lombok-1.18.39-4050.jar path:c:\Users\LENOVO\.vscode\extensions\redhat.java-1.44.0-win32-x64\jre\21.0.8-win32-x86_64\bin\instrument.dll, loaded, initialized, instrumentlib options:none

dbghelp: loaded successfully - version: 4.0.5 - missing functions: none
symbol engine: initialized successfully - sym options: 0x614 - pdb path: .;c:\Users\LENOVO\.vscode\extensions\redhat.java-1.44.0-win32-x64\jre\21.0.8-win32-x86_64\bin;C:\WINDOWS\SYSTEM32;C:\WINDOWS\WinSxS\amd64_microsoft.windows.common-controls_6595b64144ccf1df_6.0.26100.4768_none_3e0c112ce331287c;c:\Users\LENOVO\.vscode\extensions\redhat.java-1.44.0-win32-x64\jre\21.0.8-win32-x86_64\bin\server;C:\Users\LENOVO\AppData\Roaming\Code\User\globalStorage\redhat.java\1.44.0\config_win\org.eclipse.equinox.launcher\org.eclipse.equinox.launcher.win32.win32.x86_64_1.2.1400.v20250730-1736;C:\Users\LENOVO\AppData\Local\Temp\jna--2053026509;C:\Users\LENOVO\.gradle\native\1def1411415f61bf3af743bc5b6707747c0891f09f0c88961ee8f79bc544acac\windows-amd64

VM Arguments:
jvm_args: --add-modules=ALL-SYSTEM --add-opens=java.base/java.util=ALL-UNNAMED --add-opens=java.base/java.lang=ALL-UNNAMED --add-opens=java.base/sun.nio.fs=ALL-UNNAMED -Declipse.application=org.eclipse.jdt.ls.core.id1 -Dosgi.bundles.defaultStartLevel=4 -Declipse.product=org.eclipse.jdt.ls.core.product -Djava.import.generatesMetadataFilesAtProjectRoot=false -DDetectVMInstallationsJob.disabled=true -Dfile.encoding=utf8 -XX:+UseParallelGC -XX:GCTimeRatio=4 -XX:AdaptiveSizePolicyWeight=90 -Dsun.zip.disableMemoryMapping=true -Xmx2G -Xms100m -Xlog:disable -javaagent:c:\Users\LENOVO\.vscode\extensions\redhat.java-1.44.0-win32-x64\lombok\lombok-1.18.39-4050.jar -XX:+HeapDumpOnOutOfMemoryError -XX:HeapDumpPath=c:\Users\LENOVO\AppData\Roaming\Code\User\workspaceStorage\8be49a76da1f213c61ae6fbbbcdb2b82\redhat.java -Daether.dependencyCollector.impl=bf 
java_command: c:\Users\LENOVO\.vscode\extensions\redhat.java-1.44.0-win32-x64\server\plugins\org.eclipse.equinox.launcher_1.7.0.v20250519-0528.jar -configuration c:\Users\LENOVO\AppData\Roaming\Code\User\globalStorage\redhat.java\1.44.0\config_win -data c:\Users\LENOVO\AppData\Roaming\Code\User\workspaceStorage\8be49a76da1f213c61ae6fbbbcdb2b82\redhat.java\jdt_ws --pipe=\\.\pipe\lsp-f34e7307c33954a828dd56f213da3374-sock
java_class_path (initial): c:\Users\LENOVO\.vscode\extensions\redhat.java-1.44.0-win32-x64\server\plugins\org.eclipse.equinox.launcher_1.7.0.v20250519-0528.jar
Launcher Type: SUN_STANDARD

[Global flags]
    uintx AdaptiveSizePolicyWeight                 = 90                                        {product} {command line}
     intx CICompilerCount                          = 4                                         {product} {ergonomic}
    uintx GCTimeRatio                              = 4                                         {product} {command line}
     bool HeapDumpOnOutOfMemoryError               = true                                   {manageable} {command line}
    ccstr HeapDumpPath                             = c:\Users\LENOVO\AppData\Roaming\Code\User\workspaceStorage\8be49a76da1f213c61ae6fbbbcdb2b82\redhat.java         {manageable} {command line}
   size_t InitialHeapSize                          = 104857600                                 {product} {command line}
   size_t MaxHeapSize                              = 2147483648                                {product} {command line}
   size_t MaxNewSize                               = 715653120                                 {product} {ergonomic}
   size_t MinHeapDeltaBytes                        = 524288                                    {product} {ergonomic}
   size_t MinHeapSize                              = 104857600                                 {product} {command line}
   size_t NewSize                                  = 34603008                                  {product} {ergonomic}
    uintx NonNMethodCodeHeapSize                   = 5839372                                {pd product} {ergonomic}
    uintx NonProfiledCodeHeapSize                  = 122909434                              {pd product} {ergonomic}
   size_t OldSize                                  = 70254592                                  {product} {ergonomic}
    uintx ProfiledCodeHeapSize                     = 122909434                              {pd product} {ergonomic}
    uintx ReservedCodeCacheSize                    = 251658240                              {pd product} {ergonomic}
     bool SegmentedCodeCache                       = true                                      {product} {ergonomic}
   size_t SoftMaxHeapSize                          = 2147483648                             {manageable} {ergonomic}
     bool UseCompressedOops                        = true                           {product lp64_product} {ergonomic}
     bool UseLargePagesIndividualAllocation        = false                                  {pd product} {ergonomic}
     bool UseParallelGC                            = true                                      {product} {command line}

Logging:
Log output configuration:
 #0: stdout all=off uptime,level,tags foldmultilines=false
 #1: stderr all=off uptime,level,tags foldmultilines=false

Environment Variables:
JAVA_HOME=C:\Program Files\Eclipse Adoptium\jdk-17.0.12.7-hotspot\
PATH=C:\Program Files\Git\cmd;C:\Program Files\nodejs\;C:\Users\LENOVO\AppData\Roaming\npm;C:\Program Files\nodejs\;C:\Users\LENOVO\Downloads\apache-maven-3.9.9-bin\apache-maven-3.9.9\bin;C:\Users\LENOVO\AppData\Local\Programs\cursor\resources\app\bin;C:\Users\LENOVO\AppData\Local\Programs\Microsoft VS Code\bin;C:\Users\LENOVO\AppData\Roaming\npm;C:\Windows\System32;C:\Program Files\Microsoft SQL Server\Client SDK\ODBC\170\Tools\Binn\;C:\Program Files\dotnet\;C:\Program Files\Microsoft SQL Server\Client SDK\ODBC\130\Tools\Binn\;C:\Program Files\Microsoft SQL Server\150\Tools\Binn\;C:\Users\LENOVO\Downloads\apache-maven-3.9.9-bin\apache-maven-3.9.9\bin;C:\Users\LENOVO\AppData\Roaming\npm;C:\Users\LENOVO\AppData\Local\Programs\Microsoft VS Code\bin;C:\Users\LENOVO\AppData\Local\Programs\cursor\resources\app\bin;C:\Users\LENOVO\.dotnet\tools;C:\Users\LENOVO\AppData\Local\Programs\Windsurf\bin
USERNAME=LENOVO
OS=Windows_NT
PROCESSOR_IDENTIFIER=AMD64 Family 23 Model 104 Stepping 1, AuthenticAMD
TMP=C:\Users\LENOVO\AppData\Local\Temp
TEMP=C:\Users\LENOVO\AppData\Local\Temp




Periodic native trim disabled

---------------  S Y S T E M  ---------------

OS:
 Windows 11 , 64 bit Build 26100 (10.0.26100.4768)
OS uptime: 0 days 4:47 hours
Hyper-V role detected

CPU: total 12 (initial active 12) (12 cores per cpu, 2 threads per core) family 23 model 104 stepping 1 microcode 0x8608109, cx8, cmov, fxsr, ht, mmx, 3dnowpref, sse, sse2, sse3, ssse3, sse4a, sse4.1, sse4.2, popcnt, lzcnt, tsc, tscinvbit, avx, avx2, aes, clmul, bmi1, bmi2, adx, sha, fma, vzeroupper, clflush, clflushopt, hv, rdtscp, rdpid, f16c
Processor Information for the first 12 processors :
  Max Mhz: 2100, Current Mhz: 2100, Mhz Limit: 2100

Memory: 4k page, system-wide physical 5989M (345M free)
TotalPageFile size 24421M (AvailPageFile size 6M)
current process WorkingSet (physical memory assigned to process): 772M, peak: 772M
current process commit charge ("private bytes"): 884M, peak: 1705M

vm_info: OpenJDK 64-Bit Server VM (21.0.8+9-LTS) for windows-amd64 JRE (21.0.8+9-LTS), built on 2025-07-15T00:00:00Z by "admin" with MS VC++ 17.7 (VS2022)

END.
