#
# There is insufficient memory for the Java Runtime Environment to continue.
# Native memory allocation (malloc) failed to allocate 1144192 bytes. Error detail: Chunk::new
# Possible reasons:
#   The system is out of physical RAM or swap space
#   This process is running with CompressedOops enabled, and the Java Heap may be blocking the growth of the native heap
# Possible solutions:
#   Reduce memory load on the system
#   Increase physical memory or swap space
#   Check if swap backing store is full
#   Decrease Java heap size (-Xmx/-Xms)
#   Decrease number of Java threads
#   Decrease Java thread stack sizes (-Xss)
#   Set larger code cache with -XX:ReservedCodeCacheSize=
#   JVM is running with Unscaled Compressed Oops mode in which the Java heap is
#     placed in the first 4GB address space. The Java Heap base address is the
#     maximum limit for the native heap growth. Please use -XX:HeapBaseMinAddress
#     to set the Java Heap base and to place the Java Heap above 4GB virtual address.
# This output file may be truncated or incomplete.
#
#  Out of Memory Error (arena.cpp:168), pid=7172, tid=11228
#
# JRE version: OpenJDK Runtime Environment Temurin-21.0.8+9 (21.0.8+9) (build 21.0.8+9-LTS)
# Java VM: OpenJDK 64-Bit Server VM Temurin-21.0.8+9 (21.0.8+9-LTS, mixed mode, sharing, tiered, compressed oops, compressed class ptrs, parallel gc, windows-amd64)
# No core dump will be written. Minidumps are not enabled by default on client versions of Windows
#

---------------  S U M M A R Y ------------

Command Line: --add-modules=ALL-SYSTEM --add-opens=java.base/java.util=ALL-UNNAMED --add-opens=java.base/java.lang=ALL-UNNAMED --add-opens=java.base/sun.nio.fs=ALL-UNNAMED -Declipse.application=org.eclipse.jdt.ls.core.id1 -Dosgi.bundles.defaultStartLevel=4 -Declipse.product=org.eclipse.jdt.ls.core.product -Djava.import.generatesMetadataFilesAtProjectRoot=false -DDetectVMInstallationsJob.disabled=true -Dfile.encoding=utf8 -XX:+UseParallelGC -XX:GCTimeRatio=4 -XX:AdaptiveSizePolicyWeight=90 -Dsun.zip.disableMemoryMapping=true -Xmx2G -Xms100m -Xlog:disable -javaagent:c:\Users\LENOVO\.vscode\extensions\redhat.java-1.44.0-win32-x64\lombok\lombok-1.18.39-4050.jar -XX:+HeapDumpOnOutOfMemoryError -XX:HeapDumpPath=c:\Users\LENOVO\AppData\Roaming\Code\User\workspaceStorage\8be49a76da1f213c61ae6fbbbcdb2b82\redhat.java -Daether.dependencyCollector.impl=bf c:\Users\LENOVO\.vscode\extensions\redhat.java-1.44.0-win32-x64\server\plugins\org.eclipse.equinox.launcher_1.7.0.v20250519-0528.jar -configuration c:\Users\LENOVO\AppData\Roaming\Code\User\globalStorage\redhat.java\1.44.0\config_win -data c:\Users\LENOVO\AppData\Roaming\Code\User\workspaceStorage\8be49a76da1f213c61ae6fbbbcdb2b82\redhat.java\jdt_ws --pipe=\\.\pipe\lsp-54f9ca6e621cab869594acea2acd5d9c-sock

Host: AMD Ryzen 5 5500U with Radeon Graphics         , 12 cores, 5G,  Windows 11 , 64 bit Build 26100 (10.0.26100.4768)
Time: Thu Aug  7 16:47:16 2025 India Standard Time elapsed time: 52.061432 seconds (0d 0h 0m 52s)

---------------  T H R E A D  ---------------

Current thread (0x00000239549ce590):  JavaThread "C2 CompilerThread1" daemon [_thread_in_native, id=11228, stack(0x000000cb60700000,0x000000cb60800000) (1024K)]


Current CompileTask:
C2:52061 11387   !   4       org.eclipse.osgi.internal.loader.classpath.ClasspathManager::findLocalClass (210 bytes)

Stack: [0x000000cb60700000,0x000000cb60800000]
Native frames: (J=compiled Java code, j=interpreted, Vv=VM code, C=native code)
V  [jvm.dll+0x6d2449]
V  [jvm.dll+0x8ae341]
V  [jvm.dll+0x8b08be]
V  [jvm.dll+0x8b0fa3]
V  [jvm.dll+0x280c96]
V  [jvm.dll+0xc581d]
V  [jvm.dll+0xc5d53]
V  [jvm.dll+0x3b919c]
V  [jvm.dll+0x385315]
V  [jvm.dll+0x38477a]
V  [jvm.dll+0x248ed0]
V  [jvm.dll+0x2484af]
V  [jvm.dll+0x1c89ee]
V  [jvm.dll+0x257d4d]
V  [jvm.dll+0x2562ea]
V  [jvm.dll+0x3f2d16]
V  [jvm.dll+0x857e6b]
V  [jvm.dll+0x6d0b0d]
C  [ucrtbase.dll+0x37b0]
C  [KERNEL32.DLL+0x2e8d7]
C  [ntdll.dll+0x3c34c]


---------------  P R O C E S S  ---------------

Threads class SMR info:
_java_thread_list=0x0000023948442860, length=86, elements={
0x000002396751bd70, 0x00000239675c33a0, 0x000002397dfbdd20, 0x00000239675c5fc0,
0x00000239675c70f0, 0x00000239675cab10, 0x00000239675d0570, 0x00000239675d78c0,
0x00000239675d8400, 0x000002397f3efcc0, 0x000002397f64c190, 0x0000023941ace560,
0x0000023941998200, 0x000002394609cf10, 0x000002394609df50, 0x000002394657f0b0,
0x00000239460949b0, 0x00000239462acd70, 0x00000239462aa610, 0x00000239462ad400,
0x00000239462ab330, 0x00000239462ada90, 0x00000239462aaca0, 0x00000239462ac6e0,
0x000002394665a210, 0x00000239466587d0, 0x0000023946656d90, 0x000002394665a8a0,
0x0000023946658e60, 0x0000023946658140, 0x00000239466594f0, 0x0000023946659b80,
0x0000023946657420, 0x000002394665af30, 0x0000023946657ab0, 0x000002394665c2e0,
0x000002394665d000, 0x000002394665dd20, 0x000002394665e3b0, 0x000002394665c970,
0x000002394665d690, 0x000002394665bc50, 0x000002394665b5c0, 0x00000239497403b0,
0x000002394973f690, 0x000002394973e970, 0x000002394973f000, 0x00000239462ab9c0,
0x0000023946f00210, 0x0000023946efe7d0, 0x0000023946efee60, 0x0000023946eff4f0,
0x0000023946effb80, 0x0000023946efcd90, 0x0000023946f008a0, 0x0000023946efd420,
0x0000023946efe140, 0x0000023946f00f30, 0x0000023946efdab0, 0x0000023946f022e0,
0x0000023946f03000, 0x0000023946f03690, 0x0000023946f02970, 0x0000023946f01c50,
0x0000023946f03d20, 0x0000023946f015c0, 0x0000023946f043b0, 0x00000239483beb10,
0x00000239483bca40, 0x00000239483be480, 0x00000239483bd760, 0x00000239483bf830,
0x00000239483c3340, 0x00000239483c2cb0, 0x00000239483bfec0, 0x00000239483c1f90,
0x00000239483c0550, 0x00000239483c1900, 0x00000239483c0be0, 0x0000023953731b20,
0x0000023953732840, 0x0000023953732ed0, 0x0000023953731490, 0x0000023953735630,
0x0000023953734280, 0x00000239549ce590
}

Java Threads: ( => current thread )
  0x000002396751bd70 JavaThread "main"                              [_thread_blocked, id=12968, stack(0x000000cb5a800000,0x000000cb5a900000) (1024K)]
  0x00000239675c33a0 JavaThread "Reference Handler"          daemon [_thread_blocked, id=25252, stack(0x000000cb5ac00000,0x000000cb5ad00000) (1024K)]
  0x000002397dfbdd20 JavaThread "Finalizer"                  daemon [_thread_blocked, id=26180, stack(0x000000cb5ad00000,0x000000cb5ae00000) (1024K)]
  0x00000239675c5fc0 JavaThread "Signal Dispatcher"          daemon [_thread_blocked, id=3584, stack(0x000000cb5ae00000,0x000000cb5af00000) (1024K)]
  0x00000239675c70f0 JavaThread "Attach Listener"            daemon [_thread_blocked, id=24596, stack(0x000000cb5af00000,0x000000cb5b000000) (1024K)]
  0x00000239675cab10 JavaThread "Service Thread"             daemon [_thread_blocked, id=24060, stack(0x000000cb5b000000,0x000000cb5b100000) (1024K)]
  0x00000239675d0570 JavaThread "Monitor Deflation Thread"   daemon [_thread_blocked, id=23984, stack(0x000000cb5b100000,0x000000cb5b200000) (1024K)]
  0x00000239675d78c0 JavaThread "C2 CompilerThread0"         daemon [_thread_in_native, id=9720, stack(0x000000cb5b200000,0x000000cb5b300000) (1024K)]
  0x00000239675d8400 JavaThread "C1 CompilerThread0"         daemon [_thread_blocked, id=3644, stack(0x000000cb5b300000,0x000000cb5b400000) (1024K)]
  0x000002397f3efcc0 JavaThread "Common-Cleaner"             daemon [_thread_blocked, id=10644, stack(0x000000cb5b400000,0x000000cb5b500000) (1024K)]
  0x000002397f64c190 JavaThread "Notification Thread"        daemon [_thread_blocked, id=23640, stack(0x000000cb5b500000,0x000000cb5b600000) (1024K)]
  0x0000023941ace560 JavaThread "Active Thread: Equinox Container: 097698ce-1a5f-4a1a-95cc-f8cbe98f8d4c"        [_thread_blocked, id=12064, stack(0x000000cb5be00000,0x000000cb5bf00000) (1024K)]
  0x0000023941998200 JavaThread "Refresh Thread: Equinox Container: 097698ce-1a5f-4a1a-95cc-f8cbe98f8d4c" daemon [_thread_blocked, id=27928, stack(0x000000cb5bf00000,0x000000cb5c000000) (1024K)]
  0x000002394609cf10 JavaThread "Framework Event Dispatcher: Equinox Container: 097698ce-1a5f-4a1a-95cc-f8cbe98f8d4c" daemon [_thread_blocked, id=17224, stack(0x000000cb5c000000,0x000000cb5c100000) (1024K)]
  0x000002394609df50 JavaThread "Start Level: Equinox Container: 097698ce-1a5f-4a1a-95cc-f8cbe98f8d4c" daemon [_thread_blocked, id=3976, stack(0x000000cb5c100000,0x000000cb5c200000) (1024K)]
  0x000002394657f0b0 JavaThread "Bundle File Closer"         daemon [_thread_blocked, id=10428, stack(0x000000cb5c500000,0x000000cb5c600000) (1024K)]
  0x00000239460949b0 JavaThread "SCR Component Actor"        daemon [_thread_blocked, id=28024, stack(0x000000cb5c600000,0x000000cb5c700000) (1024K)]
  0x00000239462acd70 JavaThread "Worker-JM"                         [_thread_blocked, id=27516, stack(0x000000cb5b600000,0x000000cb5b700000) (1024K)]
  0x00000239462aa610 JavaThread "JNA Cleaner"                daemon [_thread_blocked, id=1740, stack(0x000000cb5c700000,0x000000cb5c800000) (1024K)]
  0x00000239462ad400 JavaThread "Worker-0"                          [_thread_blocked, id=27612, stack(0x000000cb5c900000,0x000000cb5ca00000) (1024K)]
  0x00000239462ab330 JavaThread "Worker-1"                          [_thread_blocked, id=13704, stack(0x000000cb5ca00000,0x000000cb5cb00000) (1024K)]
  0x00000239462ada90 JavaThread "Worker-2"                          [_thread_blocked, id=11844, stack(0x000000cb5cb00000,0x000000cb5cc00000) (1024K)]
  0x00000239462aaca0 JavaThread "Worker-3"                          [_thread_blocked, id=18048, stack(0x000000cb5c800000,0x000000cb5c900000) (1024K)]
  0x00000239462ac6e0 JavaThread "Java indexing"              daemon [_thread_in_Java, id=25856, stack(0x000000cb5cd00000,0x000000cb5ce00000) (1024K)]
  0x000002394665a210 JavaThread "Worker-4"                          [_thread_blocked, id=25016, stack(0x000000cb5ce00000,0x000000cb5cf00000) (1024K)]
  0x00000239466587d0 JavaThread "Worker-5: Java indexing... "        [_thread_blocked, id=22984, stack(0x000000cb5d100000,0x000000cb5d200000) (1024K)]
  0x0000023946656d90 JavaThread "Worker-6: Initialize Workspace"        [_thread_blocked, id=23496, stack(0x000000cb5d200000,0x000000cb5d300000) (1024K)]
  0x000002394665a8a0 JavaThread "Worker-7: Synchronize Gradle projects with workspace"        [_thread_blocked, id=18020, stack(0x000000cb5d300000,0x000000cb5d400000) (1024K)]
  0x0000023946658e60 JavaThread "Thread-2"                   daemon [_thread_in_native, id=24104, stack(0x000000cb5d400000,0x000000cb5d500000) (1024K)]
  0x0000023946658140 JavaThread "Thread-3"                   daemon [_thread_in_native, id=25088, stack(0x000000cb5d500000,0x000000cb5d600000) (1024K)]
  0x00000239466594f0 JavaThread "Thread-4"                   daemon [_thread_in_native, id=26208, stack(0x000000cb5d600000,0x000000cb5d700000) (1024K)]
  0x0000023946659b80 JavaThread "Thread-5"                   daemon [_thread_in_native, id=9476, stack(0x000000cb5d700000,0x000000cb5d800000) (1024K)]
  0x0000023946657420 JavaThread "Thread-6"                   daemon [_thread_in_native, id=26636, stack(0x000000cb5d800000,0x000000cb5d900000) (1024K)]
  0x000002394665af30 JavaThread "Thread-7"                   daemon [_thread_in_native, id=9336, stack(0x000000cb5d900000,0x000000cb5da00000) (1024K)]
  0x0000023946657ab0 JavaThread "Thread-8"                   daemon [_thread_in_native, id=28452, stack(0x000000cb5da00000,0x000000cb5db00000) (1024K)]
  0x000002394665c2e0 JavaThread "Thread-9"                   daemon [_thread_in_native, id=10616, stack(0x000000cb5db00000,0x000000cb5dc00000) (1024K)]
  0x000002394665d000 JavaThread "Thread-10"                  daemon [_thread_in_native, id=28060, stack(0x000000cb5dc00000,0x000000cb5dd00000) (1024K)]
  0x000002394665dd20 JavaThread "Thread-11"                  daemon [_thread_in_native, id=8532, stack(0x000000cb5dd00000,0x000000cb5de00000) (1024K)]
  0x000002394665e3b0 JavaThread "Thread-12"                  daemon [_thread_in_native, id=27944, stack(0x000000cb5de00000,0x000000cb5df00000) (1024K)]
  0x000002394665c970 JavaThread "Thread-13"                  daemon [_thread_in_native, id=5508, stack(0x000000cb5df00000,0x000000cb5e000000) (1024K)]
  0x000002394665d690 JavaThread "Thread-14"                  daemon [_thread_in_native, id=8400, stack(0x000000cb5e000000,0x000000cb5e100000) (1024K)]
  0x000002394665bc50 JavaThread "pool-2-thread-1"                   [_thread_blocked, id=7248, stack(0x000000cb5e100000,0x000000cb5e200000) (1024K)]
  0x000002394665b5c0 JavaThread "Worker-8"                          [_thread_blocked, id=23840, stack(0x000000cb5e200000,0x000000cb5e300000) (1024K)]
  0x00000239497403b0 JavaThread "Timer-0"                           [_thread_blocked, id=26360, stack(0x000000cb5e300000,0x000000cb5e400000) (1024K)]
  0x000002394973f690 JavaThread "Timer-1"                           [_thread_blocked, id=2816, stack(0x000000cb5e400000,0x000000cb5e500000) (1024K)]
  0x000002394973e970 JavaThread "WorkspaceEventsHandler"            [_thread_blocked, id=26020, stack(0x000000cb5e500000,0x000000cb5e600000) (1024K)]
  0x000002394973f000 JavaThread "pool-1-thread-1"                   [_thread_blocked, id=2448, stack(0x000000cb5e600000,0x000000cb5e700000) (1024K)]
  0x00000239462ab9c0 JavaThread "LocalFile Deleter"          daemon [_thread_blocked, id=25332, stack(0x000000cb5c200000,0x000000cb5c300000) (1024K)]
  0x0000023946f00210 JavaThread "LocalFile Deleter"          daemon [_thread_blocked, id=16504, stack(0x000000cb5e800000,0x000000cb5e900000) (1024K)]
  0x0000023946efe7d0 JavaThread "LocalFile Deleter"          daemon [_thread_blocked, id=15032, stack(0x000000cb5e900000,0x000000cb5ea00000) (1024K)]
  0x0000023946efee60 JavaThread "LocalFile Deleter"          daemon [_thread_blocked, id=26564, stack(0x000000cb5ea00000,0x000000cb5eb00000) (1024K)]
  0x0000023946eff4f0 JavaThread "LocalFile Deleter"          daemon [_thread_blocked, id=3768, stack(0x000000cb5eb00000,0x000000cb5ec00000) (1024K)]
  0x0000023946effb80 JavaThread "LocalFile Deleter"          daemon [_thread_blocked, id=22372, stack(0x000000cb5ec00000,0x000000cb5ed00000) (1024K)]
  0x0000023946efcd90 JavaThread "LocalFile Deleter"          daemon [_thread_blocked, id=27428, stack(0x000000cb5ed00000,0x000000cb5ee00000) (1024K)]
  0x0000023946f008a0 JavaThread "LocalFile Deleter"          daemon [_thread_blocked, id=10312, stack(0x000000cb5ee00000,0x000000cb5ef00000) (1024K)]
  0x0000023946efd420 JavaThread "LocalFile Deleter"          daemon [_thread_blocked, id=23344, stack(0x000000cb5ef00000,0x000000cb5f000000) (1024K)]
  0x0000023946efe140 JavaThread "LocalFile Deleter"          daemon [_thread_blocked, id=19832, stack(0x000000cb5f000000,0x000000cb5f100000) (1024K)]
  0x0000023946f00f30 JavaThread "Compiler Source File Reader" daemon [_thread_blocked, id=27576, stack(0x000000cb5f100000,0x000000cb5f200000) (1024K)]
  0x0000023946efdab0 JavaThread "Compiler Source File Reader" daemon [_thread_blocked, id=10244, stack(0x000000cb5f200000,0x000000cb5f300000) (1024K)]
  0x0000023946f022e0 JavaThread "Compiler Source File Reader" daemon [_thread_blocked, id=28068, stack(0x000000cb5f300000,0x000000cb5f400000) (1024K)]
  0x0000023946f03000 JavaThread "Compiler Source File Reader" daemon [_thread_blocked, id=27204, stack(0x000000cb5f400000,0x000000cb5f500000) (1024K)]
  0x0000023946f03690 JavaThread "Compiler Source File Reader" daemon [_thread_blocked, id=5308, stack(0x000000cb5f500000,0x000000cb5f600000) (1024K)]
  0x0000023946f02970 JavaThread "Compiler Source File Reader" daemon [_thread_blocked, id=24928, stack(0x000000cb5f600000,0x000000cb5f700000) (1024K)]
  0x0000023946f01c50 JavaThread "Compiler Source File Reader" daemon [_thread_blocked, id=26268, stack(0x000000cb5f700000,0x000000cb5f800000) (1024K)]
  0x0000023946f03d20 JavaThread "Compiler Source File Reader" daemon [_thread_blocked, id=15420, stack(0x000000cb5f800000,0x000000cb5f900000) (1024K)]
  0x0000023946f015c0 JavaThread "Compiler Source File Reader" daemon [_thread_blocked, id=24936, stack(0x000000cb5f900000,0x000000cb5fa00000) (1024K)]
  0x0000023946f043b0 JavaThread "Compiler Source File Reader" daemon [_thread_blocked, id=13812, stack(0x000000cb5fa00000,0x000000cb5fb00000) (1024K)]
  0x00000239483beb10 JavaThread "Timer-2"                           [_thread_blocked, id=24964, stack(0x000000cb5e700000,0x000000cb5e800000) (1024K)]
  0x00000239483bca40 JavaThread "Compiler Processing Task"   daemon [_thread_blocked, id=27964, stack(0x000000cb5fb00000,0x000000cb5fc00000) (1024K)]
  0x00000239483be480 JavaThread "Compiler Class File Writer" daemon [_thread_blocked, id=18360, stack(0x000000cb5fc00000,0x000000cb5fd00000) (1024K)]
  0x00000239483bd760 JavaThread "Compiler Class File Writer" daemon [_thread_blocked, id=8612, stack(0x000000cb5fd00000,0x000000cb5fe00000) (1024K)]
  0x00000239483bf830 JavaThread "Compiler Class File Writer" daemon [_thread_blocked, id=27756, stack(0x000000cb5fe00000,0x000000cb5ff00000) (1024K)]
  0x00000239483c3340 JavaThread "Compiler Class File Writer" daemon [_thread_blocked, id=24016, stack(0x000000cb5ff00000,0x000000cb60000000) (1024K)]
  0x00000239483c2cb0 JavaThread "Compiler Class File Writer" daemon [_thread_blocked, id=8520, stack(0x000000cb60000000,0x000000cb60100000) (1024K)]
  0x00000239483bfec0 JavaThread "Compiler Class File Writer" daemon [_thread_blocked, id=25480, stack(0x000000cb60100000,0x000000cb60200000) (1024K)]
  0x00000239483c1f90 JavaThread "Compiler Class File Writer" daemon [_thread_blocked, id=23940, stack(0x000000cb60200000,0x000000cb60300000) (1024K)]
  0x00000239483c0550 JavaThread "Compiler Class File Writer" daemon [_thread_blocked, id=19768, stack(0x000000cb60300000,0x000000cb60400000) (1024K)]
  0x00000239483c1900 JavaThread "Compiler Class File Writer" daemon [_thread_blocked, id=1772, stack(0x000000cb60400000,0x000000cb60500000) (1024K)]
  0x00000239483c0be0 JavaThread "Compiler Class File Writer" daemon [_thread_blocked, id=4044, stack(0x000000cb60500000,0x000000cb60600000) (1024K)]
  0x0000023953731b20 JavaThread "Timer-3"                           [_thread_blocked, id=18336, stack(0x000000cb5cc00000,0x000000cb5cd00000) (1024K)]
  0x0000023953732840 JavaThread "Timer-4"                           [_thread_blocked, id=1980, stack(0x000000cb60600000,0x000000cb60700000) (1024K)]
  0x0000023953732ed0 JavaThread "Timer-5"                           [_thread_blocked, id=12380, stack(0x000000cb60800000,0x000000cb60900000) (1024K)]
  0x0000023953731490 JavaThread "Timer-6"                           [_thread_blocked, id=27976, stack(0x000000cb60900000,0x000000cb60a00000) (1024K)]
  0x0000023953735630 JavaThread "Timer-7"                           [_thread_blocked, id=4876, stack(0x000000cb60a00000,0x000000cb60b00000) (1024K)]
  0x0000023953734280 JavaThread "Connection worker"                 [_thread_in_vm, id=28348, stack(0x000000cb60b00000,0x000000cb60c00000) (1024K)]
=>0x00000239549ce590 JavaThread "C2 CompilerThread1"         daemon [_thread_in_native, id=11228, stack(0x000000cb60700000,0x000000cb60800000) (1024K)]
Total: 86

Other Threads:
  0x000002397dfa4960 VMThread "VM Thread"                           [id=28128, stack(0x000000cb5ab00000,0x000000cb5ac00000) (1024K)]
  0x000002397de9ca00 WatcherThread "VM Periodic Task Thread"        [id=9348, stack(0x000000cb5aa00000,0x000000cb5ab00000) (1024K)]
  0x000002396753a0c0 WorkerThread "GC Thread#0"                     [id=11128, stack(0x000000cb5a900000,0x000000cb5aa00000) (1024K)]
  0x00000239418faab0 WorkerThread "GC Thread#1"                     [id=3908, stack(0x000000cb5b700000,0x000000cb5b800000) (1024K)]
  0x00000239418fba70 WorkerThread "GC Thread#2"                     [id=18064, stack(0x000000cb5b800000,0x000000cb5b900000) (1024K)]
  0x00000239418fbe10 WorkerThread "GC Thread#3"                     [id=11764, stack(0x000000cb5b900000,0x000000cb5ba00000) (1024K)]
  0x0000023941b33c70 WorkerThread "GC Thread#4"                     [id=28632, stack(0x000000cb5ba00000,0x000000cb5bb00000) (1024K)]
  0x0000023941b34010 WorkerThread "GC Thread#5"                     [id=5368, stack(0x000000cb5bb00000,0x000000cb5bc00000) (1024K)]
  0x0000023941b34fd0 WorkerThread "GC Thread#6"                     [id=27340, stack(0x000000cb5bc00000,0x000000cb5bd00000) (1024K)]
  0x00000239462c27b0 WorkerThread "GC Thread#7"                     [id=28220, stack(0x000000cb5bd00000,0x000000cb5be00000) (1024K)]
  0x000002394647dd60 WorkerThread "GC Thread#8"                     [id=9040, stack(0x000000cb5c300000,0x000000cb5c400000) (1024K)]
  0x00000239464edd10 WorkerThread "GC Thread#9"                     [id=25936, stack(0x000000cb5c400000,0x000000cb5c500000) (1024K)]
Total: 12

Threads with active compile tasks:
C2 CompilerThread0  52140 11398       4       java.net.URI::hashCode (123 bytes)
C2 CompilerThread1  52140 11387   !   4       org.eclipse.osgi.internal.loader.classpath.ClasspathManager::findLocalClass (210 bytes)
Total: 2

VM state: not at safepoint (normal execution)

VM Mutex/Monitor currently owned by a thread: None

Heap address: 0x0000000080000000, size: 2048 MB, Compressed Oops mode: 32-bit

CDS archive(s) mapped at: [0x0000023900000000-0x0000023900ba0000-0x0000023900ba0000), size 12189696, SharedBaseAddress: 0x0000023900000000, ArchiveRelocationMode: 1.
Compressed class space mapped at: 0x0000023901000000-0x0000023941000000, reserved size: 1073741824
Narrow klass base: 0x0000023900000000, Narrow klass shift: 0, Narrow klass range: 0x100000000

GC Precious Log:
 CardTable entry size: 512
 CPUs: 12 total, 12 available
 Memory: 5989M
 Large Page Support: Disabled
 NUMA Support: Disabled
 Compressed Oops: Enabled (32-bit)
 Alignments: Space 512K, Generation 512K, Heap 2M
 Heap Min Capacity: 100M
 Heap Initial Capacity: 100M
 Heap Max Capacity: 2G
 Pre-touch: Disabled
 Parallel Workers: 10

Heap:
 PSYoungGen      total 2560K, used 1820K [0x00000000d5580000, 0x00000000d5900000, 0x0000000100000000)
  eden space 1536K, 76% used [0x00000000d5580000,0x00000000d56a5320,0x00000000d5700000)
  from space 1024K, 63% used [0x00000000d5800000,0x00000000d58a1fa0,0x00000000d5900000)
  to   space 1024K, 0% used [0x00000000d5700000,0x00000000d5700000,0x00000000d5800000)
 ParOldGen       total 353280K, used 346513K [0x0000000080000000, 0x0000000095900000, 0x00000000d5580000)
  object space 353280K, 98% used [0x0000000080000000,0x0000000095264488,0x0000000095900000)
 Metaspace       used 71180K, committed 72576K, reserved 1114112K
  class space    used 8283K, committed 8896K, reserved 1048576K

Card table byte_map: [0x0000023966ec0000,0x00000239672d0000] _byte_map_base: 0x0000023966ac0000

Marking Bits: (ParMarkBitMap*) 0x00007ff8cc65a340
 Begin Bits: [0x00000239799c0000, 0x000002397b9c0000)
 End Bits:   [0x000002397b9c0000, 0x000002397d9c0000)

Polling page: 0x0000023965350000

Metaspace:

Usage:
  Non-class:     61.42 MB used.
      Class:      8.09 MB used.
       Both:     69.51 MB used.

Virtual space:
  Non-class space:       64.00 MB reserved,      62.19 MB ( 97%) committed,  1 nodes.
      Class space:        1.00 GB reserved,       8.69 MB ( <1%) committed,  1 nodes.
             Both:        1.06 GB reserved,      70.88 MB (  7%) committed. 

Chunk freelists:
   Non-Class:  1.22 MB
       Class:  7.25 MB
        Both:  8.47 MB

MaxMetaspaceSize: unlimited
CompressedClassSpaceSize: 1.00 GB
Initial GC threshold: 21.00 MB
Current GC threshold: 115.12 MB
CDS: on
 - commit_granule_bytes: 65536.
 - commit_granule_words: 8192.
 - virtual_space_node_default_size: 8388608.
 - enlarge_chunks_in_place: 1.
 - use_allocation_guard: 0.


Internal statistics:

num_allocs_failed_limit: 9.
num_arena_births: 1242.
num_arena_deaths: 14.
num_vsnodes_births: 2.
num_vsnodes_deaths: 0.
num_space_committed: 1134.
num_space_uncommitted: 0.
num_chunks_returned_to_freelist: 23.
num_chunks_taken_from_freelist: 4786.
num_chunk_merges: 10.
num_chunk_splits: 2817.
num_chunks_enlarged: 1466.
num_inconsistent_stats: 0.

CodeHeap 'non-profiled nmethods': size=120000Kb used=6102Kb max_used=6373Kb free=113897Kb
 bounds [0x00000239721e0000, 0x0000023972820000, 0x0000023979710000]
CodeHeap 'profiled nmethods': size=120000Kb used=21184Kb max_used=23231Kb free=98815Kb
 bounds [0x000002396a710000, 0x000002396bdc0000, 0x0000023971c40000]
CodeHeap 'non-nmethods': size=5760Kb used=1422Kb max_used=1518Kb free=4337Kb
 bounds [0x0000023971c40000, 0x0000023971eb0000, 0x00000239721e0000]
CodeCache: size=245760Kb, used=28708Kb, max_used=31122Kb, free=217049Kb
 total_blobs=10632, nmethods=9896, adapters=641, full_count=0
Compilation: enabled, stopped_count=0, restarted_count=0

Compilation events (20 events):
Event: 50.686 Thread 0x00000239675d78c0 nmethod 11377 0x0000023972378290 code [0x00000239723786c0, 0x000002397237b680]
Event: 50.701 Thread 0x00000239549ce590 nmethod 11380 0x00000239724c3310 code [0x00000239724c3520, 0x00000239724c3a40]
Event: 50.741 Thread 0x00000239549ce590 11383       4       org.eclipse.osgi.internal.weaving.WovenClassImpl::setHooksComplete (37 bytes)
Event: 50.742 Thread 0x00000239675d78c0 11384   !   4       org.eclipse.osgi.internal.weaving.WovenClassImpl::callHooks (410 bytes)
Event: 50.743 Thread 0x00000239549ce590 nmethod 11383 0x0000023972342090 code [0x0000023972342220, 0x0000023972342448]
Event: 50.762 Thread 0x00000239549ce590 11385       4       org.objectweb.asm.ClassReader::<init> (359 bytes)
Event: 50.773 Thread 0x00000239549ce590 nmethod 11385 0x00000239722e5c90 code [0x00000239722e5e60, 0x00000239722e6580]
Event: 50.773 Thread 0x00000239549ce590 11387   !   4       org.eclipse.osgi.internal.loader.classpath.ClasspathManager::findLocalClass (210 bytes)
Event: 50.783 Thread 0x00000239675d8400 11389       3       java.util.ArrayDeque::remove (5 bytes)
Event: 50.784 Thread 0x00000239675d8400 nmethod 11389 0x000002396a779b10 code [0x000002396a779ce0, 0x000002396a779f98]
Event: 50.847 Thread 0x00000239675d8400 11394   !   3       java.io.File::toURI (69 bytes)
Event: 50.849 Thread 0x00000239675d8400 nmethod 11394 0x000002396b17ef90 code [0x000002396b17f260, 0x000002396b17fdd0]
Event: 50.993 Thread 0x00000239675d78c0 nmethod 11384 0x0000023972373f10 code [0x0000023972374300, 0x00000239723762c0]
Event: 50.994 Thread 0x00000239675d78c0 11386       4       java.util.ArrayList::remove (76 bytes)
Event: 51.006 Thread 0x00000239675d78c0 nmethod 11386 0x000002397238f790 code [0x000002397238f940, 0x000002397238fee0]
Event: 51.006 Thread 0x00000239675d78c0 11388   !   4       org.eclipse.osgi.internal.hooks.EclipseLazyStarter::postFindLocalClass (394 bytes)
Event: 51.008 Thread 0x00000239675d8400 11396       3       org.objectweb.asm.Type::getClassName (182 bytes)
Event: 51.017 Thread 0x00000239675d8400 nmethod 11396 0x000002396aac9290 code [0x000002396aac9660, 0x000002396aacac30]
Event: 51.026 Thread 0x00000239675d8400 11397       3       java.net.URI::decode (376 bytes)
Event: 52.032 Thread 0x00000239675d8400 nmethod 11397 0x000002396b024a10 code [0x000002396b024fe0, 0x000002396b028078]

GC Heap History (20 events):
Event: 50.713 GC heap before
{Heap before GC invocations=524 (full 4):
 PSYoungGen      total 3072K, used 2907K [0x00000000d5580000, 0x00000000d5980000, 0x0000000100000000)
  eden space 2048K, 100% used [0x00000000d5580000,0x00000000d5780000,0x00000000d5780000)
  from space 1024K, 83% used [0x00000000d5780000,0x00000000d5856f70,0x00000000d5880000)
  to   space 1024K, 0% used [0x00000000d5880000,0x00000000d5880000,0x00000000d5980000)
 ParOldGen       total 353280K, used 332121K [0x0000000080000000, 0x0000000095900000, 0x00000000d5580000)
  object space 353280K, 94% used [0x0000000080000000,0x0000000094456640,0x0000000095900000)
 Metaspace       used 70193K, committed 71616K, reserved 1114112K
  class space    used 8063K, committed 8704K, reserved 1048576K
}
Event: 50.718 GC heap after
{Heap after GC invocations=524 (full 4):
 PSYoungGen      total 3072K, used 896K [0x00000000d5580000, 0x00000000d5980000, 0x0000000100000000)
  eden space 2048K, 0% used [0x00000000d5580000,0x00000000d5580000,0x00000000d5780000)
  from space 1024K, 87% used [0x00000000d5880000,0x00000000d5960000,0x00000000d5980000)
  to   space 1024K, 0% used [0x00000000d5780000,0x00000000d5780000,0x00000000d5880000)
 ParOldGen       total 353280K, used 333434K [0x0000000080000000, 0x0000000095900000, 0x00000000d5580000)
  object space 353280K, 94% used [0x0000000080000000,0x000000009459eaa0,0x0000000095900000)
 Metaspace       used 70193K, committed 71616K, reserved 1114112K
  class space    used 8063K, committed 8704K, reserved 1048576K
}
Event: 50.744 GC heap before
{Heap before GC invocations=525 (full 4):
 PSYoungGen      total 3072K, used 2944K [0x00000000d5580000, 0x00000000d5980000, 0x0000000100000000)
  eden space 2048K, 100% used [0x00000000d5580000,0x00000000d5780000,0x00000000d5780000)
  from space 1024K, 87% used [0x00000000d5880000,0x00000000d5960000,0x00000000d5980000)
  to   space 1024K, 0% used [0x00000000d5780000,0x00000000d5780000,0x00000000d5880000)
 ParOldGen       total 353280K, used 333434K [0x0000000080000000, 0x0000000095900000, 0x00000000d5580000)
  object space 353280K, 94% used [0x0000000080000000,0x000000009459eaa0,0x0000000095900000)
 Metaspace       used 70303K, committed 71680K, reserved 1114112K
  class space    used 8084K, committed 8704K, reserved 1048576K
}
Event: 50.748 GC heap after
{Heap after GC invocations=525 (full 4):
 PSYoungGen      total 3072K, used 880K [0x00000000d5580000, 0x00000000d5980000, 0x0000000100000000)
  eden space 2048K, 0% used [0x00000000d5580000,0x00000000d5580000,0x00000000d5780000)
  from space 1024K, 85% used [0x00000000d5780000,0x00000000d585c000,0x00000000d5880000)
  to   space 1024K, 0% used [0x00000000d5880000,0x00000000d5880000,0x00000000d5980000)
 ParOldGen       total 353280K, used 334162K [0x0000000080000000, 0x0000000095900000, 0x00000000d5580000)
  object space 353280K, 94% used [0x0000000080000000,0x0000000094654aa0,0x0000000095900000)
 Metaspace       used 70303K, committed 71680K, reserved 1114112K
  class space    used 8084K, committed 8704K, reserved 1048576K
}
Event: 50.778 GC heap before
{Heap before GC invocations=526 (full 4):
 PSYoungGen      total 3072K, used 2928K [0x00000000d5580000, 0x00000000d5980000, 0x0000000100000000)
  eden space 2048K, 100% used [0x00000000d5580000,0x00000000d5780000,0x00000000d5780000)
  from space 1024K, 85% used [0x00000000d5780000,0x00000000d585c000,0x00000000d5880000)
  to   space 1024K, 0% used [0x00000000d5880000,0x00000000d5880000,0x00000000d5980000)
 ParOldGen       total 353280K, used 334162K [0x0000000080000000, 0x0000000095900000, 0x00000000d5580000)
  object space 353280K, 94% used [0x0000000080000000,0x0000000094654aa0,0x0000000095900000)
 Metaspace       used 70383K, committed 71744K, reserved 1114112K
  class space    used 8103K, committed 8704K, reserved 1048576K
}
Event: 50.782 GC heap after
{Heap after GC invocations=526 (full 4):
 PSYoungGen      total 3072K, used 883K [0x00000000d5580000, 0x00000000d5980000, 0x0000000100000000)
  eden space 2048K, 0% used [0x00000000d5580000,0x00000000d5580000,0x00000000d5780000)
  from space 1024K, 86% used [0x00000000d5880000,0x00000000d595cdd8,0x00000000d5980000)
  to   space 1024K, 0% used [0x00000000d5780000,0x00000000d5780000,0x00000000d5880000)
 ParOldGen       total 353280K, used 334881K [0x0000000080000000, 0x0000000095900000, 0x00000000d5580000)
  object space 353280K, 94% used [0x0000000080000000,0x0000000094708548,0x0000000095900000)
 Metaspace       used 70383K, committed 71744K, reserved 1114112K
  class space    used 8103K, committed 8704K, reserved 1048576K
}
Event: 50.809 GC heap before
{Heap before GC invocations=527 (full 4):
 PSYoungGen      total 3072K, used 2917K [0x00000000d5580000, 0x00000000d5980000, 0x0000000100000000)
  eden space 2048K, 99% used [0x00000000d5580000,0x00000000d577c798,0x00000000d5780000)
  from space 1024K, 86% used [0x00000000d5880000,0x00000000d595cdd8,0x00000000d5980000)
  to   space 1024K, 0% used [0x00000000d5780000,0x00000000d5780000,0x00000000d5880000)
 ParOldGen       total 353280K, used 334881K [0x0000000080000000, 0x0000000095900000, 0x00000000d5580000)
  object space 353280K, 94% used [0x0000000080000000,0x0000000094708548,0x0000000095900000)
 Metaspace       used 70467K, committed 71872K, reserved 1114112K
  class space    used 8115K, committed 8768K, reserved 1048576K
}
Event: 50.813 GC heap after
{Heap after GC invocations=527 (full 4):
 PSYoungGen      total 3072K, used 1015K [0x00000000d5580000, 0x00000000d5a80000, 0x0000000100000000)
  eden space 2048K, 0% used [0x00000000d5580000,0x00000000d5580000,0x00000000d5780000)
  from space 1024K, 99% used [0x00000000d5780000,0x00000000d587de90,0x00000000d5880000)
  to   space 1536K, 0% used [0x00000000d5900000,0x00000000d5900000,0x00000000d5a80000)
 ParOldGen       total 353280K, used 335690K [0x0000000080000000, 0x0000000095900000, 0x00000000d5580000)
  object space 353280K, 95% used [0x0000000080000000,0x00000000947d29f0,0x0000000095900000)
 Metaspace       used 70467K, committed 71872K, reserved 1114112K
  class space    used 8115K, committed 8768K, reserved 1048576K
}
Event: 50.849 GC heap before
{Heap before GC invocations=528 (full 4):
 PSYoungGen      total 3072K, used 3063K [0x00000000d5580000, 0x00000000d5a80000, 0x0000000100000000)
  eden space 2048K, 100% used [0x00000000d5580000,0x00000000d5780000,0x00000000d5780000)
  from space 1024K, 99% used [0x00000000d5780000,0x00000000d587de90,0x00000000d5880000)
  to   space 1536K, 0% used [0x00000000d5900000,0x00000000d5900000,0x00000000d5a80000)
 ParOldGen       total 353280K, used 335690K [0x0000000080000000, 0x0000000095900000, 0x00000000d5580000)
  object space 353280K, 95% used [0x0000000080000000,0x00000000947d29f0,0x0000000095900000)
 Metaspace       used 70537K, committed 71936K, reserved 1114112K
  class space    used 8128K, committed 8768K, reserved 1048576K
}
Event: 50.854 GC heap after
{Heap after GC invocations=528 (full 4):
 PSYoungGen      total 3584K, used 1088K [0x00000000d5580000, 0x00000000d5a80000, 0x0000000100000000)
  eden space 2048K, 0% used [0x00000000d5580000,0x00000000d5580000,0x00000000d5780000)
  from space 1536K, 70% used [0x00000000d5900000,0x00000000d5a10000,0x00000000d5a80000)
  to   space 1536K, 0% used [0x00000000d5780000,0x00000000d5780000,0x00000000d5900000)
 ParOldGen       total 353280K, used 336517K [0x0000000080000000, 0x0000000095900000, 0x00000000d5580000)
  object space 353280K, 95% used [0x0000000080000000,0x00000000948a16b8,0x0000000095900000)
 Metaspace       used 70537K, committed 71936K, reserved 1114112K
  class space    used 8128K, committed 8768K, reserved 1048576K
}
Event: 50.886 GC heap before
{Heap before GC invocations=529 (full 4):
 PSYoungGen      total 3584K, used 3135K [0x00000000d5580000, 0x00000000d5a80000, 0x0000000100000000)
  eden space 2048K, 99% used [0x00000000d5580000,0x00000000d577fc88,0x00000000d5780000)
  from space 1536K, 70% used [0x00000000d5900000,0x00000000d5a10000,0x00000000d5a80000)
  to   space 1536K, 0% used [0x00000000d5780000,0x00000000d5780000,0x00000000d5900000)
 ParOldGen       total 353280K, used 336517K [0x0000000080000000, 0x0000000095900000, 0x00000000d5580000)
  object space 353280K, 95% used [0x0000000080000000,0x00000000948a16b8,0x0000000095900000)
 Metaspace       used 70619K, committed 72000K, reserved 1114112K
  class space    used 8142K, committed 8768K, reserved 1048576K
}
Event: 50.890 GC heap after
{Heap after GC invocations=529 (full 4):
 PSYoungGen      total 3072K, used 832K [0x00000000d5580000, 0x00000000d5980000, 0x0000000100000000)
  eden space 2048K, 0% used [0x00000000d5580000,0x00000000d5580000,0x00000000d5780000)
  from space 1024K, 81% used [0x00000000d5780000,0x00000000d5850000,0x00000000d5880000)
  to   space 1024K, 0% used [0x00000000d5880000,0x00000000d5880000,0x00000000d5980000)
 ParOldGen       total 353280K, used 337467K [0x0000000080000000, 0x0000000095900000, 0x00000000d5580000)
  object space 353280K, 95% used [0x0000000080000000,0x000000009498ec08,0x0000000095900000)
 Metaspace       used 70619K, committed 72000K, reserved 1114112K
  class space    used 8142K, committed 8768K, reserved 1048576K
}
Event: 50.922 GC heap before
{Heap before GC invocations=530 (full 4):
 PSYoungGen      total 3072K, used 2870K [0x00000000d5580000, 0x00000000d5980000, 0x0000000100000000)
  eden space 2048K, 99% used [0x00000000d5580000,0x00000000d577d808,0x00000000d5780000)
  from space 1024K, 81% used [0x00000000d5780000,0x00000000d5850000,0x00000000d5880000)
  to   space 1024K, 0% used [0x00000000d5880000,0x00000000d5880000,0x00000000d5980000)
 ParOldGen       total 353280K, used 337467K [0x0000000080000000, 0x0000000095900000, 0x00000000d5580000)
  object space 353280K, 95% used [0x0000000080000000,0x000000009498ec08,0x0000000095900000)
 Metaspace       used 70709K, committed 72128K, reserved 1114112K
  class space    used 8160K, committed 8768K, reserved 1048576K
}
Event: 50.928 GC heap after
{Heap after GC invocations=530 (full 4):
 PSYoungGen      total 3072K, used 851K [0x00000000d5580000, 0x00000000d5980000, 0x0000000100000000)
  eden space 2048K, 0% used [0x00000000d5580000,0x00000000d5580000,0x00000000d5780000)
  from space 1024K, 83% used [0x00000000d5880000,0x00000000d5954e58,0x00000000d5980000)
  to   space 1024K, 0% used [0x00000000d5780000,0x00000000d5780000,0x00000000d5880000)
 ParOldGen       total 353280K, used 338124K [0x0000000080000000, 0x0000000095900000, 0x00000000d5580000)
  object space 353280K, 95% used [0x0000000080000000,0x0000000094a33150,0x0000000095900000)
 Metaspace       used 70709K, committed 72128K, reserved 1114112K
  class space    used 8160K, committed 8768K, reserved 1048576K
}
Event: 50.948 GC heap before
{Heap before GC invocations=531 (full 4):
 PSYoungGen      total 3072K, used 2639K [0x00000000d5580000, 0x00000000d5980000, 0x0000000100000000)
  eden space 2048K, 87% used [0x00000000d5580000,0x00000000d573efb0,0x00000000d5780000)
  from space 1024K, 83% used [0x00000000d5880000,0x00000000d5954e58,0x00000000d5980000)
  to   space 1024K, 0% used [0x00000000d5780000,0x00000000d5780000,0x00000000d5880000)
 ParOldGen       total 353280K, used 338124K [0x0000000080000000, 0x0000000095900000, 0x00000000d5580000)
  object space 353280K, 95% used [0x0000000080000000,0x0000000094a33150,0x0000000095900000)
 Metaspace       used 70775K, committed 72192K, reserved 1114112K
  class space    used 8177K, committed 8832K, reserved 1048576K
}
Event: 50.953 GC heap after
{Heap after GC invocations=531 (full 4):
 PSYoungGen      total 3072K, used 995K [0x00000000d5580000, 0x00000000d5980000, 0x0000000100000000)
  eden space 2048K, 0% used [0x00000000d5580000,0x00000000d5580000,0x00000000d5780000)
  from space 1024K, 97% used [0x00000000d5780000,0x00000000d5878dd8,0x00000000d5880000)
  to   space 1024K, 0% used [0x00000000d5880000,0x00000000d5880000,0x00000000d5980000)
 ParOldGen       total 353280K, used 338777K [0x0000000080000000, 0x0000000095900000, 0x00000000d5580000)
  object space 353280K, 95% used [0x0000000080000000,0x0000000094ad6618,0x0000000095900000)
 Metaspace       used 70775K, committed 72192K, reserved 1114112K
  class space    used 8177K, committed 8832K, reserved 1048576K
}
Event: 50.978 GC heap before
{Heap before GC invocations=532 (full 4):
 PSYoungGen      total 3072K, used 3043K [0x00000000d5580000, 0x00000000d5980000, 0x0000000100000000)
  eden space 2048K, 100% used [0x00000000d5580000,0x00000000d5780000,0x00000000d5780000)
  from space 1024K, 97% used [0x00000000d5780000,0x00000000d5878dd8,0x00000000d5880000)
  to   space 1024K, 0% used [0x00000000d5880000,0x00000000d5880000,0x00000000d5980000)
 ParOldGen       total 353280K, used 338777K [0x0000000080000000, 0x0000000095900000, 0x00000000d5580000)
  object space 353280K, 95% used [0x0000000080000000,0x0000000094ad6618,0x0000000095900000)
 Metaspace       used 70843K, committed 72256K, reserved 1114112K
  class space    used 8194K, committed 8832K, reserved 1048576K
}
Event: 50.982 GC heap after
{Heap after GC invocations=532 (full 4):
 PSYoungGen      total 3072K, used 768K [0x00000000d5580000, 0x00000000d5980000, 0x0000000100000000)
  eden space 2048K, 0% used [0x00000000d5580000,0x00000000d5580000,0x00000000d5780000)
  from space 1024K, 75% used [0x00000000d5880000,0x00000000d5940000,0x00000000d5980000)
  to   space 1024K, 0% used [0x00000000d5780000,0x00000000d5780000,0x00000000d5880000)
 ParOldGen       total 353280K, used 340046K [0x0000000080000000, 0x0000000095900000, 0x00000000d5580000)
  object space 353280K, 96% used [0x0000000080000000,0x0000000094c13990,0x0000000095900000)
 Metaspace       used 70843K, committed 72256K, reserved 1114112K
  class space    used 8194K, committed 8832K, reserved 1048576K
}
Event: 51.009 GC heap before
{Heap before GC invocations=533 (full 4):
 PSYoungGen      total 3072K, used 2816K [0x00000000d5580000, 0x00000000d5980000, 0x0000000100000000)
  eden space 2048K, 100% used [0x00000000d5580000,0x00000000d5780000,0x00000000d5780000)
  from space 1024K, 75% used [0x00000000d5880000,0x00000000d5940000,0x00000000d5980000)
  to   space 1024K, 0% used [0x00000000d5780000,0x00000000d5780000,0x00000000d5880000)
 ParOldGen       total 353280K, used 342734K [0x0000000080000000, 0x0000000095900000, 0x00000000d5580000)
  object space 353280K, 97% used [0x0000000080000000,0x0000000094eb3990,0x0000000095900000)
 Metaspace       used 70920K, committed 72320K, reserved 1114112K
  class space    used 8213K, committed 8832K, reserved 1048576K
}
Event: 51.014 GC heap after
{Heap after GC invocations=533 (full 4):
 PSYoungGen      total 3072K, used 943K [0x00000000d5580000, 0x00000000d5980000, 0x0000000100000000)
  eden space 2048K, 0% used [0x00000000d5580000,0x00000000d5580000,0x00000000d5780000)
  from space 1024K, 92% used [0x00000000d5780000,0x00000000d586bf18,0x00000000d5880000)
  to   space 1024K, 0% used [0x00000000d5880000,0x00000000d5880000,0x00000000d5980000)
 ParOldGen       total 353280K, used 343350K [0x0000000080000000, 0x0000000095900000, 0x00000000d5580000)
  object space 353280K, 97% used [0x0000000080000000,0x0000000094f4d990,0x0000000095900000)
 Metaspace       used 70920K, committed 72320K, reserved 1114112K
  class space    used 8213K, committed 8832K, reserved 1048576K
}

Dll operation events (13 events):
Event: 0.067 Loaded shared library c:\Users\LENOVO\.vscode\extensions\redhat.java-1.44.0-win32-x64\jre\21.0.8-win32-x86_64\bin\java.dll
Event: 0.234 Loaded shared library c:\Users\LENOVO\.vscode\extensions\redhat.java-1.44.0-win32-x64\jre\21.0.8-win32-x86_64\bin\zip.dll
Event: 0.290 Loaded shared library C:\Users\LENOVO\.vscode\extensions\redhat.java-1.44.0-win32-x64\jre\21.0.8-win32-x86_64\bin\instrument.dll
Event: 0.308 Loaded shared library C:\Users\LENOVO\.vscode\extensions\redhat.java-1.44.0-win32-x64\jre\21.0.8-win32-x86_64\bin\net.dll
Event: 0.318 Loaded shared library C:\Users\LENOVO\.vscode\extensions\redhat.java-1.44.0-win32-x64\jre\21.0.8-win32-x86_64\bin\nio.dll
Event: 0.329 Loaded shared library C:\Users\LENOVO\.vscode\extensions\redhat.java-1.44.0-win32-x64\jre\21.0.8-win32-x86_64\bin\zip.dll
Event: 0.390 Loaded shared library C:\Users\LENOVO\.vscode\extensions\redhat.java-1.44.0-win32-x64\jre\21.0.8-win32-x86_64\bin\jimage.dll
Event: 0.618 Loaded shared library c:\Users\LENOVO\.vscode\extensions\redhat.java-1.44.0-win32-x64\jre\21.0.8-win32-x86_64\bin\verify.dll
Event: 3.511 Loaded shared library C:\Users\LENOVO\AppData\Roaming\Code\User\globalStorage\redhat.java\1.44.0\config_win\org.eclipse.equinox.launcher\org.eclipse.equinox.launcher.win32.win32.x86_64_1.2.1400.v20250730-1736\eclipse_11913.dll
Event: 7.724 Loaded shared library C:\Users\LENOVO\AppData\Local\Temp\jna--2053026509\jna2800882534149805743.dll
Event: 16.013 Loaded shared library C:\Users\LENOVO\.gradle\native\1def1411415f61bf3af743bc5b6707747c0891f09f0c88961ee8f79bc544acac\windows-amd64\native-platform.dll
Event: 22.865 Loaded shared library C:\Users\LENOVO\.vscode\extensions\redhat.java-1.44.0-win32-x64\jre\21.0.8-win32-x86_64\bin\management.dll
Event: 22.891 Loaded shared library C:\Users\LENOVO\.vscode\extensions\redhat.java-1.44.0-win32-x64\jre\21.0.8-win32-x86_64\bin\management_ext.dll

Deoptimization events (20 events):
Event: 43.292 Thread 0x00000239462ac6e0 DEOPT PACKING pc=0x000002396bda38cb sp=0x000000cb5cdfeb20
Event: 43.292 Thread 0x00000239462ac6e0 DEOPT UNPACKING pc=0x0000023971c94242 sp=0x000000cb5cdfdfe8 mode 0
Event: 43.309 Thread 0x00000239462ac6e0 DEOPT PACKING pc=0x000002396bda38cb sp=0x000000cb5cdfeb20
Event: 43.309 Thread 0x00000239462ac6e0 DEOPT UNPACKING pc=0x0000023971c94242 sp=0x000000cb5cdfdfe8 mode 0
Event: 43.315 Thread 0x00000239462ac6e0 DEOPT PACKING pc=0x000002396bda38cb sp=0x000000cb5cdfeb20
Event: 43.315 Thread 0x00000239462ac6e0 DEOPT UNPACKING pc=0x0000023971c94242 sp=0x000000cb5cdfdfe8 mode 0
Event: 43.329 Thread 0x00000239462ac6e0 DEOPT PACKING pc=0x000002396bda38cb sp=0x000000cb5cdfeb20
Event: 43.329 Thread 0x00000239462ac6e0 DEOPT UNPACKING pc=0x0000023971c94242 sp=0x000000cb5cdfdfe8 mode 0
Event: 43.347 Thread 0x00000239462ac6e0 DEOPT PACKING pc=0x000002396bda38cb sp=0x000000cb5cdfeb20
Event: 43.347 Thread 0x00000239462ac6e0 DEOPT UNPACKING pc=0x0000023971c94242 sp=0x000000cb5cdfdfe8 mode 0
Event: 43.369 Thread 0x00000239462ac6e0 DEOPT PACKING pc=0x000002396bda38cb sp=0x000000cb5cdfeb20
Event: 43.369 Thread 0x00000239462ac6e0 DEOPT UNPACKING pc=0x0000023971c94242 sp=0x000000cb5cdfdfe8 mode 0
Event: 43.375 Thread 0x00000239462ac6e0 DEOPT PACKING pc=0x000002396bda38cb sp=0x000000cb5cdfeb20
Event: 43.375 Thread 0x00000239462ac6e0 DEOPT UNPACKING pc=0x0000023971c94242 sp=0x000000cb5cdfdfe8 mode 0
Event: 43.421 Thread 0x0000023953734280 DEOPT PACKING pc=0x000002396bd9dcd3 sp=0x000000cb60bfd200
Event: 43.421 Thread 0x0000023953734280 DEOPT UNPACKING pc=0x0000023971c94242 sp=0x000000cb60bfc670 mode 0
Event: 50.630 Thread 0x0000023953734280 DEOPT PACKING pc=0x000002396bdb03b3 sp=0x000000cb60bf96a0
Event: 50.630 Thread 0x0000023953734280 DEOPT UNPACKING pc=0x0000023971c94242 sp=0x000000cb60bf8bb0 mode 0
Event: 50.762 Thread 0x0000023953734280 DEOPT PACKING pc=0x000002396bdb03b3 sp=0x000000cb60bf96a0
Event: 50.762 Thread 0x0000023953734280 DEOPT UNPACKING pc=0x0000023971c94242 sp=0x000000cb60bf8bb0 mode 0

Classes loaded (20 events):
Event: 33.969 Loading class java/nio/file/PathMatcher done
Event: 33.970 Loading class sun/nio/fs/WindowsFileSystem$2 done
Event: 42.435 Loading class java/nio/charset/CharacterCodingException
Event: 42.457 Loading class java/nio/charset/CharacterCodingException done
Event: 42.465 Loading class java/io/ObjectOutputStream$BlockDataOutputStream
Event: 42.472 Loading class java/io/ObjectOutputStream$BlockDataOutputStream done
Event: 42.472 Loading class java/io/ObjectOutputStream$HandleTable
Event: 42.473 Loading class java/io/ObjectOutputStream$HandleTable done
Event: 42.473 Loading class java/io/ObjectOutputStream$ReplaceTable
Event: 42.473 Loading class java/io/ObjectOutputStream$ReplaceTable done
Event: 43.512 Loading class java/util/PriorityQueue
Event: 43.519 Loading class java/util/PriorityQueue done
Event: 44.469 Loading class java/util/OptionalInt
Event: 44.471 Loading class java/util/OptionalInt done
Event: 44.471 Loading class java/util/OptionalLong
Event: 44.471 Loading class java/util/OptionalLong done
Event: 44.471 Loading class java/util/OptionalDouble
Event: 44.472 Loading class java/util/OptionalDouble done
Event: 50.468 Loading class java/util/function/ObjIntConsumer
Event: 50.469 Loading class java/util/function/ObjIntConsumer done

Classes unloaded (7 events):
Event: 10.096 Thread 0x000002397dfa4960 Unloading class 0x00000239011a7000 'java/lang/invoke/LambdaForm$MH+0x00000239011a7000'
Event: 10.096 Thread 0x000002397dfa4960 Unloading class 0x00000239011a6c00 'java/lang/invoke/LambdaForm$MH+0x00000239011a6c00'
Event: 10.096 Thread 0x000002397dfa4960 Unloading class 0x00000239011a6800 'java/lang/invoke/LambdaForm$MH+0x00000239011a6800'
Event: 10.096 Thread 0x000002397dfa4960 Unloading class 0x00000239011a6400 'java/lang/invoke/LambdaForm$MH+0x00000239011a6400'
Event: 10.096 Thread 0x000002397dfa4960 Unloading class 0x00000239011a6000 'java/lang/invoke/LambdaForm$BMH+0x00000239011a6000'
Event: 10.096 Thread 0x000002397dfa4960 Unloading class 0x00000239011a5c00 'java/lang/invoke/LambdaForm$DMH+0x00000239011a5c00'
Event: 10.096 Thread 0x000002397dfa4960 Unloading class 0x00000239011a4800 'java/lang/invoke/LambdaForm$DMH+0x00000239011a4800'

Classes redefined (0 events):
No events

Internal exceptions (20 events):
Event: 40.831 Thread 0x0000023946656d90 Exception <a 'sun/nio/fs/WindowsException'{0x00000000d5784d40}> (0x00000000d5784d40) 
thrown [s\src\hotspot\share\prims\jni.cpp, line 520]
Event: 40.831 Thread 0x0000023946656d90 Exception <a 'sun/nio/fs/WindowsException'{0x00000000d57852d0}> (0x00000000d57852d0) 
thrown [s\src\hotspot\share\prims\jni.cpp, line 520]
Event: 40.831 Thread 0x0000023946656d90 Exception <a 'sun/nio/fs/WindowsException'{0x00000000d5785be0}> (0x00000000d5785be0) 
thrown [s\src\hotspot\share\prims\jni.cpp, line 520]
Event: 40.831 Thread 0x0000023946656d90 Exception <a 'sun/nio/fs/WindowsException'{0x00000000d5786480}> (0x00000000d5786480) 
thrown [s\src\hotspot\share\prims\jni.cpp, line 520]
Event: 40.833 Thread 0x0000023946656d90 Exception <a 'sun/nio/fs/WindowsException'{0x00000000d57b0ab0}> (0x00000000d57b0ab0) 
thrown [s\src\hotspot\share\prims\jni.cpp, line 520]
Event: 40.833 Thread 0x0000023946656d90 Exception <a 'sun/nio/fs/WindowsException'{0x00000000d57b10a8}> (0x00000000d57b10a8) 
thrown [s\src\hotspot\share\prims\jni.cpp, line 520]
Event: 40.833 Thread 0x0000023946656d90 Exception <a 'sun/nio/fs/WindowsException'{0x00000000d57b18f0}> (0x00000000d57b18f0) 
thrown [s\src\hotspot\share\prims\jni.cpp, line 520]
Event: 40.833 Thread 0x0000023946656d90 Exception <a 'sun/nio/fs/WindowsException'{0x00000000d57b1f00}> (0x00000000d57b1f00) 
thrown [s\src\hotspot\share\prims\jni.cpp, line 520]
Event: 40.834 Thread 0x0000023946656d90 Exception <a 'sun/nio/fs/WindowsException'{0x00000000d57c5840}> (0x00000000d57c5840) 
thrown [s\src\hotspot\share\prims\jni.cpp, line 520]
Event: 40.834 Thread 0x0000023946656d90 Exception <a 'sun/nio/fs/WindowsException'{0x00000000d57c5e70}> (0x00000000d57c5e70) 
thrown [s\src\hotspot\share\prims\jni.cpp, line 520]
Event: 40.834 Thread 0x0000023946656d90 Exception <a 'sun/nio/fs/WindowsException'{0x00000000d57c66e0}> (0x00000000d57c66e0) 
thrown [s\src\hotspot\share\prims\jni.cpp, line 520]
Event: 40.834 Thread 0x0000023946656d90 Exception <a 'sun/nio/fs/WindowsException'{0x00000000d57c6c88}> (0x00000000d57c6c88) 
thrown [s\src\hotspot\share\prims\jni.cpp, line 520]
Event: 40.836 Thread 0x0000023946656d90 Exception <a 'sun/nio/fs/WindowsException'{0x00000000d57db878}> (0x00000000d57db878) 
thrown [s\src\hotspot\share\prims\jni.cpp, line 520]
Event: 40.836 Thread 0x0000023946656d90 Exception <a 'sun/nio/fs/WindowsException'{0x00000000d57dbe98}> (0x00000000d57dbe98) 
thrown [s\src\hotspot\share\prims\jni.cpp, line 520]
Event: 40.836 Thread 0x0000023946656d90 Exception <a 'sun/nio/fs/WindowsException'{0x00000000d57dc700}> (0x00000000d57dc700) 
thrown [s\src\hotspot\share\prims\jni.cpp, line 520]
Event: 40.836 Thread 0x0000023946656d90 Exception <a 'sun/nio/fs/WindowsException'{0x00000000d57dcd38}> (0x00000000d57dcd38) 
thrown [s\src\hotspot\share\prims\jni.cpp, line 520]
Event: 40.838 Thread 0x0000023946656d90 Exception <a 'sun/nio/fs/WindowsException'{0x00000000d57f20a0}> (0x00000000d57f20a0) 
thrown [s\src\hotspot\share\prims\jni.cpp, line 520]
Event: 40.839 Thread 0x0000023946656d90 Exception <a 'sun/nio/fs/WindowsException'{0x00000000d57f2938}> (0x00000000d57f2938) 
thrown [s\src\hotspot\share\prims\jni.cpp, line 520]
Event: 40.839 Thread 0x0000023946656d90 Exception <a 'sun/nio/fs/WindowsException'{0x00000000d57f2ec8}> (0x00000000d57f2ec8) 
thrown [s\src\hotspot\share\prims\jni.cpp, line 520]
Event: 40.839 Thread 0x0000023946656d90 Exception <a 'sun/nio/fs/WindowsException'{0x00000000d57ff3b0}> (0x00000000d57ff3b0) 
thrown [s\src\hotspot\share\prims\jni.cpp, line 520]

ZGC Phase Switch (0 events):
No events

VM Operations (20 events):
Event: 50.718 Executing VM operation: ParallelGCFailedAllocation (Allocation Failure) done
Event: 50.744 Executing VM operation: ParallelGCFailedAllocation (Allocation Failure)
Event: 50.748 Executing VM operation: ParallelGCFailedAllocation (Allocation Failure) done
Event: 50.778 Executing VM operation: ParallelGCFailedAllocation (Allocation Failure)
Event: 50.782 Executing VM operation: ParallelGCFailedAllocation (Allocation Failure) done
Event: 50.809 Executing VM operation: ParallelGCFailedAllocation (Allocation Failure)
Event: 50.813 Executing VM operation: ParallelGCFailedAllocation (Allocation Failure) done
Event: 50.849 Executing VM operation: ParallelGCFailedAllocation (Allocation Failure)
Event: 50.854 Executing VM operation: ParallelGCFailedAllocation (Allocation Failure) done
Event: 50.885 Executing VM operation: ParallelGCFailedAllocation (Allocation Failure)
Event: 50.890 Executing VM operation: ParallelGCFailedAllocation (Allocation Failure) done
Event: 50.922 Executing VM operation: ParallelGCFailedAllocation (Allocation Failure)
Event: 50.928 Executing VM operation: ParallelGCFailedAllocation (Allocation Failure) done
Event: 50.948 Executing VM operation: ParallelGCFailedAllocation (Allocation Failure)
Event: 50.953 Executing VM operation: ParallelGCFailedAllocation (Allocation Failure) done
Event: 50.978 Executing VM operation: ParallelGCFailedAllocation (Allocation Failure)
Event: 50.982 Executing VM operation: ParallelGCFailedAllocation (Allocation Failure) done
Event: 51.009 Executing VM operation: ParallelGCFailedAllocation (Allocation Failure)
Event: 51.014 Executing VM operation: ParallelGCFailedAllocation (Allocation Failure) done
Event: 51.119 Executing VM operation: ParallelGCFailedAllocation (Allocation Failure)

Memory protections (0 events):
No events

Nmethod flushes (20 events):
Event: 49.711 Thread 0x000002397dfa4960 flushing  nmethod 0x000002396b3c5790
Event: 49.711 Thread 0x000002397dfa4960 flushing  nmethod 0x000002396b3f9090
Event: 49.711 Thread 0x000002397dfa4960 flushing  nmethod 0x000002396b40ea10
Event: 49.711 Thread 0x000002397dfa4960 flushing  nmethod 0x000002396b431090
Event: 49.711 Thread 0x000002397dfa4960 flushing  nmethod 0x000002396b446790
Event: 49.711 Thread 0x000002397dfa4960 flushing  nmethod 0x000002396b45a510
Event: 49.711 Thread 0x000002397dfa4960 flushing  nmethod 0x000002396b45ec90
Event: 49.711 Thread 0x000002397dfa4960 flushing  nmethod 0x000002396b460910
Event: 49.711 Thread 0x000002397dfa4960 flushing  nmethod 0x000002396b462a10
Event: 49.711 Thread 0x000002397dfa4960 flushing  nmethod 0x000002396b463e10
Event: 49.711 Thread 0x000002397dfa4960 flushing  nmethod 0x000002396b464610
Event: 49.711 Thread 0x000002397dfa4960 flushing  nmethod 0x000002396b468d10
Event: 49.711 Thread 0x000002397dfa4960 flushing  nmethod 0x000002396b46a490
Event: 49.711 Thread 0x000002397dfa4960 flushing  nmethod 0x000002396b46b590
Event: 49.711 Thread 0x000002397dfa4960 flushing  nmethod 0x000002396b46c010
Event: 49.711 Thread 0x000002397dfa4960 flushing  nmethod 0x000002396b46c490
Event: 49.711 Thread 0x000002397dfa4960 flushing  nmethod 0x000002396b46dc10
Event: 49.711 Thread 0x000002397dfa4960 flushing  nmethod 0x000002396b46e410
Event: 49.711 Thread 0x000002397dfa4960 flushing  nmethod 0x000002396b46f290
Event: 49.711 Thread 0x000002397dfa4960 flushing  nmethod 0x000002396b49e410

Events (20 events):
Event: 36.854 Thread 0x00000239464d5980 Thread exited: 0x00000239464d5980
Event: 39.416 Thread 0x00000239675d8400 Thread added: 0x00000239549cf330
Event: 39.994 Thread 0x00000239549cf330 Thread exited: 0x00000239549cf330
Event: 40.981 Thread 0x0000023946656d90 Thread added: 0x0000023953731b20
Event: 40.999 Thread 0x0000023946656d90 Thread added: 0x0000023953732840
Event: 41.087 Thread 0x00000239675d8400 Thread added: 0x00000239549cf330
Event: 41.212 Thread 0x0000023953732840 Thread exited: 0x0000023953732840
Event: 41.263 Thread 0x0000023946656d90 Thread added: 0x0000023953732840
Event: 41.267 Thread 0x0000023946656d90 Thread added: 0x0000023953731490
Event: 41.386 Thread 0x0000023953731490 Thread exited: 0x0000023953731490
Event: 41.394 Thread 0x0000023946656d90 Thread added: 0x0000023953732ed0
Event: 42.164 Thread 0x0000023946656d90 Thread added: 0x0000023953731490
Event: 42.168 Thread 0x0000023946656d90 Thread added: 0x0000023953735cc0
Event: 42.215 Thread 0x0000023953735cc0 Thread exited: 0x0000023953735cc0
Event: 42.222 Thread 0x0000023946656d90 Thread added: 0x0000023953735630
Event: 42.234 Thread 0x0000023946656d90 Thread added: 0x0000023953734280
Event: 44.384 Thread 0x00000239549cf330 Thread exited: 0x00000239549cf330
Event: 44.922 Thread 0x00000239675d78c0 Thread added: 0x00000239549d1c10
Event: 45.165 Thread 0x00000239549d1c10 Thread exited: 0x00000239549d1c10
Event: 50.662 Thread 0x00000239675d8400 Thread added: 0x00000239549ce590


Dynamic libraries:
0x00007ff6f1020000 - 0x00007ff6f102e000 	c:\Users\LENOVO\.vscode\extensions\redhat.java-1.44.0-win32-x64\jre\21.0.8-win32-x86_64\bin\java.exe
0x00007ff995a00000 - 0x00007ff995c67000 	C:\WINDOWS\SYSTEM32\ntdll.dll
0x00007ff994390000 - 0x00007ff994459000 	C:\WINDOWS\System32\KERNEL32.DLL
0x00007ff993250000 - 0x00007ff993640000 	C:\WINDOWS\System32\KERNELBASE.dll
0x00007ff992ed0000 - 0x00007ff99301b000 	C:\WINDOWS\System32\ucrtbase.dll
0x00007ff962710000 - 0x00007ff962728000 	c:\Users\LENOVO\.vscode\extensions\redhat.java-1.44.0-win32-x64\jre\21.0.8-win32-x86_64\bin\jli.dll
0x00007ff960d90000 - 0x00007ff960dae000 	c:\Users\LENOVO\.vscode\extensions\redhat.java-1.44.0-win32-x64\jre\21.0.8-win32-x86_64\bin\VCRUNTIME140.dll
0x00007ff993c70000 - 0x00007ff993e35000 	C:\WINDOWS\System32\USER32.dll
0x00007ff992c60000 - 0x00007ff992c87000 	C:\WINDOWS\System32\win32u.dll
0x00007ff994a20000 - 0x00007ff994a4b000 	C:\WINDOWS\System32\GDI32.dll
0x00007ff993650000 - 0x00007ff993788000 	C:\WINDOWS\System32\gdi32full.dll
0x00007ff9931a0000 - 0x00007ff993243000 	C:\WINDOWS\System32\msvcp_win.dll
0x00007ff97dd60000 - 0x00007ff97dffa000 	C:\WINDOWS\WinSxS\amd64_microsoft.windows.common-controls_6595b64144ccf1df_6.0.26100.4768_none_3e0c112ce331287c\COMCTL32.dll
0x00007ff993790000 - 0x00007ff993839000 	C:\WINDOWS\System32\msvcrt.dll
0x00007ff9938a0000 - 0x00007ff9938cf000 	C:\WINDOWS\System32\IMM32.DLL
0x00007ff9833b0000 - 0x00007ff9833bc000 	c:\Users\LENOVO\.vscode\extensions\redhat.java-1.44.0-win32-x64\jre\21.0.8-win32-x86_64\bin\vcruntime140_1.dll
0x00007ff8cc740000 - 0x00007ff8cc7cd000 	c:\Users\LENOVO\.vscode\extensions\redhat.java-1.44.0-win32-x64\jre\21.0.8-win32-x86_64\bin\msvcp140.dll
0x00007ff8cb9a0000 - 0x00007ff8cc737000 	c:\Users\LENOVO\.vscode\extensions\redhat.java-1.44.0-win32-x64\jre\21.0.8-win32-x86_64\bin\server\jvm.dll
0x00007ff994070000 - 0x00007ff994124000 	C:\WINDOWS\System32\ADVAPI32.dll
0x00007ff9946f0000 - 0x00007ff994796000 	C:\WINDOWS\System32\sechost.dll
0x00007ff993e40000 - 0x00007ff993f58000 	C:\WINDOWS\System32\RPCRT4.dll
0x00007ff994a50000 - 0x00007ff994ac4000 	C:\WINDOWS\System32\WS2_32.dll
0x00007ff992990000 - 0x00007ff9929ee000 	C:\WINDOWS\SYSTEM32\POWRPROF.dll
0x00007ff98b460000 - 0x00007ff98b495000 	C:\WINDOWS\SYSTEM32\WINMM.dll
0x00007ff98c160000 - 0x00007ff98c16b000 	C:\WINDOWS\SYSTEM32\VERSION.dll
0x00007ff992970000 - 0x00007ff992984000 	C:\WINDOWS\SYSTEM32\UMPDC.dll
0x00007ff991870000 - 0x00007ff99188b000 	C:\WINDOWS\SYSTEM32\kernel.appcore.dll
0x00007ff9829d0000 - 0x00007ff9829da000 	c:\Users\LENOVO\.vscode\extensions\redhat.java-1.44.0-win32-x64\jre\21.0.8-win32-x86_64\bin\jimage.dll
0x00007ff985750000 - 0x00007ff985991000 	C:\WINDOWS\SYSTEM32\DBGHELP.DLL
0x00007ff9938e0000 - 0x00007ff993c65000 	C:\WINDOWS\System32\combase.dll
0x00007ff994ad0000 - 0x00007ff994bb0000 	C:\WINDOWS\System32\OLEAUT32.dll
0x00007ff97fcd0000 - 0x00007ff97fd13000 	C:\WINDOWS\SYSTEM32\dbgcore.DLL
0x00007ff992b30000 - 0x00007ff992bc9000 	C:\WINDOWS\System32\bcryptPrimitives.dll
0x00007ff98db30000 - 0x00007ff98db3f000 	c:\Users\LENOVO\.vscode\extensions\redhat.java-1.44.0-win32-x64\jre\21.0.8-win32-x86_64\bin\instrument.dll
0x00007ff95e6d0000 - 0x00007ff95e6ef000 	c:\Users\LENOVO\.vscode\extensions\redhat.java-1.44.0-win32-x64\jre\21.0.8-win32-x86_64\bin\java.dll
0x00007ff994c60000 - 0x00007ff9953ad000 	C:\WINDOWS\System32\SHELL32.dll
0x00007ff992d50000 - 0x00007ff992ec3000 	C:\WINDOWS\System32\wintypes.dll
0x00007ff9906f0000 - 0x00007ff990f4f000 	C:\WINDOWS\SYSTEM32\windows.storage.dll
0x00007ff9947a0000 - 0x00007ff994895000 	C:\WINDOWS\System32\SHCORE.dll
0x00007ff994650000 - 0x00007ff9946ba000 	C:\WINDOWS\System32\shlwapi.dll
0x00007ff992a50000 - 0x00007ff992a79000 	C:\WINDOWS\SYSTEM32\profapi.dll
0x00007ff949f60000 - 0x00007ff949f78000 	c:\Users\LENOVO\.vscode\extensions\redhat.java-1.44.0-win32-x64\jre\21.0.8-win32-x86_64\bin\zip.dll
0x00007ff97b080000 - 0x00007ff97b090000 	C:\Users\LENOVO\.vscode\extensions\redhat.java-1.44.0-win32-x64\jre\21.0.8-win32-x86_64\bin\net.dll
0x00007ff98b330000 - 0x00007ff98b44e000 	C:\WINDOWS\SYSTEM32\WINHTTP.dll
0x00007ff991de0000 - 0x00007ff991e4b000 	C:\WINDOWS\system32\mswsock.dll
0x00007ff9480a0000 - 0x00007ff9480b6000 	C:\Users\LENOVO\.vscode\extensions\redhat.java-1.44.0-win32-x64\jre\21.0.8-win32-x86_64\bin\nio.dll
0x00007ff988db0000 - 0x00007ff988dc0000 	c:\Users\LENOVO\.vscode\extensions\redhat.java-1.44.0-win32-x64\jre\21.0.8-win32-x86_64\bin\verify.dll
0x00007ff980f80000 - 0x00007ff980fc5000 	C:\Users\LENOVO\AppData\Roaming\Code\User\globalStorage\redhat.java\1.44.0\config_win\org.eclipse.equinox.launcher\org.eclipse.equinox.launcher.win32.win32.x86_64_1.2.1400.v20250730-1736\eclipse_11913.dll
0x00007ff9941e0000 - 0x00007ff994380000 	C:\WINDOWS\System32\ole32.dll
0x00007ff9921c0000 - 0x00007ff9921db000 	C:\WINDOWS\SYSTEM32\CRYPTSP.dll
0x00007ff9917d0000 - 0x00007ff99180b000 	C:\WINDOWS\system32\rsaenh.dll
0x00007ff991e80000 - 0x00007ff991eab000 	C:\WINDOWS\SYSTEM32\USERENV.dll
0x00007ff992a20000 - 0x00007ff992a46000 	C:\WINDOWS\SYSTEM32\bcrypt.dll
0x00007ff992020000 - 0x00007ff99202c000 	C:\WINDOWS\SYSTEM32\CRYPTBASE.dll
0x00007ff991260000 - 0x00007ff991293000 	C:\WINDOWS\SYSTEM32\IPHLPAPI.DLL
0x00007ff994130000 - 0x00007ff99413a000 	C:\WINDOWS\System32\NSI.dll
0x00007ff966130000 - 0x00007ff966179000 	C:\Users\LENOVO\AppData\Local\Temp\jna--2053026509\jna2800882534149805743.dll
0x00007ff9941d0000 - 0x00007ff9941d8000 	C:\WINDOWS\System32\PSAPI.DLL
0x00007ff98b2c0000 - 0x00007ff98b2df000 	C:\WINDOWS\SYSTEM32\dhcpcsvc6.DLL
0x00007ff9891e0000 - 0x00007ff989205000 	C:\WINDOWS\SYSTEM32\dhcpcsvc.DLL
0x00007ff967300000 - 0x00007ff967327000 	C:\Users\LENOVO\.gradle\native\1def1411415f61bf3af743bc5b6707747c0891f09f0c88961ee8f79bc544acac\windows-amd64\native-platform.dll
0x00007ff97b040000 - 0x00007ff97b04a000 	C:\Users\LENOVO\.vscode\extensions\redhat.java-1.44.0-win32-x64\jre\21.0.8-win32-x86_64\bin\management.dll
0x00007ff97b030000 - 0x00007ff97b03b000 	C:\Users\LENOVO\.vscode\extensions\redhat.java-1.44.0-win32-x64\jre\21.0.8-win32-x86_64\bin\management_ext.dll

JVMTI agents:
c:\Users\LENOVO\.vscode\extensions\redhat.java-1.44.0-win32-x64\lombok\lombok-1.18.39-4050.jar path:c:\Users\LENOVO\.vscode\extensions\redhat.java-1.44.0-win32-x64\jre\21.0.8-win32-x86_64\bin\instrument.dll, loaded, initialized, instrumentlib options:none

dbghelp: loaded successfully - version: 4.0.5 - missing functions: none
symbol engine: initialized successfully - sym options: 0x614 - pdb path: .;c:\Users\LENOVO\.vscode\extensions\redhat.java-1.44.0-win32-x64\jre\21.0.8-win32-x86_64\bin;C:\WINDOWS\SYSTEM32;C:\WINDOWS\WinSxS\amd64_microsoft.windows.common-controls_6595b64144ccf1df_6.0.26100.4768_none_3e0c112ce331287c;c:\Users\LENOVO\.vscode\extensions\redhat.java-1.44.0-win32-x64\jre\21.0.8-win32-x86_64\bin\server;C:\Users\LENOVO\AppData\Roaming\Code\User\globalStorage\redhat.java\1.44.0\config_win\org.eclipse.equinox.launcher\org.eclipse.equinox.launcher.win32.win32.x86_64_1.2.1400.v20250730-1736;C:\Users\LENOVO\AppData\Local\Temp\jna--2053026509;C:\Users\LENOVO\.gradle\native\1def1411415f61bf3af743bc5b6707747c0891f09f0c88961ee8f79bc544acac\windows-amd64

VM Arguments:
jvm_args: --add-modules=ALL-SYSTEM --add-opens=java.base/java.util=ALL-UNNAMED --add-opens=java.base/java.lang=ALL-UNNAMED --add-opens=java.base/sun.nio.fs=ALL-UNNAMED -Declipse.application=org.eclipse.jdt.ls.core.id1 -Dosgi.bundles.defaultStartLevel=4 -Declipse.product=org.eclipse.jdt.ls.core.product -Djava.import.generatesMetadataFilesAtProjectRoot=false -DDetectVMInstallationsJob.disabled=true -Dfile.encoding=utf8 -XX:+UseParallelGC -XX:GCTimeRatio=4 -XX:AdaptiveSizePolicyWeight=90 -Dsun.zip.disableMemoryMapping=true -Xmx2G -Xms100m -Xlog:disable -javaagent:c:\Users\LENOVO\.vscode\extensions\redhat.java-1.44.0-win32-x64\lombok\lombok-1.18.39-4050.jar -XX:+HeapDumpOnOutOfMemoryError -XX:HeapDumpPath=c:\Users\LENOVO\AppData\Roaming\Code\User\workspaceStorage\8be49a76da1f213c61ae6fbbbcdb2b82\redhat.java -Daether.dependencyCollector.impl=bf 
java_command: c:\Users\LENOVO\.vscode\extensions\redhat.java-1.44.0-win32-x64\server\plugins\org.eclipse.equinox.launcher_1.7.0.v20250519-0528.jar -configuration c:\Users\LENOVO\AppData\Roaming\Code\User\globalStorage\redhat.java\1.44.0\config_win -data c:\Users\LENOVO\AppData\Roaming\Code\User\workspaceStorage\8be49a76da1f213c61ae6fbbbcdb2b82\redhat.java\jdt_ws --pipe=\\.\pipe\lsp-54f9ca6e621cab869594acea2acd5d9c-sock
java_class_path (initial): c:\Users\LENOVO\.vscode\extensions\redhat.java-1.44.0-win32-x64\server\plugins\org.eclipse.equinox.launcher_1.7.0.v20250519-0528.jar
Launcher Type: SUN_STANDARD

[Global flags]
    uintx AdaptiveSizePolicyWeight                 = 90                                        {product} {command line}
     intx CICompilerCount                          = 4                                         {product} {ergonomic}
    uintx GCTimeRatio                              = 4                                         {product} {command line}
     bool HeapDumpOnOutOfMemoryError               = true                                   {manageable} {command line}
    ccstr HeapDumpPath                             = c:\Users\LENOVO\AppData\Roaming\Code\User\workspaceStorage\8be49a76da1f213c61ae6fbbbcdb2b82\redhat.java         {manageable} {command line}
   size_t InitialHeapSize                          = 104857600                                 {product} {command line}
   size_t MaxHeapSize                              = 2147483648                                {product} {command line}
   size_t MaxNewSize                               = 715653120                                 {product} {ergonomic}
   size_t MinHeapDeltaBytes                        = 524288                                    {product} {ergonomic}
   size_t MinHeapSize                              = 104857600                                 {product} {command line}
   size_t NewSize                                  = 34603008                                  {product} {ergonomic}
    uintx NonNMethodCodeHeapSize                   = 5839372                                {pd product} {ergonomic}
    uintx NonProfiledCodeHeapSize                  = 122909434                              {pd product} {ergonomic}
   size_t OldSize                                  = 70254592                                  {product} {ergonomic}
    uintx ProfiledCodeHeapSize                     = 122909434                              {pd product} {ergonomic}
    uintx ReservedCodeCacheSize                    = 251658240                              {pd product} {ergonomic}
     bool SegmentedCodeCache                       = true                                      {product} {ergonomic}
   size_t SoftMaxHeapSize                          = 2147483648                             {manageable} {ergonomic}
     bool UseCompressedOops                        = true                           {product lp64_product} {ergonomic}
     bool UseLargePagesIndividualAllocation        = false                                  {pd product} {ergonomic}
     bool UseParallelGC                            = true                                      {product} {command line}

Logging:
Log output configuration:
 #0: stdout all=off uptime,level,tags foldmultilines=false
 #1: stderr all=off uptime,level,tags foldmultilines=false

Environment Variables:
JAVA_HOME=C:\Program Files\Eclipse Adoptium\jdk-17.0.12.7-hotspot\
PATH=C:\Program Files\Git\cmd;C:\Program Files\nodejs\;C:\Users\LENOVO\AppData\Roaming\npm;C:\Program Files\nodejs\;C:\Users\LENOVO\Downloads\apache-maven-3.9.9-bin\apache-maven-3.9.9\bin;C:\Users\LENOVO\AppData\Local\Programs\cursor\resources\app\bin;C:\Users\LENOVO\AppData\Local\Programs\Microsoft VS Code\bin;C:\Users\LENOVO\AppData\Roaming\npm;C:\Windows\System32;C:\Program Files\Microsoft SQL Server\Client SDK\ODBC\170\Tools\Binn\;C:\Program Files\dotnet\;C:\Program Files\Microsoft SQL Server\Client SDK\ODBC\130\Tools\Binn\;C:\Program Files\Microsoft SQL Server\150\Tools\Binn\;C:\Users\LENOVO\Downloads\apache-maven-3.9.9-bin\apache-maven-3.9.9\bin;C:\Users\LENOVO\AppData\Roaming\npm;C:\Users\LENOVO\AppData\Local\Programs\Microsoft VS Code\bin;C:\Users\LENOVO\AppData\Local\Programs\cursor\resources\app\bin;C:\Users\LENOVO\.dotnet\tools;C:\Users\LENOVO\AppData\Local\Programs\Windsurf\bin
USERNAME=LENOVO
OS=Windows_NT
PROCESSOR_IDENTIFIER=AMD64 Family 23 Model 104 Stepping 1, AuthenticAMD
TMP=C:\Users\LENOVO\AppData\Local\Temp
TEMP=C:\Users\LENOVO\AppData\Local\Temp




Periodic native trim disabled

---------------  S Y S T E M  ---------------

OS:
 Windows 11 , 64 bit Build 26100 (10.0.26100.4768)
OS uptime: 0 days 4:48 hours
Hyper-V role detected

CPU: total 12 (initial active 12) (12 cores per cpu, 2 threads per core) family 23 model 104 stepping 1 microcode 0x8608109, cx8, cmov, fxsr, ht, mmx, 3dnowpref, sse, sse2, sse3, ssse3, sse4a, sse4.1, sse4.2, popcnt, lzcnt, tsc, tscinvbit, avx, avx2, aes, clmul, bmi1, bmi2, adx, sha, fma, vzeroupper, clflush, clflushopt, hv, rdtscp, rdpid, f16c
Processor Information for the first 12 processors :
  Max Mhz: 2100, Current Mhz: 2100, Mhz Limit: 2100

Memory: 4k page, system-wide physical 5989M (514M free)
TotalPageFile size 24421M (AvailPageFile size 128M)
current process WorkingSet (physical memory assigned to process): 614M, peak: 727M
current process commit charge ("private bytes"): 663M, peak: 1695M

vm_info: OpenJDK 64-Bit Server VM (21.0.8+9-LTS) for windows-amd64 JRE (21.0.8+9-LTS), built on 2025-07-15T00:00:00Z by "admin" with MS VC++ 17.7 (VS2022)

END.
