#
# There is insufficient memory for the Java Runtime Environment to continue.
# Native memory allocation (malloc) failed to allocate 1097216 bytes. Error detail: Chunk::new
# Possible reasons:
#   The system is out of physical RAM or swap space
#   This process is running with CompressedOops enabled, and the Java Heap may be blocking the growth of the native heap
# Possible solutions:
#   Reduce memory load on the system
#   Increase physical memory or swap space
#   Check if swap backing store is full
#   Decrease Java heap size (-Xmx/-Xms)
#   Decrease number of Java threads
#   Decrease Java thread stack sizes (-Xss)
#   Set larger code cache with -XX:ReservedCodeCacheSize=
#   JVM is running with Unscaled Compressed Oops mode in which the Java heap is
#     placed in the first 4GB address space. The Java Heap base address is the
#     maximum limit for the native heap growth. Please use -XX:HeapBaseMinAddress
#     to set the Java Heap base and to place the Java Heap above 4GB virtual address.
# This output file may be truncated or incomplete.
#
#  Out of Memory Error (arena.cpp:191), pid=23284, tid=27532
#
# JRE version: OpenJDK Runtime Environment Temurin-17.0.12+7 (17.0.12+7) (build 17.0.12+7)
# Java VM: OpenJDK 64-Bit Server VM Temurin-17.0.12+7 (17.0.12+7, mixed mode, sharing, tiered, compressed oops, compressed class ptrs, g1 gc, windows-amd64)
# No core dump will be written. Minidumps are not enabled by default on client versions of Windows
#

---------------  S U M M A R Y ------------

Command Line: --add-opens=java.base/java.lang=ALL-UNNAMED --add-opens=java.base/java.lang.invoke=ALL-UNNAMED --add-opens=java.base/java.util=ALL-UNNAMED --add-opens=java.prefs/java.util.prefs=ALL-UNNAMED --add-exports=jdk.compiler/com.sun.tools.javac.api=ALL-UNNAMED --add-exports=jdk.compiler/com.sun.tools.javac.util=ALL-UNNAMED --add-opens=java.base/java.util=ALL-UNNAMED --add-opens=java.prefs/java.util.prefs=ALL-UNNAMED --add-opens=java.base/java.nio.charset=ALL-UNNAMED --add-opens=java.base/java.net=ALL-UNNAMED --add-opens=java.base/java.util.concurrent.atomic=ALL-UNNAMED --add-opens=java.xml/javax.xml.namespace=ALL-UNNAMED -XX:MaxMetaspaceSize=384m -XX:+HeapDumpOnOutOfMemoryError -Xms256m -Xmx512m -Dfile.encoding=UTF-8 -Duser.country=US -Duser.language=en -Duser.variant -javaagent:C:\Users\LENOVO\.gradle\wrapper\dists\gradle-8.14.3-bin\cv11ve7ro1n3o1j4so8xd9n66\gradle-8.14.3\lib\agents\gradle-instrumentation-agent-8.14.3.jar org.gradle.launcher.daemon.bootstrap.GradleDaemon 8.14.3

Host: AMD Ryzen 5 5500U with Radeon Graphics         , 12 cores, 5G,  Windows 11 , 64 bit Build 26100 (10.0.26100.4768)
Time: Thu Aug  7 16:43:06 2025 India Standard Time elapsed time: 28.149329 seconds (0d 0h 0m 28s)

---------------  T H R E A D  ---------------

Current thread (0x000001f4f26b95d0):  JavaThread "C2 CompilerThread1" daemon [_thread_in_native, id=27532, stack(0x000000f203a00000,0x000000f203b00000)]


Current CompileTask:
C2:  28149 3250   !   4       java.lang.ClassLoader::loadClass (121 bytes)

Stack: [0x000000f203a00000,0x000000f203b00000]
Native frames: (J=compiled Java code, j=interpreted, Vv=VM code, C=native code)
V  [jvm.dll+0x67f929]
V  [jvm.dll+0x8371ba]
V  [jvm.dll+0x838c7e]
V  [jvm.dll+0x8392e3]
V  [jvm.dll+0x24834f]
V  [jvm.dll+0xac9d4]
V  [jvm.dll+0xad01c]
V  [jvm.dll+0x2af96f]
V  [jvm.dll+0x5868d7]
V  [jvm.dll+0x2231c2]
V  [jvm.dll+0x2235bf]
V  [jvm.dll+0x21c6e0]
V  [jvm.dll+0x219be1]
V  [jvm.dll+0x1a58bd]
V  [jvm.dll+0x229a2d]
V  [jvm.dll+0x227bdc]
V  [jvm.dll+0x7ec1f7]
V  [jvm.dll+0x7e65dc]
V  [jvm.dll+0x67e7f7]
C  [ucrtbase.dll+0x37b0]
C  [KERNEL32.DLL+0x2e8d7]
C  [ntdll.dll+0x3c34c]


---------------  P R O C E S S  ---------------

Threads class SMR info:
_java_thread_list=0x000001f4ef8a5490, length=33, elements={
0x000001f4ba58d870, 0x000001f4d5567280, 0x000001f4d5569060, 0x000001f4d5578ee0,
0x000001f4d55799b0, 0x000001f4d557ce00, 0x000001f4d557f250, 0x000001f4d5581d80,
0x000001f4d5582740, 0x000001f4d5584360, 0x000001f4d5554520, 0x000001f4d5925e60,
0x000001f4efa6c1c0, 0x000001f4d59f5610, 0x000001f4ef1508d0, 0x000001f4d5a3dc50,
0x000001f4d5a37660, 0x000001f4ef916f30, 0x000001f4ef9192a0, 0x000001f4ef9197b0,
0x000001f4ef919cc0, 0x000001f4ef918880, 0x000001f4ef916a20, 0x000001f4ef91a1d0,
0x000001f4ef917950, 0x000001f4f2121120, 0x000001f4f2121630, 0x000001f4f211f7d0,
0x000001f4f211e390, 0x000001f4f211de80, 0x000001f4f211e8a0, 0x000001f4f211fce0,
0x000001f4f26b95d0
}

Java Threads: ( => current thread )
  0x000001f4ba58d870 JavaThread "main" [_thread_blocked, id=27752, stack(0x000000f200800000,0x000000f200900000)]
  0x000001f4d5567280 JavaThread "Reference Handler" daemon [_thread_blocked, id=24664, stack(0x000000f200f00000,0x000000f201000000)]
  0x000001f4d5569060 JavaThread "Finalizer" daemon [_thread_blocked, id=12760, stack(0x000000f201000000,0x000000f201100000)]
  0x000001f4d5578ee0 JavaThread "Signal Dispatcher" daemon [_thread_blocked, id=22448, stack(0x000000f201100000,0x000000f201200000)]
  0x000001f4d55799b0 JavaThread "Attach Listener" daemon [_thread_blocked, id=27936, stack(0x000000f201200000,0x000000f201300000)]
  0x000001f4d557ce00 JavaThread "Service Thread" daemon [_thread_blocked, id=17148, stack(0x000000f201300000,0x000000f201400000)]
  0x000001f4d557f250 JavaThread "Monitor Deflation Thread" daemon [_thread_blocked, id=26584, stack(0x000000f201400000,0x000000f201500000)]
  0x000001f4d5581d80 JavaThread "C2 CompilerThread0" daemon [_thread_in_native, id=1612, stack(0x000000f201500000,0x000000f201600000)]
  0x000001f4d5582740 JavaThread "C1 CompilerThread0" daemon [_thread_blocked, id=24996, stack(0x000000f201600000,0x000000f201700000)]
  0x000001f4d5584360 JavaThread "Sweeper thread" daemon [_thread_blocked, id=28668, stack(0x000000f201700000,0x000000f201800000)]
  0x000001f4d5554520 JavaThread "Common-Cleaner" daemon [_thread_blocked, id=14108, stack(0x000000f201800000,0x000000f201900000)]
  0x000001f4d5925e60 JavaThread "Notification Thread" daemon [_thread_blocked, id=27976, stack(0x000000f201900000,0x000000f201a00000)]
  0x000001f4efa6c1c0 JavaThread "Daemon health stats" [_thread_blocked, id=28424, stack(0x000000f202000000,0x000000f202100000)]
  0x000001f4d59f5610 JavaThread "Incoming local TCP Connector on port 58158" [_thread_in_native, id=9320, stack(0x000000f202100000,0x000000f202200000)]
  0x000001f4ef1508d0 JavaThread "Daemon periodic checks" [_thread_blocked, id=25620, stack(0x000000f202200000,0x000000f202300000)]
  0x000001f4d5a3dc50 JavaThread "Daemon" [_thread_blocked, id=27460, stack(0x000000f202300000,0x000000f202400000)]
  0x000001f4d5a37660 JavaThread "Handler for socket connection from /127.0.0.1:58158 to /127.0.0.1:58159" [_thread_in_native, id=20584, stack(0x000000f202400000,0x000000f202500000)]
  0x000001f4ef916f30 JavaThread "Cancel handler" [_thread_blocked, id=14268, stack(0x000000f202500000,0x000000f202600000)]
  0x000001f4ef9192a0 JavaThread "Daemon worker" [_thread_in_Java, id=392, stack(0x000000f202600000,0x000000f202700000)]
  0x000001f4ef9197b0 JavaThread "Asynchronous log dispatcher for DefaultDaemonConnection: socket connection from /127.0.0.1:58158 to /127.0.0.1:58159" [_thread_blocked, id=25004, stack(0x000000f202700000,0x000000f202800000)]
  0x000001f4ef919cc0 JavaThread "Stdin handler" [_thread_blocked, id=10620, stack(0x000000f202800000,0x000000f202900000)]
  0x000001f4ef918880 JavaThread "Daemon client event forwarder" [_thread_blocked, id=15264, stack(0x000000f202900000,0x000000f202a00000)]
  0x000001f4ef916a20 JavaThread "Cache worker for journal cache (C:\Users\LENOVO\.gradle\caches\journal-1)" [_thread_blocked, id=7228, stack(0x000000f202a00000,0x000000f202b00000)]
  0x000001f4ef91a1d0 JavaThread "File lock request listener" [_thread_in_native, id=4848, stack(0x000000f202b00000,0x000000f202c00000)]
  0x000001f4ef917950 JavaThread "Cache worker for file hash cache (C:\Users\LENOVO\.gradle\caches\8.14.3\fileHashes)" [_thread_blocked, id=1540, stack(0x000000f202d00000,0x000000f202e00000)]
  0x000001f4f2121120 JavaThread "Cache worker for file hash cache (C:\Users\LENOVO\Desktop\PGVaale\backend\.gradle\8.14.3\fileHashes)" [_thread_blocked, id=9636, stack(0x000000f202c00000,0x000000f202d00000)]
  0x000001f4f2121630 JavaThread "Cache worker for Build Output Cleanup Cache (C:\Users\LENOVO\Desktop\PGVaale\backend\.gradle\buildOutputCleanup)" [_thread_blocked, id=12704, stack(0x000000f202e00000,0x000000f202f00000)]
  0x000001f4f211f7d0 JavaThread "File watcher server" daemon [_thread_in_native, id=3220, stack(0x000000f203600000,0x000000f203700000)]
  0x000001f4f211e390 JavaThread "File watcher consumer" daemon [_thread_blocked, id=26068, stack(0x000000f203700000,0x000000f203800000)]
  0x000001f4f211de80 JavaThread "jar transforms" [_thread_blocked, id=28228, stack(0x000000f203500000,0x000000f203600000)]
  0x000001f4f211e8a0 JavaThread "jar transforms Thread 2" [_thread_blocked, id=24284, stack(0x000000f203800000,0x000000f203900000)]
  0x000001f4f211fce0 JavaThread "jar transforms Thread 3" [_thread_blocked, id=13392, stack(0x000000f203900000,0x000000f203a00000)]
=>0x000001f4f26b95d0 JavaThread "C2 CompilerThread1" daemon [_thread_in_native, id=27532, stack(0x000000f203a00000,0x000000f203b00000)]

Other Threads:
  0x000001f4d5562a10 VMThread "VM Thread" [stack: 0x000000f200e00000,0x000000f200f00000] [id=23916]
  0x000001f4d5926340 WatcherThread [stack: 0x000000f201a00000,0x000000f201b00000] [id=27584]
  0x000001f4ba5c01d0 GCTaskThread "GC Thread#0" [stack: 0x000000f200900000,0x000000f200a00000] [id=25332]
  0x000001f4d5a601f0 GCTaskThread "GC Thread#1" [stack: 0x000000f201b00000,0x000000f201c00000] [id=28496]
  0x000001f4d5a604b0 GCTaskThread "GC Thread#2" [stack: 0x000000f201c00000,0x000000f201d00000] [id=5700]
  0x000001f4d5a60770 GCTaskThread "GC Thread#3" [stack: 0x000000f201d00000,0x000000f201e00000] [id=24860]
  0x000001f4d5a60a30 GCTaskThread "GC Thread#4" [stack: 0x000000f201e00000,0x000000f201f00000] [id=408]
  0x000001f4d5aa3890 GCTaskThread "GC Thread#5" [stack: 0x000000f201f00000,0x000000f202000000] [id=24924]
  0x000001f4f1b6d5b0 GCTaskThread "GC Thread#6" [stack: 0x000000f202f00000,0x000000f203000000] [id=25088]
  0x000001f4f1b6d2f0 GCTaskThread "GC Thread#7" [stack: 0x000000f203000000,0x000000f203100000] [id=5936]
  0x000001f4f1b6d870 GCTaskThread "GC Thread#8" [stack: 0x000000f203100000,0x000000f203200000] [id=11512]
  0x000001f4f1b6db30 GCTaskThread "GC Thread#9" [stack: 0x000000f203200000,0x000000f203300000] [id=17828]
  0x000001f4b82cc230 ConcurrentGCThread "G1 Main Marker" [stack: 0x000000f200a00000,0x000000f200b00000] [id=28104]
  0x000001f4b82ce400 ConcurrentGCThread "G1 Conc#0" [stack: 0x000000f200b00000,0x000000f200c00000] [id=28068]
  0x000001f4f1b6ddf0 ConcurrentGCThread "G1 Conc#1" [stack: 0x000000f203300000,0x000000f203400000] [id=25912]
  0x000001f4f1b6e630 ConcurrentGCThread "G1 Conc#2" [stack: 0x000000f203400000,0x000000f203500000] [id=24068]
  0x000001f4ba63dc70 ConcurrentGCThread "G1 Refine#0" [stack: 0x000000f200c00000,0x000000f200d00000] [id=28088]
  0x000001f4ba63e450 ConcurrentGCThread "G1 Service" [stack: 0x000000f200d00000,0x000000f200e00000] [id=6768]

Threads with active compile tasks:
C2 CompilerThread0    28225 3293       4       java.lang.Class::getAnnotation (22 bytes)
C2 CompilerThread1    28225 3250   !   4       java.lang.ClassLoader::loadClass (121 bytes)

VM state: not at safepoint (normal execution)

VM Mutex/Monitor currently owned by a thread: None

Heap address: 0x00000000e0000000, size: 512 MB, Compressed Oops mode: 32-bit

CDS archive(s) mapped at: [0x000001f4d6000000-0x000001f4d6bb0000-0x000001f4d6bb0000), size 12255232, SharedBaseAddress: 0x000001f4d6000000, ArchiveRelocationMode: 1.
Compressed class space mapped at: 0x000001f4d7000000-0x000001f4eb000000, reserved size: 335544320
Narrow klass base: 0x000001f4d6000000, Narrow klass shift: 0, Narrow klass range: 0x100000000

GC Precious Log:
 CPUs: 12 total, 12 available
 Memory: 5989M
 Large Page Support: Disabled
 NUMA Support: Disabled
 Compressed Oops: Enabled (32-bit)
 Heap Region Size: 1M
 Heap Min Capacity: 256M
 Heap Initial Capacity: 256M
 Heap Max Capacity: 512M
 Pre-touch: Disabled
 Parallel Workers: 10
 Concurrent Workers: 3
 Concurrent Refinement Workers: 10
 Periodic GC: Disabled

Heap:
 garbage-first heap   total 262144K, used 59123K [0x00000000e0000000, 0x0000000100000000)
  region size 1024K, 48 young (49152K), 12 survivors (12288K)
 Metaspace       used 25476K, committed 25920K, reserved 393216K
  class space    used 3738K, committed 3968K, reserved 327680K

Heap Regions: E=young(eden), S=young(survivor), O=old, HS=humongous(starts), HC=humongous(continues), CS=collection set, F=free, OA=open archive, CA=closed archive, TAMS=top-at-mark-start (previous, next)
|   0|0x00000000e0000000, 0x00000000e0100000, 0x00000000e0100000|100%|HS|  |TAMS 0x00000000e0100000, 0x00000000e0000000| Complete 
|   1|0x00000000e0100000, 0x00000000e0200000, 0x00000000e0200000|100%|HC|  |TAMS 0x00000000e0200000, 0x00000000e0100000| Complete 
|   2|0x00000000e0200000, 0x00000000e0300000, 0x00000000e0300000|100%|HC|  |TAMS 0x00000000e0300000, 0x00000000e0200000| Complete 
|   3|0x00000000e0300000, 0x00000000e0400000, 0x00000000e0400000|100%| O|  |TAMS 0x00000000e0400000, 0x00000000e0300000| Untracked 
|   4|0x00000000e0400000, 0x00000000e0500000, 0x00000000e0500000|100%| O|  |TAMS 0x00000000e0500000, 0x00000000e0400000| Untracked 
|   5|0x00000000e0500000, 0x00000000e0600000, 0x00000000e0600000|100%| O|  |TAMS 0x00000000e0600000, 0x00000000e0500000| Untracked 
|   6|0x00000000e0600000, 0x00000000e0700000, 0x00000000e0700000|100%| O|  |TAMS 0x00000000e0700000, 0x00000000e0600000| Untracked 
|   7|0x00000000e0700000, 0x00000000e0800000, 0x00000000e0800000|100%|HS|  |TAMS 0x00000000e0800000, 0x00000000e0700000| Complete 
|   8|0x00000000e0800000, 0x00000000e0800000, 0x00000000e0900000|  0%| F|  |TAMS 0x00000000e0800000, 0x00000000e0800000| Untracked 
|   9|0x00000000e0900000, 0x00000000e0a00000, 0x00000000e0a00000|100%| O|  |TAMS 0x00000000e0a00000, 0x00000000e0900000| Untracked 
|  10|0x00000000e0a00000, 0x00000000e0b00000, 0x00000000e0b00000|100%| O|  |TAMS 0x00000000e0b00000, 0x00000000e0a00000| Untracked 
|  11|0x00000000e0b00000, 0x00000000e0c00000, 0x00000000e0c00000|100%| O|  |TAMS 0x00000000e0c00000, 0x00000000e0b00000| Complete 
|  12|0x00000000e0c00000, 0x00000000e0cef800, 0x00000000e0d00000| 93%| O|  |TAMS 0x00000000e0cef800, 0x00000000e0c00000| Untracked 
|  13|0x00000000e0d00000, 0x00000000e0d00000, 0x00000000e0e00000|  0%| F|  |TAMS 0x00000000e0d00000, 0x00000000e0d00000| Untracked 
|  14|0x00000000e0e00000, 0x00000000e0e00000, 0x00000000e0f00000|  0%| F|  |TAMS 0x00000000e0e00000, 0x00000000e0e00000| Untracked 
|  15|0x00000000e0f00000, 0x00000000e0f00000, 0x00000000e1000000|  0%| F|  |TAMS 0x00000000e0f00000, 0x00000000e0f00000| Untracked 
|  16|0x00000000e1000000, 0x00000000e1000000, 0x00000000e1100000|  0%| F|  |TAMS 0x00000000e1000000, 0x00000000e1000000| Untracked 
|  17|0x00000000e1100000, 0x00000000e1100000, 0x00000000e1200000|  0%| F|  |TAMS 0x00000000e1100000, 0x00000000e1100000| Untracked 
|  18|0x00000000e1200000, 0x00000000e1200000, 0x00000000e1300000|  0%| F|  |TAMS 0x00000000e1200000, 0x00000000e1200000| Untracked 
|  19|0x00000000e1300000, 0x00000000e1300000, 0x00000000e1400000|  0%| F|  |TAMS 0x00000000e1300000, 0x00000000e1300000| Untracked 
|  20|0x00000000e1400000, 0x00000000e1400000, 0x00000000e1500000|  0%| F|  |TAMS 0x00000000e1400000, 0x00000000e1400000| Untracked 
|  21|0x00000000e1500000, 0x00000000e1500000, 0x00000000e1600000|  0%| F|  |TAMS 0x00000000e1500000, 0x00000000e1500000| Untracked 
|  22|0x00000000e1600000, 0x00000000e1600000, 0x00000000e1700000|  0%| F|  |TAMS 0x00000000e1600000, 0x00000000e1600000| Untracked 
|  23|0x00000000e1700000, 0x00000000e1700000, 0x00000000e1800000|  0%| F|  |TAMS 0x00000000e1700000, 0x00000000e1700000| Untracked 
|  24|0x00000000e1800000, 0x00000000e1800000, 0x00000000e1900000|  0%| F|  |TAMS 0x00000000e1800000, 0x00000000e1800000| Untracked 
|  25|0x00000000e1900000, 0x00000000e1900000, 0x00000000e1a00000|  0%| F|  |TAMS 0x00000000e1900000, 0x00000000e1900000| Untracked 
|  26|0x00000000e1a00000, 0x00000000e1a00000, 0x00000000e1b00000|  0%| F|  |TAMS 0x00000000e1a00000, 0x00000000e1a00000| Untracked 
|  27|0x00000000e1b00000, 0x00000000e1b00000, 0x00000000e1c00000|  0%| F|  |TAMS 0x00000000e1b00000, 0x00000000e1b00000| Untracked 
|  28|0x00000000e1c00000, 0x00000000e1c00000, 0x00000000e1d00000|  0%| F|  |TAMS 0x00000000e1c00000, 0x00000000e1c00000| Untracked 
|  29|0x00000000e1d00000, 0x00000000e1d00000, 0x00000000e1e00000|  0%| F|  |TAMS 0x00000000e1d00000, 0x00000000e1d00000| Untracked 
|  30|0x00000000e1e00000, 0x00000000e1e00000, 0x00000000e1f00000|  0%| F|  |TAMS 0x00000000e1e00000, 0x00000000e1e00000| Untracked 
|  31|0x00000000e1f00000, 0x00000000e1f00000, 0x00000000e2000000|  0%| F|  |TAMS 0x00000000e1f00000, 0x00000000e1f00000| Untracked 
|  32|0x00000000e2000000, 0x00000000e2000000, 0x00000000e2100000|  0%| F|  |TAMS 0x00000000e2000000, 0x00000000e2000000| Untracked 
|  33|0x00000000e2100000, 0x00000000e2100000, 0x00000000e2200000|  0%| F|  |TAMS 0x00000000e2100000, 0x00000000e2100000| Untracked 
|  34|0x00000000e2200000, 0x00000000e2200000, 0x00000000e2300000|  0%| F|  |TAMS 0x00000000e2200000, 0x00000000e2200000| Untracked 
|  35|0x00000000e2300000, 0x00000000e2300000, 0x00000000e2400000|  0%| F|  |TAMS 0x00000000e2300000, 0x00000000e2300000| Untracked 
|  36|0x00000000e2400000, 0x00000000e2400000, 0x00000000e2500000|  0%| F|  |TAMS 0x00000000e2400000, 0x00000000e2400000| Untracked 
|  37|0x00000000e2500000, 0x00000000e2500000, 0x00000000e2600000|  0%| F|  |TAMS 0x00000000e2500000, 0x00000000e2500000| Untracked 
|  38|0x00000000e2600000, 0x00000000e2600000, 0x00000000e2700000|  0%| F|  |TAMS 0x00000000e2600000, 0x00000000e2600000| Untracked 
|  39|0x00000000e2700000, 0x00000000e2700000, 0x00000000e2800000|  0%| F|  |TAMS 0x00000000e2700000, 0x00000000e2700000| Untracked 
|  40|0x00000000e2800000, 0x00000000e2800000, 0x00000000e2900000|  0%| F|  |TAMS 0x00000000e2800000, 0x00000000e2800000| Untracked 
|  41|0x00000000e2900000, 0x00000000e2900000, 0x00000000e2a00000|  0%| F|  |TAMS 0x00000000e2900000, 0x00000000e2900000| Untracked 
|  42|0x00000000e2a00000, 0x00000000e2a00000, 0x00000000e2b00000|  0%| F|  |TAMS 0x00000000e2a00000, 0x00000000e2a00000| Untracked 
|  43|0x00000000e2b00000, 0x00000000e2b00000, 0x00000000e2c00000|  0%| F|  |TAMS 0x00000000e2b00000, 0x00000000e2b00000| Untracked 
|  44|0x00000000e2c00000, 0x00000000e2c00000, 0x00000000e2d00000|  0%| F|  |TAMS 0x00000000e2c00000, 0x00000000e2c00000| Untracked 
|  45|0x00000000e2d00000, 0x00000000e2d00000, 0x00000000e2e00000|  0%| F|  |TAMS 0x00000000e2d00000, 0x00000000e2d00000| Untracked 
|  46|0x00000000e2e00000, 0x00000000e2e00000, 0x00000000e2f00000|  0%| F|  |TAMS 0x00000000e2e00000, 0x00000000e2e00000| Untracked 
|  47|0x00000000e2f00000, 0x00000000e2f00000, 0x00000000e3000000|  0%| F|  |TAMS 0x00000000e2f00000, 0x00000000e2f00000| Untracked 
|  48|0x00000000e3000000, 0x00000000e3000000, 0x00000000e3100000|  0%| F|  |TAMS 0x00000000e3000000, 0x00000000e3000000| Untracked 
|  49|0x00000000e3100000, 0x00000000e3100000, 0x00000000e3200000|  0%| F|  |TAMS 0x00000000e3100000, 0x00000000e3100000| Untracked 
|  50|0x00000000e3200000, 0x00000000e3200000, 0x00000000e3300000|  0%| F|  |TAMS 0x00000000e3200000, 0x00000000e3200000| Untracked 
|  51|0x00000000e3300000, 0x00000000e3300000, 0x00000000e3400000|  0%| F|  |TAMS 0x00000000e3300000, 0x00000000e3300000| Untracked 
|  52|0x00000000e3400000, 0x00000000e3400000, 0x00000000e3500000|  0%| F|  |TAMS 0x00000000e3400000, 0x00000000e3400000| Untracked 
|  53|0x00000000e3500000, 0x00000000e3500000, 0x00000000e3600000|  0%| F|  |TAMS 0x00000000e3500000, 0x00000000e3500000| Untracked 
|  54|0x00000000e3600000, 0x00000000e3600000, 0x00000000e3700000|  0%| F|  |TAMS 0x00000000e3600000, 0x00000000e3600000| Untracked 
|  55|0x00000000e3700000, 0x00000000e3700000, 0x00000000e3800000|  0%| F|  |TAMS 0x00000000e3700000, 0x00000000e3700000| Untracked 
|  56|0x00000000e3800000, 0x00000000e3800000, 0x00000000e3900000|  0%| F|  |TAMS 0x00000000e3800000, 0x00000000e3800000| Untracked 
|  57|0x00000000e3900000, 0x00000000e3900000, 0x00000000e3a00000|  0%| F|  |TAMS 0x00000000e3900000, 0x00000000e3900000| Untracked 
|  58|0x00000000e3a00000, 0x00000000e3a00000, 0x00000000e3b00000|  0%| F|  |TAMS 0x00000000e3a00000, 0x00000000e3a00000| Untracked 
|  59|0x00000000e3b00000, 0x00000000e3b00000, 0x00000000e3c00000|  0%| F|  |TAMS 0x00000000e3b00000, 0x00000000e3b00000| Untracked 
|  60|0x00000000e3c00000, 0x00000000e3c00000, 0x00000000e3d00000|  0%| F|  |TAMS 0x00000000e3c00000, 0x00000000e3c00000| Untracked 
|  61|0x00000000e3d00000, 0x00000000e3d00000, 0x00000000e3e00000|  0%| F|  |TAMS 0x00000000e3d00000, 0x00000000e3d00000| Untracked 
|  62|0x00000000e3e00000, 0x00000000e3e00000, 0x00000000e3f00000|  0%| F|  |TAMS 0x00000000e3e00000, 0x00000000e3e00000| Untracked 
|  63|0x00000000e3f00000, 0x00000000e3f00000, 0x00000000e4000000|  0%| F|  |TAMS 0x00000000e3f00000, 0x00000000e3f00000| Untracked 
|  64|0x00000000e4000000, 0x00000000e4000000, 0x00000000e4100000|  0%| F|  |TAMS 0x00000000e4000000, 0x00000000e4000000| Untracked 
|  65|0x00000000e4100000, 0x00000000e4100000, 0x00000000e4200000|  0%| F|  |TAMS 0x00000000e4100000, 0x00000000e4100000| Untracked 
|  66|0x00000000e4200000, 0x00000000e4200000, 0x00000000e4300000|  0%| F|  |TAMS 0x00000000e4200000, 0x00000000e4200000| Untracked 
|  67|0x00000000e4300000, 0x00000000e4300000, 0x00000000e4400000|  0%| F|  |TAMS 0x00000000e4300000, 0x00000000e4300000| Untracked 
|  68|0x00000000e4400000, 0x00000000e4400000, 0x00000000e4500000|  0%| F|  |TAMS 0x00000000e4400000, 0x00000000e4400000| Untracked 
|  69|0x00000000e4500000, 0x00000000e4500000, 0x00000000e4600000|  0%| F|  |TAMS 0x00000000e4500000, 0x00000000e4500000| Untracked 
|  70|0x00000000e4600000, 0x00000000e4600000, 0x00000000e4700000|  0%| F|  |TAMS 0x00000000e4600000, 0x00000000e4600000| Untracked 
|  71|0x00000000e4700000, 0x00000000e4700000, 0x00000000e4800000|  0%| F|  |TAMS 0x00000000e4700000, 0x00000000e4700000| Untracked 
|  72|0x00000000e4800000, 0x00000000e4800000, 0x00000000e4900000|  0%| F|  |TAMS 0x00000000e4800000, 0x00000000e4800000| Untracked 
|  73|0x00000000e4900000, 0x00000000e4900000, 0x00000000e4a00000|  0%| F|  |TAMS 0x00000000e4900000, 0x00000000e4900000| Untracked 
|  74|0x00000000e4a00000, 0x00000000e4a00000, 0x00000000e4b00000|  0%| F|  |TAMS 0x00000000e4a00000, 0x00000000e4a00000| Untracked 
|  75|0x00000000e4b00000, 0x00000000e4b00000, 0x00000000e4c00000|  0%| F|  |TAMS 0x00000000e4b00000, 0x00000000e4b00000| Untracked 
|  76|0x00000000e4c00000, 0x00000000e4c00000, 0x00000000e4d00000|  0%| F|  |TAMS 0x00000000e4c00000, 0x00000000e4c00000| Untracked 
|  77|0x00000000e4d00000, 0x00000000e4d00000, 0x00000000e4e00000|  0%| F|  |TAMS 0x00000000e4d00000, 0x00000000e4d00000| Untracked 
|  78|0x00000000e4e00000, 0x00000000e4e00000, 0x00000000e4f00000|  0%| F|  |TAMS 0x00000000e4e00000, 0x00000000e4e00000| Untracked 
|  79|0x00000000e4f00000, 0x00000000e4f00000, 0x00000000e5000000|  0%| F|  |TAMS 0x00000000e4f00000, 0x00000000e4f00000| Untracked 
|  80|0x00000000e5000000, 0x00000000e5000000, 0x00000000e5100000|  0%| F|  |TAMS 0x00000000e5000000, 0x00000000e5000000| Untracked 
|  81|0x00000000e5100000, 0x00000000e5100000, 0x00000000e5200000|  0%| F|  |TAMS 0x00000000e5100000, 0x00000000e5100000| Untracked 
|  82|0x00000000e5200000, 0x00000000e5200000, 0x00000000e5300000|  0%| F|  |TAMS 0x00000000e5200000, 0x00000000e5200000| Untracked 
|  83|0x00000000e5300000, 0x00000000e5300000, 0x00000000e5400000|  0%| F|  |TAMS 0x00000000e5300000, 0x00000000e5300000| Untracked 
|  84|0x00000000e5400000, 0x00000000e5400000, 0x00000000e5500000|  0%| F|  |TAMS 0x00000000e5400000, 0x00000000e5400000| Untracked 
|  85|0x00000000e5500000, 0x00000000e5500000, 0x00000000e5600000|  0%| F|  |TAMS 0x00000000e5500000, 0x00000000e5500000| Untracked 
|  86|0x00000000e5600000, 0x00000000e5600000, 0x00000000e5700000|  0%| F|  |TAMS 0x00000000e5600000, 0x00000000e5600000| Untracked 
|  87|0x00000000e5700000, 0x00000000e5700000, 0x00000000e5800000|  0%| F|  |TAMS 0x00000000e5700000, 0x00000000e5700000| Untracked 
|  88|0x00000000e5800000, 0x00000000e5800000, 0x00000000e5900000|  0%| F|  |TAMS 0x00000000e5800000, 0x00000000e5800000| Untracked 
|  89|0x00000000e5900000, 0x00000000e5900000, 0x00000000e5a00000|  0%| F|  |TAMS 0x00000000e5900000, 0x00000000e5900000| Untracked 
|  90|0x00000000e5a00000, 0x00000000e5a00000, 0x00000000e5b00000|  0%| F|  |TAMS 0x00000000e5a00000, 0x00000000e5a00000| Untracked 
|  91|0x00000000e5b00000, 0x00000000e5b00000, 0x00000000e5c00000|  0%| F|  |TAMS 0x00000000e5b00000, 0x00000000e5b00000| Untracked 
|  92|0x00000000e5c00000, 0x00000000e5c00000, 0x00000000e5d00000|  0%| F|  |TAMS 0x00000000e5c00000, 0x00000000e5c00000| Untracked 
|  93|0x00000000e5d00000, 0x00000000e5d00000, 0x00000000e5e00000|  0%| F|  |TAMS 0x00000000e5d00000, 0x00000000e5d00000| Untracked 
|  94|0x00000000e5e00000, 0x00000000e5e00000, 0x00000000e5f00000|  0%| F|  |TAMS 0x00000000e5e00000, 0x00000000e5e00000| Untracked 
|  95|0x00000000e5f00000, 0x00000000e5f00000, 0x00000000e6000000|  0%| F|  |TAMS 0x00000000e5f00000, 0x00000000e5f00000| Untracked 
|  96|0x00000000e6000000, 0x00000000e6000000, 0x00000000e6100000|  0%| F|  |TAMS 0x00000000e6000000, 0x00000000e6000000| Untracked 
|  97|0x00000000e6100000, 0x00000000e6100000, 0x00000000e6200000|  0%| F|  |TAMS 0x00000000e6100000, 0x00000000e6100000| Untracked 
|  98|0x00000000e6200000, 0x00000000e6200000, 0x00000000e6300000|  0%| F|  |TAMS 0x00000000e6200000, 0x00000000e6200000| Untracked 
|  99|0x00000000e6300000, 0x00000000e6300000, 0x00000000e6400000|  0%| F|  |TAMS 0x00000000e6300000, 0x00000000e6300000| Untracked 
| 100|0x00000000e6400000, 0x00000000e6400000, 0x00000000e6500000|  0%| F|  |TAMS 0x00000000e6400000, 0x00000000e6400000| Untracked 
| 101|0x00000000e6500000, 0x00000000e6500000, 0x00000000e6600000|  0%| F|  |TAMS 0x00000000e6500000, 0x00000000e6500000| Untracked 
| 102|0x00000000e6600000, 0x00000000e6600000, 0x00000000e6700000|  0%| F|  |TAMS 0x00000000e6600000, 0x00000000e6600000| Untracked 
| 103|0x00000000e6700000, 0x00000000e6700000, 0x00000000e6800000|  0%| F|  |TAMS 0x00000000e6700000, 0x00000000e6700000| Untracked 
| 104|0x00000000e6800000, 0x00000000e6800000, 0x00000000e6900000|  0%| F|  |TAMS 0x00000000e6800000, 0x00000000e6800000| Untracked 
| 105|0x00000000e6900000, 0x00000000e6900000, 0x00000000e6a00000|  0%| F|  |TAMS 0x00000000e6900000, 0x00000000e6900000| Untracked 
| 106|0x00000000e6a00000, 0x00000000e6a00000, 0x00000000e6b00000|  0%| F|  |TAMS 0x00000000e6a00000, 0x00000000e6a00000| Untracked 
| 107|0x00000000e6b00000, 0x00000000e6b00000, 0x00000000e6c00000|  0%| F|  |TAMS 0x00000000e6b00000, 0x00000000e6b00000| Untracked 
| 108|0x00000000e6c00000, 0x00000000e6c00000, 0x00000000e6d00000|  0%| F|  |TAMS 0x00000000e6c00000, 0x00000000e6c00000| Untracked 
| 109|0x00000000e6d00000, 0x00000000e6d00000, 0x00000000e6e00000|  0%| F|  |TAMS 0x00000000e6d00000, 0x00000000e6d00000| Untracked 
| 110|0x00000000e6e00000, 0x00000000e6e00000, 0x00000000e6f00000|  0%| F|  |TAMS 0x00000000e6e00000, 0x00000000e6e00000| Untracked 
| 111|0x00000000e6f00000, 0x00000000e6f00000, 0x00000000e7000000|  0%| F|  |TAMS 0x00000000e6f00000, 0x00000000e6f00000| Untracked 
| 112|0x00000000e7000000, 0x00000000e7000000, 0x00000000e7100000|  0%| F|  |TAMS 0x00000000e7000000, 0x00000000e7000000| Untracked 
| 113|0x00000000e7100000, 0x00000000e7100000, 0x00000000e7200000|  0%| F|  |TAMS 0x00000000e7100000, 0x00000000e7100000| Untracked 
| 114|0x00000000e7200000, 0x00000000e7200000, 0x00000000e7300000|  0%| F|  |TAMS 0x00000000e7200000, 0x00000000e7200000| Untracked 
| 115|0x00000000e7300000, 0x00000000e7300000, 0x00000000e7400000|  0%| F|  |TAMS 0x00000000e7300000, 0x00000000e7300000| Untracked 
| 116|0x00000000e7400000, 0x00000000e7400000, 0x00000000e7500000|  0%| F|  |TAMS 0x00000000e7400000, 0x00000000e7400000| Untracked 
| 117|0x00000000e7500000, 0x00000000e7500000, 0x00000000e7600000|  0%| F|  |TAMS 0x00000000e7500000, 0x00000000e7500000| Untracked 
| 118|0x00000000e7600000, 0x00000000e7600000, 0x00000000e7700000|  0%| F|  |TAMS 0x00000000e7600000, 0x00000000e7600000| Untracked 
| 119|0x00000000e7700000, 0x00000000e7700000, 0x00000000e7800000|  0%| F|  |TAMS 0x00000000e7700000, 0x00000000e7700000| Untracked 
| 120|0x00000000e7800000, 0x00000000e7800000, 0x00000000e7900000|  0%| F|  |TAMS 0x00000000e7800000, 0x00000000e7800000| Untracked 
| 121|0x00000000e7900000, 0x00000000e7900000, 0x00000000e7a00000|  0%| F|  |TAMS 0x00000000e7900000, 0x00000000e7900000| Untracked 
| 122|0x00000000e7a00000, 0x00000000e7a00000, 0x00000000e7b00000|  0%| F|  |TAMS 0x00000000e7a00000, 0x00000000e7a00000| Untracked 
| 123|0x00000000e7b00000, 0x00000000e7b00000, 0x00000000e7c00000|  0%| F|  |TAMS 0x00000000e7b00000, 0x00000000e7b00000| Untracked 
| 124|0x00000000e7c00000, 0x00000000e7c00000, 0x00000000e7d00000|  0%| F|  |TAMS 0x00000000e7c00000, 0x00000000e7c00000| Untracked 
| 125|0x00000000e7d00000, 0x00000000e7d00000, 0x00000000e7e00000|  0%| F|  |TAMS 0x00000000e7d00000, 0x00000000e7d00000| Untracked 
| 126|0x00000000e7e00000, 0x00000000e7e00000, 0x00000000e7f00000|  0%| F|  |TAMS 0x00000000e7e00000, 0x00000000e7e00000| Untracked 
| 127|0x00000000e7f00000, 0x00000000e7f00000, 0x00000000e8000000|  0%| F|  |TAMS 0x00000000e7f00000, 0x00000000e7f00000| Untracked 
| 128|0x00000000e8000000, 0x00000000e8000000, 0x00000000e8100000|  0%| F|  |TAMS 0x00000000e8000000, 0x00000000e8000000| Untracked 
| 129|0x00000000e8100000, 0x00000000e81cd4d0, 0x00000000e8200000| 80%| S|CS|TAMS 0x00000000e8100000, 0x00000000e8100000| Complete 
| 130|0x00000000e8200000, 0x00000000e8300000, 0x00000000e8300000|100%| S|CS|TAMS 0x00000000e8200000, 0x00000000e8200000| Complete 
| 131|0x00000000e8300000, 0x00000000e8400000, 0x00000000e8400000|100%| S|CS|TAMS 0x00000000e8300000, 0x00000000e8300000| Complete 
| 132|0x00000000e8400000, 0x00000000e8500000, 0x00000000e8500000|100%| S|CS|TAMS 0x00000000e8400000, 0x00000000e8400000| Complete 
| 133|0x00000000e8500000, 0x00000000e8600000, 0x00000000e8600000|100%| S|CS|TAMS 0x00000000e8500000, 0x00000000e8500000| Complete 
| 134|0x00000000e8600000, 0x00000000e8700000, 0x00000000e8700000|100%| S|CS|TAMS 0x00000000e8600000, 0x00000000e8600000| Complete 
| 135|0x00000000e8700000, 0x00000000e8800000, 0x00000000e8800000|100%| S|CS|TAMS 0x00000000e8700000, 0x00000000e8700000| Complete 
| 136|0x00000000e8800000, 0x00000000e8900000, 0x00000000e8900000|100%| S|CS|TAMS 0x00000000e8800000, 0x00000000e8800000| Complete 
| 137|0x00000000e8900000, 0x00000000e8a00000, 0x00000000e8a00000|100%| S|CS|TAMS 0x00000000e8900000, 0x00000000e8900000| Complete 
| 138|0x00000000e8a00000, 0x00000000e8b00000, 0x00000000e8b00000|100%| S|CS|TAMS 0x00000000e8a00000, 0x00000000e8a00000| Complete 
| 139|0x00000000e8b00000, 0x00000000e8c00000, 0x00000000e8c00000|100%| S|CS|TAMS 0x00000000e8b00000, 0x00000000e8b00000| Complete 
| 140|0x00000000e8c00000, 0x00000000e8d00000, 0x00000000e8d00000|100%| S|CS|TAMS 0x00000000e8c00000, 0x00000000e8c00000| Complete 
| 141|0x00000000e8d00000, 0x00000000e8d00000, 0x00000000e8e00000|  0%| F|  |TAMS 0x00000000e8d00000, 0x00000000e8d00000| Untracked 
| 142|0x00000000e8e00000, 0x00000000e8e00000, 0x00000000e8f00000|  0%| F|  |TAMS 0x00000000e8e00000, 0x00000000e8e00000| Untracked 
| 143|0x00000000e8f00000, 0x00000000e8f00000, 0x00000000e9000000|  0%| F|  |TAMS 0x00000000e8f00000, 0x00000000e8f00000| Untracked 
| 144|0x00000000e9000000, 0x00000000e9000000, 0x00000000e9100000|  0%| F|  |TAMS 0x00000000e9000000, 0x00000000e9000000| Untracked 
| 145|0x00000000e9100000, 0x00000000e9100000, 0x00000000e9200000|  0%| F|  |TAMS 0x00000000e9100000, 0x00000000e9100000| Untracked 
| 146|0x00000000e9200000, 0x00000000e9200000, 0x00000000e9300000|  0%| F|  |TAMS 0x00000000e9200000, 0x00000000e9200000| Untracked 
| 147|0x00000000e9300000, 0x00000000e9300000, 0x00000000e9400000|  0%| F|  |TAMS 0x00000000e9300000, 0x00000000e9300000| Untracked 
| 148|0x00000000e9400000, 0x00000000e9400000, 0x00000000e9500000|  0%| F|  |TAMS 0x00000000e9400000, 0x00000000e9400000| Untracked 
| 149|0x00000000e9500000, 0x00000000e9500000, 0x00000000e9600000|  0%| F|  |TAMS 0x00000000e9500000, 0x00000000e9500000| Untracked 
| 150|0x00000000e9600000, 0x00000000e9600000, 0x00000000e9700000|  0%| F|  |TAMS 0x00000000e9600000, 0x00000000e9600000| Untracked 
| 151|0x00000000e9700000, 0x00000000e9700000, 0x00000000e9800000|  0%| F|  |TAMS 0x00000000e9700000, 0x00000000e9700000| Untracked 
| 152|0x00000000e9800000, 0x00000000e9800000, 0x00000000e9900000|  0%| F|  |TAMS 0x00000000e9800000, 0x00000000e9800000| Untracked 
| 153|0x00000000e9900000, 0x00000000e9900000, 0x00000000e9a00000|  0%| F|  |TAMS 0x00000000e9900000, 0x00000000e9900000| Untracked 
| 154|0x00000000e9a00000, 0x00000000e9a00000, 0x00000000e9b00000|  0%| F|  |TAMS 0x00000000e9a00000, 0x00000000e9a00000| Untracked 
| 155|0x00000000e9b00000, 0x00000000e9b00000, 0x00000000e9c00000|  0%| F|  |TAMS 0x00000000e9b00000, 0x00000000e9b00000| Untracked 
| 156|0x00000000e9c00000, 0x00000000e9c00000, 0x00000000e9d00000|  0%| F|  |TAMS 0x00000000e9c00000, 0x00000000e9c00000| Untracked 
| 157|0x00000000e9d00000, 0x00000000e9d00000, 0x00000000e9e00000|  0%| F|  |TAMS 0x00000000e9d00000, 0x00000000e9d00000| Untracked 
| 158|0x00000000e9e00000, 0x00000000e9e00000, 0x00000000e9f00000|  0%| F|  |TAMS 0x00000000e9e00000, 0x00000000e9e00000| Untracked 
| 159|0x00000000e9f00000, 0x00000000e9f00000, 0x00000000ea000000|  0%| F|  |TAMS 0x00000000e9f00000, 0x00000000e9f00000| Untracked 
| 160|0x00000000ea000000, 0x00000000ea000000, 0x00000000ea100000|  0%| F|  |TAMS 0x00000000ea000000, 0x00000000ea000000| Untracked 
| 161|0x00000000ea100000, 0x00000000ea100000, 0x00000000ea200000|  0%| F|  |TAMS 0x00000000ea100000, 0x00000000ea100000| Untracked 
| 162|0x00000000ea200000, 0x00000000ea200000, 0x00000000ea300000|  0%| F|  |TAMS 0x00000000ea200000, 0x00000000ea200000| Untracked 
| 163|0x00000000ea300000, 0x00000000ea300000, 0x00000000ea400000|  0%| F|  |TAMS 0x00000000ea300000, 0x00000000ea300000| Untracked 
| 164|0x00000000ea400000, 0x00000000ea400000, 0x00000000ea500000|  0%| F|  |TAMS 0x00000000ea400000, 0x00000000ea400000| Untracked 
| 165|0x00000000ea500000, 0x00000000ea500000, 0x00000000ea600000|  0%| F|  |TAMS 0x00000000ea500000, 0x00000000ea500000| Untracked 
| 166|0x00000000ea600000, 0x00000000ea600000, 0x00000000ea700000|  0%| F|  |TAMS 0x00000000ea600000, 0x00000000ea600000| Untracked 
| 167|0x00000000ea700000, 0x00000000ea700000, 0x00000000ea800000|  0%| F|  |TAMS 0x00000000ea700000, 0x00000000ea700000| Untracked 
| 168|0x00000000ea800000, 0x00000000ea800000, 0x00000000ea900000|  0%| F|  |TAMS 0x00000000ea800000, 0x00000000ea800000| Untracked 
| 169|0x00000000ea900000, 0x00000000ea900000, 0x00000000eaa00000|  0%| F|  |TAMS 0x00000000ea900000, 0x00000000ea900000| Untracked 
| 170|0x00000000eaa00000, 0x00000000eaa00000, 0x00000000eab00000|  0%| F|  |TAMS 0x00000000eaa00000, 0x00000000eaa00000| Untracked 
| 171|0x00000000eab00000, 0x00000000eab00000, 0x00000000eac00000|  0%| F|  |TAMS 0x00000000eab00000, 0x00000000eab00000| Untracked 
| 172|0x00000000eac00000, 0x00000000eac00000, 0x00000000ead00000|  0%| F|  |TAMS 0x00000000eac00000, 0x00000000eac00000| Untracked 
| 173|0x00000000ead00000, 0x00000000ead00000, 0x00000000eae00000|  0%| F|  |TAMS 0x00000000ead00000, 0x00000000ead00000| Untracked 
| 174|0x00000000eae00000, 0x00000000eae00000, 0x00000000eaf00000|  0%| F|  |TAMS 0x00000000eae00000, 0x00000000eae00000| Untracked 
| 175|0x00000000eaf00000, 0x00000000eaf00000, 0x00000000eb000000|  0%| F|  |TAMS 0x00000000eaf00000, 0x00000000eaf00000| Untracked 
| 176|0x00000000eb000000, 0x00000000eb000000, 0x00000000eb100000|  0%| F|  |TAMS 0x00000000eb000000, 0x00000000eb000000| Untracked 
| 177|0x00000000eb100000, 0x00000000eb100000, 0x00000000eb200000|  0%| F|  |TAMS 0x00000000eb100000, 0x00000000eb100000| Untracked 
| 178|0x00000000eb200000, 0x00000000eb200000, 0x00000000eb300000|  0%| F|  |TAMS 0x00000000eb200000, 0x00000000eb200000| Untracked 
| 179|0x00000000eb300000, 0x00000000eb300000, 0x00000000eb400000|  0%| F|  |TAMS 0x00000000eb300000, 0x00000000eb300000| Untracked 
| 180|0x00000000eb400000, 0x00000000eb400000, 0x00000000eb500000|  0%| F|  |TAMS 0x00000000eb400000, 0x00000000eb400000| Untracked 
| 181|0x00000000eb500000, 0x00000000eb500000, 0x00000000eb600000|  0%| F|  |TAMS 0x00000000eb500000, 0x00000000eb500000| Untracked 
| 182|0x00000000eb600000, 0x00000000eb600000, 0x00000000eb700000|  0%| F|  |TAMS 0x00000000eb600000, 0x00000000eb600000| Untracked 
| 183|0x00000000eb700000, 0x00000000eb700000, 0x00000000eb800000|  0%| F|  |TAMS 0x00000000eb700000, 0x00000000eb700000| Untracked 
| 184|0x00000000eb800000, 0x00000000eb800000, 0x00000000eb900000|  0%| F|  |TAMS 0x00000000eb800000, 0x00000000eb800000| Untracked 
| 185|0x00000000eb900000, 0x00000000eb900000, 0x00000000eba00000|  0%| F|  |TAMS 0x00000000eb900000, 0x00000000eb900000| Untracked 
| 186|0x00000000eba00000, 0x00000000eba00000, 0x00000000ebb00000|  0%| F|  |TAMS 0x00000000eba00000, 0x00000000eba00000| Untracked 
| 187|0x00000000ebb00000, 0x00000000ebb00000, 0x00000000ebc00000|  0%| F|  |TAMS 0x00000000ebb00000, 0x00000000ebb00000| Untracked 
| 188|0x00000000ebc00000, 0x00000000ebc00000, 0x00000000ebd00000|  0%| F|  |TAMS 0x00000000ebc00000, 0x00000000ebc00000| Untracked 
| 189|0x00000000ebd00000, 0x00000000ebd00000, 0x00000000ebe00000|  0%| F|  |TAMS 0x00000000ebd00000, 0x00000000ebd00000| Untracked 
| 190|0x00000000ebe00000, 0x00000000ebe00000, 0x00000000ebf00000|  0%| F|  |TAMS 0x00000000ebe00000, 0x00000000ebe00000| Untracked 
| 191|0x00000000ebf00000, 0x00000000ebf00000, 0x00000000ec000000|  0%| F|  |TAMS 0x00000000ebf00000, 0x00000000ebf00000| Untracked 
| 192|0x00000000ec000000, 0x00000000ec000000, 0x00000000ec100000|  0%| F|  |TAMS 0x00000000ec000000, 0x00000000ec000000| Untracked 
| 193|0x00000000ec100000, 0x00000000ec100000, 0x00000000ec200000|  0%| F|  |TAMS 0x00000000ec100000, 0x00000000ec100000| Untracked 
| 194|0x00000000ec200000, 0x00000000ec200000, 0x00000000ec300000|  0%| F|  |TAMS 0x00000000ec200000, 0x00000000ec200000| Untracked 
| 195|0x00000000ec300000, 0x00000000ec300000, 0x00000000ec400000|  0%| F|  |TAMS 0x00000000ec300000, 0x00000000ec300000| Untracked 
| 196|0x00000000ec400000, 0x00000000ec400000, 0x00000000ec500000|  0%| F|  |TAMS 0x00000000ec400000, 0x00000000ec400000| Untracked 
| 197|0x00000000ec500000, 0x00000000ec500000, 0x00000000ec600000|  0%| F|  |TAMS 0x00000000ec500000, 0x00000000ec500000| Untracked 
| 198|0x00000000ec600000, 0x00000000ec600000, 0x00000000ec700000|  0%| F|  |TAMS 0x00000000ec600000, 0x00000000ec600000| Untracked 
| 199|0x00000000ec700000, 0x00000000ec700000, 0x00000000ec800000|  0%| F|  |TAMS 0x00000000ec700000, 0x00000000ec700000| Untracked 
| 200|0x00000000ec800000, 0x00000000ec800000, 0x00000000ec900000|  0%| F|  |TAMS 0x00000000ec800000, 0x00000000ec800000| Untracked 
| 201|0x00000000ec900000, 0x00000000ec900000, 0x00000000eca00000|  0%| F|  |TAMS 0x00000000ec900000, 0x00000000ec900000| Untracked 
| 202|0x00000000eca00000, 0x00000000eca00000, 0x00000000ecb00000|  0%| F|  |TAMS 0x00000000eca00000, 0x00000000eca00000| Untracked 
| 203|0x00000000ecb00000, 0x00000000ecb00000, 0x00000000ecc00000|  0%| F|  |TAMS 0x00000000ecb00000, 0x00000000ecb00000| Untracked 
| 204|0x00000000ecc00000, 0x00000000ecc00000, 0x00000000ecd00000|  0%| F|  |TAMS 0x00000000ecc00000, 0x00000000ecc00000| Untracked 
| 205|0x00000000ecd00000, 0x00000000ecd00000, 0x00000000ece00000|  0%| F|  |TAMS 0x00000000ecd00000, 0x00000000ecd00000| Untracked 
| 206|0x00000000ece00000, 0x00000000ece00000, 0x00000000ecf00000|  0%| F|  |TAMS 0x00000000ece00000, 0x00000000ece00000| Untracked 
| 207|0x00000000ecf00000, 0x00000000ecf00000, 0x00000000ed000000|  0%| F|  |TAMS 0x00000000ecf00000, 0x00000000ecf00000| Untracked 
| 208|0x00000000ed000000, 0x00000000ed000000, 0x00000000ed100000|  0%| F|  |TAMS 0x00000000ed000000, 0x00000000ed000000| Untracked 
| 209|0x00000000ed100000, 0x00000000ed100000, 0x00000000ed200000|  0%| F|  |TAMS 0x00000000ed100000, 0x00000000ed100000| Untracked 
| 210|0x00000000ed200000, 0x00000000ed200000, 0x00000000ed300000|  0%| F|  |TAMS 0x00000000ed200000, 0x00000000ed200000| Untracked 
| 211|0x00000000ed300000, 0x00000000ed300000, 0x00000000ed400000|  0%| F|  |TAMS 0x00000000ed300000, 0x00000000ed300000| Untracked 
| 212|0x00000000ed400000, 0x00000000ed400000, 0x00000000ed500000|  0%| F|  |TAMS 0x00000000ed400000, 0x00000000ed400000| Untracked 
| 213|0x00000000ed500000, 0x00000000ed500000, 0x00000000ed600000|  0%| F|  |TAMS 0x00000000ed500000, 0x00000000ed500000| Untracked 
| 214|0x00000000ed600000, 0x00000000ed600000, 0x00000000ed700000|  0%| F|  |TAMS 0x00000000ed600000, 0x00000000ed600000| Untracked 
| 215|0x00000000ed700000, 0x00000000ed700000, 0x00000000ed800000|  0%| F|  |TAMS 0x00000000ed700000, 0x00000000ed700000| Untracked 
| 216|0x00000000ed800000, 0x00000000ed800000, 0x00000000ed900000|  0%| F|  |TAMS 0x00000000ed800000, 0x00000000ed800000| Untracked 
| 217|0x00000000ed900000, 0x00000000ed900000, 0x00000000eda00000|  0%| F|  |TAMS 0x00000000ed900000, 0x00000000ed900000| Untracked 
| 218|0x00000000eda00000, 0x00000000eda00000, 0x00000000edb00000|  0%| F|  |TAMS 0x00000000eda00000, 0x00000000eda00000| Untracked 
| 219|0x00000000edb00000, 0x00000000edb00000, 0x00000000edc00000|  0%| F|  |TAMS 0x00000000edb00000, 0x00000000edb00000| Untracked 
| 220|0x00000000edc00000, 0x00000000edc80800, 0x00000000edd00000| 50%| E|  |TAMS 0x00000000edc00000, 0x00000000edc00000| Complete 
| 221|0x00000000edd00000, 0x00000000ede00000, 0x00000000ede00000|100%| E|CS|TAMS 0x00000000edd00000, 0x00000000edd00000| Complete 
| 222|0x00000000ede00000, 0x00000000edf00000, 0x00000000edf00000|100%| E|CS|TAMS 0x00000000ede00000, 0x00000000ede00000| Complete 
| 223|0x00000000edf00000, 0x00000000ee000000, 0x00000000ee000000|100%| E|CS|TAMS 0x00000000edf00000, 0x00000000edf00000| Complete 
| 224|0x00000000ee000000, 0x00000000ee100000, 0x00000000ee100000|100%| E|CS|TAMS 0x00000000ee000000, 0x00000000ee000000| Complete 
| 225|0x00000000ee100000, 0x00000000ee200000, 0x00000000ee200000|100%| E|CS|TAMS 0x00000000ee100000, 0x00000000ee100000| Complete 
| 226|0x00000000ee200000, 0x00000000ee300000, 0x00000000ee300000|100%| E|CS|TAMS 0x00000000ee200000, 0x00000000ee200000| Complete 
| 227|0x00000000ee300000, 0x00000000ee400000, 0x00000000ee400000|100%| E|CS|TAMS 0x00000000ee300000, 0x00000000ee300000| Complete 
| 228|0x00000000ee400000, 0x00000000ee500000, 0x00000000ee500000|100%| E|CS|TAMS 0x00000000ee400000, 0x00000000ee400000| Complete 
| 229|0x00000000ee500000, 0x00000000ee600000, 0x00000000ee600000|100%| E|CS|TAMS 0x00000000ee500000, 0x00000000ee500000| Complete 
| 230|0x00000000ee600000, 0x00000000ee700000, 0x00000000ee700000|100%| E|CS|TAMS 0x00000000ee600000, 0x00000000ee600000| Complete 
| 231|0x00000000ee700000, 0x00000000ee800000, 0x00000000ee800000|100%| E|CS|TAMS 0x00000000ee700000, 0x00000000ee700000| Complete 
| 232|0x00000000ee800000, 0x00000000ee900000, 0x00000000ee900000|100%| E|CS|TAMS 0x00000000ee800000, 0x00000000ee800000| Complete 
| 233|0x00000000ee900000, 0x00000000eea00000, 0x00000000eea00000|100%| E|  |TAMS 0x00000000ee900000, 0x00000000ee900000| Complete 
| 234|0x00000000eea00000, 0x00000000eeb00000, 0x00000000eeb00000|100%| E|CS|TAMS 0x00000000eea00000, 0x00000000eea00000| Complete 
| 235|0x00000000eeb00000, 0x00000000eec00000, 0x00000000eec00000|100%| E|CS|TAMS 0x00000000eeb00000, 0x00000000eeb00000| Complete 
| 236|0x00000000eec00000, 0x00000000eed00000, 0x00000000eed00000|100%| E|CS|TAMS 0x00000000eec00000, 0x00000000eec00000| Complete 
| 237|0x00000000eed00000, 0x00000000eee00000, 0x00000000eee00000|100%| E|CS|TAMS 0x00000000eed00000, 0x00000000eed00000| Complete 
| 238|0x00000000eee00000, 0x00000000eef00000, 0x00000000eef00000|100%| E|CS|TAMS 0x00000000eee00000, 0x00000000eee00000| Complete 
| 239|0x00000000eef00000, 0x00000000ef000000, 0x00000000ef000000|100%| E|CS|TAMS 0x00000000eef00000, 0x00000000eef00000| Complete 
| 240|0x00000000ef000000, 0x00000000ef100000, 0x00000000ef100000|100%| E|CS|TAMS 0x00000000ef000000, 0x00000000ef000000| Complete 
| 241|0x00000000ef100000, 0x00000000ef200000, 0x00000000ef200000|100%| E|CS|TAMS 0x00000000ef100000, 0x00000000ef100000| Complete 
| 242|0x00000000ef200000, 0x00000000ef300000, 0x00000000ef300000|100%| E|CS|TAMS 0x00000000ef200000, 0x00000000ef200000| Complete 
| 243|0x00000000ef300000, 0x00000000ef400000, 0x00000000ef400000|100%| E|CS|TAMS 0x00000000ef300000, 0x00000000ef300000| Complete 
| 244|0x00000000ef400000, 0x00000000ef500000, 0x00000000ef500000|100%| E|CS|TAMS 0x00000000ef400000, 0x00000000ef400000| Complete 
| 245|0x00000000ef500000, 0x00000000ef600000, 0x00000000ef600000|100%| E|CS|TAMS 0x00000000ef500000, 0x00000000ef500000| Complete 
| 246|0x00000000ef600000, 0x00000000ef700000, 0x00000000ef700000|100%| E|CS|TAMS 0x00000000ef600000, 0x00000000ef600000| Complete 
| 247|0x00000000ef700000, 0x00000000ef800000, 0x00000000ef800000|100%| E|CS|TAMS 0x00000000ef700000, 0x00000000ef700000| Complete 
| 248|0x00000000ef800000, 0x00000000ef900000, 0x00000000ef900000|100%| E|CS|TAMS 0x00000000ef800000, 0x00000000ef800000| Complete 
| 249|0x00000000ef900000, 0x00000000efa00000, 0x00000000efa00000|100%| E|CS|TAMS 0x00000000ef900000, 0x00000000ef900000| Complete 
| 250|0x00000000efa00000, 0x00000000efb00000, 0x00000000efb00000|100%| E|CS|TAMS 0x00000000efa00000, 0x00000000efa00000| Complete 
| 251|0x00000000efb00000, 0x00000000efc00000, 0x00000000efc00000|100%| E|CS|TAMS 0x00000000efb00000, 0x00000000efb00000| Complete 
| 252|0x00000000efc00000, 0x00000000efd00000, 0x00000000efd00000|100%| E|CS|TAMS 0x00000000efc00000, 0x00000000efc00000| Complete 
| 253|0x00000000efd00000, 0x00000000efe00000, 0x00000000efe00000|100%| E|CS|TAMS 0x00000000efd00000, 0x00000000efd00000| Complete 
| 254|0x00000000efe00000, 0x00000000eff00000, 0x00000000eff00000|100%| E|CS|TAMS 0x00000000efe00000, 0x00000000efe00000| Complete 
| 255|0x00000000eff00000, 0x00000000f0000000, 0x00000000f0000000|100%| E|CS|TAMS 0x00000000eff00000, 0x00000000eff00000| Complete 

Card table byte_map: [0x000001f4d1710000,0x000001f4d1810000] _byte_map_base: 0x000001f4d1010000

Marking Bits (Prev, Next): (CMBitMap*) 0x000001f4ba5c0740, (CMBitMap*) 0x000001f4ba5c0700
 Prev Bits: [0x000001f4d2110000, 0x000001f4d2910000)
 Next Bits: [0x000001f4d1910000, 0x000001f4d2110000)

Polling page: 0x000001f4b84c0000

Metaspace:

Usage:
  Non-class:     21.25 MB used.
      Class:      3.65 MB used.
       Both:     24.91 MB used.

Virtual space:
  Non-class space:       64.00 MB reserved,      21.44 MB ( 33%) committed,  1 nodes.
      Class space:      320.00 MB reserved,       3.88 MB (  1%) committed,  1 nodes.
             Both:      384.00 MB reserved,      25.31 MB (  7%) committed. 

Chunk freelists:
   Non-Class:  10.33 MB
       Class:  12.07 MB
        Both:  22.40 MB

MaxMetaspaceSize: 384.00 MB
CompressedClassSpaceSize: 320.00 MB
Initial GC threshold: 21.00 MB
Current GC threshold: 35.31 MB
CDS: on
MetaspaceReclaimPolicy: balanced
 - commit_granule_bytes: 65536.
 - commit_granule_words: 8192.
 - virtual_space_node_default_size: 8388608.
 - enlarge_chunks_in_place: 1.
 - new_chunks_are_fully_committed: 0.
 - uncommit_free_chunks: 1.
 - use_allocation_guard: 0.
 - handle_deallocations: 1.


Internal statistics:

num_allocs_failed_limit: 3.
num_arena_births: 426.
num_arena_deaths: 0.
num_vsnodes_births: 2.
num_vsnodes_deaths: 0.
num_space_committed: 405.
num_space_uncommitted: 0.
num_chunks_returned_to_freelist: 3.
num_chunks_taken_from_freelist: 1406.
num_chunk_merges: 0.
num_chunk_splits: 888.
num_chunks_enlarged: 576.
num_inconsistent_stats: 0.

CodeHeap 'non-profiled nmethods': size=120000Kb used=1925Kb max_used=1925Kb free=118075Kb
 bounds [0x000001f4c9b90000, 0x000001f4c9e00000, 0x000001f4d10c0000]
CodeHeap 'profiled nmethods': size=120000Kb used=6809Kb max_used=6809Kb free=113190Kb
 bounds [0x000001f4c20c0000, 0x000001f4c2770000, 0x000001f4c95f0000]
CodeHeap 'non-nmethods': size=5760Kb used=1255Kb max_used=1307Kb free=4504Kb
 bounds [0x000001f4c95f0000, 0x000001f4c9860000, 0x000001f4c9b90000]
 total_blobs=3860 nmethods=3294 adapters=477
 compilation: enabled
              stopped_count=0, restarted_count=0
 full_count=0

Compilation events (20 events):
Event: 26.916 Thread 0x000001f4d5582740 3287       3       java.lang.invoke.LambdaForm::editor (5 bytes)
Event: 26.917 Thread 0x000001f4d5582740 nmethod 3287 0x000001f4c275f690 code [0x000001f4c275f860, 0x000001f4c275fb88]
Event: 26.917 Thread 0x000001f4d5582740 3289       3       java.lang.invoke.LambdaFormEditor::getInCache (165 bytes)
Event: 26.919 Thread 0x000001f4d5582740 nmethod 3289 0x000001f4c275fd10 code [0x000001f4c275ff80, 0x000001f4c2760e78]
Event: 26.919 Thread 0x000001f4d5582740 3288       3       java.lang.invoke.LambdaFormEditor::lambdaFormEditor (12 bytes)
Event: 26.920 Thread 0x000001f4d5582740 nmethod 3288 0x000001f4c2761210 code [0x000001f4c27613c0, 0x000001f4c2761668]
Event: 26.920 Thread 0x000001f4d5582740 3290       3       com.google.common.collect.ImmutableCollection$Builder::<init> (5 bytes)
Event: 26.921 Thread 0x000001f4d5582740 nmethod 3290 0x000001f4c2761790 code [0x000001f4c2761920, 0x000001f4c2761a78]
Event: 26.958 Thread 0x000001f4d5582740 3291       3       java.lang.Class::protectionDomain (48 bytes)
Event: 26.959 Thread 0x000001f4d5582740 nmethod 3291 0x000001f4c2761b10 code [0x000001f4c2761d40, 0x000001f4c27623d8]
Event: 26.959 Thread 0x000001f4d5582740 3292       3       java.lang.invoke.BoundMethodHandle::editor (8 bytes)
Event: 26.960 Thread 0x000001f4d5582740 nmethod 3292 0x000001f4c2762610 code [0x000001f4c27627e0, 0x000001f4c2762b68]
Event: 26.965 Thread 0x000001f4d5581d80 3293       4       java.lang.Class::getAnnotation (22 bytes)
Event: 27.017 Thread 0x000001f4d5582740 3294       3       java.lang.invoke.LambdaFormEditor$TransformKey::bval (26 bytes)
Event: 27.018 Thread 0x000001f4d5582740 nmethod 3294 0x000001f4c2762d10 code [0x000001f4c2762ea0, 0x000001f4c2762f98]
Event: 27.132 Thread 0x000001f4d5582740 3295       3       jdk.internal.misc.VM::isSupportedClassFileVersion (39 bytes)
Event: 27.133 Thread 0x000001f4d5582740 nmethod 3295 0x000001f4c2763010 code [0x000001f4c27631c0, 0x000001f4c2763458]
Event: 27.133 Thread 0x000001f4d5582740 3296       3       jdk.internal.org.objectweb.asm.ClassReader::readShort (27 bytes)
Event: 27.134 Thread 0x000001f4d5582740 nmethod 3296 0x000001f4c2763510 code [0x000001f4c27636a0, 0x000001f4c2763818]
Event: 27.134 Thread 0x000001f4d5582740 3297       3       jdk.internal.org.objectweb.asm.ClassReader::readConst (276 bytes)

GC Heap History (8 events):
Event: 1.765 GC heap before
{Heap before GC invocations=0 (full 0):
 garbage-first heap   total 262144K, used 23552K [0x00000000e0000000, 0x0000000100000000)
  region size 1024K, 23 young (23552K), 0 survivors (0K)
 Metaspace       used 1048K, committed 1216K, reserved 393216K
  class space    used 73K, committed 128K, reserved 327680K
}
Event: 1.776 GC heap after
{Heap after GC invocations=1 (full 0):
 garbage-first heap   total 262144K, used 1877K [0x00000000e0000000, 0x0000000100000000)
  region size 1024K, 2 young (2048K), 2 survivors (2048K)
 Metaspace       used 1048K, committed 1216K, reserved 393216K
  class space    used 73K, committed 128K, reserved 327680K
}
Event: 5.324 GC heap before
{Heap before GC invocations=1 (full 0):
 garbage-first heap   total 262144K, used 39765K [0x00000000e0000000, 0x0000000100000000)
  region size 1024K, 37 young (37888K), 2 survivors (2048K)
 Metaspace       used 4369K, committed 4544K, reserved 393216K
  class space    used 546K, committed 640K, reserved 327680K
}
Event: 5.337 GC heap after
{Heap after GC invocations=2 (full 0):
 garbage-first heap   total 262144K, used 11335K [0x00000000e0000000, 0x0000000100000000)
  region size 1024K, 5 young (5120K), 5 survivors (5120K)
 Metaspace       used 4369K, committed 4544K, reserved 393216K
  class space    used 546K, committed 640K, reserved 327680K
}
Event: 7.467 GC heap before
{Heap before GC invocations=2 (full 0):
 garbage-first heap   total 262144K, used 57415K [0x00000000e0000000, 0x0000000100000000)
  region size 1024K, 48 young (49152K), 5 survivors (5120K)
 Metaspace       used 4466K, committed 4608K, reserved 393216K
  class space    used 548K, committed 640K, reserved 327680K
}
Event: 7.481 GC heap after
{Heap after GC invocations=3 (full 0):
 garbage-first heap   total 262144K, used 16373K [0x00000000e0000000, 0x0000000100000000)
  region size 1024K, 5 young (5120K), 5 survivors (5120K)
 Metaspace       used 4466K, committed 4608K, reserved 393216K
  class space    used 548K, committed 640K, reserved 327680K
}
Event: 23.195 GC heap before
{Heap before GC invocations=3 (full 0):
 garbage-first heap   total 262144K, used 127989K [0x00000000e0000000, 0x0000000100000000)
  region size 1024K, 115 young (117760K), 5 survivors (5120K)
 Metaspace       used 21179K, committed 21504K, reserved 393216K
  class space    used 3081K, committed 3200K, reserved 327680K
}
Event: 23.221 GC heap after
{Heap after GC invocations=4 (full 0):
 garbage-first heap   total 262144K, used 24307K [0x00000000e0000000, 0x0000000100000000)
  region size 1024K, 12 young (12288K), 12 survivors (12288K)
 Metaspace       used 21179K, committed 21504K, reserved 393216K
  class space    used 3081K, committed 3200K, reserved 327680K
}

Dll operation events (15 events):
Event: 0.040 Loaded shared library C:\Program Files\Eclipse Adoptium\jdk-17.0.12.7-hotspot\bin\java.dll
Event: 0.106 Loaded shared library C:\Program Files\Eclipse Adoptium\jdk-17.0.12.7-hotspot\bin\jsvml.dll
Event: 0.285 Loaded shared library C:\Program Files\Eclipse Adoptium\jdk-17.0.12.7-hotspot\bin\zip.dll
Event: 0.296 Loaded shared library C:\Program Files\Eclipse Adoptium\jdk-17.0.12.7-hotspot\bin\instrument.dll
Event: 0.317 Loaded shared library C:\Program Files\Eclipse Adoptium\jdk-17.0.12.7-hotspot\bin\net.dll
Event: 0.336 Loaded shared library C:\Program Files\Eclipse Adoptium\jdk-17.0.12.7-hotspot\bin\nio.dll
Event: 0.354 Loaded shared library C:\Program Files\Eclipse Adoptium\jdk-17.0.12.7-hotspot\bin\zip.dll
Event: 1.491 Loaded shared library C:\Program Files\Eclipse Adoptium\jdk-17.0.12.7-hotspot\bin\jimage.dll
Event: 3.271 Loaded shared library C:\Program Files\Eclipse Adoptium\jdk-17.0.12.7-hotspot\bin\verify.dll
Event: 3.503 Loaded shared library C:\Users\LENOVO\.gradle\native\1def1411415f61bf3af743bc5b6707747c0891f09f0c88961ee8f79bc544acac\windows-amd64\native-platform.dll
Event: 3.535 Loaded shared library C:\Users\LENOVO\.gradle\native\0.2.7\x86_64-windows-gnu\gradle-fileevents.dll
Event: 10.120 Loaded shared library C:\Program Files\Eclipse Adoptium\jdk-17.0.12.7-hotspot\bin\management.dll
Event: 10.159 Loaded shared library C:\Program Files\Eclipse Adoptium\jdk-17.0.12.7-hotspot\bin\management_ext.dll
Event: 12.018 Loaded shared library C:\Program Files\Eclipse Adoptium\jdk-17.0.12.7-hotspot\bin\extnet.dll
Event: 13.750 Loaded shared library C:\Program Files\Eclipse Adoptium\jdk-17.0.12.7-hotspot\bin\sunmscapi.dll

Deoptimization events (20 events):
Event: 26.159 Thread 0x000001f4ef9192a0 DEOPT PACKING pc=0x000001f4c9cdc20c sp=0x000000f2026fa090
Event: 26.159 Thread 0x000001f4ef9192a0 DEOPT UNPACKING pc=0x000001f4c96469a3 sp=0x000000f2026fa100 mode 2
Event: 26.163 Thread 0x000001f4ef9192a0 Uncommon trap: trap_request=0xffffffc6 fr.pc=0x000001f4c9cdc20c relative=0x0000000000005d6c
Event: 26.163 Thread 0x000001f4ef9192a0 Uncommon trap: reason=bimorphic_or_optimized_type_check action=maybe_recompile pc=0x000001f4c9cdc20c method=java.lang.ClassLoader.loadClass(Ljava/lang/String;Z)Ljava/lang/Class; @ 38 c2
Event: 26.163 Thread 0x000001f4ef9192a0 DEOPT PACKING pc=0x000001f4c9cdc20c sp=0x000000f2026fa2d0
Event: 26.163 Thread 0x000001f4ef9192a0 DEOPT UNPACKING pc=0x000001f4c96469a3 sp=0x000000f2026fa340 mode 2
Event: 26.164 Thread 0x000001f4ef9192a0 Uncommon trap: trap_request=0xffffffc6 fr.pc=0x000001f4c9cdc20c relative=0x0000000000005d6c
Event: 26.164 Thread 0x000001f4ef9192a0 Uncommon trap: reason=bimorphic_or_optimized_type_check action=maybe_recompile pc=0x000001f4c9cdc20c method=java.lang.ClassLoader.loadClass(Ljava/lang/String;Z)Ljava/lang/Class; @ 38 c2
Event: 26.164 Thread 0x000001f4ef9192a0 DEOPT PACKING pc=0x000001f4c9cdc20c sp=0x000000f2026fb610
Event: 26.164 Thread 0x000001f4ef9192a0 DEOPT UNPACKING pc=0x000001f4c96469a3 sp=0x000000f2026fb680 mode 2
Event: 26.186 Thread 0x000001f4ef9192a0 DEOPT PACKING pc=0x000001f4c2725f7e sp=0x000000f2026fb0c0
Event: 26.186 Thread 0x000001f4ef9192a0 DEOPT UNPACKING pc=0x000001f4c9647143 sp=0x000000f2026fa518 mode 0
Event: 26.217 Thread 0x000001f4ef9192a0 DEOPT PACKING pc=0x000001f4c2725ea6 sp=0x000000f2026faa60
Event: 26.217 Thread 0x000001f4ef9192a0 DEOPT UNPACKING pc=0x000001f4c9647143 sp=0x000000f2026f9eb8 mode 0
Event: 26.300 Thread 0x000001f4ef9192a0 Uncommon trap: trap_request=0xffffff45 fr.pc=0x000001f4c9d56b98 relative=0x0000000000003418
Event: 26.301 Thread 0x000001f4ef9192a0 Uncommon trap: reason=unstable_if action=reinterpret pc=0x000001f4c9d56b98 method=java.util.jar.Attributes$Name.hash(Ljava/lang/String;)I @ 96 c2
Event: 26.301 Thread 0x000001f4ef9192a0 DEOPT PACKING pc=0x000001f4c9d56b98 sp=0x000000f2026fadb0
Event: 26.301 Thread 0x000001f4ef9192a0 DEOPT UNPACKING pc=0x000001f4c96469a3 sp=0x000000f2026fabc0 mode 2
Event: 26.393 Thread 0x000001f4ef9192a0 DEOPT PACKING pc=0x000001f4c271c889 sp=0x000000f2026fba80
Event: 26.393 Thread 0x000001f4ef9192a0 DEOPT UNPACKING pc=0x000001f4c9647143 sp=0x000000f2026faf78 mode 0

Classes loaded (20 events):
Event: 26.133 Loading class java/util/Base64$Encoder
Event: 26.134 Loading class java/util/Base64$Encoder done
Event: 26.143 Loading class java/util/jar/JarVerifier$VerifierStream
Event: 26.144 Loading class java/util/jar/JarVerifier$VerifierStream done
Event: 26.145 Loading class sun/security/util/ManifestEntryVerifier$SunProviderHolder
Event: 26.145 Loading class sun/security/util/ManifestEntryVerifier$SunProviderHolder done
Event: 26.580 Loading class java/util/concurrent/locks/ReentrantReadWriteLock
Event: 26.581 Loading class java/util/concurrent/locks/ReadWriteLock
Event: 26.582 Loading class java/util/concurrent/locks/ReadWriteLock done
Event: 26.582 Loading class java/util/concurrent/locks/ReentrantReadWriteLock done
Event: 26.582 Loading class java/util/concurrent/locks/ReentrantReadWriteLock$NonfairSync
Event: 26.582 Loading class java/util/concurrent/locks/ReentrantReadWriteLock$Sync
Event: 26.584 Loading class java/util/concurrent/locks/ReentrantReadWriteLock$Sync done
Event: 26.584 Loading class java/util/concurrent/locks/ReentrantReadWriteLock$NonfairSync done
Event: 26.584 Loading class java/util/concurrent/locks/ReentrantReadWriteLock$Sync$ThreadLocalHoldCounter
Event: 26.584 Loading class java/util/concurrent/locks/ReentrantReadWriteLock$Sync$ThreadLocalHoldCounter done
Event: 26.584 Loading class java/util/concurrent/locks/ReentrantReadWriteLock$ReadLock
Event: 26.584 Loading class java/util/concurrent/locks/ReentrantReadWriteLock$ReadLock done
Event: 26.584 Loading class java/util/concurrent/locks/ReentrantReadWriteLock$WriteLock
Event: 26.584 Loading class java/util/concurrent/locks/ReentrantReadWriteLock$WriteLock done

Classes unloaded (0 events):
No events

Classes redefined (0 events):
No events

Internal exceptions (20 events):
Event: 24.975 Thread 0x000001f4ef9192a0 Exception <a 'java/lang/NoSuchMethodError'{0x00000000ef018e88}: 'java.lang.Object java.lang.invoke.DirectMethodHandle$Holder.newInvokeSpecial(java.lang.Object, java.lang.Object, long)'> (0x00000000ef018e88) 
thrown [s\src\hotspot\share\interpreter\linkResolver.cpp, line 759]
Event: 24.976 Thread 0x000001f4ef9192a0 Exception <a 'java/lang/NoSuchMethodError'{0x00000000ef01d1f0}: 'java.lang.Object java.lang.invoke.Invokers$Holder.linkToTargetMethod(java.lang.Object, long, java.lang.Object)'> (0x00000000ef01d1f0) 
thrown [s\src\hotspot\share\interpreter\linkResolver.cpp, line 759]
Event: 25.196 Thread 0x000001f4ef9192a0 Exception <a 'java/lang/NoSuchMethodError'{0x00000000eefd6db8}: 'int java.lang.invoke.DirectMethodHandle$Holder.invokeInterface(java.lang.Object, java.lang.Object)'> (0x00000000eefd6db8) 
thrown [s\src\hotspot\share\interpreter\linkResolver.cpp, line 759]
Event: 25.229 Thread 0x000001f4ef9192a0 Exception <a 'java/lang/NoSuchMethodError'{0x00000000eefffae8}: 'java.lang.Object java.lang.invoke.DirectMethodHandle$Holder.invokeStatic(java.lang.Object, java.lang.Object, int, java.lang.Object)'> (0x00000000eefffae8) 
thrown [s\src\hotspot\share\interpreter\linkResolver.cpp, line 759]
Event: 25.232 Thread 0x000001f4ef9192a0 Exception <a 'java/lang/NoSuchMethodError'{0x00000000eee079e8}: 'java.lang.Object java.lang.invoke.DirectMethodHandle$Holder.newInvokeSpecial(java.lang.Object, java.lang.Object, int, java.lang.Object)'> (0x00000000eee079e8) 
thrown [s\src\hotspot\share\interpreter\linkResolver.cpp, line 759]
Event: 25.234 Thread 0x000001f4ef9192a0 Exception <a 'java/lang/NoSuchMethodError'{0x00000000eee0be78}: 'java.lang.Object java.lang.invoke.DirectMethodHandle$Holder.invokeSpecial(java.lang.Object, java.lang.Object, java.lang.Object, int, java.lang.Object)'> (0x00000000eee0be78) 
thrown [s\src\hotspot\share\interpreter\linkResolver.cpp, line 759]
Event: 26.180 Thread 0x000001f4ef9192a0 Exception <a 'java/lang/NoSuchMethodError'{0x00000000ee356808}: static Lorg/gradle/tooling/internal/consumer/connection/InternalPhasedActionAdapter;.<clinit>()V> (0x00000000ee356808) 
thrown [s\src\hotspot\share\prims\jni.cpp, line 1112]
Event: 26.247 Thread 0x000001f4ef9192a0 Exception <a 'java/lang/NoSuchMethodError'{0x00000000ee38d820}: static Lorg/gradle/tooling/internal/consumer/connection/InternalBuildActionAdapter;.<clinit>()V> (0x00000000ee38d820) 
thrown [s\src\hotspot\share\prims\jni.cpp, line 1112]
Event: 26.468 Thread 0x000001f4ef9192a0 Exception <a 'java/lang/NoSuchMethodError'{0x00000000ee106730}: static Lorg/gradle/tooling/internal/consumer/versioning/VersionDetails;.<clinit>()V> (0x00000000ee106730) 
thrown [s\src\hotspot\share\prims\jni.cpp, line 1112]
Event: 26.471 Thread 0x000001f4ef9192a0 Exception <a 'java/lang/NoSuchMethodError'{0x00000000ee1090f0}: static Lorg/gradle/tooling/internal/consumer/versioning/VersionDetails$R26VersionDetails;.<clinit>()V> (0x00000000ee1090f0) 
thrown [s\src\hotspot\share\prims\jni.cpp, line 1112]
Event: 26.471 Thread 0x000001f4ef9192a0 Exception <a 'java/lang/NoSuchMethodError'{0x00000000ee10a668}: static Lorg/gradle/tooling/internal/consumer/versioning/VersionDetails$R28VersionDetails;.<clinit>()V> (0x00000000ee10a668) 
thrown [s\src\hotspot\share\prims\jni.cpp, line 1112]
Event: 26.473 Thread 0x000001f4ef9192a0 Exception <a 'java/lang/NoSuchMethodError'{0x00000000ee10bb70}: static Lorg/gradle/tooling/internal/consumer/versioning/VersionDetails$R35VersionDetails;.<clinit>()V> (0x00000000ee10bb70) 
thrown [s\src\hotspot\share\prims\jni.cpp, line 1112]
Event: 26.474 Thread 0x000001f4ef9192a0 Exception <a 'java/lang/NoSuchMethodError'{0x00000000ee10d240}: static Lorg/gradle/tooling/internal/consumer/versioning/VersionDetails$R44VersionDetails;.<clinit>()V> (0x00000000ee10d240) 
thrown [s\src\hotspot\share\prims\jni.cpp, line 1112]
Event: 26.475 Thread 0x000001f4ef9192a0 Exception <a 'java/lang/NoSuchMethodError'{0x00000000ee10e848}: static Lorg/gradle/tooling/internal/consumer/versioning/VersionDetails$R48VersionDetails;.<clinit>()V> (0x00000000ee10e848) 
thrown [s\src\hotspot\share\prims\jni.cpp, line 1112]
Event: 26.475 Thread 0x000001f4ef9192a0 Exception <a 'java/lang/NoSuchMethodError'{0x00000000ee10fa48}: static Lorg/gradle/tooling/internal/consumer/versioning/VersionDetails$R51VersionDetails;.<clinit>()V> (0x00000000ee10fa48) 
thrown [s\src\hotspot\share\prims\jni.cpp, line 1112]
Event: 26.483 Thread 0x000001f4ef9192a0 Exception <a 'java/lang/NoSuchMethodError'{0x00000000ee121908}: static [Lorg/gradle/tooling/BuildAction;.<clinit>()V> (0x00000000ee121908) 
thrown [s\src\hotspot\share\prims\jni.cpp, line 1112]
Event: 26.489 Thread 0x000001f4ef9192a0 Exception <a 'java/lang/NoSuchMethodError'{0x00000000ee131f00}: static Lorg/eclipse/buildship/core/internal/workspace/TellGradleToRunSynchronizationTasks;.<clinit>()V> (0x00000000ee131f00) 
thrown [s\src\hotspot\share\prims\jni.cpp, line 1112]
Event: 26.516 Thread 0x000001f4ef9192a0 Exception <a 'java/lang/NoSuchMethodError'{0x00000000ee1589f0}: 'java.lang.Object java.lang.invoke.DirectMethodHandle$Holder.newInvokeSpecial(java.lang.Object, java.lang.Object, java.lang.Object, int)'> (0x00000000ee1589f0) 
thrown [s\src\hotspot\share\interpreter\linkResolver.cpp, line 759]
Event: 26.520 Thread 0x000001f4ef9192a0 Exception <a 'java/lang/NoSuchMethodError'{0x00000000ee15d078}: 'java.lang.Object java.lang.invoke.DirectMethodHandle$Holder.invokeSpecial(java.lang.Object, java.lang.Object, java.lang.Object, java.lang.Object, int)'> (0x00000000ee15d078) 
thrown [s\src\hotspot\share\interpreter\linkResolver.cpp, line 759]
Event: 26.522 Thread 0x000001f4ef9192a0 Exception <a 'java/lang/NoSuchMethodError'{0x00000000ee160ee8}: 'java.lang.Object java.lang.invoke.Invokers$Holder.linkToTargetMethod(java.lang.Object, java.lang.Object, int, java.lang.Object)'> (0x00000000ee160ee8) 
thrown [s\src\hotspot\share\interpreter\linkResolver.cpp, line 759]

VM Operations (20 events):
Event: 23.222 Executing VM operation: CollectForMetadataAllocation done
Event: 23.259 Executing VM operation: G1PauseRemark
Event: 23.264 Executing VM operation: G1PauseRemark done
Event: 23.266 Executing VM operation: G1PauseCleanup
Event: 23.266 Executing VM operation: G1PauseCleanup done
Event: 24.273 Executing VM operation: Cleanup
Event: 24.292 Executing VM operation: Cleanup done
Event: 25.082 Executing VM operation: HandshakeAllThreads
Event: 25.083 Executing VM operation: HandshakeAllThreads done
Event: 25.087 Executing VM operation: HandshakeAllThreads
Event: 25.088 Executing VM operation: HandshakeAllThreads done
Event: 25.524 Executing VM operation: HandshakeAllThreads
Event: 25.524 Executing VM operation: HandshakeAllThreads done
Event: 25.524 Executing VM operation: Cleanup
Event: 25.524 Executing VM operation: Cleanup done
Event: 26.008 Executing VM operation: HandshakeAllThreads
Event: 26.008 Executing VM operation: HandshakeAllThreads done
Event: 27.013 Executing VM operation: Cleanup
Event: 27.014 Executing VM operation: Cleanup done
Event: 28.015 Executing VM operation: Cleanup

Events (20 events):
Event: 14.376 Thread 0x000001f4ef9197b0 Thread added: 0x000001f4ef9197b0
Event: 14.401 Thread 0x000001f4ef919cc0 Thread added: 0x000001f4ef919cc0
Event: 14.413 Thread 0x000001f4ef918880 Thread added: 0x000001f4ef918880
Event: 17.434 Thread 0x000001f4ef916a20 Thread added: 0x000001f4ef916a20
Event: 17.468 Thread 0x000001f4ef91a1d0 Thread added: 0x000001f4ef91a1d0
Event: 17.570 Thread 0x000001f4f0672d10 Thread added: 0x000001f4f0672d10
Event: 17.618 Thread 0x000001f4ef917950 Thread added: 0x000001f4ef917950
Event: 17.872 Thread 0x000001f4f0672d10 Thread exited: 0x000001f4f0672d10
Event: 19.974 Thread 0x000001f4f0f1fb10 Thread added: 0x000001f4f0f1fb10
Event: 21.672 Thread 0x000001f4f0f1fb10 Thread exited: 0x000001f4f0f1fb10
Event: 22.884 Thread 0x000001f4f2121120 Thread added: 0x000001f4f2121120
Event: 22.939 Thread 0x000001f4f2121630 Thread added: 0x000001f4f2121630
Event: 23.585 Thread 0x000001f4f0d59380 Thread added: 0x000001f4f0d59380
Event: 24.745 Thread 0x000001f4f211f7d0 Thread added: 0x000001f4f211f7d0
Event: 24.782 Thread 0x000001f4f211e390 Thread added: 0x000001f4f211e390
Event: 24.874 Thread 0x000001f4f0d59380 Thread exited: 0x000001f4f0d59380
Event: 25.313 Thread 0x000001f4f211de80 Thread added: 0x000001f4f211de80
Event: 25.315 Thread 0x000001f4f211e8a0 Thread added: 0x000001f4f211e8a0
Event: 25.316 Thread 0x000001f4f211fce0 Thread added: 0x000001f4f211fce0
Event: 25.404 Thread 0x000001f4f26b95d0 Thread added: 0x000001f4f26b95d0


Dynamic libraries:
0x00007ff6e6dd0000 - 0x00007ff6e6dde000 	C:\Program Files\Eclipse Adoptium\jdk-17.0.12.7-hotspot\bin\java.exe
0x00007ff995a00000 - 0x00007ff995c67000 	C:\WINDOWS\SYSTEM32\ntdll.dll
0x00007ff994390000 - 0x00007ff994459000 	C:\WINDOWS\System32\KERNEL32.DLL
0x00007ff993250000 - 0x00007ff993640000 	C:\WINDOWS\System32\KERNELBASE.dll
0x00007ff992ed0000 - 0x00007ff99301b000 	C:\WINDOWS\System32\ucrtbase.dll
0x00007ff973d40000 - 0x00007ff973d5b000 	C:\Program Files\Eclipse Adoptium\jdk-17.0.12.7-hotspot\bin\VCRUNTIME140.dll
0x00007ff976470000 - 0x00007ff976487000 	C:\Program Files\Eclipse Adoptium\jdk-17.0.12.7-hotspot\bin\jli.dll
0x00007ff993c70000 - 0x00007ff993e35000 	C:\WINDOWS\System32\USER32.dll
0x00007ff992c60000 - 0x00007ff992c87000 	C:\WINDOWS\System32\win32u.dll
0x00007ff97dd60000 - 0x00007ff97dffa000 	C:\WINDOWS\WinSxS\amd64_microsoft.windows.common-controls_6595b64144ccf1df_6.0.26100.4768_none_3e0c112ce331287c\COMCTL32.dll
0x00007ff993790000 - 0x00007ff993839000 	C:\WINDOWS\System32\msvcrt.dll
0x00007ff994a20000 - 0x00007ff994a4b000 	C:\WINDOWS\System32\GDI32.dll
0x00007ff993650000 - 0x00007ff993788000 	C:\WINDOWS\System32\gdi32full.dll
0x00007ff9931a0000 - 0x00007ff993243000 	C:\WINDOWS\System32\msvcp_win.dll
0x00007ff9938a0000 - 0x00007ff9938cf000 	C:\WINDOWS\System32\IMM32.DLL
0x00007ff980ef0000 - 0x00007ff980efc000 	C:\Program Files\Eclipse Adoptium\jdk-17.0.12.7-hotspot\bin\vcruntime140_1.dll
0x00007ff8f8900000 - 0x00007ff8f898d000 	C:\Program Files\Eclipse Adoptium\jdk-17.0.12.7-hotspot\bin\msvcp140.dll
0x00007ff8d73b0000 - 0x00007ff8d801a000 	C:\Program Files\Eclipse Adoptium\jdk-17.0.12.7-hotspot\bin\server\jvm.dll
0x00007ff994070000 - 0x00007ff994124000 	C:\WINDOWS\System32\ADVAPI32.dll
0x00007ff9946f0000 - 0x00007ff994796000 	C:\WINDOWS\System32\sechost.dll
0x00007ff993e40000 - 0x00007ff993f58000 	C:\WINDOWS\System32\RPCRT4.dll
0x00007ff994a50000 - 0x00007ff994ac4000 	C:\WINDOWS\System32\WS2_32.dll
0x00007ff98b460000 - 0x00007ff98b495000 	C:\WINDOWS\SYSTEM32\WINMM.dll
0x00007ff98c160000 - 0x00007ff98c16b000 	C:\WINDOWS\SYSTEM32\VERSION.dll
0x00007ff992990000 - 0x00007ff9929ee000 	C:\WINDOWS\SYSTEM32\POWRPROF.dll
0x00007ff992970000 - 0x00007ff992984000 	C:\WINDOWS\SYSTEM32\UMPDC.dll
0x00007ff991870000 - 0x00007ff99188b000 	C:\WINDOWS\SYSTEM32\kernel.appcore.dll
0x00007ff97b3c0000 - 0x00007ff97b3ca000 	C:\Program Files\Eclipse Adoptium\jdk-17.0.12.7-hotspot\bin\jimage.dll
0x00007ff985750000 - 0x00007ff985991000 	C:\WINDOWS\SYSTEM32\DBGHELP.DLL
0x00007ff9938e0000 - 0x00007ff993c65000 	C:\WINDOWS\System32\combase.dll
0x00007ff994ad0000 - 0x00007ff994bb0000 	C:\WINDOWS\System32\OLEAUT32.dll
0x00007ff97fcd0000 - 0x00007ff97fd13000 	C:\WINDOWS\SYSTEM32\dbgcore.DLL
0x00007ff992b30000 - 0x00007ff992bc9000 	C:\WINDOWS\System32\bcryptPrimitives.dll
0x00007ff9742d0000 - 0x00007ff9742de000 	C:\Program Files\Eclipse Adoptium\jdk-17.0.12.7-hotspot\bin\instrument.dll
0x00007ff967130000 - 0x00007ff967155000 	C:\Program Files\Eclipse Adoptium\jdk-17.0.12.7-hotspot\bin\java.dll
0x00007ff8f3a50000 - 0x00007ff8f3b27000 	C:\Program Files\Eclipse Adoptium\jdk-17.0.12.7-hotspot\bin\jsvml.dll
0x00007ff994c60000 - 0x00007ff9953ad000 	C:\WINDOWS\System32\SHELL32.dll
0x00007ff992d50000 - 0x00007ff992ec3000 	C:\WINDOWS\System32\wintypes.dll
0x00007ff9906f0000 - 0x00007ff990f4f000 	C:\WINDOWS\SYSTEM32\windows.storage.dll
0x00007ff9947a0000 - 0x00007ff994895000 	C:\WINDOWS\System32\SHCORE.dll
0x00007ff994650000 - 0x00007ff9946ba000 	C:\WINDOWS\System32\shlwapi.dll
0x00007ff992a50000 - 0x00007ff992a79000 	C:\WINDOWS\SYSTEM32\profapi.dll
0x00007ff965600000 - 0x00007ff965618000 	C:\Program Files\Eclipse Adoptium\jdk-17.0.12.7-hotspot\bin\zip.dll
0x00007ff966800000 - 0x00007ff966819000 	C:\Program Files\Eclipse Adoptium\jdk-17.0.12.7-hotspot\bin\net.dll
0x00007ff98b330000 - 0x00007ff98b44e000 	C:\WINDOWS\SYSTEM32\WINHTTP.dll
0x00007ff991de0000 - 0x00007ff991e4b000 	C:\WINDOWS\system32\mswsock.dll
0x00007ff9667e0000 - 0x00007ff9667f6000 	C:\Program Files\Eclipse Adoptium\jdk-17.0.12.7-hotspot\bin\nio.dll
0x00007ff97b070000 - 0x00007ff97b080000 	C:\Program Files\Eclipse Adoptium\jdk-17.0.12.7-hotspot\bin\verify.dll
0x00007ff967300000 - 0x00007ff967327000 	C:\Users\LENOVO\.gradle\native\1def1411415f61bf3af743bc5b6707747c0891f09f0c88961ee8f79bc544acac\windows-amd64\native-platform.dll
0x00007ff8f66a0000 - 0x00007ff8f6718000 	C:\Users\LENOVO\.gradle\native\0.2.7\x86_64-windows-gnu\gradle-fileevents.dll
0x00007ff98f860000 - 0x00007ff98f869000 	C:\Program Files\Eclipse Adoptium\jdk-17.0.12.7-hotspot\bin\management.dll
0x00007ff987b50000 - 0x00007ff987b5b000 	C:\Program Files\Eclipse Adoptium\jdk-17.0.12.7-hotspot\bin\management_ext.dll
0x00007ff9941d0000 - 0x00007ff9941d8000 	C:\WINDOWS\System32\PSAPI.DLL
0x00007ff991260000 - 0x00007ff991293000 	C:\WINDOWS\SYSTEM32\IPHLPAPI.DLL
0x00007ff994130000 - 0x00007ff99413a000 	C:\WINDOWS\System32\NSI.dll
0x00007ff98b2c0000 - 0x00007ff98b2df000 	C:\WINDOWS\SYSTEM32\dhcpcsvc6.DLL
0x00007ff9891e0000 - 0x00007ff989205000 	C:\WINDOWS\SYSTEM32\dhcpcsvc.DLL
0x00007ff9912a0000 - 0x00007ff9913c6000 	C:\WINDOWS\SYSTEM32\DNSAPI.dll
0x00007ff97b020000 - 0x00007ff97b029000 	C:\Program Files\Eclipse Adoptium\jdk-17.0.12.7-hotspot\bin\extnet.dll
0x00007ff9921c0000 - 0x00007ff9921db000 	C:\WINDOWS\SYSTEM32\CRYPTSP.dll
0x00007ff9917d0000 - 0x00007ff99180b000 	C:\WINDOWS\system32\rsaenh.dll
0x00007ff991e80000 - 0x00007ff991eab000 	C:\WINDOWS\SYSTEM32\USERENV.dll
0x00007ff992a20000 - 0x00007ff992a46000 	C:\WINDOWS\SYSTEM32\bcrypt.dll
0x00007ff992020000 - 0x00007ff99202c000 	C:\WINDOWS\SYSTEM32\CRYPTBASE.dll
0x00007ff9672a0000 - 0x00007ff9672ae000 	C:\Program Files\Eclipse Adoptium\jdk-17.0.12.7-hotspot\bin\sunmscapi.dll
0x00007ff993020000 - 0x00007ff993197000 	C:\WINDOWS\System32\CRYPT32.dll
0x00007ff992320000 - 0x00007ff992350000 	C:\WINDOWS\SYSTEM32\ncrypt.dll
0x00007ff9922d0000 - 0x00007ff99230f000 	C:\WINDOWS\SYSTEM32\NTASN1.dll
0x00007ff960c80000 - 0x00007ff960c88000 	C:\WINDOWS\system32\wshunix.dll

dbghelp: loaded successfully - version: 4.0.5 - missing functions: none
symbol engine: initialized successfully - sym options: 0x614 - pdb path: .;C:\Program Files\Eclipse Adoptium\jdk-17.0.12.7-hotspot\bin;C:\WINDOWS\SYSTEM32;C:\WINDOWS\WinSxS\amd64_microsoft.windows.common-controls_6595b64144ccf1df_6.0.26100.4768_none_3e0c112ce331287c;C:\Program Files\Eclipse Adoptium\jdk-17.0.12.7-hotspot\bin\server;C:\Users\LENOVO\.gradle\native\1def1411415f61bf3af743bc5b6707747c0891f09f0c88961ee8f79bc544acac\windows-amd64;C:\Users\LENOVO\.gradle\native\0.2.7\x86_64-windows-gnu

VM Arguments:
jvm_args: --add-opens=java.base/java.lang=ALL-UNNAMED --add-opens=java.base/java.lang.invoke=ALL-UNNAMED --add-opens=java.base/java.util=ALL-UNNAMED --add-opens=java.prefs/java.util.prefs=ALL-UNNAMED --add-exports=jdk.compiler/com.sun.tools.javac.api=ALL-UNNAMED --add-exports=jdk.compiler/com.sun.tools.javac.util=ALL-UNNAMED --add-opens=java.base/java.util=ALL-UNNAMED --add-opens=java.prefs/java.util.prefs=ALL-UNNAMED --add-opens=java.base/java.nio.charset=ALL-UNNAMED --add-opens=java.base/java.net=ALL-UNNAMED --add-opens=java.base/java.util.concurrent.atomic=ALL-UNNAMED --add-opens=java.xml/javax.xml.namespace=ALL-UNNAMED -XX:MaxMetaspaceSize=384m -XX:+HeapDumpOnOutOfMemoryError -Xms256m -Xmx512m -Dfile.encoding=UTF-8 -Duser.country=US -Duser.language=en -Duser.variant -javaagent:C:\Users\LENOVO\.gradle\wrapper\dists\gradle-8.14.3-bin\cv11ve7ro1n3o1j4so8xd9n66\gradle-8.14.3\lib\agents\gradle-instrumentation-agent-8.14.3.jar 
java_command: org.gradle.launcher.daemon.bootstrap.GradleDaemon 8.14.3
java_class_path (initial): C:\Users\LENOVO\.gradle\wrapper\dists\gradle-8.14.3-bin\cv11ve7ro1n3o1j4so8xd9n66\gradle-8.14.3\lib\gradle-daemon-main-8.14.3.jar
Launcher Type: SUN_STANDARD

[Global flags]
     intx CICompilerCount                          = 4                                         {product} {ergonomic}
   size_t CompressedClassSpaceSize                 = 335544320                                 {product} {ergonomic}
     uint ConcGCThreads                            = 3                                         {product} {ergonomic}
     uint G1ConcRefinementThreads                  = 10                                        {product} {ergonomic}
   size_t G1HeapRegionSize                         = 1048576                                   {product} {ergonomic}
    uintx GCDrainStackTargetSize                   = 64                                        {product} {ergonomic}
     bool HeapDumpOnOutOfMemoryError               = true                                   {manageable} {command line}
   size_t InitialHeapSize                          = 268435456                                 {product} {command line}
   size_t MarkStackSize                            = 4194304                                   {product} {ergonomic}
   size_t MaxHeapSize                              = 536870912                                 {product} {command line}
   size_t MaxMetaspaceSize                         = 402653184                                 {product} {command line}
   size_t MaxNewSize                               = 321912832                                 {product} {ergonomic}
   size_t MinHeapDeltaBytes                        = 1048576                                   {product} {ergonomic}
   size_t MinHeapSize                              = 268435456                                 {product} {command line}
    uintx NonNMethodCodeHeapSize                   = 5839372                                {pd product} {ergonomic}
    uintx NonProfiledCodeHeapSize                  = 122909434                              {pd product} {ergonomic}
    uintx ProfiledCodeHeapSize                     = 122909434                              {pd product} {ergonomic}
    uintx ReservedCodeCacheSize                    = 251658240                              {pd product} {ergonomic}
     bool SegmentedCodeCache                       = true                                      {product} {ergonomic}
   size_t SoftMaxHeapSize                          = 536870912                              {manageable} {ergonomic}
     bool UseCompressedClassPointers               = true                           {product lp64_product} {ergonomic}
     bool UseCompressedOops                        = true                           {product lp64_product} {ergonomic}
     bool UseG1GC                                  = true                                      {product} {ergonomic}
     bool UseLargePagesIndividualAllocation        = false                                  {pd product} {ergonomic}

Logging:
Log output configuration:
 #0: stdout all=warning uptime,level,tags
 #1: stderr all=off uptime,level,tags

Environment Variables:
JAVA_HOME=C:\Program Files\Eclipse Adoptium\jdk-17.0.12.7-hotspot\
PATH=C:\Program Files\Git\cmd;C:\Program Files\nodejs\;C:\Users\LENOVO\AppData\Roaming\npm;C:\Program Files\nodejs\;C:\Users\LENOVO\Downloads\apache-maven-3.9.9-bin\apache-maven-3.9.9\bin;C:\Users\LENOVO\AppData\Local\Programs\cursor\resources\app\bin;C:\Users\LENOVO\AppData\Local\Programs\Microsoft VS Code\bin;C:\Users\LENOVO\AppData\Roaming\npm;C:\Windows\System32;C:\Program Files\Microsoft SQL Server\Client SDK\ODBC\170\Tools\Binn\;C:\Program Files\dotnet\;C:\Program Files\Microsoft SQL Server\Client SDK\ODBC\130\Tools\Binn\;C:\Program Files\Microsoft SQL Server\150\Tools\Binn\;C:\Users\LENOVO\Downloads\apache-maven-3.9.9-bin\apache-maven-3.9.9\bin;C:\Users\LENOVO\AppData\Roaming\npm;C:\Users\LENOVO\AppData\Local\Programs\Microsoft VS Code\bin;C:\Users\LENOVO\AppData\Local\Programs\cursor\resources\app\bin;C:\Users\LENOVO\.dotnet\tools;C:\Users\LENOVO\AppData\Local\Programs\Windsurf\bin
USERNAME=LENOVO
OS=Windows_NT
PROCESSOR_IDENTIFIER=AMD64 Family 23 Model 104 Stepping 1, AuthenticAMD
TMP=C:\Users\LENOVO\AppData\Local\Temp
TEMP=C:\Users\LENOVO\AppData\Local\Temp



Periodic native trim disabled


---------------  S Y S T E M  ---------------

OS:
 Windows 11 , 64 bit Build 26100 (10.0.26100.4768)
OS uptime: 0 days 4:44 hours
Hyper-V role detected

CPU: total 12 (initial active 12) (12 cores per cpu, 2 threads per core) family 23 model 104 stepping 1 microcode 0x8608109, cx8, cmov, fxsr, ht, mmx, 3dnowpref, sse, sse2, sse3, ssse3, sse4a, sse4.1, sse4.2, popcnt, lzcnt, tsc, tscinvbit, avx, avx2, aes, clmul, bmi1, bmi2, adx, sha, fma, vzeroupper, clflush, clflushopt, hv
Processor Information for all 12 processors :
  Max Mhz: 2100, Current Mhz: 2100, Mhz Limit: 2100

Memory: 4k page, system-wide physical 5989M (441M free)
TotalPageFile size 24421M (AvailPageFile size 17M)
current process WorkingSet (physical memory assigned to process): 251M, peak: 263M
current process commit charge ("private bytes"): 436M, peak: 440M

vm_info: OpenJDK 64-Bit Server VM (17.0.12+7) for windows-amd64 JRE (17.0.12+7), built on Jul 16 2024 22:08:24 by "admin" with MS VC++ 16.10 / 16.11 (VS2019)

END.
